This file contains any messages produced by compilers while
running configure, to aid debugging if configure makes a mistake.

It was created by configure, which was
generated by GNU Autoconf 2.64.  Invocation command line was

  $ /home/ky0ko/code/netbsd-gc/src/tools/gcc/../../external/gpl3/gcc.old/dist/configure --target=powerpc--netbsd --enable-long-long --enable-threads --with-bugurl=http://www.NetBSD.org/Misc/send-pr.html --with-pkgversion=NetBSD nb3 20180905 --with-system-zlib --disable-libstdcxx-dual-abi --enable-__cxa_atexit --enable-libstdcxx-time=rt --enable-libstdcxx-threads --with-diagnostics-color=auto-if-env --with-sysroot=/home/ky0ko/code/netbsd-gc/src/obj/destdir.gcwii --with-mpc=/home/ky0ko/code/netbsd-gc/src/obj/tooldir.Linux-5.4.7-arch1-1-x86_64 --with-mpfr=/home/ky0ko/code/netbsd-gc/src/obj/tooldir.Linux-5.4.7-arch1-1-x86_64 --with-gmp=/home/ky0ko/code/netbsd-gc/src/obj/tooldir.Linux-5.4.7-arch1-1-x86_64 --disable-nls --disable-multilib --program-transform-name=s,^,powerpc--netbsd-, --enable-languages=c c++ objc --prefix=/home/ky0ko/code/netbsd-gc/src/obj/tooldir.Linux-5.4.7-arch1-1-x86_64

## --------- ##
## Platform. ##
## --------- ##

hostname = kumori
uname -m = x86_64
uname -r = 5.4.7-arch1-1
uname -s = Linux
uname -v = #1 SMP PREEMPT Tue, 31 Dec 2019 17:20:16 +0000

/usr/bin/uname -p = unknown
/bin/uname -X     = unknown

/bin/arch              = unknown
/usr/bin/arch -k       = unknown
/usr/convex/getsysinfo = unknown
/usr/bin/hostinfo      = unknown
/bin/machine           = unknown
/usr/bin/oslevel       = unknown
/bin/universe          = unknown

PATH: /home/ky0ko/code/netbsd-gc/src/obj/tooldir.Linux-5.4.7-arch1-1-x86_64/bin
PATH: /bedrock/cross/pin/bin
PATH: /bedrock/bin
PATH: /usr/local/sbin
PATH: /usr/local/bin
PATH: /opt/sbin
PATH: /opt/bin
PATH: /usr/sbin
PATH: /usr/bin
PATH: /sbin
PATH: /bin
PATH: /bedrock/cross/bin


## ----------- ##
## Core tests. ##
## ----------- ##

configure:2293: checking build system type
configure:2307: result: x86_64-pc-linux-gnu
configure:2354: checking host system type
configure:2367: result: x86_64-pc-linux-gnu
configure:2387: checking target system type
configure:2400: result: powerpc--netbsd
configure:2454: checking for a BSD-compatible install
configure:2522: result: /home/ky0ko/code/netbsd-gc/src/obj/tooldir.Linux-5.4.7-arch1-1-x86_64/bin/powerpc--netbsd-install -c -p -r
configure:2533: checking whether ln works
configure:2555: result: yes
configure:2559: checking whether ln -s works
configure:2563: result: yes
configure:2570: checking for a sed that does not truncate output
configure:2634: result: /usr/sbin/sed
configure:2643: checking for gawk
configure:2670: result: /home/ky0ko/code/netbsd-gc/src/obj/tooldir.Linux-5.4.7-arch1-1-x86_64/bin/nbawk
configure:3282: checking for libsanitizer support
configure:3292: result: yes
configure:4117: checking for gcc
configure:4144: result: cc
configure:4373: checking for C compiler version
configure:4382: cc --version >&5
cc (GCC) 9.2.0
Copyright (C) 2019 Free Software Foundation, Inc.
This is free software; see the source for copying conditions.  There is NO
warranty; not even for MERCHANTABILITY or FITNESS FOR A PARTICULAR PURPOSE.

configure:4393: $? = 0
configure:4382: cc -v >&5
Using built-in specs.
COLLECT_GCC=cc
COLLECT_LTO_WRAPPER=/usr/lib/gcc/x86_64-pc-linux-gnu/9.2.0/lto-wrapper
Target: x86_64-pc-linux-gnu
Configured with: /build/gcc/src/gcc/configure --prefix=/usr --libdir=/usr/lib --libexecdir=/usr/lib --mandir=/usr/share/man --infodir=/usr/share/info --with-bugurl=https://bugs.archlinux.org/ --enable-languages=c,c++,ada,fortran,go,lto,objc,obj-c++,d --enable-shared --enable-threads=posix --with-system-zlib --with-isl --enable-__cxa_atexit --disable-libunwind-exceptions --enable-clocale=gnu --disable-libstdcxx-pch --disable-libssp --enable-gnu-unique-object --enable-linker-build-id --enable-lto --enable-plugin --enable-install-libiberty --with-linker-hash-style=gnu --enable-gnu-indirect-function --enable-multilib --disable-werror --enable-checking=release --enable-default-pie --enable-default-ssp --enable-cet=auto gdc_include_dir=/usr/include/dlang/gdc
Thread model: posix
gcc version 9.2.0 (GCC) 
configure:4393: $? = 0
configure:4382: cc -V >&5
cc: error: unrecognized command line option '-V'
cc: fatal error: no input files
compilation terminated.
configure:4393: $? = 1
configure:4382: cc -qversion >&5
cc: error: unrecognized command line option '-qversion'; did you mean '--version'?
cc: fatal error: no input files
compilation terminated.
configure:4393: $? = 1
configure:4413: checking for C compiler default output file name
configure:4435: cc -O   conftest.c  >&5
configure:4439: $? = 0
configure:4476: result: a.out
configure:4492: checking whether the C compiler works
configure:4501: ./a.out
configure:4505: $? = 0
configure:4520: result: yes
configure:4527: checking whether we are cross compiling
configure:4529: result: no
configure:4532: checking for suffix of executables
configure:4539: cc -o conftest -O   conftest.c  >&5
configure:4543: $? = 0
configure:4565: result: 
configure:4571: checking for suffix of object files
configure:4593: cc -c -O  conftest.c >&5
configure:4597: $? = 0
configure:4618: result: o
configure:4622: checking whether we are using the GNU C compiler
configure:4641: cc -c -O  conftest.c >&5
configure:4641: $? = 0
configure:4650: result: yes
configure:4659: checking whether cc accepts -g
configure:4679: cc -c -g  conftest.c >&5
configure:4679: $? = 0
configure:4720: result: yes
configure:4737: checking for cc option to accept ISO C89
configure:4801: cc  -c -O  conftest.c >&5
configure:4801: $? = 0
configure:4814: result: none needed
configure:4946: checking for C++ compiler version
configure:4955: c++ --version >&5
c++ (GCC) 9.2.0
Copyright (C) 2019 Free Software Foundation, Inc.
This is free software; see the source for copying conditions.  There is NO
warranty; not even for MERCHANTABILITY or FITNESS FOR A PARTICULAR PURPOSE.

configure:4966: $? = 0
configure:4955: c++ -v >&5
Using built-in specs.
COLLECT_GCC=c++
COLLECT_LTO_WRAPPER=/usr/lib/gcc/x86_64-pc-linux-gnu/9.2.0/lto-wrapper
Target: x86_64-pc-linux-gnu
Configured with: /build/gcc/src/gcc/configure --prefix=/usr --libdir=/usr/lib --libexecdir=/usr/lib --mandir=/usr/share/man --infodir=/usr/share/info --with-bugurl=https://bugs.archlinux.org/ --enable-languages=c,c++,ada,fortran,go,lto,objc,obj-c++,d --enable-shared --enable-threads=posix --with-system-zlib --with-isl --enable-__cxa_atexit --disable-libunwind-exceptions --enable-clocale=gnu --disable-libstdcxx-pch --disable-libssp --enable-gnu-unique-object --enable-linker-build-id --enable-lto --enable-plugin --enable-install-libiberty --with-linker-hash-style=gnu --enable-gnu-indirect-function --enable-multilib --disable-werror --enable-checking=release --enable-default-pie --enable-default-ssp --enable-cet=auto gdc_include_dir=/usr/include/dlang/gdc
Thread model: posix
gcc version 9.2.0 (GCC) 
configure:4966: $? = 0
configure:4955: c++ -V >&5
c++: error: unrecognized command line option '-V'
c++: fatal error: no input files
compilation terminated.
configure:4966: $? = 1
configure:4955: c++ -qversion >&5
c++: error: unrecognized command line option '-qversion'; did you mean '--version'?
c++: fatal error: no input files
compilation terminated.
configure:4966: $? = 1
configure:4970: checking whether we are using the GNU C++ compiler
configure:4989: c++ -c -O  conftest.cpp >&5
configure:4989: $? = 0
configure:4998: result: yes
configure:5007: checking whether c++ accepts -g
configure:5027: c++ -c -g  conftest.cpp >&5
configure:5027: $? = 0
configure:5068: result: yes
configure:5117: checking whether g++ accepts -static-libstdc++ -static-libgcc
configure:5134: c++ -o conftest -O   -static-libstdc++ -static-libgcc conftest.cpp  >&5
configure:5134: $? = 0
configure:5135: result: yes
configure:5199: checking for gnatbind
configure:5229: result: no
configure:5291: checking for gnatmake
configure:5321: result: no
configure:5340: checking whether compiler driver understands Ada
configure:5363: result: no
configure:5372: checking how to compare bootstrapped objects
configure:5397: result: cmp --ignore-initial=16 $$f1 $$f2
configure:5457: checking for objdir
configure:5472: result: .libs
configure:5646: checking for the correct version of gmp.h
configure:5666: cc -c -O -I/home/ky0ko/code/netbsd-gc/src/obj/tooldir.Linux-5.4.7-arch1-1-x86_64/include -I/home/ky0ko/code/netbsd-gc/src/obj/tooldir.Linux-5.4.7-arch1-1-x86_64/include -I/home/ky0ko/code/netbsd-gc/src/obj/tooldir.Linux-5.4.7-arch1-1-x86_64/include   conftest.c >&5
configure:5666: $? = 0
configure:5684: cc -c -O -I/home/ky0ko/code/netbsd-gc/src/obj/tooldir.Linux-5.4.7-arch1-1-x86_64/include -I/home/ky0ko/code/netbsd-gc/src/obj/tooldir.Linux-5.4.7-arch1-1-x86_64/include -I/home/ky0ko/code/netbsd-gc/src/obj/tooldir.Linux-5.4.7-arch1-1-x86_64/include   conftest.c >&5
configure:5684: $? = 0
configure:5685: result: yes
configure:5701: checking for the correct version of mpfr.h
configure:5719: cc -c -O -I/home/ky0ko/code/netbsd-gc/src/obj/tooldir.Linux-5.4.7-arch1-1-x86_64/include -I/home/ky0ko/code/netbsd-gc/src/obj/tooldir.Linux-5.4.7-arch1-1-x86_64/include -I/home/ky0ko/code/netbsd-gc/src/obj/tooldir.Linux-5.4.7-arch1-1-x86_64/include   conftest.c >&5
configure:5719: $? = 0
configure:5736: cc -c -O -I/home/ky0ko/code/netbsd-gc/src/obj/tooldir.Linux-5.4.7-arch1-1-x86_64/include -I/home/ky0ko/code/netbsd-gc/src/obj/tooldir.Linux-5.4.7-arch1-1-x86_64/include -I/home/ky0ko/code/netbsd-gc/src/obj/tooldir.Linux-5.4.7-arch1-1-x86_64/include   conftest.c >&5
configure:5736: $? = 0
configure:5737: result: yes
configure:5754: checking for the correct version of mpc.h
configure:5771: cc -c -O -I/home/ky0ko/code/netbsd-gc/src/obj/tooldir.Linux-5.4.7-arch1-1-x86_64/include -I/home/ky0ko/code/netbsd-gc/src/obj/tooldir.Linux-5.4.7-arch1-1-x86_64/include -I/home/ky0ko/code/netbsd-gc/src/obj/tooldir.Linux-5.4.7-arch1-1-x86_64/include   conftest.c >&5
configure:5771: $? = 0
configure:5787: cc -c -O -I/home/ky0ko/code/netbsd-gc/src/obj/tooldir.Linux-5.4.7-arch1-1-x86_64/include -I/home/ky0ko/code/netbsd-gc/src/obj/tooldir.Linux-5.4.7-arch1-1-x86_64/include -I/home/ky0ko/code/netbsd-gc/src/obj/tooldir.Linux-5.4.7-arch1-1-x86_64/include   conftest.c >&5
configure:5787: $? = 0
configure:5788: result: yes
configure:5806: checking for the correct version of the gmp/mpfr/mpc libraries
configure:5837: cc -o conftest -O -I/home/ky0ko/code/netbsd-gc/src/obj/tooldir.Linux-5.4.7-arch1-1-x86_64/include -I/home/ky0ko/code/netbsd-gc/src/obj/tooldir.Linux-5.4.7-arch1-1-x86_64/include -I/home/ky0ko/code/netbsd-gc/src/obj/tooldir.Linux-5.4.7-arch1-1-x86_64/include    conftest.c  -L/home/ky0ko/code/netbsd-gc/src/obj/tooldir.Linux-5.4.7-arch1-1-x86_64/lib -L/home/ky0ko/code/netbsd-gc/src/obj/tooldir.Linux-5.4.7-arch1-1-x86_64/lib -L/home/ky0ko/code/netbsd-gc/src/obj/tooldir.Linux-5.4.7-arch1-1-x86_64/lib -lmpc -lmpfr -lgmp >&5
configure:5837: $? = 0
configure:5838: result: yes
configure:6023: checking for isl 0.16, 0.15, or deprecated 0.14
configure:6036: cc -o conftest -O  -I/home/ky0ko/code/netbsd-gc/src/obj/tooldir.Linux-5.4.7-arch1-1-x86_64/include -I/home/ky0ko/code/netbsd-gc/src/obj/tooldir.Linux-5.4.7-arch1-1-x86_64/include -I/home/ky0ko/code/netbsd-gc/src/obj/tooldir.Linux-5.4.7-arch1-1-x86_64/include     -lisl -L/home/ky0ko/code/netbsd-gc/src/obj/tooldir.Linux-5.4.7-arch1-1-x86_64/lib -L/home/ky0ko/code/netbsd-gc/src/obj/tooldir.Linux-5.4.7-arch1-1-x86_64/lib -L/home/ky0ko/code/netbsd-gc/src/obj/tooldir.Linux-5.4.7-arch1-1-x86_64/lib -lmpc -lmpfr -lgmp conftest.c  -lisl -lgmp >&5
conftest.c:10:10: fatal error: isl/ctx.h: No such file or directory
   10 | #include <isl/ctx.h>
      |          ^~~~~~~~~~~
compilation terminated.
configure:6036: $? = 1
configure: failed program was:
| /* confdefs.h */
| #define PACKAGE_NAME ""
| #define PACKAGE_TARNAME ""
| #define PACKAGE_VERSION ""
| #define PACKAGE_STRING ""
| #define PACKAGE_BUGREPORT ""
| #define PACKAGE_URL ""
| #define LT_OBJDIR ".libs/"
| /* end confdefs.h.  */
| #include <isl/ctx.h>
| int
| main ()
| {
| isl_ctx_get_max_operations (isl_ctx_alloc ());
|   ;
|   return 0;
| }
configure:6043: result: no
configure:6047: result: recommended isl version is 0.16 or 0.15, the minimum required isl version 0.14 is deprecated
configure:6051: checking for isl 0.16 or 0.15
configure:6064: cc -o conftest -O  -I/home/ky0ko/code/netbsd-gc/src/obj/tooldir.Linux-5.4.7-arch1-1-x86_64/include -I/home/ky0ko/code/netbsd-gc/src/obj/tooldir.Linux-5.4.7-arch1-1-x86_64/include -I/home/ky0ko/code/netbsd-gc/src/obj/tooldir.Linux-5.4.7-arch1-1-x86_64/include     -lisl -L/home/ky0ko/code/netbsd-gc/src/obj/tooldir.Linux-5.4.7-arch1-1-x86_64/lib -L/home/ky0ko/code/netbsd-gc/src/obj/tooldir.Linux-5.4.7-arch1-1-x86_64/lib -L/home/ky0ko/code/netbsd-gc/src/obj/tooldir.Linux-5.4.7-arch1-1-x86_64/lib -lmpc -lmpfr -lgmp conftest.c  -lisl -lgmp >&5
conftest.c:10:10: fatal error: isl/schedule.h: No such file or directory
   10 | #include <isl/schedule.h>
      |          ^~~~~~~~~~~~~~~~
compilation terminated.
configure:6064: $? = 1
configure: failed program was:
| /* confdefs.h */
| #define PACKAGE_NAME ""
| #define PACKAGE_TARNAME ""
| #define PACKAGE_VERSION ""
| #define PACKAGE_STRING ""
| #define PACKAGE_BUGREPORT ""
| #define PACKAGE_URL ""
| #define LT_OBJDIR ".libs/"
| /* end confdefs.h.  */
| #include <isl/schedule.h>
| int
| main ()
| {
| isl_options_set_schedule_serialize_sccs (NULL, 0);
|   ;
|   return 0;
| }
configure:6071: result: no
configure:7080: checking for default BUILD_CONFIG
configure:7112: result: 
configure:7117: checking for --enable-vtable-verify
configure:7130: result: no
configure:7726: checking for bison
configure:7753: result: /home/ky0ko/code/netbsd-gc/src/obj/tooldir.Linux-5.4.7-arch1-1-x86_64/bin/nbyacc
configure:7773: checking for bison
configure:7789: found /usr/sbin/bison
configure:7800: result: bison
configure:7820: checking for gm4
configure:7847: result: /home/ky0ko/code/netbsd-gc/src/obj/tooldir.Linux-5.4.7-arch1-1-x86_64/bin/nbm4
configure:7867: checking for flex
configure:7894: result: /home/ky0ko/code/netbsd-gc/src/obj/tooldir.Linux-5.4.7-arch1-1-x86_64/bin/nblex
configure:7915: checking for flex
configure:7931: found /usr/sbin/flex
configure:7942: result: flex
configure:7962: checking for makeinfo
configure:7978: found /usr/sbin/makeinfo
configure:7989: result: makeinfo
configure:8023: checking for expect
configure:8053: result: no
configure:8072: checking for runtest
configure:8102: result: no
configure:8136: checking for ar
configure:8163: result: ar
configure:8358: checking for as
configure:8374: found /usr/sbin/as
configure:8385: result: as
configure:8499: checking for dlltool
configure:8529: result: no
configure:8640: checking for ld
configure:8656: found /usr/sbin/ld
configure:8667: result: ld
configure:8781: checking for lipo
configure:8811: result: no
configure:8922: checking for nm
configure:8938: found /usr/sbin/nm
configure:8949: result: nm
configure:8982: checking for ranlib
configure:9009: result: ranlib
configure:9199: checking for strip
configure:9215: found /usr/sbin/strip
configure:9226: result: strip
configure:9335: checking for windres
configure:9365: result: no
configure:9476: checking for windmc
configure:9506: result: no
configure:9617: checking for objcopy
configure:9633: found /usr/sbin/objcopy
configure:9644: result: objcopy
configure:9758: checking for objdump
configure:9774: found /usr/sbin/objdump
configure:9785: result: objdump
configure:9899: checking for readelf
configure:9915: found /usr/sbin/readelf
configure:9926: result: readelf
configure:10040: checking for powerpc--netbsd-cc
configure:10070: result: no
configure:10040: checking for powerpc--netbsd-gcc
configure:10070: result: no
configure:10201: checking for powerpc--netbsd-c++
configure:10231: result: no
configure:10201: checking for powerpc--netbsd-g++
configure:10231: result: no
configure:10201: checking for powerpc--netbsd-cxx
configure:10231: result: no
configure:10201: checking for powerpc--netbsd-gxx
configure:10231: result: no
configure:10362: checking for powerpc--netbsd-gcc
configure:10392: result: no
configure:10518: checking for powerpc--netbsd-gcj
configure:10548: result: no
configure:10679: checking for powerpc--netbsd-gfortran
configure:10709: result: no
configure:10840: checking for powerpc--netbsd-gccgo
configure:10870: result: no
configure:10970: checking for ar
configure:10988: found /home/ky0ko/code/netbsd-gc/src/obj/tooldir.Linux-5.4.7-arch1-1-x86_64/powerpc--netbsd/bin/ar
configure:11000: result: /home/ky0ko/code/netbsd-gc/src/obj/tooldir.Linux-5.4.7-arch1-1-x86_64/powerpc--netbsd/bin/ar
configure:11200: checking for as
configure:11218: found /home/ky0ko/code/netbsd-gc/src/obj/tooldir.Linux-5.4.7-arch1-1-x86_64/powerpc--netbsd/bin/as
configure:11230: result: /home/ky0ko/code/netbsd-gc/src/obj/tooldir.Linux-5.4.7-arch1-1-x86_64/powerpc--netbsd/bin/as
configure:11430: checking for dlltool
configure:11463: result: no
configure:11541: checking for powerpc--netbsd-dlltool
configure:11571: result: no
configure:11660: checking for ld
configure:11678: found /home/ky0ko/code/netbsd-gc/src/obj/tooldir.Linux-5.4.7-arch1-1-x86_64/powerpc--netbsd/bin/ld
configure:11690: result: /home/ky0ko/code/netbsd-gc/src/obj/tooldir.Linux-5.4.7-arch1-1-x86_64/powerpc--netbsd/bin/ld
configure:11890: checking for lipo
configure:11923: result: no
configure:12001: checking for powerpc--netbsd-lipo
configure:12031: result: no
configure:12120: checking for nm
configure:12138: found /home/ky0ko/code/netbsd-gc/src/obj/tooldir.Linux-5.4.7-arch1-1-x86_64/powerpc--netbsd/bin/nm
configure:12150: result: /home/ky0ko/code/netbsd-gc/src/obj/tooldir.Linux-5.4.7-arch1-1-x86_64/powerpc--netbsd/bin/nm
configure:12350: checking for objcopy
configure:12368: found /home/ky0ko/code/netbsd-gc/src/obj/tooldir.Linux-5.4.7-arch1-1-x86_64/powerpc--netbsd/bin/objcopy
configure:12380: result: /home/ky0ko/code/netbsd-gc/src/obj/tooldir.Linux-5.4.7-arch1-1-x86_64/powerpc--netbsd/bin/objcopy
configure:12580: checking for objdump
configure:12598: found /home/ky0ko/code/netbsd-gc/src/obj/tooldir.Linux-5.4.7-arch1-1-x86_64/powerpc--netbsd/bin/objdump
configure:12610: result: /home/ky0ko/code/netbsd-gc/src/obj/tooldir.Linux-5.4.7-arch1-1-x86_64/powerpc--netbsd/bin/objdump
configure:12810: checking for ranlib
configure:12828: found /home/ky0ko/code/netbsd-gc/src/obj/tooldir.Linux-5.4.7-arch1-1-x86_64/powerpc--netbsd/bin/ranlib
configure:12840: result: /home/ky0ko/code/netbsd-gc/src/obj/tooldir.Linux-5.4.7-arch1-1-x86_64/powerpc--netbsd/bin/ranlib
configure:13040: checking for readelf
configure:13058: found /home/ky0ko/code/netbsd-gc/src/obj/tooldir.Linux-5.4.7-arch1-1-x86_64/powerpc--netbsd/bin/readelf
configure:13070: result: /home/ky0ko/code/netbsd-gc/src/obj/tooldir.Linux-5.4.7-arch1-1-x86_64/powerpc--netbsd/bin/readelf
configure:13270: checking for strip
configure:13288: found /home/ky0ko/code/netbsd-gc/src/obj/tooldir.Linux-5.4.7-arch1-1-x86_64/powerpc--netbsd/bin/strip
configure:13300: result: /home/ky0ko/code/netbsd-gc/src/obj/tooldir.Linux-5.4.7-arch1-1-x86_64/powerpc--netbsd/bin/strip
configure:13500: checking for windres
configure:13533: result: no
configure:13611: checking for powerpc--netbsd-windres
configure:13641: result: no
configure:13730: checking for windmc
configure:13763: result: no
configure:13841: checking for powerpc--netbsd-windmc
configure:13871: result: no
configure:13938: checking where to find the target ar
configure:13966: result: pre-installed in /home/ky0ko/code/netbsd-gc/src/obj/tooldir.Linux-5.4.7-arch1-1-x86_64/powerpc--netbsd/bin
configure:13980: checking where to find the target as
configure:14008: result: pre-installed in /home/ky0ko/code/netbsd-gc/src/obj/tooldir.Linux-5.4.7-arch1-1-x86_64/powerpc--netbsd/bin
configure:14022: checking where to find the target cc
configure:14045: result: just compiled
configure:14064: checking where to find the target c++
configure:14090: result: just compiled
configure:14109: checking where to find the target c++ for libstdc++
configure:14135: result: just compiled
configure:14154: checking where to find the target dlltool
configure:14191: result: pre-installed
configure:14196: checking where to find the target gcc
configure:14219: result: just compiled
configure:14238: checking where to find the target gcj
configure:14278: result: pre-installed
configure:14283: checking where to find the target gfortran
configure:14323: result: pre-installed
configure:14328: checking where to find the target gccgo
configure:14368: result: pre-installed
configure:14373: checking where to find the target ld
configure:14401: result: pre-installed in /home/ky0ko/code/netbsd-gc/src/obj/tooldir.Linux-5.4.7-arch1-1-x86_64/powerpc--netbsd/bin
configure:14415: checking where to find the target lipo
configure:14441: result: pre-installed
configure:14446: checking where to find the target nm
configure:14474: result: pre-installed in /home/ky0ko/code/netbsd-gc/src/obj/tooldir.Linux-5.4.7-arch1-1-x86_64/powerpc--netbsd/bin
configure:14488: checking where to find the target objcopy
configure:14516: result: pre-installed in /home/ky0ko/code/netbsd-gc/src/obj/tooldir.Linux-5.4.7-arch1-1-x86_64/powerpc--netbsd/bin
configure:14530: checking where to find the target objdump
configure:14558: result: pre-installed in /home/ky0ko/code/netbsd-gc/src/obj/tooldir.Linux-5.4.7-arch1-1-x86_64/powerpc--netbsd/bin
configure:14572: checking where to find the target ranlib
configure:14600: result: pre-installed in /home/ky0ko/code/netbsd-gc/src/obj/tooldir.Linux-5.4.7-arch1-1-x86_64/powerpc--netbsd/bin
configure:14614: checking where to find the target readelf
configure:14642: result: pre-installed in /home/ky0ko/code/netbsd-gc/src/obj/tooldir.Linux-5.4.7-arch1-1-x86_64/powerpc--netbsd/bin
configure:14656: checking where to find the target strip
configure:14684: result: pre-installed in /home/ky0ko/code/netbsd-gc/src/obj/tooldir.Linux-5.4.7-arch1-1-x86_64/powerpc--netbsd/bin
configure:14698: checking where to find the target windres
configure:14735: result: pre-installed
configure:14740: checking where to find the target windmc
configure:14777: result: pre-installed
configure:14810: checking whether to enable maintainer-specific portions of Makefiles
configure:14819: result: no
configure:15068: creating ./config.status

## ---------------------- ##
## Running config.status. ##
## ---------------------- ##

This file was extended by config.status, which was
generated by GNU Autoconf 2.64.  Invocation command line was

  CONFIG_FILES    = 
  CONFIG_HEADERS  = 
  CONFIG_LINKS    = 
  CONFIG_COMMANDS = 
  $ ./config.status 

on kumori

config.status:998: creating Makefile

## ---------------- ##
## Cache variables. ##
## ---------------- ##

ac_cv_build=x86_64-pc-linux-gnu
ac_cv_c_compiler_gnu=yes
ac_cv_cxx_compiler_gnu=yes
ac_cv_env_AR_FOR_TARGET_set=
ac_cv_env_AR_FOR_TARGET_value=
ac_cv_env_AR_set=set
ac_cv_env_AR_value=ar
ac_cv_env_AS_FOR_TARGET_set=
ac_cv_env_AS_FOR_TARGET_value=
ac_cv_env_AS_set=
ac_cv_env_AS_value=
ac_cv_env_CCC_set=
ac_cv_env_CCC_value=
ac_cv_env_CC_FOR_TARGET_set=
ac_cv_env_CC_FOR_TARGET_value=
ac_cv_env_CC_set=set
ac_cv_env_CC_value=cc
ac_cv_env_CFLAGS_set=set
ac_cv_env_CFLAGS_value=-O
ac_cv_env_CPPFLAGS_set=set
ac_cv_env_CPPFLAGS_value=
ac_cv_env_CXXFLAGS_set=set
ac_cv_env_CXXFLAGS_value=-O
ac_cv_env_CXX_FOR_TARGET_set=
ac_cv_env_CXX_FOR_TARGET_value=
ac_cv_env_CXX_set=set
ac_cv_env_CXX_value=c++
ac_cv_env_DLLTOOL_FOR_TARGET_set=
ac_cv_env_DLLTOOL_FOR_TARGET_value=
ac_cv_env_DLLTOOL_set=
ac_cv_env_DLLTOOL_value=
ac_cv_env_GCC_FOR_TARGET_set=
ac_cv_env_GCC_FOR_TARGET_value=
ac_cv_env_GCJ_FOR_TARGET_set=
ac_cv_env_GCJ_FOR_TARGET_value=
ac_cv_env_GFORTRAN_FOR_TARGET_set=
ac_cv_env_GFORTRAN_FOR_TARGET_value=
ac_cv_env_GOC_FOR_TARGET_set=
ac_cv_env_GOC_FOR_TARGET_value=
ac_cv_env_LDFLAGS_set=set
ac_cv_env_LDFLAGS_value=
ac_cv_env_LD_FOR_TARGET_set=
ac_cv_env_LD_FOR_TARGET_value=
ac_cv_env_LD_set=
ac_cv_env_LD_value=
ac_cv_env_LIBS_set=
ac_cv_env_LIBS_value=
ac_cv_env_LIPO_FOR_TARGET_set=
ac_cv_env_LIPO_FOR_TARGET_value=
ac_cv_env_LIPO_set=
ac_cv_env_LIPO_value=
ac_cv_env_NM_FOR_TARGET_set=
ac_cv_env_NM_FOR_TARGET_value=
ac_cv_env_NM_set=
ac_cv_env_NM_value=
ac_cv_env_OBJCOPY_FOR_TARGET_set=
ac_cv_env_OBJCOPY_FOR_TARGET_value=
ac_cv_env_OBJCOPY_set=
ac_cv_env_OBJCOPY_value=
ac_cv_env_OBJDUMP_FOR_TARGET_set=
ac_cv_env_OBJDUMP_FOR_TARGET_value=
ac_cv_env_OBJDUMP_set=
ac_cv_env_OBJDUMP_value=
ac_cv_env_RANLIB_FOR_TARGET_set=
ac_cv_env_RANLIB_FOR_TARGET_value=
ac_cv_env_RANLIB_set=set
ac_cv_env_RANLIB_value=ranlib
ac_cv_env_READELF_FOR_TARGET_set=
ac_cv_env_READELF_FOR_TARGET_value=
ac_cv_env_READELF_set=
ac_cv_env_READELF_value=
ac_cv_env_STRIP_FOR_TARGET_set=
ac_cv_env_STRIP_FOR_TARGET_value=
ac_cv_env_STRIP_set=
ac_cv_env_STRIP_value=
ac_cv_env_WINDMC_FOR_TARGET_set=
ac_cv_env_WINDMC_FOR_TARGET_value=
ac_cv_env_WINDMC_set=
ac_cv_env_WINDMC_value=
ac_cv_env_WINDRES_FOR_TARGET_set=
ac_cv_env_WINDRES_FOR_TARGET_value=
ac_cv_env_WINDRES_set=
ac_cv_env_WINDRES_value=
ac_cv_env_build_alias_set=
ac_cv_env_build_alias_value=
ac_cv_env_build_configargs_set=
ac_cv_env_build_configargs_value=
ac_cv_env_host_alias_set=
ac_cv_env_host_alias_value=
ac_cv_env_host_configargs_set=
ac_cv_env_host_configargs_value=
ac_cv_env_target_alias_set=set
ac_cv_env_target_alias_value=powerpc--netbsd
ac_cv_env_target_configargs_set=
ac_cv_env_target_configargs_value=
ac_cv_host=x86_64-pc-linux-gnu
ac_cv_objext=o
ac_cv_path_AR_FOR_TARGET=/home/ky0ko/code/netbsd-gc/src/obj/tooldir.Linux-5.4.7-arch1-1-x86_64/powerpc--netbsd/bin/ar
ac_cv_path_AS_FOR_TARGET=/home/ky0ko/code/netbsd-gc/src/obj/tooldir.Linux-5.4.7-arch1-1-x86_64/powerpc--netbsd/bin/as
ac_cv_path_LD_FOR_TARGET=/home/ky0ko/code/netbsd-gc/src/obj/tooldir.Linux-5.4.7-arch1-1-x86_64/powerpc--netbsd/bin/ld
ac_cv_path_NM_FOR_TARGET=/home/ky0ko/code/netbsd-gc/src/obj/tooldir.Linux-5.4.7-arch1-1-x86_64/powerpc--netbsd/bin/nm
ac_cv_path_OBJCOPY_FOR_TARGET=/home/ky0ko/code/netbsd-gc/src/obj/tooldir.Linux-5.4.7-arch1-1-x86_64/powerpc--netbsd/bin/objcopy
ac_cv_path_OBJDUMP_FOR_TARGET=/home/ky0ko/code/netbsd-gc/src/obj/tooldir.Linux-5.4.7-arch1-1-x86_64/powerpc--netbsd/bin/objdump
ac_cv_path_RANLIB_FOR_TARGET=/home/ky0ko/code/netbsd-gc/src/obj/tooldir.Linux-5.4.7-arch1-1-x86_64/powerpc--netbsd/bin/ranlib
ac_cv_path_READELF_FOR_TARGET=/home/ky0ko/code/netbsd-gc/src/obj/tooldir.Linux-5.4.7-arch1-1-x86_64/powerpc--netbsd/bin/readelf
ac_cv_path_SED=/usr/sbin/sed
ac_cv_path_STRIP_FOR_TARGET=/home/ky0ko/code/netbsd-gc/src/obj/tooldir.Linux-5.4.7-arch1-1-x86_64/powerpc--netbsd/bin/strip
ac_cv_prog_AR=ar
ac_cv_prog_AS=as
ac_cv_prog_AWK=/home/ky0ko/code/netbsd-gc/src/obj/tooldir.Linux-5.4.7-arch1-1-x86_64/bin/nbawk
ac_cv_prog_BISON=bison
ac_cv_prog_FLEX=flex
ac_cv_prog_LD=ld
ac_cv_prog_LEX=/home/ky0ko/code/netbsd-gc/src/obj/tooldir.Linux-5.4.7-arch1-1-x86_64/bin/nblex
ac_cv_prog_M4=/home/ky0ko/code/netbsd-gc/src/obj/tooldir.Linux-5.4.7-arch1-1-x86_64/bin/nbm4
ac_cv_prog_MAKEINFO=makeinfo
ac_cv_prog_NM=nm
ac_cv_prog_OBJCOPY=objcopy
ac_cv_prog_OBJDUMP=objdump
ac_cv_prog_RANLIB=ranlib
ac_cv_prog_READELF=readelf
ac_cv_prog_STRIP=strip
ac_cv_prog_YACC=/home/ky0ko/code/netbsd-gc/src/obj/tooldir.Linux-5.4.7-arch1-1-x86_64/bin/nbyacc
ac_cv_prog_ac_ct_CC=cc
ac_cv_prog_cc_c89=
ac_cv_prog_cc_g=yes
ac_cv_prog_cxx_g=yes
ac_cv_target=powerpc--netbsd
acx_cv_cc_gcc_supports_ada=no
acx_cv_prog_LN=ln
gcc_cv_as_sparc_gotdata_op=no
gcc_cv_isl=no
gcc_cv_libc_provides_ssp=yes
gcc_cv_prog_cmp_skip='cmp --ignore-initial=16 $$f1 $$f2'
gcc_cv_tool_dirs=/home/ky0ko/code/netbsd-gc/src/obj/tooldir.Linux-5.4.7-arch1-1-x86_64/libexec/gcc/powerpc--netbsd/6.4.0:/home/ky0ko/code/netbsd-gc/src/obj/tooldir.Linux-5.4.7-arch1-1-x86_64/libexec/gcc/powerpc--netbsd:/usr/lib/gcc/powerpc--netbsd/6.4.0:/usr/lib/gcc/powerpc--netbsd:/home/ky0ko/code/netbsd-gc/src/obj/tooldir.Linux-5.4.7-arch1-1-x86_64/powerpc--netbsd/bin/powerpc--netbsd/6.4.0:/home/ky0ko/code/netbsd-gc/src/obj/tooldir.Linux-5.4.7-arch1-1-x86_64/powerpc--netbsd/bin:
gcc_cv_tool_prefix=/home/ky0ko/code/netbsd-gc/src/obj/tooldir.Linux-5.4.7-arch1-1-x86_64
lt_cv_objdir=.libs

## ----------------- ##
## Output variables. ##
## ----------------- ##

AR='ar'
AR_FOR_BUILD='$(AR)'
AR_FOR_TARGET='/home/ky0ko/code/netbsd-gc/src/obj/tooldir.Linux-5.4.7-arch1-1-x86_64/powerpc--netbsd/bin/ar'
AS='as'
AS_FOR_BUILD='$(AS)'
AS_FOR_TARGET='/home/ky0ko/code/netbsd-gc/src/obj/tooldir.Linux-5.4.7-arch1-1-x86_64/powerpc--netbsd/bin/as'
AWK='/home/ky0ko/code/netbsd-gc/src/obj/tooldir.Linux-5.4.7-arch1-1-x86_64/bin/nbawk'
BISON='bison'
BUILD_CONFIG=''
CC='cc'
CC_FOR_BUILD='$(CC)'
CC_FOR_TARGET='$$r/$(HOST_SUBDIR)/gcc/xgcc -B$$r/$(HOST_SUBDIR)/gcc/'
CFLAGS='-O'
CFLAGS_FOR_BUILD='-O'
CFLAGS_FOR_TARGET='-g -O2'
COMPILER_AS_FOR_TARGET='$$r/$(HOST_SUBDIR)/gcc/as'
COMPILER_LD_FOR_TARGET='$$r/$(HOST_SUBDIR)/gcc/collect-ld'
COMPILER_NM_FOR_TARGET='$$r/$(HOST_SUBDIR)/gcc/nm'
CONFIGURE_GDB_TK=''
CPPFLAGS=''
CXX='c++'
CXXFLAGS='-O'
CXXFLAGS_FOR_BUILD='-O'
CXXFLAGS_FOR_TARGET='-g -O2'
CXX_FOR_BUILD='$(CXX)'
CXX_FOR_TARGET='$$r/$(HOST_SUBDIR)/gcc/xg++ -B$$r/$(HOST_SUBDIR)/gcc/ -nostdinc++ `if test -f $$r/$(TARGET_SUBDIR)/libstdc++-v3/scripts/testsuite_flags; then $(SHELL) $$r/$(TARGET_SUBDIR)/libstdc++-v3/scripts/testsuite_flags --build-includes; else echo -funconfigured-libstdc++-v3 ; fi` -L$$r/$(TARGET_SUBDIR)/libstdc++-v3/src -L$$r/$(TARGET_SUBDIR)/libstdc++-v3/src/.libs -L$$r/$(TARGET_SUBDIR)/libstdc++-v3/libsupc++/.libs'
DEBUG_PREFIX_CFLAGS_FOR_TARGET=''
DEFS='-DPACKAGE_NAME=\"\" -DPACKAGE_TARNAME=\"\" -DPACKAGE_VERSION=\"\" -DPACKAGE_STRING=\"\" -DPACKAGE_BUGREPORT=\"\" -DPACKAGE_URL=\"\" -DLT_OBJDIR=\".libs/\"'
DLLTOOL='dlltool'
DLLTOOL_FOR_BUILD='$(DLLTOOL)'
DLLTOOL_FOR_TARGET='powerpc--netbsd-dlltool'
ECHO_C=''
ECHO_N='-n'
ECHO_T=''
EXEEXT=''
EXPECT='expect'
EXTRA_CONFIGARGS_LIBJAVA='--disable-static'
FLAGS_FOR_TARGET=' -B$(build_tooldir)/bin/ -B$(build_tooldir)/lib/ -isystem $(build_tooldir)/include -isystem $(build_tooldir)/sys-include'
FLEX='flex'
GCC_FOR_TARGET='$$r/$(HOST_SUBDIR)/gcc/xgcc -B$$r/$(HOST_SUBDIR)/gcc/'
GCC_SHLIB_SUBDIR=''
GCJ_FOR_BUILD='$(GCJ)'
GCJ_FOR_TARGET='powerpc--netbsd-gcj'
GDB_TK=''
GFORTRAN_FOR_BUILD='$(GFORTRAN)'
GFORTRAN_FOR_TARGET='powerpc--netbsd-gfortran'
GNATBIND='no'
GNATMAKE='no'
GOC_FOR_BUILD='$(GOC)'
GOC_FOR_TARGET='powerpc--netbsd-gccgo'
INSTALL_DATA='${INSTALL} -m 644'
INSTALL_GDB_TK=''
INSTALL_PROGRAM='${INSTALL}'
INSTALL_SCRIPT='${INSTALL}'
LD='ld'
LDFLAGS=''
LDFLAGS_FOR_BUILD=''
LDFLAGS_FOR_TARGET=''
LD_FOR_BUILD='$(LD)'
LD_FOR_TARGET='/home/ky0ko/code/netbsd-gc/src/obj/tooldir.Linux-5.4.7-arch1-1-x86_64/powerpc--netbsd/bin/ld'
LEX='/home/ky0ko/code/netbsd-gc/src/obj/tooldir.Linux-5.4.7-arch1-1-x86_64/bin/nblex'
LIBOBJS=''
LIBS=''
LIPO='lipo'
LIPO_FOR_TARGET='powerpc--netbsd-lipo'
LN='ln'
LN_S='ln -s'
LTLIBOBJS=''
M4='/home/ky0ko/code/netbsd-gc/src/obj/tooldir.Linux-5.4.7-arch1-1-x86_64/bin/nbm4'
MAINT='#'
MAINTAINER_MODE_FALSE=''
MAINTAINER_MODE_TRUE='#'
MAKEINFO='makeinfo'
NM='nm'
NM_FOR_BUILD='$(NM)'
NM_FOR_TARGET='/home/ky0ko/code/netbsd-gc/src/obj/tooldir.Linux-5.4.7-arch1-1-x86_64/powerpc--netbsd/bin/nm'
OBJCOPY='objcopy'
OBJCOPY_FOR_TARGET='/home/ky0ko/code/netbsd-gc/src/obj/tooldir.Linux-5.4.7-arch1-1-x86_64/powerpc--netbsd/bin/objcopy'
OBJDUMP='objdump'
OBJDUMP_FOR_TARGET='/home/ky0ko/code/netbsd-gc/src/obj/tooldir.Linux-5.4.7-arch1-1-x86_64/powerpc--netbsd/bin/objdump'
OBJEXT='o'
PACKAGE_BUGREPORT=''
PACKAGE_NAME=''
PACKAGE_STRING=''
PACKAGE_TARNAME=''
PACKAGE_URL=''
PACKAGE_VERSION=''
PATH_SEPARATOR=':'
RANLIB='ranlib'
RANLIB_FOR_BUILD='$(RANLIB)'
RANLIB_FOR_TARGET='/home/ky0ko/code/netbsd-gc/src/obj/tooldir.Linux-5.4.7-arch1-1-x86_64/powerpc--netbsd/bin/ranlib'
RAW_CXX_FOR_TARGET='$$r/$(HOST_SUBDIR)/gcc/xgcc -shared-libgcc -B$$r/$(HOST_SUBDIR)/gcc -nostdinc++ -L$$r/$(TARGET_SUBDIR)/libstdc++-v3/src -L$$r/$(TARGET_SUBDIR)/libstdc++-v3/src/.libs -L$$r/$(TARGET_SUBDIR)/libstdc++-v3/libsupc++/.libs'
READELF='readelf'
READELF_FOR_TARGET='/home/ky0ko/code/netbsd-gc/src/obj/tooldir.Linux-5.4.7-arch1-1-x86_64/powerpc--netbsd/bin/readelf'
RPATH_ENVVAR='LD_LIBRARY_PATH'
RUNTEST='runtest'
SED='/usr/sbin/sed'
SHELL='/usr/sbin/sh'
STRIP='strip'
STRIP_FOR_TARGET='/home/ky0ko/code/netbsd-gc/src/obj/tooldir.Linux-5.4.7-arch1-1-x86_64/powerpc--netbsd/bin/strip'
SYSROOT_CFLAGS_FOR_TARGET=''
TOPLEVEL_CONFIGURE_ARGUMENTS='/home/ky0ko/code/netbsd-gc/src/tools/gcc/../../external/gpl3/gcc.old/dist/configure --target=powerpc--netbsd --enable-long-long --enable-threads --with-bugurl=http://www.NetBSD.org/Misc/send-pr.html --with-pkgversion='\''NetBSD nb3 20180905'\'' --with-system-zlib --disable-libstdcxx-dual-abi --enable-__cxa_atexit --enable-libstdcxx-time=rt --enable-libstdcxx-threads --with-diagnostics-color=auto-if-env --with-sysroot=/home/ky0ko/code/netbsd-gc/src/obj/destdir.gcwii --with-mpc=/home/ky0ko/code/netbsd-gc/src/obj/tooldir.Linux-5.4.7-arch1-1-x86_64 --with-mpfr=/home/ky0ko/code/netbsd-gc/src/obj/tooldir.Linux-5.4.7-arch1-1-x86_64 --with-gmp=/home/ky0ko/code/netbsd-gc/src/obj/tooldir.Linux-5.4.7-arch1-1-x86_64 --disable-nls --disable-multilib --program-transform-name='\''s,^,powerpc--netbsd-,'\'' --enable-languages='\''c c++ objc'\'' --prefix=/home/ky0ko/code/netbsd-gc/src/obj/tooldir.Linux-5.4.7-arch1-1-x86_64'
WINDMC='windmc'
WINDMC_FOR_BUILD='$(WINDMC)'
WINDMC_FOR_TARGET='powerpc--netbsd-windmc'
WINDRES='windres'
WINDRES_FOR_BUILD='$(WINDRES)'
WINDRES_FOR_TARGET='powerpc--netbsd-windres'
YACC='/home/ky0ko/code/netbsd-gc/src/obj/tooldir.Linux-5.4.7-arch1-1-x86_64/bin/nbyacc'
ac_ct_CC='cc'
ac_ct_CXX=''
bindir='${exec_prefix}/bin'
build='x86_64-pc-linux-gnu'
build_alias=''
build_configargs=' --cache-file=./config.cache '\''--enable-long-long'\'' '\''--enable-threads'\'' '\''--with-bugurl=http://www.NetBSD.org/Misc/send-pr.html'\'' '\''--with-pkgversion=NetBSD nb3 20180905'\'' '\''--with-system-zlib'\'' '\''--disable-libstdcxx-dual-abi'\'' '\''--enable-__cxa_atexit'\'' '\''--enable-libstdcxx-time=rt'\'' '\''--enable-libstdcxx-threads'\'' '\''--with-diagnostics-color=auto-if-env'\'' '\''--with-sysroot=/home/ky0ko/code/netbsd-gc/src/obj/destdir.gcwii'\'' '\''--with-mpc=/home/ky0ko/code/netbsd-gc/src/obj/tooldir.Linux-5.4.7-arch1-1-x86_64'\'' '\''--with-mpfr=/home/ky0ko/code/netbsd-gc/src/obj/tooldir.Linux-5.4.7-arch1-1-x86_64'\'' '\''--with-gmp=/home/ky0ko/code/netbsd-gc/src/obj/tooldir.Linux-5.4.7-arch1-1-x86_64'\'' '\''--disable-nls'\'' '\''--disable-multilib'\'' '\''--enable-languages=c c++ objc'\'' '\''--prefix=/home/ky0ko/code/netbsd-gc/src/obj/tooldir.Linux-5.4.7-arch1-1-x86_64'\'' '\''--enable-languages=c,c++,lto,objc'\'' --program-transform-name='\''s,^,powerpc--netbsd-,'\'' --disable-option-checking'
build_configdirs=' libiberty libcpp fixincludes'
build_cpu='x86_64'
build_libsubdir='build-x86_64-pc-linux-gnu'
build_noncanonical='x86_64-pc-linux-gnu'
build_os='linux-gnu'
build_subdir='build-x86_64-pc-linux-gnu'
build_tooldir='${exec_prefix}/powerpc--netbsd'
build_vendor='pc'
compare_exclusions='gcc/cc*-checksum$(objext) | gcc/ada/*tools/*'
configdirs=' intl libiberty libbacktrace libcpp libdecnumber fixincludes gcc libcc1 lto-plugin'
datadir='${datarootdir}'
datarootdir='${prefix}/share'
do_compare='cmp --ignore-initial=16 $$f1 $$f2'
docdir='${datarootdir}/doc/${PACKAGE}'
dvidir='${docdir}'
exec_prefix='${prefix}'
extra_host_libiberty_configure_flags='--enable-shared'
extra_host_zlib_configure_flags=''
extra_isl_gmp_configure_flags=''
extra_liboffloadmic_configure_flags=''
extra_linker_plugin_configure_flags=''
extra_linker_plugin_flags=''
extra_mpc_gmp_configure_flags=''
extra_mpc_mpfr_configure_flags=''
extra_mpfr_configure_flags=''
gmpinc='-I/home/ky0ko/code/netbsd-gc/src/obj/tooldir.Linux-5.4.7-arch1-1-x86_64/include -I/home/ky0ko/code/netbsd-gc/src/obj/tooldir.Linux-5.4.7-arch1-1-x86_64/include -I/home/ky0ko/code/netbsd-gc/src/obj/tooldir.Linux-5.4.7-arch1-1-x86_64/include '
gmplibs='-L/home/ky0ko/code/netbsd-gc/src/obj/tooldir.Linux-5.4.7-arch1-1-x86_64/lib -L/home/ky0ko/code/netbsd-gc/src/obj/tooldir.Linux-5.4.7-arch1-1-x86_64/lib -L/home/ky0ko/code/netbsd-gc/src/obj/tooldir.Linux-5.4.7-arch1-1-x86_64/lib -lmpc -lmpfr -lgmp'
host='x86_64-pc-linux-gnu'
host_alias=''
host_configargs=' --cache-file=./config.cache  --with-system-zlib '\''--enable-long-long'\'' '\''--enable-threads'\'' '\''--with-bugurl=http://www.NetBSD.org/Misc/send-pr.html'\'' '\''--with-pkgversion=NetBSD nb3 20180905'\'' '\''--with-system-zlib'\'' '\''--disable-libstdcxx-dual-abi'\'' '\''--enable-__cxa_atexit'\'' '\''--enable-libstdcxx-time=rt'\'' '\''--enable-libstdcxx-threads'\'' '\''--with-diagnostics-color=auto-if-env'\'' '\''--with-sysroot=/home/ky0ko/code/netbsd-gc/src/obj/destdir.gcwii'\'' '\''--with-mpc=/home/ky0ko/code/netbsd-gc/src/obj/tooldir.Linux-5.4.7-arch1-1-x86_64'\'' '\''--with-mpfr=/home/ky0ko/code/netbsd-gc/src/obj/tooldir.Linux-5.4.7-arch1-1-x86_64'\'' '\''--with-gmp=/home/ky0ko/code/netbsd-gc/src/obj/tooldir.Linux-5.4.7-arch1-1-x86_64'\'' '\''--disable-nls'\'' '\''--disable-multilib'\'' '\''--enable-languages=c c++ objc'\'' '\''--prefix=/home/ky0ko/code/netbsd-gc/src/obj/tooldir.Linux-5.4.7-arch1-1-x86_64'\'' '\''--enable-languages=c,c++,lto,objc'\'' --program-transform-name='\''s,^,powerpc--netbsd-,'\'' --disable-option-checking'
host_cpu='x86_64'
host_noncanonical='x86_64-pc-linux-gnu'
host_os='linux-gnu'
host_shared='no'
host_subdir='.'
host_vendor='pc'
htmldir='${docdir}'
includedir='${prefix}/include'
infodir='${datarootdir}/info'
islinc=''
isllibs=''
islver=''
libdir='${exec_prefix}/lib'
libexecdir='${exec_prefix}/libexec'
localedir='${datarootdir}/locale'
localstatedir='${prefix}/var'
mandir='${datarootdir}/man'
oldincludedir='/usr/include'
pdfdir='${docdir}'
poststage1_ldflags='-static-libstdc++ -static-libgcc'
poststage1_libs=''
prefix='/home/ky0ko/code/netbsd-gc/src/obj/tooldir.Linux-5.4.7-arch1-1-x86_64'
program_transform_name='s,^,powerpc--netbsd-,'
psdir='${docdir}'
sbindir='${exec_prefix}/sbin'
sharedstatedir='${prefix}/com'
stage1_cflags='-g'
stage1_checking='--enable-checking=yes,types'
stage1_languages='c,c++,lto'
stage1_ldflags='-static-libstdc++ -static-libgcc'
stage1_libs=''
stage2_werror_flag=''
sysconfdir='${prefix}/etc'
target='powerpc--netbsd'
target_alias='powerpc--netbsd'
target_configargs='--cache-file=./config.cache --with-cross-host=x86_64-pc-linux-gnu   '\''--enable-long-long'\'' '\''--enable-threads'\'' '\''--with-bugurl=http://www.NetBSD.org/Misc/send-pr.html'\'' '\''--with-pkgversion=NetBSD nb3 20180905'\'' '\''--with-system-zlib'\'' '\''--disable-libstdcxx-dual-abi'\'' '\''--enable-__cxa_atexit'\'' '\''--enable-libstdcxx-time=rt'\'' '\''--enable-libstdcxx-threads'\'' '\''--with-diagnostics-color=auto-if-env'\'' '\''--with-sysroot=/home/ky0ko/code/netbsd-gc/src/obj/destdir.gcwii'\'' '\''--disable-nls'\'' '\''--disable-multilib'\'' '\''--enable-languages=c c++ objc'\'' '\''--prefix=/home/ky0ko/code/netbsd-gc/src/obj/tooldir.Linux-5.4.7-arch1-1-x86_64'\'' '\''--enable-languages=c,c++,lto,objc'\'' --program-transform-name='\''s,^,powerpc--netbsd-,'\'' --disable-option-checking'
target_configdirs='libgcc libbacktrace libgomp libstdc++-v3 libsanitizer libssp libobjc'
target_cpu='powerpc'
target_noncanonical='powerpc--netbsd'
target_os='netbsd'
target_subdir='powerpc--netbsd'
target_vendor=''
tooldir='${exec_prefix}/powerpc--netbsd'

## ------------------- ##
## File substitutions. ##
## ------------------- ##

alphaieee_frag='/dev/null'
host_makefile_frag='/dev/null'
ospace_frag='/dev/null'
serialization_dependencies='serdep.tmp'
target_makefile_frag='/dev/null'

## ----------- ##
## confdefs.h. ##
## ----------- ##

/* confdefs.h */
#define PACKAGE_NAME ""
#define PACKAGE_TARNAME ""
#define PACKAGE_VERSION ""
#define PACKAGE_STRING ""
#define PACKAGE_BUGREPORT ""
#define PACKAGE_URL ""
#define LT_OBJDIR ".libs/"

configure: exit 0
