This file contains any messages produced by compilers while
running configure, to aid debugging if configure makes a mistake.

It was created by configure, which was
generated by GNU Autoconf 2.64.  Invocation command line was

  $ /home/ky0ko/code/netbsd-gc/src/external/gpl3/binutils.old/dist/intl/configure --srcdir=/home/ky0ko/code/netbsd-gc/src/tools/binutils/../../external/gpl3/binutils.old/dist/intl --cache-file=./config.cache --with-gnu-as --with-gnu-ld --disable-nls --disable-werror --with-pkgversion=NetBSD Binutils nb1 --with-bugurl=http://www.NetBSD.org/support/send-pr.html --with-lib-path==/usr/lib --with-sysroot --prefix=/home/ky0ko/code/netbsd-gc/src/obj/tooldir.Linux-5.4.7-arch1-1-x86_64 --program-transform-name=s,^,powerpc--netbsd-, --disable-option-checking --build=x86_64-pc-linux-gnu --host=x86_64-pc-linux-gnu --target=powerpc--netbsd

## --------- ##
## Platform. ##
## --------- ##

hostname = kumori
uname -m = x86_64
uname -r = 5.4.7-arch1-1
uname -s = Linux
uname -v = #1 SMP PREEMPT Tue, 31 Dec 2019 17:20:16 +0000

/usr/bin/uname -p = unknown
/bin/uname -X     = unknown

/bin/arch              = unknown
/usr/bin/arch -k       = unknown
/usr/convex/getsysinfo = unknown
/usr/bin/hostinfo      = unknown
/bin/machine           = unknown
/usr/bin/oslevel       = unknown
/bin/universe          = unknown

PATH: /home/ky0ko/code/netbsd-gc/src/obj/tooldir.Linux-5.4.7-arch1-1-x86_64/bin
PATH: /bedrock/cross/pin/bin
PATH: /bedrock/bin
PATH: /usr/local/sbin
PATH: /usr/local/bin
PATH: /opt/sbin
PATH: /opt/bin
PATH: /usr/sbin
PATH: /usr/bin
PATH: /sbin
PATH: /bin
PATH: /bedrock/cross/bin


## ----------- ##
## Core tests. ##
## ----------- ##

configure:2094: creating cache ./config.cache
configure:2175: checking whether /home/ky0ko/code/netbsd-gc/src/obj/tooldir.Linux-5.4.7-arch1-1-x86_64/bin/nbmake sets $(MAKE)
configure:2197: result: yes
configure:2243: checking for a BSD-compatible install
configure:2311: result: /home/ky0ko/code/netbsd-gc/src/obj/tooldir.Linux-5.4.7-arch1-1-x86_64/bin/powerpc--netbsd-install -c -p -r
configure:2336: checking whether NLS is requested
configure:2345: result: no
configure:2383: checking for msgfmt
configure:2414: result: /usr/sbin/msgfmt
configure:2423: checking for gmsgfmt
configure:2454: result: /usr/sbin/msgfmt
configure:2494: checking for xgettext
configure:2525: result: /usr/sbin/xgettext
configure:2565: checking for msgmerge
configure:2595: result: /usr/sbin/msgmerge
configure:2638: checking for x86_64-pc-linux-gnu-gcc
configure:2665: result: cc
configure:2934: checking for C compiler version
configure:2943: cc --version >&5
cc (GCC) 9.2.0
Copyright (C) 2019 Free Software Foundation, Inc.
This is free software; see the source for copying conditions.  There is NO
warranty; not even for MERCHANTABILITY or FITNESS FOR A PARTICULAR PURPOSE.

configure:2954: $? = 0
configure:2943: cc -v >&5
Using built-in specs.
COLLECT_GCC=cc
COLLECT_LTO_WRAPPER=/usr/lib/gcc/x86_64-pc-linux-gnu/9.2.0/lto-wrapper
Target: x86_64-pc-linux-gnu
Configured with: /build/gcc/src/gcc/configure --prefix=/usr --libdir=/usr/lib --libexecdir=/usr/lib --mandir=/usr/share/man --infodir=/usr/share/info --with-bugurl=https://bugs.archlinux.org/ --enable-languages=c,c++,ada,fortran,go,lto,objc,obj-c++,d --enable-shared --enable-threads=posix --with-system-zlib --with-isl --enable-__cxa_atexit --disable-libunwind-exceptions --enable-clocale=gnu --disable-libstdcxx-pch --disable-libssp --enable-gnu-unique-object --enable-linker-build-id --enable-lto --enable-plugin --enable-install-libiberty --with-linker-hash-style=gnu --enable-gnu-indirect-function --enable-multilib --disable-werror --enable-checking=release --enable-default-pie --enable-default-ssp --enable-cet=auto gdc_include_dir=/usr/include/dlang/gdc
Thread model: posix
gcc version 9.2.0 (GCC) 
configure:2954: $? = 0
configure:2943: cc -V >&5
cc: error: unrecognized command line option '-V'
cc: fatal error: no input files
compilation terminated.
configure:2954: $? = 1
configure:2943: cc -qversion >&5
cc: error: unrecognized command line option '-qversion'; did you mean '--version'?
cc: fatal error: no input files
compilation terminated.
configure:2954: $? = 1
configure:2974: checking for C compiler default output file name
configure:2996: cc -O  -static-libstdc++ -static-libgcc  conftest.c  >&5
configure:3000: $? = 0
configure:3037: result: a.out
configure:3053: checking whether the C compiler works
configure:3062: ./a.out
configure:3066: $? = 0
configure:3081: result: yes
configure:3088: checking whether we are cross compiling
configure:3090: result: no
configure:3093: checking for suffix of executables
configure:3100: cc -o conftest -O  -static-libstdc++ -static-libgcc  conftest.c  >&5
configure:3104: $? = 0
configure:3126: result: 
configure:3132: checking for suffix of object files
configure:3154: cc -c -O  conftest.c >&5
configure:3158: $? = 0
configure:3179: result: o
configure:3183: checking whether we are using the GNU C compiler
configure:3202: cc -c -O  conftest.c >&5
configure:3202: $? = 0
configure:3211: result: yes
configure:3220: checking whether cc accepts -g
configure:3240: cc -c -g  conftest.c >&5
configure:3240: $? = 0
configure:3281: result: yes
configure:3298: checking for cc option to accept ISO C89
configure:3362: cc  -c -O  conftest.c >&5
configure:3362: $? = 0
configure:3375: result: none needed
configure:3399: checking build system type
configure:3413: result: x86_64-pc-linux-gnu
configure:3433: checking host system type
configure:3446: result: x86_64-pc-linux-gnu
configure:3469: checking for x86_64-pc-linux-gnu-ranlib
configure:3496: result: ranlib
configure:3559: checking for library containing strerror
configure:3590: cc -o conftest -O  -static-libstdc++ -static-libgcc  conftest.c  >&5
configure:3590: $? = 0
configure:3607: result: none required
configure:3620: checking how to run the C preprocessor
configure:3651: cc -E  conftest.c
configure:3651: $? = 0
configure:3665: cc -E  conftest.c
conftest.c:9:10: fatal error: ac_nonexistent.h: No such file or directory
    9 | #include <ac_nonexistent.h>
      |          ^~~~~~~~~~~~~~~~~~
compilation terminated.
configure:3665: $? = 1
configure: failed program was:
| /* confdefs.h */
| #define PACKAGE_NAME ""
| #define PACKAGE_TARNAME ""
| #define PACKAGE_VERSION ""
| #define PACKAGE_STRING ""
| #define PACKAGE_BUGREPORT ""
| #define PACKAGE_URL ""
| /* end confdefs.h.  */
| #include <ac_nonexistent.h>
configure:3690: result: cc -E
configure:3710: cc -E  conftest.c
configure:3710: $? = 0
configure:3724: cc -E  conftest.c
conftest.c:9:10: fatal error: ac_nonexistent.h: No such file or directory
    9 | #include <ac_nonexistent.h>
      |          ^~~~~~~~~~~~~~~~~~
compilation terminated.
configure:3724: $? = 1
configure: failed program was:
| /* confdefs.h */
| #define PACKAGE_NAME ""
| #define PACKAGE_TARNAME ""
| #define PACKAGE_VERSION ""
| #define PACKAGE_STRING ""
| #define PACKAGE_BUGREPORT ""
| #define PACKAGE_URL ""
| /* end confdefs.h.  */
| #include <ac_nonexistent.h>
configure:3753: checking for grep that handles long lines and -e
configure:3811: result: /usr/sbin/grep
configure:3816: checking for egrep
configure:3878: result: /usr/sbin/grep -E
configure:3883: checking for ANSI C header files
configure:3903: cc -c -O  conftest.c >&5
configure:3903: $? = 0
configure:3976: cc -o conftest -O  -static-libstdc++ -static-libgcc  conftest.c  >&5
configure:3976: $? = 0
configure:3976: ./conftest
configure:3976: $? = 0
configure:3987: result: yes
configure:3995: checking for an ANSI C-conforming const
configure:4060: cc -c -O  conftest.c >&5
configure:4060: $? = 0
configure:4067: result: yes
configure:4075: checking for inline
configure:4091: cc -c -O  conftest.c >&5
configure:4091: $? = 0
configure:4099: result: inline
configure:4122: checking for sys/types.h
configure:4122: cc -c -O  conftest.c >&5
configure:4122: $? = 0
configure:4122: result: yes
configure:4122: checking for sys/stat.h
configure:4122: cc -c -O  conftest.c >&5
configure:4122: $? = 0
configure:4122: result: yes
configure:4122: checking for stdlib.h
configure:4122: cc -c -O  conftest.c >&5
configure:4122: $? = 0
configure:4122: result: yes
configure:4122: checking for string.h
configure:4122: cc -c -O  conftest.c >&5
configure:4122: $? = 0
configure:4122: result: yes
configure:4122: checking for memory.h
configure:4122: cc -c -O  conftest.c >&5
configure:4122: $? = 0
configure:4122: result: yes
configure:4122: checking for strings.h
configure:4122: cc -c -O  conftest.c >&5
configure:4122: $? = 0
configure:4122: result: yes
configure:4122: checking for inttypes.h
configure:4122: cc -c -O  conftest.c >&5
configure:4122: $? = 0
configure:4122: result: yes
configure:4122: checking for stdint.h
configure:4122: cc -c -O  conftest.c >&5
configure:4122: $? = 0
configure:4122: result: yes
configure:4122: checking for unistd.h
configure:4122: cc -c -O  conftest.c >&5
configure:4122: $? = 0
configure:4122: result: yes
configure:4135: checking for off_t
configure:4135: cc -c -O  conftest.c >&5
configure:4135: $? = 0
configure:4135: cc -c -O  conftest.c >&5
conftest.c: In function 'main':
conftest.c:55:20: error: expected expression before ')' token
   55 | if (sizeof ((off_t)))
      |                    ^
configure:4135: $? = 1
configure: failed program was:
| /* confdefs.h */
| #define PACKAGE_NAME ""
| #define PACKAGE_TARNAME ""
| #define PACKAGE_VERSION ""
| #define PACKAGE_STRING ""
| #define PACKAGE_BUGREPORT ""
| #define PACKAGE_URL ""
| #define STDC_HEADERS 1
| #define HAVE_SYS_TYPES_H 1
| #define HAVE_SYS_STAT_H 1
| #define HAVE_STDLIB_H 1
| #define HAVE_STRING_H 1
| #define HAVE_MEMORY_H 1
| #define HAVE_STRINGS_H 1
| #define HAVE_INTTYPES_H 1
| #define HAVE_STDINT_H 1
| #define HAVE_UNISTD_H 1
| /* end confdefs.h.  */
| #include <stdio.h>
| #ifdef HAVE_SYS_TYPES_H
| # include <sys/types.h>
| #endif
| #ifdef HAVE_SYS_STAT_H
| # include <sys/stat.h>
| #endif
| #ifdef STDC_HEADERS
| # include <stdlib.h>
| # include <stddef.h>
| #else
| # ifdef HAVE_STDLIB_H
| #  include <stdlib.h>
| # endif
| #endif
| #ifdef HAVE_STRING_H
| # if !defined STDC_HEADERS && defined HAVE_MEMORY_H
| #  include <memory.h>
| # endif
| # include <string.h>
| #endif
| #ifdef HAVE_STRINGS_H
| # include <strings.h>
| #endif
| #ifdef HAVE_INTTYPES_H
| # include <inttypes.h>
| #endif
| #ifdef HAVE_STDINT_H
| # include <stdint.h>
| #endif
| #ifdef HAVE_UNISTD_H
| # include <unistd.h>
| #endif
| int
| main ()
| {
| if (sizeof ((off_t)))
| 	    return 0;
|   ;
|   return 0;
| }
configure:4135: result: yes
configure:4146: checking for size_t
configure:4146: cc -c -O  conftest.c >&5
configure:4146: $? = 0
configure:4146: cc -c -O  conftest.c >&5
conftest.c: In function 'main':
conftest.c:55:21: error: expected expression before ')' token
   55 | if (sizeof ((size_t)))
      |                     ^
configure:4146: $? = 1
configure: failed program was:
| /* confdefs.h */
| #define PACKAGE_NAME ""
| #define PACKAGE_TARNAME ""
| #define PACKAGE_VERSION ""
| #define PACKAGE_STRING ""
| #define PACKAGE_BUGREPORT ""
| #define PACKAGE_URL ""
| #define STDC_HEADERS 1
| #define HAVE_SYS_TYPES_H 1
| #define HAVE_SYS_STAT_H 1
| #define HAVE_STDLIB_H 1
| #define HAVE_STRING_H 1
| #define HAVE_MEMORY_H 1
| #define HAVE_STRINGS_H 1
| #define HAVE_INTTYPES_H 1
| #define HAVE_STDINT_H 1
| #define HAVE_UNISTD_H 1
| /* end confdefs.h.  */
| #include <stdio.h>
| #ifdef HAVE_SYS_TYPES_H
| # include <sys/types.h>
| #endif
| #ifdef HAVE_SYS_STAT_H
| # include <sys/stat.h>
| #endif
| #ifdef STDC_HEADERS
| # include <stdlib.h>
| # include <stddef.h>
| #else
| # ifdef HAVE_STDLIB_H
| #  include <stdlib.h>
| # endif
| #endif
| #ifdef HAVE_STRING_H
| # if !defined STDC_HEADERS && defined HAVE_MEMORY_H
| #  include <memory.h>
| # endif
| # include <string.h>
| #endif
| #ifdef HAVE_STRINGS_H
| # include <strings.h>
| #endif
| #ifdef HAVE_INTTYPES_H
| # include <inttypes.h>
| #endif
| #ifdef HAVE_STDINT_H
| # include <stdint.h>
| #endif
| #ifdef HAVE_UNISTD_H
| # include <unistd.h>
| #endif
| int
| main ()
| {
| if (sizeof ((size_t)))
| 	    return 0;
|   ;
|   return 0;
| }
configure:4146: result: yes
configure:4159: checking for working alloca.h
configure:4176: cc -o conftest -O  -static-libstdc++ -static-libgcc  conftest.c  >&5
configure:4176: $? = 0
configure:4184: result: yes
configure:4192: checking for alloca
configure:4229: cc -o conftest -O  -static-libstdc++ -static-libgcc  conftest.c  >&5
configure:4229: $? = 0
configure:4237: result: yes
configure:4350: checking for stdlib.h
configure:4350: result: yes
configure:4350: checking for unistd.h
configure:4350: result: yes
configure:4363: checking for getpagesize
configure:4363: cc -o conftest -O  -static-libstdc++ -static-libgcc  conftest.c  >&5
configure:4363: $? = 0
configure:4363: result: yes
configure:4372: checking for working mmap
configure:4509: cc -o conftest -O  -static-libstdc++ -static-libgcc  conftest.c  >&5
configure:4509: $? = 0
configure:4509: ./conftest
configure:4509: $? = 0
configure:4519: result: yes
configure:4529: checking whether we are using the GNU C Library 2.1 or newer
configure:4556: result: yes
configure:4564: checking whether integer division by zero raises SIGFPE
configure:4621: cc -o conftest -O  -static-libstdc++ -static-libgcc  conftest.c  >&5
conftest.c:43:5: warning: built-in function 'nan' declared as non-function [-Wbuiltin-declaration-mismatch]
   43 | int nan;
      |     ^~~
configure:4621: $? = 0
configure:4621: ./conftest
configure:4621: $? = 0
configure:4632: result: yes
configure:4645: checking for inttypes.h
configure:4662: cc -c -O  conftest.c >&5
configure:4662: $? = 0
configure:4669: result: yes
configure:4680: checking for stdint.h
configure:4697: cc -c -O  conftest.c >&5
configure:4697: $? = 0
configure:4704: result: yes
configure:4715: checking for unsigned long long
configure:4732: cc -o conftest -O  -static-libstdc++ -static-libgcc  conftest.c  >&5
configure:4732: $? = 0
configure:4740: result: yes
configure:4768: checking for inttypes.h
configure:4786: cc -c -O  conftest.c >&5
configure:4786: $? = 0
configure:4794: result: yes
configure:4807: checking whether the inttypes.h PRIxNN macros are broken
configure:4828: cc -c -O  conftest.c >&5
configure:4828: $? = 0
configure:4836: result: no
configure:4887: checking for ld used by GCC
configure:4950: result: ld
configure:4957: checking if the linker (ld) is GNU ld
GNU ld (GNU Binutils) 2.33.1
configure:4969: result: yes
configure:4975: checking for shared library run path origin
configure:4988: result: done
configure:5394: checking argz.h usability
configure:5394: cc -c -O  conftest.c >&5
configure:5394: $? = 0
configure:5394: result: yes
configure:5394: checking argz.h presence
configure:5394: cc -E  conftest.c
configure:5394: $? = 0
configure:5394: result: yes
configure:5394: checking for argz.h
configure:5394: result: yes
configure:5394: checking limits.h usability
configure:5394: cc -c -O  conftest.c >&5
configure:5394: $? = 0
configure:5394: result: yes
configure:5394: checking limits.h presence
configure:5394: cc -E  conftest.c
configure:5394: $? = 0
configure:5394: result: yes
configure:5394: checking for limits.h
configure:5394: result: yes
configure:5394: checking locale.h usability
configure:5394: cc -c -O  conftest.c >&5
configure:5394: $? = 0
configure:5394: result: yes
configure:5394: checking locale.h presence
configure:5394: cc -E  conftest.c
configure:5394: $? = 0
configure:5394: result: yes
configure:5394: checking for locale.h
configure:5394: result: yes
configure:5394: checking nl_types.h usability
configure:5394: cc -c -O  conftest.c >&5
configure:5394: $? = 0
configure:5394: result: yes
configure:5394: checking nl_types.h presence
configure:5394: cc -E  conftest.c
configure:5394: $? = 0
configure:5394: result: yes
configure:5394: checking for nl_types.h
configure:5394: result: yes
configure:5394: checking malloc.h usability
configure:5394: cc -c -O  conftest.c >&5
configure:5394: $? = 0
configure:5394: result: yes
configure:5394: checking malloc.h presence
configure:5394: cc -E  conftest.c
configure:5394: $? = 0
configure:5394: result: yes
configure:5394: checking for malloc.h
configure:5394: result: yes
configure:5394: checking stddef.h usability
configure:5394: cc -c -O  conftest.c >&5
configure:5394: $? = 0
configure:5394: result: yes
configure:5394: checking stddef.h presence
configure:5394: cc -E  conftest.c
configure:5394: $? = 0
configure:5394: result: yes
configure:5394: checking for stddef.h
configure:5394: result: yes
configure:5394: checking for stdlib.h
configure:5394: result: yes
configure:5394: checking for string.h
configure:5394: result: yes
configure:5394: checking for unistd.h
configure:5394: result: yes
configure:5394: checking sys/param.h usability
configure:5394: cc -c -O  conftest.c >&5
configure:5394: $? = 0
configure:5394: result: yes
configure:5394: checking sys/param.h presence
configure:5394: cc -E  conftest.c
configure:5394: $? = 0
configure:5394: result: yes
configure:5394: checking for sys/param.h
configure:5394: result: yes
configure:5411: checking for feof_unlocked
configure:5411: cc -o conftest -O  -static-libstdc++ -static-libgcc  conftest.c  >&5
configure:5411: $? = 0
configure:5411: result: yes
configure:5411: checking for fgets_unlocked
configure:5411: cc -o conftest -O  -static-libstdc++ -static-libgcc  conftest.c  >&5
configure:5411: $? = 0
configure:5411: result: yes
configure:5411: checking for getc_unlocked
configure:5411: cc -o conftest -O  -static-libstdc++ -static-libgcc  conftest.c  >&5
configure:5411: $? = 0
configure:5411: result: yes
configure:5411: checking for getcwd
configure:5411: cc -o conftest -O  -static-libstdc++ -static-libgcc  conftest.c  >&5
configure:5411: $? = 0
configure:5411: result: yes
configure:5411: checking for getegid
configure:5411: cc -o conftest -O  -static-libstdc++ -static-libgcc  conftest.c  >&5
configure:5411: $? = 0
configure:5411: result: yes
configure:5411: checking for geteuid
configure:5411: cc -o conftest -O  -static-libstdc++ -static-libgcc  conftest.c  >&5
configure:5411: $? = 0
configure:5411: result: yes
configure:5411: checking for getgid
configure:5411: cc -o conftest -O  -static-libstdc++ -static-libgcc  conftest.c  >&5
configure:5411: $? = 0
configure:5411: result: yes
configure:5411: checking for getuid
configure:5411: cc -o conftest -O  -static-libstdc++ -static-libgcc  conftest.c  >&5
configure:5411: $? = 0
configure:5411: result: yes
configure:5411: checking for mempcpy
configure:5411: cc -o conftest -O  -static-libstdc++ -static-libgcc  conftest.c  >&5
conftest.c:72:6: warning: conflicting types for built-in function 'mempcpy'; expected 'void *(void *, const void *, long unsigned int)' [-Wbuiltin-declaration-mismatch]
   72 | char mempcpy ();
      |      ^~~~~~~
configure:5411: $? = 0
configure:5411: result: yes
configure:5411: checking for munmap
configure:5411: cc -o conftest -O  -static-libstdc++ -static-libgcc  conftest.c  >&5
configure:5411: $? = 0
configure:5411: result: yes
configure:5411: checking for putenv
configure:5411: cc -o conftest -O  -static-libstdc++ -static-libgcc  conftest.c  >&5
configure:5411: $? = 0
configure:5411: result: yes
configure:5411: checking for setenv
configure:5411: cc -o conftest -O  -static-libstdc++ -static-libgcc  conftest.c  >&5
configure:5411: $? = 0
configure:5411: result: yes
configure:5411: checking for setlocale
configure:5411: cc -o conftest -O  -static-libstdc++ -static-libgcc  conftest.c  >&5
configure:5411: $? = 0
configure:5411: result: yes
configure:5411: checking for stpcpy
configure:5411: cc -o conftest -O  -static-libstdc++ -static-libgcc  conftest.c  >&5
conftest.c:77:6: warning: conflicting types for built-in function 'stpcpy'; expected 'char *(char *, const char *)' [-Wbuiltin-declaration-mismatch]
   77 | char stpcpy ();
      |      ^~~~~~
configure:5411: $? = 0
configure:5411: result: yes
configure:5411: checking for strcasecmp
configure:5411: cc -o conftest -O  -static-libstdc++ -static-libgcc  conftest.c  >&5
conftest.c:78:6: warning: conflicting types for built-in function 'strcasecmp'; expected 'int(const char *, const char *)' [-Wbuiltin-declaration-mismatch]
   78 | char strcasecmp ();
      |      ^~~~~~~~~~
configure:5411: $? = 0
configure:5411: result: yes
configure:5411: checking for strdup
configure:5411: cc -o conftest -O  -static-libstdc++ -static-libgcc  conftest.c  >&5
conftest.c:79:6: warning: conflicting types for built-in function 'strdup'; expected 'char *(const char *)' [-Wbuiltin-declaration-mismatch]
   79 | char strdup ();
      |      ^~~~~~
configure:5411: $? = 0
configure:5411: result: yes
configure:5411: checking for strtoul
configure:5411: cc -o conftest -O  -static-libstdc++ -static-libgcc  conftest.c  >&5
configure:5411: $? = 0
configure:5411: result: yes
configure:5411: checking for tsearch
configure:5411: cc -o conftest -O  -static-libstdc++ -static-libgcc  conftest.c  >&5
configure:5411: $? = 0
configure:5411: result: yes
configure:5411: checking for __argz_count
configure:5411: cc -o conftest -O  -static-libstdc++ -static-libgcc  conftest.c  >&5
configure:5411: $? = 0
configure:5411: result: yes
configure:5411: checking for __argz_stringify
configure:5411: cc -o conftest -O  -static-libstdc++ -static-libgcc  conftest.c  >&5
configure:5411: $? = 0
configure:5411: result: yes
configure:5411: checking for __argz_next
configure:5411: cc -o conftest -O  -static-libstdc++ -static-libgcc  conftest.c  >&5
configure:5411: $? = 0
configure:5411: result: yes
configure:5411: checking for __fsetlocking
configure:5411: cc -o conftest -O  -static-libstdc++ -static-libgcc  conftest.c  >&5
configure:5411: $? = 0
configure:5411: result: yes
configure:5427: checking for iconv
configure:5451: cc -o conftest -O   -static-libstdc++ -static-libgcc  conftest.c  >&5
configure:5451: $? = 0
configure:5525: result: yes
configure:5568: checking for iconv declaration
configure:5597: cc -c -O  conftest.c >&5
configure:5597: $? = 0
configure:5608: result: install-shextern size_t iconv (iconv_t cd, char * *inbuf, size_t *inbytesleft, char * *outbuf, size_t *outbytesleft);
configure:5619: checking for nl_langinfo and CODESET
configure:5635: cc -o conftest -O  -static-libstdc++ -static-libgcc  conftest.c  >&5
configure:5635: $? = 0
configure:5644: result: yes
configure:5654: checking for LC_MESSAGES
configure:5670: cc -o conftest -O  -static-libstdc++ -static-libgcc  conftest.c  >&5
configure:5670: $? = 0
configure:5678: result: yes
configure:5692: checking for bison
configure:5708: found /usr/sbin/bison
configure:5719: result: bison
configure:5733: checking version of bison
configure:5742: result: 3.5, ok
configure:5764: checking whether NLS is requested
configure:5773: result: no
configure:6331: checking whether to use NLS
configure:6333: result: no
configure:6461: checking for aclocal
configure:6477: found /usr/sbin/aclocal
configure:6488: result: aclocal
configure:6504: checking for autoconf
configure:6520: found /usr/sbin/autoconf
configure:6531: result: autoconf
configure:6547: checking for autoheader
configure:6563: found /usr/sbin/autoheader
configure:6574: result: autoheader
configure:6675: updating cache ./config.cache
configure:6712: creating ./config.status

## ---------------------- ##
## Running config.status. ##
## ---------------------- ##

This file was extended by config.status, which was
generated by GNU Autoconf 2.64.  Invocation command line was

  CONFIG_FILES    = 
  CONFIG_HEADERS  = 
  CONFIG_LINKS    = 
  CONFIG_COMMANDS = 
  $ ./config.status 

on kumori

config.status:908: creating Makefile
config.status:908: creating config.intl
config.status:908: creating config.h
config.status:1067: config.h is unchanged
config.status:1081: executing default-1 commands

## ---------------- ##
## Cache variables. ##
## ---------------- ##

ac_cv_build=x86_64-pc-linux-gnu
ac_cv_c_compiler_gnu=yes
ac_cv_c_const=yes
ac_cv_c_inline=inline
ac_cv_env_CC_set=set
ac_cv_env_CC_value=cc
ac_cv_env_CFLAGS_set=set
ac_cv_env_CFLAGS_value=-O
ac_cv_env_CPPFLAGS_set=set
ac_cv_env_CPPFLAGS_value=
ac_cv_env_CPP_set=
ac_cv_env_CPP_value=
ac_cv_env_LDFLAGS_set=set
ac_cv_env_LDFLAGS_value='-static-libstdc++ -static-libgcc '
ac_cv_env_LIBS_set=
ac_cv_env_LIBS_value=
ac_cv_env_build_alias_set=set
ac_cv_env_build_alias_value=x86_64-pc-linux-gnu
ac_cv_env_host_alias_set=set
ac_cv_env_host_alias_value=x86_64-pc-linux-gnu
ac_cv_env_target_alias_set=set
ac_cv_env_target_alias_value=powerpc--netbsd
ac_cv_func___argz_count=yes
ac_cv_func___argz_next=yes
ac_cv_func___argz_stringify=yes
ac_cv_func___fsetlocking=yes
ac_cv_func_alloca_works=yes
ac_cv_func_feof_unlocked=yes
ac_cv_func_fgets_unlocked=yes
ac_cv_func_getc_unlocked=yes
ac_cv_func_getcwd=yes
ac_cv_func_getegid=yes
ac_cv_func_geteuid=yes
ac_cv_func_getgid=yes
ac_cv_func_getpagesize=yes
ac_cv_func_getuid=yes
ac_cv_func_mempcpy=yes
ac_cv_func_mmap_fixed_mapped=yes
ac_cv_func_munmap=yes
ac_cv_func_putenv=yes
ac_cv_func_setenv=yes
ac_cv_func_setlocale=yes
ac_cv_func_stpcpy=yes
ac_cv_func_strcasecmp=yes
ac_cv_func_strdup=yes
ac_cv_func_strtoul=yes
ac_cv_func_tsearch=yes
ac_cv_gnu_library_2_1=yes
ac_cv_header_argz_h=yes
ac_cv_header_inttypes_h=yes
ac_cv_header_limits_h=yes
ac_cv_header_locale_h=yes
ac_cv_header_malloc_h=yes
ac_cv_header_memory_h=yes
ac_cv_header_nl_types_h=yes
ac_cv_header_stdc=yes
ac_cv_header_stddef_h=yes
ac_cv_header_stdint_h=yes
ac_cv_header_stdlib_h=yes
ac_cv_header_string_h=yes
ac_cv_header_strings_h=yes
ac_cv_header_sys_param_h=yes
ac_cv_header_sys_stat_h=yes
ac_cv_header_sys_types_h=yes
ac_cv_header_unistd_h=yes
ac_cv_host=x86_64-pc-linux-gnu
ac_cv_objext=o
ac_cv_path_EGREP='/usr/sbin/grep -E'
ac_cv_path_GMSGFMT=/usr/sbin/msgfmt
ac_cv_path_GREP=/usr/sbin/grep
ac_cv_path_MSGFMT=/usr/sbin/msgfmt
ac_cv_path_MSGMERGE=/usr/sbin/msgmerge
ac_cv_path_XGETTEXT=/usr/sbin/xgettext
ac_cv_path_mkdir='/home/ky0ko/code/netbsd-gc/src/obj/tooldir.Linux-5.4.7-arch1-1-x86_64/bin/powerpc--netbsd-install -d'
ac_cv_prog_ACLOCAL=aclocal
ac_cv_prog_AUTOCONF=autoconf
ac_cv_prog_AUTOHEADER=autoheader
ac_cv_prog_CC=cc
ac_cv_prog_CPP='cc -E'
ac_cv_prog_INTLBISON=bison
ac_cv_prog_RANLIB=ranlib
ac_cv_prog_cc_c89=
ac_cv_prog_cc_g=yes
ac_cv_prog_make__home_ky0ko_code_netbsd_gc_src_obj_tooldir_Linux_5_4_7_arch1_1_x86_64_bin_nbmake_set=yes
ac_cv_search_strerror='none required'
ac_cv_type_off_t=yes
ac_cv_type_size_t=yes
ac_cv_type_unsigned_long_long=yes
ac_cv_working_alloca_h=yes
acl_cv_hardcode_direct=no
acl_cv_hardcode_libdir_flag_spec='${wl}-rpath ${wl}$libdir'
acl_cv_hardcode_libdir_separator=
acl_cv_hardcode_minus_L=no
acl_cv_libext=a
acl_cv_path_LD=ld
acl_cv_prog_gnu_ld=yes
acl_cv_rpath=done
acl_cv_shlibext=so
acl_cv_wl=-Wl,
am_cv_func_iconv=yes
am_cv_langinfo_codeset=yes
am_cv_lib_iconv=no
am_cv_proto_iconv='extern size_t iconv (iconv_t cd, char * *inbuf, size_t *inbytesleft, char * *outbuf, size_t *outbytesleft);'
am_cv_proto_iconv_arg1=
am_cv_val_LC_MESSAGES=yes
gt_cv_header_inttypes_h=yes
gt_cv_int_divbyzero_sigfpe=yes
gt_cv_inttypes_pri_broken=no
jm_ac_cv_header_inttypes_h=yes
jm_ac_cv_header_stdint_h=yes
nls_cv_header_intl=
nls_cv_header_libgt=

## ----------------- ##
## Output variables. ##
## ----------------- ##

ACLOCAL='aclocal'
ALLOCA=''
AUTOCONF='autoconf'
AUTOHEADER='autoheader'
BUILD_INCLUDED_LIBINTL='no'
CATOBJEXT=''
CC='cc'
CFLAGS='-O'
CPP='cc -E'
CPPFLAGS=''
DATADIRNAME='share'
DEFS='-DHAVE_CONFIG_H'
ECHO_C=''
ECHO_N='-n'
ECHO_T=''
EGREP='/usr/sbin/grep -E'
EXEEXT=''
GENCAT='gencat'
GLIBC21='yes'
GMSGFMT='/usr/sbin/msgfmt'
GREP='/usr/sbin/grep'
INCINTL=''
INSTALL_DATA='${INSTALL} -m 644'
INSTALL_PROGRAM='${INSTALL}'
INSTALL_SCRIPT='${INSTALL}'
INSTOBJEXT='.mo'
INTLBISON='bison'
INTLLIBS=''
INTLOBJS=''
INTL_LIBTOOL_SUFFIX_PREFIX=''
LDFLAGS='-static-libstdc++ -static-libgcc '
LIBICONV=''
LIBINTL=''
LIBINTL_DEP=''
LIBOBJS=''
LIBS=''
LTLIBICONV=''
LTLIBINTL=''
LTLIBOBJS=''
MAINT='#'
MKINSTALLDIRS='/home/ky0ko/code/netbsd-gc/src/tools/binutils/../../external/gpl3/binutils.old/dist/intl/../mkinstalldirs'
MSGFMT='/usr/sbin/msgfmt'
MSGMERGE='/usr/sbin/msgmerge'
OBJEXT='o'
PACKAGE_BUGREPORT=''
PACKAGE_NAME=''
PACKAGE_STRING=''
PACKAGE_TARNAME=''
PACKAGE_URL=''
PACKAGE_VERSION=''
PATH_SEPARATOR=':'
POSUB=''
RANLIB='ranlib'
SET_MAKE=''
SHELL='/usr/sbin/sh'
USE_INCLUDED_LIBINTL='no'
USE_NLS='no'
XGETTEXT='/usr/sbin/xgettext'
ac_ct_CC=''
bindir='${exec_prefix}/bin'
build='x86_64-pc-linux-gnu'
build_alias='x86_64-pc-linux-gnu'
build_cpu='x86_64'
build_os='linux-gnu'
build_vendor='pc'
datadir='${datarootdir}'
datarootdir='${prefix}/share'
docdir='${datarootdir}/doc/${PACKAGE}'
dvidir='${docdir}'
exec_prefix='${prefix}'
host='x86_64-pc-linux-gnu'
host_alias='x86_64-pc-linux-gnu'
host_cpu='x86_64'
host_os='linux-gnu'
host_vendor='pc'
htmldir='${docdir}'
includedir='${prefix}/include'
infodir='${datarootdir}/info'
libdir='${exec_prefix}/lib'
libexecdir='${exec_prefix}/libexec'
localedir='${datarootdir}/locale'
localstatedir='${prefix}/var'
mandir='${datarootdir}/man'
oldincludedir='/usr/include'
pdfdir='${docdir}'
prefix='/home/ky0ko/code/netbsd-gc/src/obj/tooldir.Linux-5.4.7-arch1-1-x86_64'
program_transform_name='s,^,powerpc--netbsd-,'
psdir='${docdir}'
sbindir='${exec_prefix}/sbin'
sharedstatedir='${prefix}/com'
sysconfdir='${prefix}/etc'
target_alias='powerpc--netbsd'

## ----------- ##
## confdefs.h. ##
## ----------- ##

/* confdefs.h */
#define PACKAGE_NAME ""
#define PACKAGE_TARNAME ""
#define PACKAGE_VERSION ""
#define PACKAGE_STRING ""
#define PACKAGE_BUGREPORT ""
#define PACKAGE_URL ""
#define STDC_HEADERS 1
#define HAVE_SYS_TYPES_H 1
#define HAVE_SYS_STAT_H 1
#define HAVE_STDLIB_H 1
#define HAVE_STRING_H 1
#define HAVE_MEMORY_H 1
#define HAVE_STRINGS_H 1
#define HAVE_INTTYPES_H 1
#define HAVE_STDINT_H 1
#define HAVE_UNISTD_H 1
#define HAVE_ALLOCA_H 1
#define HAVE_ALLOCA 1
#define HAVE_STDLIB_H 1
#define HAVE_UNISTD_H 1
#define HAVE_GETPAGESIZE 1
#define HAVE_MMAP 1
#define INTDIV0_RAISES_SIGFPE 1
#define HAVE_INTTYPES_H_WITH_UINTMAX 1
#define HAVE_STDINT_H_WITH_UINTMAX 1
#define HAVE_UNSIGNED_LONG_LONG 1
#define HAVE_UINTMAX_T 1
#define HAVE_INTTYPES_H 1
#define HAVE_ARGZ_H 1
#define HAVE_LIMITS_H 1
#define HAVE_LOCALE_H 1
#define HAVE_NL_TYPES_H 1
#define HAVE_MALLOC_H 1
#define HAVE_STDDEF_H 1
#define HAVE_STDLIB_H 1
#define HAVE_STRING_H 1
#define HAVE_UNISTD_H 1
#define HAVE_SYS_PARAM_H 1
#define HAVE_FEOF_UNLOCKED 1
#define HAVE_FGETS_UNLOCKED 1
#define HAVE_GETC_UNLOCKED 1
#define HAVE_GETCWD 1
#define HAVE_GETEGID 1
#define HAVE_GETEUID 1
#define HAVE_GETGID 1
#define HAVE_GETUID 1
#define HAVE_MEMPCPY 1
#define HAVE_MUNMAP 1
#define HAVE_PUTENV 1
#define HAVE_SETENV 1
#define HAVE_SETLOCALE 1
#define HAVE_STPCPY 1
#define HAVE_STRCASECMP 1
#define HAVE_STRDUP 1
#define HAVE_STRTOUL 1
#define HAVE_TSEARCH 1
#define HAVE___ARGZ_COUNT 1
#define HAVE___ARGZ_STRINGIFY 1
#define HAVE___ARGZ_NEXT 1
#define HAVE___FSETLOCKING 1
#define HAVE_ICONV 1
#define ICONV_CONST 
#define HAVE_LANGINFO_CODESET 1
#define HAVE_LC_MESSAGES 1
#define IN_LIBINTL 1
#define IN_LIBRARY 1
#define DEPENDS_ON_LIBICONV 1
#define ENABLE_RELOCATABLE 1
#define NO_XMALLOC 1
#define set_relocation_prefix libintl_set_relocation_prefix
#define relocate libintl_relocate

configure: exit 0
