This file contains any messages produced by compilers while
running configure, to aid debugging if configure makes a mistake.

It was created by package-unused configure version-unused, which was
generated by GNU Autoconf 2.64.  Invocation command line was

  $ /home/ky0ko/code/netbsd-gc/src/external/gpl3/gcc.old/dist/libbacktrace/configure --srcdir=/home/ky0ko/code/netbsd-gc/src/tools/gcc/../../external/gpl3/gcc.old/dist/libbacktrace --cache-file=./config.cache --with-system-zlib --enable-long-long --enable-threads --with-bugurl=http://www.NetBSD.org/Misc/send-pr.html --with-pkgversion=NetBSD nb3 20180905 --with-system-zlib --disable-libstdcxx-dual-abi --enable-__cxa_atexit --enable-libstdcxx-time=rt --enable-libstdcxx-threads --with-diagnostics-color=auto-if-env --with-sysroot=/home/ky0ko/code/netbsd-gc/src/obj/destdir.gcwii --with-mpc=/home/ky0ko/code/netbsd-gc/src/obj/tooldir.Linux-5.4.7-arch1-1-x86_64 --with-mpfr=/home/ky0ko/code/netbsd-gc/src/obj/tooldir.Linux-5.4.7-arch1-1-x86_64 --with-gmp=/home/ky0ko/code/netbsd-gc/src/obj/tooldir.Linux-5.4.7-arch1-1-x86_64 --disable-nls --disable-multilib --enable-languages=c c++ objc --prefix=/home/ky0ko/code/netbsd-gc/src/obj/tooldir.Linux-5.4.7-arch1-1-x86_64 --enable-languages=c,c++,lto,objc --program-transform-name=s,^,powerpc--netbsd-, --disable-option-checking --build=x86_64-pc-linux-gnu --host=x86_64-pc-linux-gnu --target=powerpc--netbsd

## --------- ##
## Platform. ##
## --------- ##

hostname = kumori
uname -m = x86_64
uname -r = 5.4.7-arch1-1
uname -s = Linux
uname -v = #1 SMP PREEMPT Tue, 31 Dec 2019 17:20:16 +0000

/usr/bin/uname -p = unknown
/bin/uname -X     = unknown

/bin/arch              = unknown
/usr/bin/arch -k       = unknown
/usr/convex/getsysinfo = unknown
/usr/bin/hostinfo      = unknown
/bin/machine           = unknown
/usr/bin/oslevel       = unknown
/bin/universe          = unknown

PATH: /home/ky0ko/code/netbsd-gc/src/obj/tooldir.Linux-5.4.7-arch1-1-x86_64/bin
PATH: /bedrock/cross/pin/bin
PATH: /bedrock/bin
PATH: /usr/local/sbin
PATH: /usr/local/bin
PATH: /opt/sbin
PATH: /opt/bin
PATH: /usr/sbin
PATH: /usr/bin
PATH: /sbin
PATH: /bin
PATH: /bedrock/cross/bin


## ----------- ##
## Core tests. ##
## ----------- ##

configure:2373: creating cache ./config.cache
configure:2520: checking build system type
configure:2534: result: x86_64-pc-linux-gnu
configure:2554: checking host system type
configure:2567: result: x86_64-pc-linux-gnu
configure:2587: checking target system type
configure:2600: result: powerpc--netbsd
configure:2637: checking for x86_64-pc-linux-gnu-gcc
configure:2664: result: cc
configure:2933: checking for C compiler version
configure:2942: cc --version >&5
cc (GCC) 9.2.0
Copyright (C) 2019 Free Software Foundation, Inc.
This is free software; see the source for copying conditions.  There is NO
warranty; not even for MERCHANTABILITY or FITNESS FOR A PARTICULAR PURPOSE.

configure:2953: $? = 0
configure:2942: cc -v >&5
Using built-in specs.
COLLECT_GCC=cc
COLLECT_LTO_WRAPPER=/usr/lib/gcc/x86_64-pc-linux-gnu/9.2.0/lto-wrapper
Target: x86_64-pc-linux-gnu
Configured with: /build/gcc/src/gcc/configure --prefix=/usr --libdir=/usr/lib --libexecdir=/usr/lib --mandir=/usr/share/man --infodir=/usr/share/info --with-bugurl=https://bugs.archlinux.org/ --enable-languages=c,c++,ada,fortran,go,lto,objc,obj-c++,d --enable-shared --enable-threads=posix --with-system-zlib --with-isl --enable-__cxa_atexit --disable-libunwind-exceptions --enable-clocale=gnu --disable-libstdcxx-pch --disable-libssp --enable-gnu-unique-object --enable-linker-build-id --enable-lto --enable-plugin --enable-install-libiberty --with-linker-hash-style=gnu --enable-gnu-indirect-function --enable-multilib --disable-werror --enable-checking=release --enable-default-pie --enable-default-ssp --enable-cet=auto gdc_include_dir=/usr/include/dlang/gdc
Thread model: posix
gcc version 9.2.0 (GCC) 
configure:2953: $? = 0
configure:2942: cc -V >&5
cc: error: unrecognized command line option '-V'
cc: fatal error: no input files
compilation terminated.
configure:2953: $? = 1
configure:2942: cc -qversion >&5
cc: error: unrecognized command line option '-qversion'; did you mean '--version'?
cc: fatal error: no input files
compilation terminated.
configure:2953: $? = 1
configure:2973: checking for C compiler default output file name
configure:2995: cc -O -DNETBSD_TOOLS -DTARGET_SYSTEM_ROOT=0  -DTARGET_SYSTEM_ROOT_RELOCATABLE -static-libstdc++ -static-libgcc  conftest.c  >&5
configure:2999: $? = 0
configure:3036: result: a.out
configure:3052: checking whether the C compiler works
configure:3061: ./a.out
configure:3065: $? = 0
configure:3080: result: yes
configure:3087: checking whether we are cross compiling
configure:3089: result: no
configure:3092: checking for suffix of executables
configure:3099: cc -o conftest -O -DNETBSD_TOOLS -DTARGET_SYSTEM_ROOT=0  -DTARGET_SYSTEM_ROOT_RELOCATABLE -static-libstdc++ -static-libgcc  conftest.c  >&5
configure:3103: $? = 0
configure:3125: result: 
configure:3131: checking for suffix of object files
configure:3153: cc -c -O -DNETBSD_TOOLS -DTARGET_SYSTEM_ROOT=0  -DTARGET_SYSTEM_ROOT_RELOCATABLE conftest.c >&5
configure:3157: $? = 0
configure:3178: result: o
configure:3182: checking whether we are using the GNU C compiler
configure:3201: cc -c -O -DNETBSD_TOOLS -DTARGET_SYSTEM_ROOT=0  -DTARGET_SYSTEM_ROOT_RELOCATABLE conftest.c >&5
configure:3201: $? = 0
configure:3210: result: yes
configure:3219: checking whether cc accepts -g
configure:3239: cc -c -g -DNETBSD_TOOLS -DTARGET_SYSTEM_ROOT=0  -DTARGET_SYSTEM_ROOT_RELOCATABLE conftest.c >&5
configure:3239: $? = 0
configure:3280: result: yes
configure:3297: checking for cc option to accept ISO C89
configure:3361: cc  -c -O -DNETBSD_TOOLS -DTARGET_SYSTEM_ROOT=0  -DTARGET_SYSTEM_ROOT_RELOCATABLE conftest.c >&5
configure:3361: $? = 0
configure:3374: result: none needed
configure:3400: checking how to run the C preprocessor
configure:3431: cc -E -DNETBSD_TOOLS -DTARGET_SYSTEM_ROOT=0  -DTARGET_SYSTEM_ROOT_RELOCATABLE conftest.c
configure:3431: $? = 0
configure:3445: cc -E -DNETBSD_TOOLS -DTARGET_SYSTEM_ROOT=0  -DTARGET_SYSTEM_ROOT_RELOCATABLE conftest.c
conftest.c:9:10: fatal error: ac_nonexistent.h: No such file or directory
    9 | #include <ac_nonexistent.h>
      |          ^~~~~~~~~~~~~~~~~~
compilation terminated.
configure:3445: $? = 1
configure: failed program was:
| /* confdefs.h */
| #define PACKAGE_NAME "package-unused"
| #define PACKAGE_TARNAME "libbacktrace"
| #define PACKAGE_VERSION "version-unused"
| #define PACKAGE_STRING "package-unused version-unused"
| #define PACKAGE_BUGREPORT ""
| #define PACKAGE_URL ""
| /* end confdefs.h.  */
| #include <ac_nonexistent.h>
configure:3470: result: cc -E
configure:3490: cc -E -DNETBSD_TOOLS -DTARGET_SYSTEM_ROOT=0  -DTARGET_SYSTEM_ROOT_RELOCATABLE conftest.c
configure:3490: $? = 0
configure:3504: cc -E -DNETBSD_TOOLS -DTARGET_SYSTEM_ROOT=0  -DTARGET_SYSTEM_ROOT_RELOCATABLE conftest.c
conftest.c:9:10: fatal error: ac_nonexistent.h: No such file or directory
    9 | #include <ac_nonexistent.h>
      |          ^~~~~~~~~~~~~~~~~~
compilation terminated.
configure:3504: $? = 1
configure: failed program was:
| /* confdefs.h */
| #define PACKAGE_NAME "package-unused"
| #define PACKAGE_TARNAME "libbacktrace"
| #define PACKAGE_VERSION "version-unused"
| #define PACKAGE_STRING "package-unused version-unused"
| #define PACKAGE_BUGREPORT ""
| #define PACKAGE_URL ""
| /* end confdefs.h.  */
| #include <ac_nonexistent.h>
configure:3533: checking for grep that handles long lines and -e
configure:3591: result: /usr/sbin/grep
configure:3596: checking for egrep
configure:3658: result: /usr/sbin/grep -E
configure:3663: checking for ANSI C header files
configure:3683: cc -c -O -DNETBSD_TOOLS -DTARGET_SYSTEM_ROOT=0  -DTARGET_SYSTEM_ROOT_RELOCATABLE conftest.c >&5
configure:3683: $? = 0
configure:3756: cc -o conftest -O -DNETBSD_TOOLS -DTARGET_SYSTEM_ROOT=0  -DTARGET_SYSTEM_ROOT_RELOCATABLE -static-libstdc++ -static-libgcc  conftest.c  >&5
configure:3756: $? = 0
configure:3756: ./conftest
configure:3756: $? = 0
configure:3767: result: yes
configure:3780: checking for sys/types.h
configure:3780: cc -c -O -DNETBSD_TOOLS -DTARGET_SYSTEM_ROOT=0  -DTARGET_SYSTEM_ROOT_RELOCATABLE conftest.c >&5
configure:3780: $? = 0
configure:3780: result: yes
configure:3780: checking for sys/stat.h
configure:3780: cc -c -O -DNETBSD_TOOLS -DTARGET_SYSTEM_ROOT=0  -DTARGET_SYSTEM_ROOT_RELOCATABLE conftest.c >&5
configure:3780: $? = 0
configure:3780: result: yes
configure:3780: checking for stdlib.h
configure:3780: cc -c -O -DNETBSD_TOOLS -DTARGET_SYSTEM_ROOT=0  -DTARGET_SYSTEM_ROOT_RELOCATABLE conftest.c >&5
configure:3780: $? = 0
configure:3780: result: yes
configure:3780: checking for string.h
configure:3780: cc -c -O -DNETBSD_TOOLS -DTARGET_SYSTEM_ROOT=0  -DTARGET_SYSTEM_ROOT_RELOCATABLE conftest.c >&5
configure:3780: $? = 0
configure:3780: result: yes
configure:3780: checking for memory.h
configure:3780: cc -c -O -DNETBSD_TOOLS -DTARGET_SYSTEM_ROOT=0  -DTARGET_SYSTEM_ROOT_RELOCATABLE conftest.c >&5
configure:3780: $? = 0
configure:3780: result: yes
configure:3780: checking for strings.h
configure:3780: cc -c -O -DNETBSD_TOOLS -DTARGET_SYSTEM_ROOT=0  -DTARGET_SYSTEM_ROOT_RELOCATABLE conftest.c >&5
configure:3780: $? = 0
configure:3780: result: yes
configure:3780: checking for inttypes.h
configure:3780: cc -c -O -DNETBSD_TOOLS -DTARGET_SYSTEM_ROOT=0  -DTARGET_SYSTEM_ROOT_RELOCATABLE conftest.c >&5
configure:3780: $? = 0
configure:3780: result: yes
configure:3780: checking for stdint.h
configure:3780: cc -c -O -DNETBSD_TOOLS -DTARGET_SYSTEM_ROOT=0  -DTARGET_SYSTEM_ROOT_RELOCATABLE conftest.c >&5
configure:3780: $? = 0
configure:3780: result: yes
configure:3780: checking for unistd.h
configure:3780: cc -c -O -DNETBSD_TOOLS -DTARGET_SYSTEM_ROOT=0  -DTARGET_SYSTEM_ROOT_RELOCATABLE conftest.c >&5
configure:3780: $? = 0
configure:3780: result: yes
configure:3794: checking minix/config.h usability
configure:3794: cc -c -O -DNETBSD_TOOLS -DTARGET_SYSTEM_ROOT=0  -DTARGET_SYSTEM_ROOT_RELOCATABLE conftest.c >&5
conftest.c:52:10: fatal error: minix/config.h: No such file or directory
   52 | #include <minix/config.h>
      |          ^~~~~~~~~~~~~~~~
compilation terminated.
configure:3794: $? = 1
configure: failed program was:
| /* confdefs.h */
| #define PACKAGE_NAME "package-unused"
| #define PACKAGE_TARNAME "libbacktrace"
| #define PACKAGE_VERSION "version-unused"
| #define PACKAGE_STRING "package-unused version-unused"
| #define PACKAGE_BUGREPORT ""
| #define PACKAGE_URL ""
| #define STDC_HEADERS 1
| #define HAVE_SYS_TYPES_H 1
| #define HAVE_SYS_STAT_H 1
| #define HAVE_STDLIB_H 1
| #define HAVE_STRING_H 1
| #define HAVE_MEMORY_H 1
| #define HAVE_STRINGS_H 1
| #define HAVE_INTTYPES_H 1
| #define HAVE_STDINT_H 1
| #define HAVE_UNISTD_H 1
| /* end confdefs.h.  */
| #include <stdio.h>
| #ifdef HAVE_SYS_TYPES_H
| # include <sys/types.h>
| #endif
| #ifdef HAVE_SYS_STAT_H
| # include <sys/stat.h>
| #endif
| #ifdef STDC_HEADERS
| # include <stdlib.h>
| # include <stddef.h>
| #else
| # ifdef HAVE_STDLIB_H
| #  include <stdlib.h>
| # endif
| #endif
| #ifdef HAVE_STRING_H
| # if !defined STDC_HEADERS && defined HAVE_MEMORY_H
| #  include <memory.h>
| # endif
| # include <string.h>
| #endif
| #ifdef HAVE_STRINGS_H
| # include <strings.h>
| #endif
| #ifdef HAVE_INTTYPES_H
| # include <inttypes.h>
| #endif
| #ifdef HAVE_STDINT_H
| # include <stdint.h>
| #endif
| #ifdef HAVE_UNISTD_H
| # include <unistd.h>
| #endif
| #include <minix/config.h>
configure:3794: result: no
configure:3794: checking minix/config.h presence
configure:3794: cc -E -DNETBSD_TOOLS -DTARGET_SYSTEM_ROOT=0  -DTARGET_SYSTEM_ROOT_RELOCATABLE conftest.c
conftest.c:19:10: fatal error: minix/config.h: No such file or directory
   19 | #include <minix/config.h>
      |          ^~~~~~~~~~~~~~~~
compilation terminated.
configure:3794: $? = 1
configure: failed program was:
| /* confdefs.h */
| #define PACKAGE_NAME "package-unused"
| #define PACKAGE_TARNAME "libbacktrace"
| #define PACKAGE_VERSION "version-unused"
| #define PACKAGE_STRING "package-unused version-unused"
| #define PACKAGE_BUGREPORT ""
| #define PACKAGE_URL ""
| #define STDC_HEADERS 1
| #define HAVE_SYS_TYPES_H 1
| #define HAVE_SYS_STAT_H 1
| #define HAVE_STDLIB_H 1
| #define HAVE_STRING_H 1
| #define HAVE_MEMORY_H 1
| #define HAVE_STRINGS_H 1
| #define HAVE_INTTYPES_H 1
| #define HAVE_STDINT_H 1
| #define HAVE_UNISTD_H 1
| /* end confdefs.h.  */
| #include <minix/config.h>
configure:3794: result: no
configure:3794: checking for minix/config.h
configure:3794: result: no
configure:3815: checking whether it is safe to define __EXTENSIONS__
configure:3833: cc -c -O -DNETBSD_TOOLS -DTARGET_SYSTEM_ROOT=0  -DTARGET_SYSTEM_ROOT_RELOCATABLE conftest.c >&5
configure:3833: $? = 0
configure:3840: result: yes
configure:3883: checking for a BSD-compatible install
configure:3951: result: /home/ky0ko/code/netbsd-gc/src/obj/tooldir.Linux-5.4.7-arch1-1-x86_64/bin/powerpc--netbsd-install -c -p -r
configure:3962: checking whether build environment is sane
configure:4012: result: yes
configure:4153: checking for a thread-safe mkdir -p
configure:4192: result: /usr/sbin/mkdir -p
configure:4205: checking for gawk
configure:4232: result: /home/ky0ko/code/netbsd-gc/src/obj/tooldir.Linux-5.4.7-arch1-1-x86_64/bin/nbawk
configure:4243: checking whether /home/ky0ko/code/netbsd-gc/src/obj/tooldir.Linux-5.4.7-arch1-1-x86_64/bin/nbgmake sets $(MAKE)
configure:4265: result: yes
configure:4338: checking whether to enable maintainer-specific portions of Makefiles
configure:4347: result: no
configure:4381: checking for x86_64-pc-linux-gnu-gcc
configure:4408: result: cc
configure:4677: checking for C compiler version
configure:4686: cc --version >&5
cc (GCC) 9.2.0
Copyright (C) 2019 Free Software Foundation, Inc.
This is free software; see the source for copying conditions.  There is NO
warranty; not even for MERCHANTABILITY or FITNESS FOR A PARTICULAR PURPOSE.

configure:4697: $? = 0
configure:4686: cc -v >&5
Using built-in specs.
COLLECT_GCC=cc
COLLECT_LTO_WRAPPER=/usr/lib/gcc/x86_64-pc-linux-gnu/9.2.0/lto-wrapper
Target: x86_64-pc-linux-gnu
Configured with: /build/gcc/src/gcc/configure --prefix=/usr --libdir=/usr/lib --libexecdir=/usr/lib --mandir=/usr/share/man --infodir=/usr/share/info --with-bugurl=https://bugs.archlinux.org/ --enable-languages=c,c++,ada,fortran,go,lto,objc,obj-c++,d --enable-shared --enable-threads=posix --with-system-zlib --with-isl --enable-__cxa_atexit --disable-libunwind-exceptions --enable-clocale=gnu --disable-libstdcxx-pch --disable-libssp --enable-gnu-unique-object --enable-linker-build-id --enable-lto --enable-plugin --enable-install-libiberty --with-linker-hash-style=gnu --enable-gnu-indirect-function --enable-multilib --disable-werror --enable-checking=release --enable-default-pie --enable-default-ssp --enable-cet=auto gdc_include_dir=/usr/include/dlang/gdc
Thread model: posix
gcc version 9.2.0 (GCC) 
configure:4697: $? = 0
configure:4686: cc -V >&5
cc: error: unrecognized command line option '-V'
cc: fatal error: no input files
compilation terminated.
configure:4697: $? = 1
configure:4686: cc -qversion >&5
cc: error: unrecognized command line option '-qversion'; did you mean '--version'?
cc: fatal error: no input files
compilation terminated.
configure:4697: $? = 1
configure:4701: checking whether we are using the GNU C compiler
configure:4729: result: yes
configure:4738: checking whether cc accepts -g
configure:4799: result: yes
configure:4816: checking for cc option to accept ISO C89
configure:4893: result: none needed
configure:4920: checking for x86_64-pc-linux-gnu-ranlib
configure:4947: result: ranlib
configure:5014: checking for gawk
configure:5041: result: /home/ky0ko/code/netbsd-gc/src/obj/tooldir.Linux-5.4.7-arch1-1-x86_64/bin/nbawk
configure:5102: checking how to print strings
configure:5129: result: printf
configure:5150: checking for a sed that does not truncate output
configure:5214: result: /usr/sbin/sed
configure:5232: checking for fgrep
configure:5294: result: /usr/sbin/grep -F
configure:5329: checking for ld used by cc
configure:5396: result: ld
configure:5403: checking if the linker (ld) is GNU ld
configure:5418: result: yes
configure:5430: checking for BSD- or MS-compatible name lister (nm)
configure:5479: result: nm
configure:5609: checking the name lister (nm) interface
configure:5616: cc -c -O -DNETBSD_TOOLS -DTARGET_SYSTEM_ROOT=0  -DTARGET_SYSTEM_ROOT_RELOCATABLE conftest.c >&5
configure:5619: nm "conftest.o"
configure:5622: output
0000000000000000 B some_variable
configure:5623: result: BSD nm
configure:5626: checking whether ln -s works
configure:5630: result: yes
configure:5638: checking the maximum length of command line arguments
configure:5763: result: 3458764513820540925
configure:5780: checking whether the shell understands some XSI constructs
configure:5789: result: yes
configure:5793: checking whether the shell understands "+="
configure:5797: result: yes
configure:5832: checking for ld option to reload object files
configure:5839: result: -r
configure:5868: checking for x86_64-pc-linux-gnu-objdump
configure:5895: result: objdump
configure:5967: checking how to recognize dependent libraries
configure:6168: result: pass_all
configure:6188: checking for x86_64-pc-linux-gnu-ar
configure:6215: result: ar
configure:6293: checking for x86_64-pc-linux-gnu-strip
configure:6323: result: no
configure:6333: checking for strip
configure:6349: found /usr/sbin/strip
configure:6360: result: strip
configure:6392: checking for x86_64-pc-linux-gnu-ranlib
configure:6419: result: ranlib
configure:6561: checking command to parse nm output from cc object
configure:6679: cc -c -O -DNETBSD_TOOLS -DTARGET_SYSTEM_ROOT=0  -DTARGET_SYSTEM_ROOT_RELOCATABLE conftest.c >&5
configure:6682: $? = 0
configure:6686: nm conftest.o \| sed -n -e 's/^.*[ ]\([ABCDGIRSTW][ABCDGIRSTW]*\)[ ][ ]*\([_A-Za-z][_A-Za-z0-9]*\)$/\1 \2 \2/p' \> conftest.nm
configure:6689: $? = 0
configure:6743: cc -o conftest -O -DNETBSD_TOOLS -DTARGET_SYSTEM_ROOT=0  -DTARGET_SYSTEM_ROOT_RELOCATABLE -static-libstdc++ -static-libgcc  conftest.c conftstm.o >&5
configure:6746: $? = 0
configure:6784: result: ok
configure:6879: cc -c -O -DNETBSD_TOOLS -DTARGET_SYSTEM_ROOT=0  -DTARGET_SYSTEM_ROOT_RELOCATABLE conftest.c >&5
configure:6882: $? = 0
configure:7632: checking for dlfcn.h
configure:7632: cc -c -O -DNETBSD_TOOLS -DTARGET_SYSTEM_ROOT=0  -DTARGET_SYSTEM_ROOT_RELOCATABLE conftest.c >&5
configure:7632: $? = 0
configure:7632: result: yes
configure:7819: checking for objdir
configure:7834: result: .libs
configure:8105: checking if cc supports -fno-rtti -fno-exceptions
configure:8123: cc -c -O -DNETBSD_TOOLS -DTARGET_SYSTEM_ROOT=0  -DTARGET_SYSTEM_ROOT_RELOCATABLE -fno-rtti -fno-exceptions conftest.c >&5
cc1: warning: command line option '-fno-rtti' is valid for C++/D/ObjC++ but not for C
configure:8127: $? = 0
configure:8140: result: no
configure:8160: checking for cc option to produce PIC
configure:8446: result: -fPIC -DPIC
configure:8458: checking if cc PIC flag -fPIC -DPIC works
configure:8476: cc -c -O -DNETBSD_TOOLS -DTARGET_SYSTEM_ROOT=0  -DTARGET_SYSTEM_ROOT_RELOCATABLE -fPIC -DPIC -DPIC conftest.c >&5
configure:8480: $? = 0
configure:8493: result: yes
configure:8517: checking if cc static flag -static works
configure:8545: result: yes
configure:8560: checking if cc supports -c -o file.o
configure:8581: cc -c -O -DNETBSD_TOOLS -DTARGET_SYSTEM_ROOT=0  -DTARGET_SYSTEM_ROOT_RELOCATABLE -o out/conftest2.o conftest.c >&5
configure:8585: $? = 0
configure:8607: result: yes
configure:8615: checking if cc supports -c -o file.o
configure:8662: result: yes
configure:8695: checking whether the cc linker (ld -m elf_x86_64) supports shared libraries
configure:9766: result: yes
configure:9803: checking whether -lc should be explicitly linked in
configure:9811: cc -c -O -DNETBSD_TOOLS -DTARGET_SYSTEM_ROOT=0  -DTARGET_SYSTEM_ROOT_RELOCATABLE conftest.c >&5
configure:9814: $? = 0
configure:9829: cc -shared  -fPIC -DPIC conftest.o  -v -Wl,-soname -Wl,conftest -o conftest 2\>\&1 \| /usr/sbin/grep  -lc  \>/dev/null 2\>\&1
configure:9832: $? = 0
configure:9846: result: no
configure:10011: checking dynamic linker characteristics
configure:10462: cc -o conftest -O -DNETBSD_TOOLS -DTARGET_SYSTEM_ROOT=0  -DTARGET_SYSTEM_ROOT_RELOCATABLE -static-libstdc++ -static-libgcc  -Wl,-rpath -Wl,/foo conftest.c  >&5
configure:10462: $? = 0
configure:10684: result: GNU/Linux ld.so
configure:10791: checking how to hardcode library paths into programs
configure:10816: result: immediate
configure:11356: checking whether stripping libraries is possible
configure:11361: result: yes
configure:11396: checking if libtool supports shared libraries
configure:11398: result: yes
configure:11401: checking whether to build shared libraries
configure:11422: result: yes
configure:11425: checking whether to build static libraries
configure:11429: result: yes
configure:8620: checking unwind.h usability
configure:8620: cc -c -O -DNETBSD_TOOLS -DTARGET_SYSTEM_ROOT=0  -DTARGET_SYSTEM_ROOT_RELOCATABLE conftest.c >&5
configure:8620: $? = 0
configure:8620: result: yes
configure:8620: checking unwind.h presence
configure:8620: cc -E -DNETBSD_TOOLS -DTARGET_SYSTEM_ROOT=0  -DTARGET_SYSTEM_ROOT_RELOCATABLE conftest.c
configure:8620: $? = 0
configure:8620: result: yes
configure:8620: checking for unwind.h
configure:8620: result: yes
configure:8622: checking for _Unwind_Backtrace
configure:8622: cc -o conftest -O -DNETBSD_TOOLS -DTARGET_SYSTEM_ROOT=0  -DTARGET_SYSTEM_ROOT_RELOCATABLE -static-libstdc++ -static-libgcc  conftest.c  >&5
configure:8622: $? = 0
configure:8622: result: yes
configure:8643: checking for -funwind-tables option
configure:8661: cc -c -O -funwind-tables -DNETBSD_TOOLS -DTARGET_SYSTEM_ROOT=0  -DTARGET_SYSTEM_ROOT_RELOCATABLE conftest.c >&5
configure:8661: $? = 0
configure:8669: result: yes
configure:8674: checking for -frandom-seed=string option
configure:8692: cc -c -O -frandom-seed=conftest.lo -DNETBSD_TOOLS -DTARGET_SYSTEM_ROOT=0  -DTARGET_SYSTEM_ROOT_RELOCATABLE conftest.c >&5
configure:8692: $? = 0
configure:8700: result: yes
configure:8727: checking whether cc supports -W
configure:8744: cc -c -W -DNETBSD_TOOLS -DTARGET_SYSTEM_ROOT=0  -DTARGET_SYSTEM_ROOT_RELOCATABLE conftest.c >&5
configure:8744: $? = 0
configure:8753: result: yes
configure:8727: checking whether cc supports -Wall
configure:8744: cc -c -Wall -DNETBSD_TOOLS -DTARGET_SYSTEM_ROOT=0  -DTARGET_SYSTEM_ROOT_RELOCATABLE conftest.c >&5
configure:8744: $? = 0
configure:8753: result: yes
configure:8727: checking whether cc supports -Wwrite-strings
configure:8744: cc -c -Wwrite-strings -DNETBSD_TOOLS -DTARGET_SYSTEM_ROOT=0  -DTARGET_SYSTEM_ROOT_RELOCATABLE conftest.c >&5
configure:8744: $? = 0
configure:8753: result: yes
configure:8727: checking whether cc supports -Wstrict-prototypes
configure:8744: cc -c -Wstrict-prototypes -DNETBSD_TOOLS -DTARGET_SYSTEM_ROOT=0  -DTARGET_SYSTEM_ROOT_RELOCATABLE conftest.c >&5
conftest.c:28:1: warning: function declaration isn't a prototype [-Wstrict-prototypes]
   28 | main ()
      | ^~~~
configure:8744: $? = 0
configure:8753: result: yes
configure:8727: checking whether cc supports -Wmissing-prototypes
configure:8744: cc -c -Wmissing-prototypes -DNETBSD_TOOLS -DTARGET_SYSTEM_ROOT=0  -DTARGET_SYSTEM_ROOT_RELOCATABLE conftest.c >&5
configure:8744: $? = 0
configure:8753: result: yes
configure:8727: checking whether cc supports -Wold-style-definition
configure:8744: cc -c -Wold-style-definition -DNETBSD_TOOLS -DTARGET_SYSTEM_ROOT=0  -DTARGET_SYSTEM_ROOT_RELOCATABLE conftest.c >&5
conftest.c: In function 'main':
conftest.c:28:1: warning: old-style function definition [-Wold-style-definition]
   28 | main ()
      | ^~~~
configure:8744: $? = 0
configure:8753: result: yes
configure:8727: checking whether cc supports -Wmissing-format-attribute
configure:8744: cc -c -Wmissing-format-attribute -DNETBSD_TOOLS -DTARGET_SYSTEM_ROOT=0  -DTARGET_SYSTEM_ROOT_RELOCATABLE conftest.c >&5
configure:8744: $? = 0
configure:8753: result: yes
configure:8727: checking whether cc supports -Wcast-qual
configure:8744: cc -c -Wcast-qual -DNETBSD_TOOLS -DTARGET_SYSTEM_ROOT=0  -DTARGET_SYSTEM_ROOT_RELOCATABLE conftest.c >&5
configure:8744: $? = 0
configure:8753: result: yes
configure:8814: checking for _Unwind_GetIPInfo
configure:8829: cc -o conftest -O -Werror-implicit-function-declaration -DNETBSD_TOOLS -DTARGET_SYSTEM_ROOT=0  -DTARGET_SYSTEM_ROOT_RELOCATABLE -static-libstdc++ -static-libgcc  conftest.c  >&5
configure:8829: $? = 0
configure:8837: result: yes
configure:8857: checking __sync extensions
configure:8881: cc -o conftest -O -DNETBSD_TOOLS -DTARGET_SYSTEM_ROOT=0  -DTARGET_SYSTEM_ROOT_RELOCATABLE -static-libstdc++ -static-libgcc  conftest.c  >&5
configure:8881: $? = 0
configure:8890: result: yes
configure:8902: checking __atomic extensions
configure:8922: cc -o conftest -O -DNETBSD_TOOLS -DTARGET_SYSTEM_ROOT=0  -DTARGET_SYSTEM_ROOT_RELOCATABLE -static-libstdc++ -static-libgcc  conftest.c  >&5
configure:8922: $? = 0
configure:8931: result: yes
configure:8942: checking output filetype
configure:8959: cc -c -O -DNETBSD_TOOLS -DTARGET_SYSTEM_ROOT=0  -DTARGET_SYSTEM_ROOT_RELOCATABLE conftest.c >&5
configure:8959: $? = 0
configure:8970: result: elf64
configure:9027: checking for uintmax_t
configure:9027: cc -c -O -DNETBSD_TOOLS -DTARGET_SYSTEM_ROOT=0  -DTARGET_SYSTEM_ROOT_RELOCATABLE conftest.c >&5
configure:9027: $? = 0
configure:9027: cc -c -O -DNETBSD_TOOLS -DTARGET_SYSTEM_ROOT=0  -DTARGET_SYSTEM_ROOT_RELOCATABLE conftest.c >&5
conftest.c: In function 'main':
conftest.c:36:24: error: expected expression before ')' token
   36 | if (sizeof ((uintmax_t)))
      |                        ^
configure:9027: $? = 1
configure: failed program was:
| /* confdefs.h */
| #define PACKAGE_NAME "package-unused"
| #define PACKAGE_TARNAME "libbacktrace"
| #define PACKAGE_VERSION "version-unused"
| #define PACKAGE_STRING "package-unused version-unused"
| #define PACKAGE_BUGREPORT ""
| #define PACKAGE_URL ""
| #define STDC_HEADERS 1
| #define HAVE_SYS_TYPES_H 1
| #define HAVE_SYS_STAT_H 1
| #define HAVE_STDLIB_H 1
| #define HAVE_STRING_H 1
| #define HAVE_MEMORY_H 1
| #define HAVE_STRINGS_H 1
| #define HAVE_INTTYPES_H 1
| #define HAVE_STDINT_H 1
| #define HAVE_UNISTD_H 1
| #define __EXTENSIONS__ 1
| #define _ALL_SOURCE 1
| #define _GNU_SOURCE 1
| #define _POSIX_PTHREAD_SEMANTICS 1
| #define _TANDEM_SOURCE 1
| #define HAVE_DLFCN_H 1
| #define LT_OBJDIR ".libs/"
| #define HAVE_GETIPINFO 1
| #define HAVE_SYNC_FUNCTIONS 1
| #define HAVE_ATOMIC_FUNCTIONS 1
| #define BACKTRACE_ELF_SIZE 64
| /* end confdefs.h.  */
| #include <sys/types.h>
| #include <stdint.h>
| 
| int
| main ()
| {
| if (sizeof ((uintmax_t)))
| 	    return 0;
|   ;
|   return 0;
| }
configure:9027: result: yes
configure:9036: checking for uintptr_t
configure:9036: cc -c -O -DNETBSD_TOOLS -DTARGET_SYSTEM_ROOT=0  -DTARGET_SYSTEM_ROOT_RELOCATABLE conftest.c >&5
configure:9036: $? = 0
configure:9036: cc -c -O -DNETBSD_TOOLS -DTARGET_SYSTEM_ROOT=0  -DTARGET_SYSTEM_ROOT_RELOCATABLE conftest.c >&5
conftest.c: In function 'main':
conftest.c:36:24: error: expected expression before ')' token
   36 | if (sizeof ((uintptr_t)))
      |                        ^
configure:9036: $? = 1
configure: failed program was:
| /* confdefs.h */
| #define PACKAGE_NAME "package-unused"
| #define PACKAGE_TARNAME "libbacktrace"
| #define PACKAGE_VERSION "version-unused"
| #define PACKAGE_STRING "package-unused version-unused"
| #define PACKAGE_BUGREPORT ""
| #define PACKAGE_URL ""
| #define STDC_HEADERS 1
| #define HAVE_SYS_TYPES_H 1
| #define HAVE_SYS_STAT_H 1
| #define HAVE_STDLIB_H 1
| #define HAVE_STRING_H 1
| #define HAVE_MEMORY_H 1
| #define HAVE_STRINGS_H 1
| #define HAVE_INTTYPES_H 1
| #define HAVE_STDINT_H 1
| #define HAVE_UNISTD_H 1
| #define __EXTENSIONS__ 1
| #define _ALL_SOURCE 1
| #define _GNU_SOURCE 1
| #define _POSIX_PTHREAD_SEMANTICS 1
| #define _TANDEM_SOURCE 1
| #define HAVE_DLFCN_H 1
| #define LT_OBJDIR ".libs/"
| #define HAVE_GETIPINFO 1
| #define HAVE_SYNC_FUNCTIONS 1
| #define HAVE_ATOMIC_FUNCTIONS 1
| #define BACKTRACE_ELF_SIZE 64
| /* end confdefs.h.  */
| #include <sys/types.h>
| #include <stdint.h>
| 
| int
| main ()
| {
| if (sizeof ((uintptr_t)))
| 	    return 0;
|   ;
|   return 0;
| }
configure:9036: result: yes
configure:9045: checking for int_least32_t
configure:9045: cc -c -O -DNETBSD_TOOLS -DTARGET_SYSTEM_ROOT=0  -DTARGET_SYSTEM_ROOT_RELOCATABLE conftest.c >&5
configure:9045: $? = 0
configure:9045: cc -c -O -DNETBSD_TOOLS -DTARGET_SYSTEM_ROOT=0  -DTARGET_SYSTEM_ROOT_RELOCATABLE conftest.c >&5
conftest.c: In function 'main':
conftest.c:36:28: error: expected expression before ')' token
   36 | if (sizeof ((int_least32_t)))
      |                            ^
configure:9045: $? = 1
configure: failed program was:
| /* confdefs.h */
| #define PACKAGE_NAME "package-unused"
| #define PACKAGE_TARNAME "libbacktrace"
| #define PACKAGE_VERSION "version-unused"
| #define PACKAGE_STRING "package-unused version-unused"
| #define PACKAGE_BUGREPORT ""
| #define PACKAGE_URL ""
| #define STDC_HEADERS 1
| #define HAVE_SYS_TYPES_H 1
| #define HAVE_SYS_STAT_H 1
| #define HAVE_STDLIB_H 1
| #define HAVE_STRING_H 1
| #define HAVE_MEMORY_H 1
| #define HAVE_STRINGS_H 1
| #define HAVE_INTTYPES_H 1
| #define HAVE_STDINT_H 1
| #define HAVE_UNISTD_H 1
| #define __EXTENSIONS__ 1
| #define _ALL_SOURCE 1
| #define _GNU_SOURCE 1
| #define _POSIX_PTHREAD_SEMANTICS 1
| #define _TANDEM_SOURCE 1
| #define HAVE_DLFCN_H 1
| #define LT_OBJDIR ".libs/"
| #define HAVE_GETIPINFO 1
| #define HAVE_SYNC_FUNCTIONS 1
| #define HAVE_ATOMIC_FUNCTIONS 1
| #define BACKTRACE_ELF_SIZE 64
| /* end confdefs.h.  */
| #include <sys/types.h>
| #include <stdint.h>
| 
| int
| main ()
| {
| if (sizeof ((int_least32_t)))
| 	    return 0;
|   ;
|   return 0;
| }
configure:9045: result: yes
configure:9054: checking for int_fast32_t
configure:9054: cc -c -O -DNETBSD_TOOLS -DTARGET_SYSTEM_ROOT=0  -DTARGET_SYSTEM_ROOT_RELOCATABLE conftest.c >&5
configure:9054: $? = 0
configure:9054: cc -c -O -DNETBSD_TOOLS -DTARGET_SYSTEM_ROOT=0  -DTARGET_SYSTEM_ROOT_RELOCATABLE conftest.c >&5
conftest.c: In function 'main':
conftest.c:36:27: error: expected expression before ')' token
   36 | if (sizeof ((int_fast32_t)))
      |                           ^
configure:9054: $? = 1
configure: failed program was:
| /* confdefs.h */
| #define PACKAGE_NAME "package-unused"
| #define PACKAGE_TARNAME "libbacktrace"
| #define PACKAGE_VERSION "version-unused"
| #define PACKAGE_STRING "package-unused version-unused"
| #define PACKAGE_BUGREPORT ""
| #define PACKAGE_URL ""
| #define STDC_HEADERS 1
| #define HAVE_SYS_TYPES_H 1
| #define HAVE_SYS_STAT_H 1
| #define HAVE_STDLIB_H 1
| #define HAVE_STRING_H 1
| #define HAVE_MEMORY_H 1
| #define HAVE_STRINGS_H 1
| #define HAVE_INTTYPES_H 1
| #define HAVE_STDINT_H 1
| #define HAVE_UNISTD_H 1
| #define __EXTENSIONS__ 1
| #define _ALL_SOURCE 1
| #define _GNU_SOURCE 1
| #define _POSIX_PTHREAD_SEMANTICS 1
| #define _TANDEM_SOURCE 1
| #define HAVE_DLFCN_H 1
| #define LT_OBJDIR ".libs/"
| #define HAVE_GETIPINFO 1
| #define HAVE_SYNC_FUNCTIONS 1
| #define HAVE_ATOMIC_FUNCTIONS 1
| #define BACKTRACE_ELF_SIZE 64
| /* end confdefs.h.  */
| #include <sys/types.h>
| #include <stdint.h>
| 
| int
| main ()
| {
| if (sizeof ((int_fast32_t)))
| 	    return 0;
|   ;
|   return 0;
| }
configure:9054: result: yes
configure:9063: checking for uint64_t
configure:9063: cc -c -O -DNETBSD_TOOLS -DTARGET_SYSTEM_ROOT=0  -DTARGET_SYSTEM_ROOT_RELOCATABLE conftest.c >&5
configure:9063: $? = 0
configure:9063: cc -c -O -DNETBSD_TOOLS -DTARGET_SYSTEM_ROOT=0  -DTARGET_SYSTEM_ROOT_RELOCATABLE conftest.c >&5
conftest.c: In function 'main':
conftest.c:36:23: error: expected expression before ')' token
   36 | if (sizeof ((uint64_t)))
      |                       ^
configure:9063: $? = 1
configure: failed program was:
| /* confdefs.h */
| #define PACKAGE_NAME "package-unused"
| #define PACKAGE_TARNAME "libbacktrace"
| #define PACKAGE_VERSION "version-unused"
| #define PACKAGE_STRING "package-unused version-unused"
| #define PACKAGE_BUGREPORT ""
| #define PACKAGE_URL ""
| #define STDC_HEADERS 1
| #define HAVE_SYS_TYPES_H 1
| #define HAVE_SYS_STAT_H 1
| #define HAVE_STDLIB_H 1
| #define HAVE_STRING_H 1
| #define HAVE_MEMORY_H 1
| #define HAVE_STRINGS_H 1
| #define HAVE_INTTYPES_H 1
| #define HAVE_STDINT_H 1
| #define HAVE_UNISTD_H 1
| #define __EXTENSIONS__ 1
| #define _ALL_SOURCE 1
| #define _GNU_SOURCE 1
| #define _POSIX_PTHREAD_SEMANTICS 1
| #define _TANDEM_SOURCE 1
| #define HAVE_DLFCN_H 1
| #define LT_OBJDIR ".libs/"
| #define HAVE_GETIPINFO 1
| #define HAVE_SYNC_FUNCTIONS 1
| #define HAVE_ATOMIC_FUNCTIONS 1
| #define BACKTRACE_ELF_SIZE 64
| /* end confdefs.h.  */
| #include <sys/types.h>
| #include <stdint.h>
| 
| int
| main ()
| {
| if (sizeof ((uint64_t)))
| 	    return 0;
|   ;
|   return 0;
| }
configure:9063: result: yes
configure:9144: checking what to include in gstdint.h
configure:9172: result: stdint.h (already complete)
configure:9423: checking sys/mman.h usability
configure:9423: cc -c -O -DNETBSD_TOOLS -DTARGET_SYSTEM_ROOT=0  -DTARGET_SYSTEM_ROOT_RELOCATABLE conftest.c >&5
configure:9423: $? = 0
configure:9423: result: yes
configure:9423: checking sys/mman.h presence
configure:9423: cc -E -DNETBSD_TOOLS -DTARGET_SYSTEM_ROOT=0  -DTARGET_SYSTEM_ROOT_RELOCATABLE conftest.c
configure:9423: $? = 0
configure:9423: result: yes
configure:9423: checking for sys/mman.h
configure:9423: result: yes
configure:9448: checking for mmap
configure:9448: cc -o conftest -O -DNETBSD_TOOLS -DTARGET_SYSTEM_ROOT=0  -DTARGET_SYSTEM_ROOT_RELOCATABLE -static-libstdc++ -static-libgcc  conftest.c  >&5
configure:9448: $? = 0
configure:9448: result: yes
configure:9471: cc -E -DNETBSD_TOOLS -DTARGET_SYSTEM_ROOT=0  -DTARGET_SYSTEM_ROOT_RELOCATABLE conftest.c
configure:9471: $? = 0
configure:9490: checking link.h usability
configure:9490: cc -c -O -DNETBSD_TOOLS -DTARGET_SYSTEM_ROOT=0  -DTARGET_SYSTEM_ROOT_RELOCATABLE conftest.c >&5
configure:9490: $? = 0
configure:9490: result: yes
configure:9490: checking link.h presence
configure:9490: cc -E -DNETBSD_TOOLS -DTARGET_SYSTEM_ROOT=0  -DTARGET_SYSTEM_ROOT_RELOCATABLE conftest.c
configure:9490: $? = 0
configure:9490: result: yes
configure:9490: checking for link.h
configure:9490: result: yes
configure:9525: checking for dl_iterate_phdr
configure:9525: cc -o conftest -O -DNETBSD_TOOLS -DTARGET_SYSTEM_ROOT=0  -DTARGET_SYSTEM_ROOT_RELOCATABLE -static-libstdc++ -static-libgcc  conftest.c  >&5
configure:9525: $? = 0
configure:9525: result: yes
configure:9548: checking for fcntl
configure:9548: cc -o conftest -O -DNETBSD_TOOLS -DTARGET_SYSTEM_ROOT=0  -DTARGET_SYSTEM_ROOT_RELOCATABLE -static-libstdc++ -static-libgcc  conftest.c  >&5
configure:9548: $? = 0
configure:9548: result: yes
configure:9562: checking whether strnlen is declared
configure:9562: cc -c -O -DNETBSD_TOOLS -DTARGET_SYSTEM_ROOT=0  -DTARGET_SYSTEM_ROOT_RELOCATABLE conftest.c >&5
configure:9562: $? = 0
configure:9562: result: yes
configure:9581: checking for getexecname
configure:9581: cc -o conftest -O -DNETBSD_TOOLS -DTARGET_SYSTEM_ROOT=0  -DTARGET_SYSTEM_ROOT_RELOCATABLE -static-libstdc++ -static-libgcc  conftest.c  >&5
/usr/sbin/ld: /tmp/ccRwUqhG.o: in function `main':
conftest.c:(.text+0xa): undefined reference to `getexecname'
collect2: error: ld returned 1 exit status
configure:9581: $? = 1
configure: failed program was:
| /* confdefs.h */
| #define PACKAGE_NAME "package-unused"
| #define PACKAGE_TARNAME "libbacktrace"
| #define PACKAGE_VERSION "version-unused"
| #define PACKAGE_STRING "package-unused version-unused"
| #define PACKAGE_BUGREPORT ""
| #define PACKAGE_URL ""
| #define STDC_HEADERS 1
| #define HAVE_SYS_TYPES_H 1
| #define HAVE_SYS_STAT_H 1
| #define HAVE_STDLIB_H 1
| #define HAVE_STRING_H 1
| #define HAVE_MEMORY_H 1
| #define HAVE_STRINGS_H 1
| #define HAVE_INTTYPES_H 1
| #define HAVE_STDINT_H 1
| #define HAVE_UNISTD_H 1
| #define __EXTENSIONS__ 1
| #define _ALL_SOURCE 1
| #define _GNU_SOURCE 1
| #define _POSIX_PTHREAD_SEMANTICS 1
| #define _TANDEM_SOURCE 1
| #define HAVE_DLFCN_H 1
| #define LT_OBJDIR ".libs/"
| #define HAVE_GETIPINFO 1
| #define HAVE_SYNC_FUNCTIONS 1
| #define HAVE_ATOMIC_FUNCTIONS 1
| #define BACKTRACE_ELF_SIZE 64
| #define HAVE_SYS_MMAN_H 1
| #define HAVE_LINK_H 1
| #define HAVE_DL_ITERATE_PHDR 1
| #define HAVE_FCNTL 1
| #define HAVE_DECL_STRNLEN 1
| /* end confdefs.h.  */
| /* Define getexecname to an innocuous variant, in case <limits.h> declares getexecname.
|    For example, HP-UX 11i <limits.h> declares gettimeofday.  */
| #define getexecname innocuous_getexecname
| 
| /* System header to define __stub macros and hopefully few prototypes,
|     which can conflict with char getexecname (); below.
|     Prefer <limits.h> to <assert.h> if __STDC__ is defined, since
|     <limits.h> exists even on freestanding compilers.  */
| 
| #ifdef __STDC__
| # include <limits.h>
| #else
| # include <assert.h>
| #endif
| 
| #undef getexecname
| 
| /* Override any GCC internal prototype to avoid an error.
|    Use char because int might match the return type of a GCC
|    builtin and then its argument prototype would still apply.  */
| #ifdef __cplusplus
| extern "C"
| #endif
| char getexecname ();
| /* The GNU C library defines this for functions which it implements
|     to always fail with ENOSYS.  Some functions are actually named
|     something starting with __ and the normal name is an alias.  */
| #if defined __stub_getexecname || defined __stub___getexecname
| choke me
| #endif
| 
| int
| main ()
| {
| return getexecname ();
|   ;
|   return 0;
| }
configure:9581: result: no
configure:9595: checking whether tests can run
configure:9614: cc -o conftest -O -DNETBSD_TOOLS -DTARGET_SYSTEM_ROOT=0  -DTARGET_SYSTEM_ROOT_RELOCATABLE -static-libstdc++ -static-libgcc  conftest.c  >&5
configure:9614: $? = 0
configure:9614: ./conftest
configure:9614: $? = 0
configure:9624: result: yes
configure:9705: updating cache ./config.cache
configure:9758: creating ./config.status

## ---------------------- ##
## Running config.status. ##
## ---------------------- ##

This file was extended by package-unused config.status version-unused, which was
generated by GNU Autoconf 2.64.  Invocation command line was

  CONFIG_FILES    = 
  CONFIG_HEADERS  = 
  CONFIG_LINKS    = 
  CONFIG_COMMANDS = 
  $ ./config.status 

on kumori

config.status:1121: creating Makefile
config.status:1121: creating backtrace-supported.h
config.status:1121: creating config.h
config.status:1286: config.h is unchanged
config.status:1334: executing libtool commands
config.status:1334: executing gstdint.h commands
config.status:1334: executing default commands

## ---------------- ##
## Cache variables. ##
## ---------------- ##

ac_cv_build=x86_64-pc-linux-gnu
ac_cv_c_compiler_gnu=yes
ac_cv_env_CC_set=set
ac_cv_env_CC_value=cc
ac_cv_env_CFLAGS_set=set
ac_cv_env_CFLAGS_value=-O
ac_cv_env_CPPFLAGS_set=set
ac_cv_env_CPPFLAGS_value='-DNETBSD_TOOLS -DTARGET_SYSTEM_ROOT=0  -DTARGET_SYSTEM_ROOT_RELOCATABLE'
ac_cv_env_CPP_set=
ac_cv_env_CPP_value=
ac_cv_env_LDFLAGS_set=set
ac_cv_env_LDFLAGS_value='-static-libstdc++ -static-libgcc '
ac_cv_env_LIBS_set=
ac_cv_env_LIBS_value=
ac_cv_env_build_alias_set=set
ac_cv_env_build_alias_value=x86_64-pc-linux-gnu
ac_cv_env_host_alias_set=set
ac_cv_env_host_alias_value=x86_64-pc-linux-gnu
ac_cv_env_target_alias_set=set
ac_cv_env_target_alias_value=powerpc--netbsd
ac_cv_func__Unwind_Backtrace=yes
ac_cv_func_dl_iterate_phdr=yes
ac_cv_func_fcntl=yes
ac_cv_func_getexecname=no
ac_cv_func_mmap=yes
ac_cv_have_decl_strnlen=yes
ac_cv_header_dlfcn_h=yes
ac_cv_header_inttypes_h=yes
ac_cv_header_link_h=yes
ac_cv_header_memory_h=yes
ac_cv_header_minix_config_h=no
ac_cv_header_stdc=yes
ac_cv_header_stdint_h=yes
ac_cv_header_stdlib_h=yes
ac_cv_header_string_h=yes
ac_cv_header_strings_h=yes
ac_cv_header_sys_mman_h=yes
ac_cv_header_sys_stat_h=yes
ac_cv_header_sys_types_h=yes
ac_cv_header_unistd_h=yes
ac_cv_header_unwind_h=yes
ac_cv_host=x86_64-pc-linux-gnu
ac_cv_objext=o
ac_cv_path_EGREP='/usr/sbin/grep -E'
ac_cv_path_FGREP='/usr/sbin/grep -F'
ac_cv_path_GREP=/usr/sbin/grep
ac_cv_path_SED=/usr/sbin/sed
ac_cv_path_mkdir=/usr/sbin/mkdir
ac_cv_prog_AR=ar
ac_cv_prog_AWK=/home/ky0ko/code/netbsd-gc/src/obj/tooldir.Linux-5.4.7-arch1-1-x86_64/bin/nbawk
ac_cv_prog_CC=cc
ac_cv_prog_CPP='cc -E'
ac_cv_prog_OBJDUMP=objdump
ac_cv_prog_RANLIB=ranlib
ac_cv_prog_ac_ct_STRIP=strip
ac_cv_prog_cc_c89=
ac_cv_prog_cc_g=yes
ac_cv_prog_make__home_ky0ko_code_netbsd_gc_src_obj_tooldir_Linux_5_4_7_arch1_1_x86_64_bin_nbgmake_set=yes
ac_cv_safe_to_define___extensions__=yes
ac_cv_target=powerpc--netbsd
ac_cv_type_int_fast32_t=yes
ac_cv_type_int_least32_t=yes
ac_cv_type_u_int64_t=no
ac_cv_type_uint64_t=yes
ac_cv_type_uintmax_t=yes
ac_cv_type_uintptr_t=yes
acx_cv_header_stdint=stdint.h
acx_cv_header_stdint_kind='(already complete)'
acx_cv_prog_cc_warning__W=yes
acx_cv_prog_cc_warning__Wall=yes
acx_cv_prog_cc_warning__Wcast_qual=yes
acx_cv_prog_cc_warning__Wmissing_format_attribute=yes
acx_cv_prog_cc_warning__Wmissing_prototypes=yes
acx_cv_prog_cc_warning__Wold_style_definition=yes
acx_cv_prog_cc_warning__Wstrict_prototypes=yes
acx_cv_prog_cc_warning__Wwrite_strings=yes
gcc_cv_as_sparc_gotdata_op=no
gcc_cv_libc_provides_ssp=yes
libbacktrace_cv_c_random_seed_string=yes
libbacktrace_cv_c_unwind_tables=yes
libbacktrace_cv_sys_atomic=yes
libbacktrace_cv_sys_filetype=elf64
libbacktrace_cv_sys_native=yes
libbacktrace_cv_sys_sync=yes
lt_cv_archive_cmds_need_lc=no
lt_cv_deplibs_check_method=pass_all
lt_cv_file_magic_cmd='$MAGIC_CMD'
lt_cv_file_magic_test_file=
lt_cv_ld_reload_flag=-r
lt_cv_nm_interface='BSD nm'
lt_cv_objdir=.libs
lt_cv_path_LD=ld
lt_cv_path_NM=nm
lt_cv_prog_compiler_c_o=yes
lt_cv_prog_compiler_pic_works=yes
lt_cv_prog_compiler_rtti_exceptions=no
lt_cv_prog_compiler_static_works=yes
lt_cv_prog_gnu_ld=yes
lt_cv_shlibpath_overrides_runpath=no
lt_cv_sys_global_symbol_pipe='sed -n -e '\''s/^.*[	 ]\([ABCDGIRSTW][ABCDGIRSTW]*\)[	 ][	 ]*\([_A-Za-z][_A-Za-z0-9]*\)$/\1 \2 \2/p'\'''
lt_cv_sys_global_symbol_to_c_name_address='sed -n -e '\''s/^: \([^ ]*\) $/  {\"\1\", (void *) 0},/p'\'' -e '\''s/^[ABCDGIRSTW]* \([^ ]*\) \([^ ]*\)$/  {"\2", (void *) \&\2},/p'\'''
lt_cv_sys_global_symbol_to_c_name_address_lib_prefix='sed -n -e '\''s/^: \([^ ]*\) $/  {\"\1\", (void *) 0},/p'\'' -e '\''s/^[ABCDGIRSTW]* \([^ ]*\) \(lib[^ ]*\)$/  {"\2", (void *) \&\2},/p'\'' -e '\''s/^[ABCDGIRSTW]* \([^ ]*\) \([^ ]*\)$/  {"lib\2", (void *) \&\2},/p'\'''
lt_cv_sys_global_symbol_to_cdecl='sed -n -e '\''s/^T .* \(.*\)$/extern int \1();/p'\'' -e '\''s/^[ABCDGIRSTW]* .* \(.*\)$/extern char \1;/p'\'''
lt_cv_sys_max_cmd_len=3458764513820540925

## ----------------- ##
## Output variables. ##
## ----------------- ##

ACLOCAL='${SHELL} /home/ky0ko/code/netbsd-gc/src/external/gpl3/gcc.old/dist/missing --run aclocal-1.11'
ALLOC_FILE='mmap.lo'
AMTAR='$${TAR-tar}'
AR='ar'
AUTOCONF='${SHELL} /home/ky0ko/code/netbsd-gc/src/external/gpl3/gcc.old/dist/missing --run autoconf'
AUTOHEADER='${SHELL} /home/ky0ko/code/netbsd-gc/src/external/gpl3/gcc.old/dist/missing --run autoheader'
AUTOMAKE='${SHELL} /home/ky0ko/code/netbsd-gc/src/external/gpl3/gcc.old/dist/missing --run automake-1.11'
AWK='/home/ky0ko/code/netbsd-gc/src/obj/tooldir.Linux-5.4.7-arch1-1-x86_64/bin/nbawk'
BACKTRACE_FILE='backtrace.lo simple.lo'
BACKTRACE_SUPPORTED='1'
BACKTRACE_SUPPORTS_DATA='1'
BACKTRACE_SUPPORTS_THREADS='1'
BACKTRACE_USES_MALLOC='0'
CC='cc'
CFLAGS='-O'
CPP='cc -E'
CPPFLAGS='-DNETBSD_TOOLS -DTARGET_SYSTEM_ROOT=0  -DTARGET_SYSTEM_ROOT_RELOCATABLE'
CYGPATH_W='echo'
DEFS='-DHAVE_CONFIG_H'
DSYMUTIL=''
DUMPBIN=''
ECHO_C=''
ECHO_N='-n'
ECHO_T=''
EGREP='/usr/sbin/grep -E'
EXEEXT=''
EXTRA_FLAGS='-funwind-tables -frandom-seed=$@'
FGREP='/usr/sbin/grep -F'
FORMAT_FILE='elf.lo'
GREP='/usr/sbin/grep'
INSTALL_DATA='${INSTALL} -m 644'
INSTALL_PROGRAM='${INSTALL}'
INSTALL_SCRIPT='${INSTALL}'
INSTALL_STRIP_PROGRAM='$(install_sh) -c -s'
LD='ld -m elf_x86_64'
LDFLAGS='-static-libstdc++ -static-libgcc '
LIBOBJS=''
LIBS=''
LIBTOOL='$(SHELL) $(top_builddir)/libtool'
LIPO=''
LN_S='ln -s'
LTLIBOBJS=''
MAINT='#'
MAINTAINER_MODE_FALSE=''
MAINTAINER_MODE_TRUE='#'
MAKEINFO='/home/ky0ko/code/netbsd-gc/src/obj/tooldir.Linux-5.4.7-arch1-1-x86_64/bin/nbmakeinfo'
MKDIR_P='/usr/sbin/mkdir -p'
NATIVE_FALSE='#'
NATIVE_TRUE=''
NM='nm'
NMEDIT=''
OBJDUMP='objdump'
OBJEXT='o'
OTOOL64=''
OTOOL=''
PACKAGE='libbacktrace'
PACKAGE_BUGREPORT=''
PACKAGE_NAME='package-unused'
PACKAGE_STRING='package-unused version-unused'
PACKAGE_TARNAME='libbacktrace'
PACKAGE_URL=''
PACKAGE_VERSION='version-unused'
PATH_SEPARATOR=':'
PIC_FLAG=''
RANLIB='ranlib'
SED='/usr/sbin/sed'
SET_MAKE=''
SHELL='/usr/sbin/sh'
STRIP='strip'
VERSION='version-unused'
VIEW_FILE='mmapio.lo'
WARN_FLAGS='-W -Wall -Wwrite-strings -Wstrict-prototypes -Wmissing-prototypes -Wold-style-definition -Wmissing-format-attribute -Wcast-qual'
ac_ct_CC=''
ac_ct_DUMPBIN=''
am__EXEEXT_FALSE=''
am__EXEEXT_TRUE='#'
am__isrc=' -I$(srcdir)'
am__leading_dot='.'
am__tar='$${TAR-tar} chof - "$$tardir"'
am__untar='$${TAR-tar} xf -'
bindir='${exec_prefix}/bin'
build='x86_64-pc-linux-gnu'
build_alias='x86_64-pc-linux-gnu'
build_cpu='x86_64'
build_os='linux-gnu'
build_vendor='pc'
datadir='${datarootdir}'
datarootdir='${prefix}/share'
docdir='${datarootdir}/doc/${PACKAGE_TARNAME}'
dvidir='${docdir}'
exec_prefix='${prefix}'
host='x86_64-pc-linux-gnu'
host_alias='x86_64-pc-linux-gnu'
host_cpu='x86_64'
host_os='linux-gnu'
host_vendor='pc'
htmldir='${docdir}'
includedir='${prefix}/include'
infodir='${datarootdir}/info'
install_sh='${SHELL} /home/ky0ko/code/netbsd-gc/src/external/gpl3/gcc.old/dist/install-sh'
libdir='${exec_prefix}/lib'
libexecdir='${exec_prefix}/libexec'
libtool_VERSION='1:0:0'
localedir='${datarootdir}/locale'
localstatedir='${prefix}/var'
mandir='${datarootdir}/man'
mkdir_p='/usr/sbin/mkdir -p'
multi_basedir=''
oldincludedir='/usr/include'
pdfdir='${docdir}'
prefix='/home/ky0ko/code/netbsd-gc/src/obj/tooldir.Linux-5.4.7-arch1-1-x86_64'
program_transform_name='s,^,powerpc--netbsd-,'
psdir='${docdir}'
sbindir='${exec_prefix}/sbin'
sharedstatedir='${prefix}/com'
sysconfdir='${prefix}/etc'
target='powerpc--netbsd'
target_alias='powerpc--netbsd'
target_cpu='powerpc'
target_os='netbsd'
target_vendor=''

## ----------- ##
## confdefs.h. ##
## ----------- ##

/* confdefs.h */
#define PACKAGE_NAME "package-unused"
#define PACKAGE_TARNAME "libbacktrace"
#define PACKAGE_VERSION "version-unused"
#define PACKAGE_STRING "package-unused version-unused"
#define PACKAGE_BUGREPORT ""
#define PACKAGE_URL ""
#define STDC_HEADERS 1
#define HAVE_SYS_TYPES_H 1
#define HAVE_SYS_STAT_H 1
#define HAVE_STDLIB_H 1
#define HAVE_STRING_H 1
#define HAVE_MEMORY_H 1
#define HAVE_STRINGS_H 1
#define HAVE_INTTYPES_H 1
#define HAVE_STDINT_H 1
#define HAVE_UNISTD_H 1
#define __EXTENSIONS__ 1
#define _ALL_SOURCE 1
#define _GNU_SOURCE 1
#define _POSIX_PTHREAD_SEMANTICS 1
#define _TANDEM_SOURCE 1
#define HAVE_DLFCN_H 1
#define LT_OBJDIR ".libs/"
#define HAVE_GETIPINFO 1
#define HAVE_SYNC_FUNCTIONS 1
#define HAVE_ATOMIC_FUNCTIONS 1
#define BACKTRACE_ELF_SIZE 64
#define HAVE_SYS_MMAN_H 1
#define HAVE_LINK_H 1
#define HAVE_DL_ITERATE_PHDR 1
#define HAVE_FCNTL 1
#define HAVE_DECL_STRNLEN 1

configure: exit 0
