This file contains any messages produced by compilers while
running configure, to aid debugging if configure makes a mistake.

It was created by MPFR configure 4.0.1, which was
generated by GNU Autoconf 2.69.  Invocation command line was

  $ /home/ky0ko/code/netbsd-gc/src/tools/mpfr/../../external/lgpl3/mpfr/dist/configure --with-gmp=/home/ky0ko/code/netbsd-gc/src/obj/tooldir.Linux-5.4.7-arch1-1-x86_64 --disable-shared --prefix=/home/ky0ko/code/netbsd-gc/src/obj/tooldir.Linux-5.4.7-arch1-1-x86_64

## --------- ##
## Platform. ##
## --------- ##

hostname = kumori
uname -m = x86_64
uname -r = 5.4.7-arch1-1
uname -s = Linux
uname -v = #1 SMP PREEMPT Tue, 31 Dec 2019 17:20:16 +0000

/usr/bin/uname -p = unknown
/bin/uname -X     = unknown

/bin/arch              = unknown
/usr/bin/arch -k       = unknown
/usr/convex/getsysinfo = unknown
/usr/bin/hostinfo      = unknown
/bin/machine           = unknown
/usr/bin/oslevel       = unknown
/bin/universe          = unknown

PATH: /home/ky0ko/code/netbsd-gc/src/obj/tooldir.Linux-5.4.7-arch1-1-x86_64/bin
PATH: /bedrock/cross/pin/bin
PATH: /bedrock/bin
PATH: /usr/local/sbin
PATH: /usr/local/bin
PATH: /opt/sbin
PATH: /opt/bin
PATH: /usr/sbin
PATH: /usr/bin
PATH: /sbin
PATH: /bin
PATH: /bedrock/cross/bin


## ----------- ##
## Core tests. ##
## ----------- ##

configure:2669: checking for a BSD-compatible install
configure:2737: result: /home/ky0ko/code/netbsd-gc/src/obj/tooldir.Linux-5.4.7-arch1-1-x86_64/bin/powerpc--netbsd-install -c -p -r
configure:2748: checking whether build environment is sane
configure:2803: result: yes
configure:2952: checking for a thread-safe mkdir -p
configure:2991: result: /home/ky0ko/code/netbsd-gc/src/obj/tooldir.Linux-5.4.7-arch1-1-x86_64/bin/powerpc--netbsd-install -d -p
configure:2998: checking for gawk
configure:3025: result: /home/ky0ko/code/netbsd-gc/src/obj/tooldir.Linux-5.4.7-arch1-1-x86_64/bin/nbawk
configure:3036: checking whether /home/ky0ko/code/netbsd-gc/src/obj/tooldir.Linux-5.4.7-arch1-1-x86_64/bin/nbmake sets $(MAKE)
configure:3058: result: yes
configure:3087: checking whether /home/ky0ko/code/netbsd-gc/src/obj/tooldir.Linux-5.4.7-arch1-1-x86_64/bin/nbmake supports nested variables
configure:3104: result: yes
configure:3222: checking whether to enable maintainer-specific portions of Makefiles
configure:3231: result: yes
configure:3259: checking build system type
configure:3273: result: x86_64-pc-linux-gnu
configure:3293: checking host system type
configure:3306: result: x86_64-pc-linux-gnu
configure:3327: checking for grep that handles long lines and -e
configure:3385: result: /usr/sbin/grep
configure:3390: checking for egrep
configure:3452: result: /usr/sbin/grep -E
configure:3457: checking for a sed that does not truncate output
configure:3521: result: /usr/sbin/sed
configure:3918: checking for gcc
configure:3945: result: cc
configure:4174: checking for C compiler version
configure:4183: cc --version >&5
cc (GCC) 9.2.0
Copyright (C) 2019 Free Software Foundation, Inc.
This is free software; see the source for copying conditions.  There is NO
warranty; not even for MERCHANTABILITY or FITNESS FOR A PARTICULAR PURPOSE.

configure:4194: $? = 0
configure:4183: cc -v >&5
Using built-in specs.
COLLECT_GCC=cc
COLLECT_LTO_WRAPPER=/usr/lib/gcc/x86_64-pc-linux-gnu/9.2.0/lto-wrapper
Target: x86_64-pc-linux-gnu
Configured with: /build/gcc/src/gcc/configure --prefix=/usr --libdir=/usr/lib --libexecdir=/usr/lib --mandir=/usr/share/man --infodir=/usr/share/info --with-bugurl=https://bugs.archlinux.org/ --enable-languages=c,c++,ada,fortran,go,lto,objc,obj-c++,d --enable-shared --enable-threads=posix --with-system-zlib --with-isl --enable-__cxa_atexit --disable-libunwind-exceptions --enable-clocale=gnu --disable-libstdcxx-pch --disable-libssp --enable-gnu-unique-object --enable-linker-build-id --enable-lto --enable-plugin --enable-install-libiberty --with-linker-hash-style=gnu --enable-gnu-indirect-function --enable-multilib --disable-werror --enable-checking=release --enable-default-pie --enable-default-ssp --enable-cet=auto gdc_include_dir=/usr/include/dlang/gdc
Thread model: posix
gcc version 9.2.0 (GCC) 
configure:4194: $? = 0
configure:4183: cc -V >&5
cc: error: unrecognized command line option '-V'
cc: fatal error: no input files
compilation terminated.
configure:4194: $? = 1
configure:4183: cc -qversion >&5
cc: error: unrecognized command line option '-qversion'; did you mean '--version'?
cc: fatal error: no input files
compilation terminated.
configure:4194: $? = 1
configure:4214: checking whether the C compiler works
configure:4236: cc -O  -I/home/ky0ko/code/netbsd-gc/src/obj/tooldir.Linux-5.4.7-arch1-1-x86_64/include  -L/home/ky0ko/code/netbsd-gc/src/obj/tooldir.Linux-5.4.7-arch1-1-x86_64/lib conftest.c  >&5
configure:4240: $? = 0
configure:4288: result: yes
configure:4291: checking for C compiler default output file name
configure:4293: result: a.out
configure:4299: checking for suffix of executables
configure:4306: cc -o conftest -O  -I/home/ky0ko/code/netbsd-gc/src/obj/tooldir.Linux-5.4.7-arch1-1-x86_64/include  -L/home/ky0ko/code/netbsd-gc/src/obj/tooldir.Linux-5.4.7-arch1-1-x86_64/lib conftest.c  >&5
configure:4310: $? = 0
configure:4332: result: 
configure:4354: checking whether we are cross compiling
configure:4362: cc -o conftest -O  -I/home/ky0ko/code/netbsd-gc/src/obj/tooldir.Linux-5.4.7-arch1-1-x86_64/include  -L/home/ky0ko/code/netbsd-gc/src/obj/tooldir.Linux-5.4.7-arch1-1-x86_64/lib conftest.c  >&5
configure:4366: $? = 0
configure:4373: ./conftest
configure:4377: $? = 0
configure:4365: result: no
configure:4370: checking for suffix of object files
configure:4392: cc -c -O  -I/home/ky0ko/code/netbsd-gc/src/obj/tooldir.Linux-5.4.7-arch1-1-x86_64/include conftest.c >&5
configure:4396: $? = 0
configure:4417: result: o
configure:4421: checking whether we are using the GNU C compiler
configure:4440: cc -c -O  -I/home/ky0ko/code/netbsd-gc/src/obj/tooldir.Linux-5.4.7-arch1-1-x86_64/include conftest.c >&5
configure:4440: $? = 0
configure:4449: result: yes
configure:4458: checking whether cc accepts -g
configure:4478: cc -c -g  -I/home/ky0ko/code/netbsd-gc/src/obj/tooldir.Linux-5.4.7-arch1-1-x86_64/include conftest.c >&5
configure:4478: $? = 0
configure:4519: result: yes
configure:4536: checking for cc option to accept ISO C89
configure:4599: cc  -c -O  -I/home/ky0ko/code/netbsd-gc/src/obj/tooldir.Linux-5.4.7-arch1-1-x86_64/include conftest.c >&5
configure:4599: $? = 0
configure:4612: result: none needed
configure:4637: checking whether cc understands -c and -o together
configure:4659: cc -c conftest.c -o conftest2.o
configure:4662: $? = 0
configure:4659: cc -c conftest.c -o conftest2.o
configure:4662: $? = 0
configure:4674: result: yes
configure:4702: checking for style of include used by /home/ky0ko/code/netbsd-gc/src/obj/tooldir.Linux-5.4.7-arch1-1-x86_64/bin/nbmake
configure:4730: result: GNU
configure:4756: checking dependency style of cc
configure:4867: result: gcc3
configure:4887: checking how to run the C preprocessor
configure:4918: cc -E  -I/home/ky0ko/code/netbsd-gc/src/obj/tooldir.Linux-5.4.7-arch1-1-x86_64/include conftest.c
configure:4918: $? = 0
configure:4932: cc -E  -I/home/ky0ko/code/netbsd-gc/src/obj/tooldir.Linux-5.4.7-arch1-1-x86_64/include conftest.c
conftest.c:9:10: fatal error: ac_nonexistent.h: No such file or directory
    9 | #include <ac_nonexistent.h>
      |          ^~~~~~~~~~~~~~~~~~
compilation terminated.
configure:4932: $? = 1
configure: failed program was:
| /* confdefs.h */
| #define PACKAGE_NAME "MPFR"
| #define PACKAGE_TARNAME "mpfr"
| #define PACKAGE_VERSION "4.0.1"
| #define PACKAGE_STRING "MPFR 4.0.1"
| #define PACKAGE_BUGREPORT ""
| #define PACKAGE_URL ""
| /* end confdefs.h.  */
| #include <ac_nonexistent.h>
configure:4957: result: cc -E
configure:4977: cc -E  -I/home/ky0ko/code/netbsd-gc/src/obj/tooldir.Linux-5.4.7-arch1-1-x86_64/include conftest.c
configure:4977: $? = 0
configure:4991: cc -E  -I/home/ky0ko/code/netbsd-gc/src/obj/tooldir.Linux-5.4.7-arch1-1-x86_64/include conftest.c
conftest.c:9:10: fatal error: ac_nonexistent.h: No such file or directory
    9 | #include <ac_nonexistent.h>
      |          ^~~~~~~~~~~~~~~~~~
compilation terminated.
configure:4991: $? = 1
configure: failed program was:
| /* confdefs.h */
| #define PACKAGE_NAME "MPFR"
| #define PACKAGE_TARNAME "mpfr"
| #define PACKAGE_VERSION "4.0.1"
| #define PACKAGE_STRING "MPFR 4.0.1"
| #define PACKAGE_BUGREPORT ""
| #define PACKAGE_URL ""
| /* end confdefs.h.  */
| #include <ac_nonexistent.h>
configure:5129: checking the archiver (ar) interface
configure:5145: cc -c -O  -I/home/ky0ko/code/netbsd-gc/src/obj/tooldir.Linux-5.4.7-arch1-1-x86_64/include conftest.c >&5
configure:5145: $? = 0
configure:5147: ar cru libconftest.a conftest.o >&5
ar: `u' modifier ignored since `D' is the default (see `U')
configure:5150: $? = 0
configure:5149: result: ar
configure:5216: checking how to print strings
configure:5243: result: printf
configure:5264: checking for a sed that does not truncate output
configure:5328: result: /usr/sbin/sed
configure:5346: checking for fgrep
configure:5408: result: /usr/sbin/grep -F
configure:5443: checking for ld used by cc
configure:5510: result: /usr/sbin/ld
configure:5517: checking if the linker (/usr/sbin/ld) is GNU ld
configure:5532: result: yes
configure:5544: checking for BSD- or MS-compatible name lister (nm)
configure:5598: result: /usr/sbin/nm -B
configure:5728: checking the name lister (/usr/sbin/nm -B) interface
configure:5735: cc -c -O  -I/home/ky0ko/code/netbsd-gc/src/obj/tooldir.Linux-5.4.7-arch1-1-x86_64/include conftest.c >&5
configure:5738: /usr/sbin/nm -B "conftest.o"
configure:5741: output
0000000000000000 B some_variable
configure:5742: result: BSD nm
configure:5745: checking whether ln -s works
configure:5749: result: yes
configure:5757: checking the maximum length of command line arguments
configure:5888: result: 1572864
configure:5936: checking how to convert x86_64-pc-linux-gnu file names to x86_64-pc-linux-gnu format
configure:5976: result: func_convert_file_noop
configure:5983: checking how to convert x86_64-pc-linux-gnu file names to toolchain format
configure:6003: result: func_convert_file_noop
configure:6010: checking for /usr/sbin/ld option to reload object files
configure:6017: result: -r
configure:6091: checking for objdump
configure:6107: found /usr/sbin/objdump
configure:6118: result: objdump
configure:6147: checking how to recognize dependent libraries
configure:6347: result: pass_all
configure:6432: checking for dlltool
configure:6462: result: no
configure:6489: checking how to associate runtime and link libraries
configure:6516: result: printf %s\n
configure:6640: checking for archiver @FILE support
configure:6657: cc -c -O  -I/home/ky0ko/code/netbsd-gc/src/obj/tooldir.Linux-5.4.7-arch1-1-x86_64/include conftest.c >&5
configure:6657: $? = 0
configure:6660: ar cru libconftest.a @conftest.lst >&5
ar: `u' modifier ignored since `D' is the default (see `U')
configure:6663: $? = 0
configure:6668: ar cru libconftest.a @conftest.lst >&5
ar: `u' modifier ignored since `D' is the default (see `U')
ar: conftest.o: No such file or directory
configure:6671: $? = 1
configure:6670: result: @
configure:6728: checking for strip
configure:6744: found /usr/sbin/strip
configure:6755: result: strip
configure:6827: checking for ranlib
configure:6854: result: ranlib
configure:6956: checking command to parse /usr/sbin/nm -B output from cc object
configure:7109: cc -c -O  -I/home/ky0ko/code/netbsd-gc/src/obj/tooldir.Linux-5.4.7-arch1-1-x86_64/include conftest.c >&5
configure:7112: $? = 0
configure:7116: /usr/sbin/nm -B conftest.o \| sed -n -e 's/^.*[ ]\([ABCDGIRSTW][ABCDGIRSTW]*\)[ ][ ]*\([_A-Za-z][_A-Za-z0-9]*\)$/\1 \2 \2/p' | sed '/ __gnu_lto/d' \> conftest.nm
configure:7119: $? = 0
configure:7185: cc -o conftest -O  -I/home/ky0ko/code/netbsd-gc/src/obj/tooldir.Linux-5.4.7-arch1-1-x86_64/include  -L/home/ky0ko/code/netbsd-gc/src/obj/tooldir.Linux-5.4.7-arch1-1-x86_64/lib conftest.c conftstm.o >&5
configure:7188: $? = 0
configure:7226: result: ok
configure:7273: checking for sysroot
configure:7303: result: no
configure:7310: checking for a working dd
configure:7348: result: /usr/sbin/dd
configure:7352: checking how to truncate binary pipes
configure:7367: result: /usr/sbin/dd bs=4096 count=1
configure:7503: cc -c -O  -I/home/ky0ko/code/netbsd-gc/src/obj/tooldir.Linux-5.4.7-arch1-1-x86_64/include conftest.c >&5
configure:7506: $? = 0
configure:7696: checking for mt
configure:7726: result: no
configure:7746: checking if : is a manifest tool
configure:7752: : '-?'
configure:7760: result: no
configure:8433: checking for ANSI C header files
configure:8453: cc -c -O  -I/home/ky0ko/code/netbsd-gc/src/obj/tooldir.Linux-5.4.7-arch1-1-x86_64/include conftest.c >&5
configure:8453: $? = 0
configure:8526: cc -o conftest -O  -I/home/ky0ko/code/netbsd-gc/src/obj/tooldir.Linux-5.4.7-arch1-1-x86_64/include  -L/home/ky0ko/code/netbsd-gc/src/obj/tooldir.Linux-5.4.7-arch1-1-x86_64/lib conftest.c  >&5
configure:8526: $? = 0
configure:8526: ./conftest
configure:8526: $? = 0
configure:8537: result: yes
configure:8550: checking for sys/types.h
configure:8550: cc -c -O  -I/home/ky0ko/code/netbsd-gc/src/obj/tooldir.Linux-5.4.7-arch1-1-x86_64/include conftest.c >&5
configure:8550: $? = 0
configure:8550: result: yes
configure:8550: checking for sys/stat.h
configure:8550: cc -c -O  -I/home/ky0ko/code/netbsd-gc/src/obj/tooldir.Linux-5.4.7-arch1-1-x86_64/include conftest.c >&5
configure:8550: $? = 0
configure:8550: result: yes
configure:8550: checking for stdlib.h
configure:8550: cc -c -O  -I/home/ky0ko/code/netbsd-gc/src/obj/tooldir.Linux-5.4.7-arch1-1-x86_64/include conftest.c >&5
configure:8550: $? = 0
configure:8550: result: yes
configure:8550: checking for string.h
configure:8550: cc -c -O  -I/home/ky0ko/code/netbsd-gc/src/obj/tooldir.Linux-5.4.7-arch1-1-x86_64/include conftest.c >&5
configure:8550: $? = 0
configure:8550: result: yes
configure:8550: checking for memory.h
configure:8550: cc -c -O  -I/home/ky0ko/code/netbsd-gc/src/obj/tooldir.Linux-5.4.7-arch1-1-x86_64/include conftest.c >&5
configure:8550: $? = 0
configure:8550: result: yes
configure:8550: checking for strings.h
configure:8550: cc -c -O  -I/home/ky0ko/code/netbsd-gc/src/obj/tooldir.Linux-5.4.7-arch1-1-x86_64/include conftest.c >&5
configure:8550: $? = 0
configure:8550: result: yes
configure:8550: checking for inttypes.h
configure:8550: cc -c -O  -I/home/ky0ko/code/netbsd-gc/src/obj/tooldir.Linux-5.4.7-arch1-1-x86_64/include conftest.c >&5
configure:8550: $? = 0
configure:8550: result: yes
configure:8550: checking for stdint.h
configure:8550: cc -c -O  -I/home/ky0ko/code/netbsd-gc/src/obj/tooldir.Linux-5.4.7-arch1-1-x86_64/include conftest.c >&5
configure:8550: $? = 0
configure:8550: result: yes
configure:8550: checking for unistd.h
configure:8550: cc -c -O  -I/home/ky0ko/code/netbsd-gc/src/obj/tooldir.Linux-5.4.7-arch1-1-x86_64/include conftest.c >&5
configure:8550: $? = 0
configure:8550: result: yes
configure:8564: checking for dlfcn.h
configure:8564: cc -c -O  -I/home/ky0ko/code/netbsd-gc/src/obj/tooldir.Linux-5.4.7-arch1-1-x86_64/include conftest.c >&5
configure:8564: $? = 0
configure:8564: result: yes
configure:9118: checking for objdir
configure:9133: result: .libs
configure:9397: checking if cc supports -fno-rtti -fno-exceptions
configure:9415: cc -c -O  -I/home/ky0ko/code/netbsd-gc/src/obj/tooldir.Linux-5.4.7-arch1-1-x86_64/include -fno-rtti -fno-exceptions conftest.c >&5
cc1: warning: command line option '-fno-rtti' is valid for C++/D/ObjC++ but not for C
configure:9419: $? = 0
configure:9432: result: no
configure:9790: checking for cc option to produce PIC
configure:9797: result: -fPIC -DPIC
configure:9805: checking if cc PIC flag -fPIC -DPIC works
configure:9823: cc -c -O  -I/home/ky0ko/code/netbsd-gc/src/obj/tooldir.Linux-5.4.7-arch1-1-x86_64/include -fPIC -DPIC -DPIC conftest.c >&5
configure:9827: $? = 0
configure:9840: result: yes
configure:9869: checking if cc static flag -static works
configure:9897: result: yes
configure:9912: checking if cc supports -c -o file.o
configure:9933: cc -c -O  -I/home/ky0ko/code/netbsd-gc/src/obj/tooldir.Linux-5.4.7-arch1-1-x86_64/include -o out/conftest2.o conftest.c >&5
configure:9937: $? = 0
configure:9959: result: yes
configure:9967: checking if cc supports -c -o file.o
configure:10014: result: yes
configure:10047: checking whether the cc linker (/usr/sbin/ld -m elf_x86_64) supports shared libraries
configure:11312: result: yes
configure:11552: checking dynamic linker characteristics
configure:12133: cc -o conftest -O  -I/home/ky0ko/code/netbsd-gc/src/obj/tooldir.Linux-5.4.7-arch1-1-x86_64/include  -L/home/ky0ko/code/netbsd-gc/src/obj/tooldir.Linux-5.4.7-arch1-1-x86_64/lib -Wl,-rpath -Wl,/foo conftest.c  >&5
configure:12133: $? = 0
configure:12382: result: GNU/Linux ld.so
configure:12504: checking how to hardcode library paths into programs
configure:12529: result: immediate
configure:13077: checking whether stripping libraries is possible
configure:13082: result: yes
configure:13117: checking if libtool supports shared libraries
configure:13119: result: yes
configure:13122: checking whether to build shared libraries
configure:13147: result: no
configure:13150: checking whether to build static libraries
configure:13154: result: yes
configure:9966: checking format of `double' floating point
configure:10002: cc -o conftest -O  -I/home/ky0ko/code/netbsd-gc/src/obj/tooldir.Linux-5.4.7-arch1-1-x86_64/include  -L/home/ky0ko/code/netbsd-gc/src/obj/tooldir.Linux-5.4.7-arch1-1-x86_64/lib conftest.c  >&5
configure:10002: $? = 0
configure:10002: ./conftest
configure:10002: $? = 1
configure: program exited with status 1
configure: failed program was:
| /* confdefs.h */
| #define PACKAGE_NAME "MPFR"
| #define PACKAGE_TARNAME "mpfr"
| #define PACKAGE_VERSION "4.0.1"
| #define PACKAGE_STRING "MPFR 4.0.1"
| #define PACKAGE_BUGREPORT ""
| #define PACKAGE_URL ""
| #define STDC_HEADERS 1
| #define HAVE_SYS_TYPES_H 1
| #define HAVE_SYS_STAT_H 1
| #define HAVE_STDLIB_H 1
| #define HAVE_STRING_H 1
| #define HAVE_MEMORY_H 1
| #define HAVE_STRINGS_H 1
| #define HAVE_INTTYPES_H 1
| #define HAVE_STDINT_H 1
| #define HAVE_UNISTD_H 1
| #define HAVE_DLFCN_H 1
| #define LT_OBJDIR ".libs/"
| /* end confdefs.h.  */
| 
| 
| int
| main (void)
| {
| 
| union ieee_double_extract
| {
|   double d;
|   unsigned char x[8];
| } t;
| t.d = 2.877939254133025759330166692961938679218292236328125; /* exact */
| if (sizeof (double) != 8)
|    return 0;
| if (sizeof (unsigned char) != 1)
|    return 0;
| if (t.x[0] == 1 && t.x[1] == 2 && t.x[2] == 3 && t.x[3] == 4 &&
|     t.x[4] == 5 && t.x[5] == 6 && t.x[6] == 7 && t.x[7] == 64)
|    return 1; /* little endian */
| else if (t.x[7] == 1 && t.x[6] == 2 && t.x[5] == 3 && t.x[4] == 4 &&
|     t.x[3] == 5 && t.x[2] == 6 && t.x[1] == 7 && t.x[0] == 64)
|    return 2; /* big endian */
| else
|    return 0; /* unknown */
| 
|   ;
|   return 0;
| }
configure:10012: result: IEEE little endian
configure:10108: checking for ICC
configure:10126: cc -c -O  -I/home/ky0ko/code/netbsd-gc/src/obj/tooldir.Linux-5.4.7-arch1-1-x86_64/include conftest.c >&5
conftest.c:24:3: error: #error "Not ICC"
   24 | # error "Not ICC"
      |   ^~~~~
conftest.c:25:6: error: expected ';' before 'int'
   25 | error
      |      ^
      |      ;
......
   28 | int
      | ~~~   
configure:10126: $? = 1
configure: failed program was:
| /* confdefs.h */
| #define PACKAGE_NAME "MPFR"
| #define PACKAGE_TARNAME "mpfr"
| #define PACKAGE_VERSION "4.0.1"
| #define PACKAGE_STRING "MPFR 4.0.1"
| #define PACKAGE_BUGREPORT ""
| #define PACKAGE_URL ""
| #define STDC_HEADERS 1
| #define HAVE_SYS_TYPES_H 1
| #define HAVE_SYS_STAT_H 1
| #define HAVE_STDLIB_H 1
| #define HAVE_STRING_H 1
| #define HAVE_MEMORY_H 1
| #define HAVE_STRINGS_H 1
| #define HAVE_INTTYPES_H 1
| #define HAVE_STDINT_H 1
| #define HAVE_UNISTD_H 1
| #define HAVE_DLFCN_H 1
| #define LT_OBJDIR ".libs/"
| #define HAVE_DOUBLE_IEEE_LITTLE_ENDIAN 1
| /* end confdefs.h.  */
| 
| #if !defined(__ICC)
| # error "Not ICC"
| error
| #endif
| 
| int
| main (void)
| {
| 
|   ;
|   return 0;
| }
configure:10133: result: no
configure:10211: checking for an ANSI C-conforming const
configure:10277: cc -c -O  -I/home/ky0ko/code/netbsd-gc/src/obj/tooldir.Linux-5.4.7-arch1-1-x86_64/include conftest.c >&5
configure:10277: $? = 0
configure:10284: result: yes
configure:10292: checking for working volatile
configure:10311: cc -c -O  -I/home/ky0ko/code/netbsd-gc/src/obj/tooldir.Linux-5.4.7-arch1-1-x86_64/include conftest.c >&5
configure:10311: $? = 0
configure:10318: result: yes
configure:10326: checking whether byte ordering is bigendian
configure:10341: cc -c -O  -I/home/ky0ko/code/netbsd-gc/src/obj/tooldir.Linux-5.4.7-arch1-1-x86_64/include conftest.c >&5
conftest.c:23:9: error: unknown type name 'not'
   23 |         not a universal capable compiler
      |         ^~~
conftest.c:23:15: error: expected '=', ',', ';', 'asm' or '__attribute__' before 'universal'
   23 |         not a universal capable compiler
      |               ^~~~~~~~~
conftest.c:23:15: error: unknown type name 'universal'
configure:10341: $? = 1
configure: failed program was:
| /* confdefs.h */
| #define PACKAGE_NAME "MPFR"
| #define PACKAGE_TARNAME "mpfr"
| #define PACKAGE_VERSION "4.0.1"
| #define PACKAGE_STRING "MPFR 4.0.1"
| #define PACKAGE_BUGREPORT ""
| #define PACKAGE_URL ""
| #define STDC_HEADERS 1
| #define HAVE_SYS_TYPES_H 1
| #define HAVE_SYS_STAT_H 1
| #define HAVE_STDLIB_H 1
| #define HAVE_STRING_H 1
| #define HAVE_MEMORY_H 1
| #define HAVE_STRINGS_H 1
| #define HAVE_INTTYPES_H 1
| #define HAVE_STDINT_H 1
| #define HAVE_UNISTD_H 1
| #define HAVE_DLFCN_H 1
| #define LT_OBJDIR ".libs/"
| #define HAVE_DOUBLE_IEEE_LITTLE_ENDIAN 1
| /* end confdefs.h.  */
| #ifndef __APPLE_CC__
| 	       not a universal capable compiler
| 	     #endif
| 	     typedef int dummy;
| 
configure:10386: cc -c -O  -I/home/ky0ko/code/netbsd-gc/src/obj/tooldir.Linux-5.4.7-arch1-1-x86_64/include conftest.c >&5
configure:10386: $? = 0
configure:10404: cc -c -O  -I/home/ky0ko/code/netbsd-gc/src/obj/tooldir.Linux-5.4.7-arch1-1-x86_64/include conftest.c >&5
conftest.c: In function 'main':
conftest.c:29:4: error: unknown type name 'not'; did you mean 'ino_t'?
   29 |    not big endian
      |    ^~~
      |    ino_t
conftest.c:29:12: error: expected '=', ',', ';', 'asm' or '__attribute__' before 'endian'
   29 |    not big endian
      |            ^~~~~~
configure:10404: $? = 1
configure: failed program was:
| /* confdefs.h */
| #define PACKAGE_NAME "MPFR"
| #define PACKAGE_TARNAME "mpfr"
| #define PACKAGE_VERSION "4.0.1"
| #define PACKAGE_STRING "MPFR 4.0.1"
| #define PACKAGE_BUGREPORT ""
| #define PACKAGE_URL ""
| #define STDC_HEADERS 1
| #define HAVE_SYS_TYPES_H 1
| #define HAVE_SYS_STAT_H 1
| #define HAVE_STDLIB_H 1
| #define HAVE_STRING_H 1
| #define HAVE_MEMORY_H 1
| #define HAVE_STRINGS_H 1
| #define HAVE_INTTYPES_H 1
| #define HAVE_STDINT_H 1
| #define HAVE_UNISTD_H 1
| #define HAVE_DLFCN_H 1
| #define LT_OBJDIR ".libs/"
| #define HAVE_DOUBLE_IEEE_LITTLE_ENDIAN 1
| /* end confdefs.h.  */
| #include <sys/types.h>
| 		#include <sys/param.h>
| 
| int
| main (void)
| {
| #if BYTE_ORDER != BIG_ENDIAN
| 		 not big endian
| 		#endif
| 
|   ;
|   return 0;
| }
configure:10532: result: no
configure:10707: checking for main in -lm
configure:10726: cc -o conftest -O  -I/home/ky0ko/code/netbsd-gc/src/obj/tooldir.Linux-5.4.7-arch1-1-x86_64/include  -L/home/ky0ko/code/netbsd-gc/src/obj/tooldir.Linux-5.4.7-arch1-1-x86_64/lib conftest.c -lm   >&5
configure:10726: $? = 0
configure:10735: result: yes
configure:10749: checking for main in -lquadmath
configure:10768: cc -o conftest -O  -I/home/ky0ko/code/netbsd-gc/src/obj/tooldir.Linux-5.4.7-arch1-1-x86_64/include  -L/home/ky0ko/code/netbsd-gc/src/obj/tooldir.Linux-5.4.7-arch1-1-x86_64/lib conftest.c -lquadmath   >&5
configure:10768: $? = 0
configure:10777: result: yes
configure:10786: checking whether time.h and sys/time.h may both be included
configure:10806: cc -c -O  -I/home/ky0ko/code/netbsd-gc/src/obj/tooldir.Linux-5.4.7-arch1-1-x86_64/include conftest.c >&5
configure:10806: $? = 0
configure:10813: result: yes
configure:10821: checking for size_t
configure:10821: cc -c -O  -I/home/ky0ko/code/netbsd-gc/src/obj/tooldir.Linux-5.4.7-arch1-1-x86_64/include conftest.c >&5
configure:10821: $? = 0
configure:10821: cc -c -O  -I/home/ky0ko/code/netbsd-gc/src/obj/tooldir.Linux-5.4.7-arch1-1-x86_64/include conftest.c >&5
conftest.c: In function 'main':
conftest.c:60:21: error: expected expression before ')' token
   60 | if (sizeof ((size_t)))
      |                     ^
configure:10821: $? = 1
configure: failed program was:
| /* confdefs.h */
| #define PACKAGE_NAME "MPFR"
| #define PACKAGE_TARNAME "mpfr"
| #define PACKAGE_VERSION "4.0.1"
| #define PACKAGE_STRING "MPFR 4.0.1"
| #define PACKAGE_BUGREPORT ""
| #define PACKAGE_URL ""
| #define STDC_HEADERS 1
| #define HAVE_SYS_TYPES_H 1
| #define HAVE_SYS_STAT_H 1
| #define HAVE_STDLIB_H 1
| #define HAVE_STRING_H 1
| #define HAVE_MEMORY_H 1
| #define HAVE_STRINGS_H 1
| #define HAVE_INTTYPES_H 1
| #define HAVE_STDINT_H 1
| #define HAVE_UNISTD_H 1
| #define HAVE_DLFCN_H 1
| #define LT_OBJDIR ".libs/"
| #define HAVE_DOUBLE_IEEE_LITTLE_ENDIAN 1
| #define HAVE_LITTLE_ENDIAN 1
| #define TIME_WITH_SYS_TIME 1
| /* end confdefs.h.  */
| #include <stdio.h>
| #ifdef HAVE_SYS_TYPES_H
| # include <sys/types.h>
| #endif
| #ifdef HAVE_SYS_STAT_H
| # include <sys/stat.h>
| #endif
| #ifdef STDC_HEADERS
| # include <stdlib.h>
| # include <stddef.h>
| #else
| # ifdef HAVE_STDLIB_H
| #  include <stdlib.h>
| # endif
| #endif
| #ifdef HAVE_STRING_H
| # if !defined STDC_HEADERS && defined HAVE_MEMORY_H
| #  include <memory.h>
| # endif
| # include <string.h>
| #endif
| #ifdef HAVE_STRINGS_H
| # include <strings.h>
| #endif
| #ifdef HAVE_INTTYPES_H
| # include <inttypes.h>
| #endif
| #ifdef HAVE_STDINT_H
| # include <stdint.h>
| #endif
| #ifdef HAVE_UNISTD_H
| # include <unistd.h>
| #endif
| int
| main (void)
| {
| if (sizeof ((size_t)))
| 	    return 0;
|   ;
|   return 0;
| }
configure:10821: result: yes
configure:10839: checking limits.h usability
configure:10839: cc -c -O  -I/home/ky0ko/code/netbsd-gc/src/obj/tooldir.Linux-5.4.7-arch1-1-x86_64/include conftest.c >&5
configure:10839: $? = 0
configure:10839: result: yes
configure:10839: checking limits.h presence
configure:10839: cc -E  -I/home/ky0ko/code/netbsd-gc/src/obj/tooldir.Linux-5.4.7-arch1-1-x86_64/include conftest.c
configure:10839: $? = 0
configure:10839: result: yes
configure:10839: checking for limits.h
configure:10839: result: yes
configure:10847: checking float.h usability
configure:10847: cc -c -O  -I/home/ky0ko/code/netbsd-gc/src/obj/tooldir.Linux-5.4.7-arch1-1-x86_64/include conftest.c >&5
configure:10847: $? = 0
configure:10847: result: yes
configure:10847: checking float.h presence
configure:10847: cc -E  -I/home/ky0ko/code/netbsd-gc/src/obj/tooldir.Linux-5.4.7-arch1-1-x86_64/include conftest.c
configure:10847: $? = 0
configure:10847: result: yes
configure:10847: checking for float.h
configure:10847: result: yes
configure:10855: checking for string.h
configure:10855: result: yes
configure:10866: checking locale.h usability
configure:10866: cc -c -O  -I/home/ky0ko/code/netbsd-gc/src/obj/tooldir.Linux-5.4.7-arch1-1-x86_64/include conftest.c >&5
configure:10866: $? = 0
configure:10866: result: yes
configure:10866: checking locale.h presence
configure:10866: cc -E  -I/home/ky0ko/code/netbsd-gc/src/obj/tooldir.Linux-5.4.7-arch1-1-x86_64/include conftest.c
configure:10866: $? = 0
configure:10866: result: yes
configure:10866: checking for locale.h
configure:10866: result: yes
configure:10879: checking wchar.h usability
configure:10879: cc -c -O  -I/home/ky0ko/code/netbsd-gc/src/obj/tooldir.Linux-5.4.7-arch1-1-x86_64/include conftest.c >&5
configure:10879: $? = 0
configure:10879: result: yes
configure:10879: checking wchar.h presence
configure:10879: cc -E  -I/home/ky0ko/code/netbsd-gc/src/obj/tooldir.Linux-5.4.7-arch1-1-x86_64/include conftest.c
configure:10879: $? = 0
configure:10879: result: yes
configure:10879: checking for wchar.h
configure:10879: result: yes
configure:10890: checking stdarg.h usability
configure:10890: cc -c -O  -I/home/ky0ko/code/netbsd-gc/src/obj/tooldir.Linux-5.4.7-arch1-1-x86_64/include conftest.c >&5
configure:10890: $? = 0
configure:10890: result: yes
configure:10890: checking stdarg.h presence
configure:10890: cc -E  -I/home/ky0ko/code/netbsd-gc/src/obj/tooldir.Linux-5.4.7-arch1-1-x86_64/include conftest.c
configure:10890: $? = 0
configure:10890: result: yes
configure:10890: checking for stdarg.h
configure:10890: result: yes
configure:10911: checking sys/time.h usability
configure:10911: cc -c -O  -I/home/ky0ko/code/netbsd-gc/src/obj/tooldir.Linux-5.4.7-arch1-1-x86_64/include conftest.c >&5
configure:10911: $? = 0
configure:10911: result: yes
configure:10911: checking sys/time.h presence
configure:10911: cc -E  -I/home/ky0ko/code/netbsd-gc/src/obj/tooldir.Linux-5.4.7-arch1-1-x86_64/include conftest.c
configure:10911: $? = 0
configure:10911: result: yes
configure:10911: checking for sys/time.h
configure:10911: result: yes
configure:10911: checking sys/fpu.h usability
configure:10911: cc -c -O  -I/home/ky0ko/code/netbsd-gc/src/obj/tooldir.Linux-5.4.7-arch1-1-x86_64/include conftest.c >&5
conftest.c:61:10: fatal error: sys/fpu.h: No such file or directory
   61 | #include <sys/fpu.h>
      |          ^~~~~~~~~~~
compilation terminated.
configure:10911: $? = 1
configure: failed program was:
| /* confdefs.h */
| #define PACKAGE_NAME "MPFR"
| #define PACKAGE_TARNAME "mpfr"
| #define PACKAGE_VERSION "4.0.1"
| #define PACKAGE_STRING "MPFR 4.0.1"
| #define PACKAGE_BUGREPORT ""
| #define PACKAGE_URL ""
| #define STDC_HEADERS 1
| #define HAVE_SYS_TYPES_H 1
| #define HAVE_SYS_STAT_H 1
| #define HAVE_STDLIB_H 1
| #define HAVE_STRING_H 1
| #define HAVE_MEMORY_H 1
| #define HAVE_STRINGS_H 1
| #define HAVE_INTTYPES_H 1
| #define HAVE_STDINT_H 1
| #define HAVE_UNISTD_H 1
| #define HAVE_DLFCN_H 1
| #define LT_OBJDIR ".libs/"
| #define HAVE_DOUBLE_IEEE_LITTLE_ENDIAN 1
| #define HAVE_LITTLE_ENDIAN 1
| #define TIME_WITH_SYS_TIME 1
| #define HAVE_LOCALE_H 1
| #define HAVE_WCHAR_H 1
| #define HAVE_STDARG 1
| #define HAVE_SYS_TIME_H 1
| /* end confdefs.h.  */
| #include <stdio.h>
| #ifdef HAVE_SYS_TYPES_H
| # include <sys/types.h>
| #endif
| #ifdef HAVE_SYS_STAT_H
| # include <sys/stat.h>
| #endif
| #ifdef STDC_HEADERS
| # include <stdlib.h>
| # include <stddef.h>
| #else
| # ifdef HAVE_STDLIB_H
| #  include <stdlib.h>
| # endif
| #endif
| #ifdef HAVE_STRING_H
| # if !defined STDC_HEADERS && defined HAVE_MEMORY_H
| #  include <memory.h>
| # endif
| # include <string.h>
| #endif
| #ifdef HAVE_STRINGS_H
| # include <strings.h>
| #endif
| #ifdef HAVE_INTTYPES_H
| # include <inttypes.h>
| #endif
| #ifdef HAVE_STDINT_H
| # include <stdint.h>
| #endif
| #ifdef HAVE_UNISTD_H
| # include <unistd.h>
| #endif
| #include <sys/fpu.h>
configure:10911: result: no
configure:10911: checking sys/fpu.h presence
configure:10911: cc -E  -I/home/ky0ko/code/netbsd-gc/src/obj/tooldir.Linux-5.4.7-arch1-1-x86_64/include conftest.c
conftest.c:28:10: fatal error: sys/fpu.h: No such file or directory
   28 | #include <sys/fpu.h>
      |          ^~~~~~~~~~~
compilation terminated.
configure:10911: $? = 1
configure: failed program was:
| /* confdefs.h */
| #define PACKAGE_NAME "MPFR"
| #define PACKAGE_TARNAME "mpfr"
| #define PACKAGE_VERSION "4.0.1"
| #define PACKAGE_STRING "MPFR 4.0.1"
| #define PACKAGE_BUGREPORT ""
| #define PACKAGE_URL ""
| #define STDC_HEADERS 1
| #define HAVE_SYS_TYPES_H 1
| #define HAVE_SYS_STAT_H 1
| #define HAVE_STDLIB_H 1
| #define HAVE_STRING_H 1
| #define HAVE_MEMORY_H 1
| #define HAVE_STRINGS_H 1
| #define HAVE_INTTYPES_H 1
| #define HAVE_STDINT_H 1
| #define HAVE_UNISTD_H 1
| #define HAVE_DLFCN_H 1
| #define LT_OBJDIR ".libs/"
| #define HAVE_DOUBLE_IEEE_LITTLE_ENDIAN 1
| #define HAVE_LITTLE_ENDIAN 1
| #define TIME_WITH_SYS_TIME 1
| #define HAVE_LOCALE_H 1
| #define HAVE_WCHAR_H 1
| #define HAVE_STDARG 1
| #define HAVE_SYS_TIME_H 1
| /* end confdefs.h.  */
| #include <sys/fpu.h>
configure:10911: result: no
configure:10911: checking for sys/fpu.h
configure:10911: result: no
configure:10922: checking for struct lconv.decimal_point
configure:10922: cc -c -O  -I/home/ky0ko/code/netbsd-gc/src/obj/tooldir.Linux-5.4.7-arch1-1-x86_64/include conftest.c >&5
configure:10922: $? = 0
configure:10922: result: yes
configure:10932: checking for struct lconv.thousands_sep
configure:10932: cc -c -O  -I/home/ky0ko/code/netbsd-gc/src/obj/tooldir.Linux-5.4.7-arch1-1-x86_64/include conftest.c >&5
configure:10932: $? = 0
configure:10932: result: yes
configure:10946: checking for working alloca.h
configure:10963: cc -o conftest -O  -I/home/ky0ko/code/netbsd-gc/src/obj/tooldir.Linux-5.4.7-arch1-1-x86_64/include  -L/home/ky0ko/code/netbsd-gc/src/obj/tooldir.Linux-5.4.7-arch1-1-x86_64/lib conftest.c  >&5
configure:10963: $? = 0
configure:10971: result: yes
configure:10979: checking for alloca
configure:11016: cc -o conftest -O  -I/home/ky0ko/code/netbsd-gc/src/obj/tooldir.Linux-5.4.7-arch1-1-x86_64/include  -L/home/ky0ko/code/netbsd-gc/src/obj/tooldir.Linux-5.4.7-arch1-1-x86_64/lib conftest.c  >&5
configure:11016: $? = 0
configure:11024: result: yes
configure:11131: checking how to copy va_list
configure:11149: cc -o conftest -O  -I/home/ky0ko/code/netbsd-gc/src/obj/tooldir.Linux-5.4.7-arch1-1-x86_64/include  -L/home/ky0ko/code/netbsd-gc/src/obj/tooldir.Linux-5.4.7-arch1-1-x86_64/lib conftest.c  >&5
configure:11149: $? = 0
configure:11151: result: va_copy
configure:11190: checking for memmove
configure:11190: cc -o conftest -O  -I/home/ky0ko/code/netbsd-gc/src/obj/tooldir.Linux-5.4.7-arch1-1-x86_64/include  -L/home/ky0ko/code/netbsd-gc/src/obj/tooldir.Linux-5.4.7-arch1-1-x86_64/lib conftest.c  >&5
conftest.c:56:6: warning: conflicting types for built-in function 'memmove'; expected 'void *(void *, const void *, long unsigned int)' [-Wbuiltin-declaration-mismatch]
   56 | char memmove ();
      |      ^~~~~~~
conftest.c:44:1: note: 'memmove' is declared in header '<string.h>'
   43 | # include <limits.h>
   44 | #else
configure:11190: $? = 0
configure:11190: result: yes
configure:11190: checking for memset
configure:11190: cc -o conftest -O  -I/home/ky0ko/code/netbsd-gc/src/obj/tooldir.Linux-5.4.7-arch1-1-x86_64/include  -L/home/ky0ko/code/netbsd-gc/src/obj/tooldir.Linux-5.4.7-arch1-1-x86_64/lib conftest.c  >&5
conftest.c:57:6: warning: conflicting types for built-in function 'memset'; expected 'void *(void *, int,  long unsigned int)' [-Wbuiltin-declaration-mismatch]
   57 | char memset ();
      |      ^~~~~~
conftest.c:45:1: note: 'memset' is declared in header '<string.h>'
   44 | # include <limits.h>
   45 | #else
configure:11190: $? = 0
configure:11190: result: yes
configure:11190: checking for setlocale
configure:11190: cc -o conftest -O  -I/home/ky0ko/code/netbsd-gc/src/obj/tooldir.Linux-5.4.7-arch1-1-x86_64/include  -L/home/ky0ko/code/netbsd-gc/src/obj/tooldir.Linux-5.4.7-arch1-1-x86_64/lib conftest.c  >&5
configure:11190: $? = 0
configure:11190: result: yes
configure:11190: checking for strtol
configure:11190: cc -o conftest -O  -I/home/ky0ko/code/netbsd-gc/src/obj/tooldir.Linux-5.4.7-arch1-1-x86_64/include  -L/home/ky0ko/code/netbsd-gc/src/obj/tooldir.Linux-5.4.7-arch1-1-x86_64/lib conftest.c  >&5
configure:11190: $? = 0
configure:11190: result: yes
configure:11190: checking for gettimeofday
configure:11190: cc -o conftest -O  -I/home/ky0ko/code/netbsd-gc/src/obj/tooldir.Linux-5.4.7-arch1-1-x86_64/include  -L/home/ky0ko/code/netbsd-gc/src/obj/tooldir.Linux-5.4.7-arch1-1-x86_64/lib conftest.c  >&5
configure:11190: $? = 0
configure:11190: result: yes
configure:11190: checking for signal
configure:11190: cc -o conftest -O  -I/home/ky0ko/code/netbsd-gc/src/obj/tooldir.Linux-5.4.7-arch1-1-x86_64/include  -L/home/ky0ko/code/netbsd-gc/src/obj/tooldir.Linux-5.4.7-arch1-1-x86_64/lib conftest.c  >&5
configure:11190: $? = 0
configure:11190: result: yes
configure:11200: checking for sigaction and its associated structure
configure:11219: cc -o conftest -O  -I/home/ky0ko/code/netbsd-gc/src/obj/tooldir.Linux-5.4.7-arch1-1-x86_64/include  -L/home/ky0ko/code/netbsd-gc/src/obj/tooldir.Linux-5.4.7-arch1-1-x86_64/lib conftest.c  >&5
configure:11219: $? = 0
configure:11221: result: yes
configure:11234: checking for long long int
configure:11234: cc -c -O  -I/home/ky0ko/code/netbsd-gc/src/obj/tooldir.Linux-5.4.7-arch1-1-x86_64/include conftest.c >&5
configure:11234: $? = 0
configure:11234: cc -c -O  -I/home/ky0ko/code/netbsd-gc/src/obj/tooldir.Linux-5.4.7-arch1-1-x86_64/include conftest.c >&5
conftest.c: In function 'main':
conftest.c:76:28: error: expected expression before ')' token
   76 | if (sizeof ((long long int)))
      |                            ^
configure:11234: $? = 1
configure: failed program was:
| /* confdefs.h */
| #define PACKAGE_NAME "MPFR"
| #define PACKAGE_TARNAME "mpfr"
| #define PACKAGE_VERSION "4.0.1"
| #define PACKAGE_STRING "MPFR 4.0.1"
| #define PACKAGE_BUGREPORT ""
| #define PACKAGE_URL ""
| #define STDC_HEADERS 1
| #define HAVE_SYS_TYPES_H 1
| #define HAVE_SYS_STAT_H 1
| #define HAVE_STDLIB_H 1
| #define HAVE_STRING_H 1
| #define HAVE_MEMORY_H 1
| #define HAVE_STRINGS_H 1
| #define HAVE_INTTYPES_H 1
| #define HAVE_STDINT_H 1
| #define HAVE_UNISTD_H 1
| #define HAVE_DLFCN_H 1
| #define LT_OBJDIR ".libs/"
| #define HAVE_DOUBLE_IEEE_LITTLE_ENDIAN 1
| #define HAVE_LITTLE_ENDIAN 1
| #define TIME_WITH_SYS_TIME 1
| #define HAVE_LOCALE_H 1
| #define HAVE_WCHAR_H 1
| #define HAVE_STDARG 1
| #define HAVE_SYS_TIME_H 1
| #define HAVE_STRUCT_LCONV_DECIMAL_POINT 1
| #define HAVE_STRUCT_LCONV_THOUSANDS_SEP 1
| #define HAVE_ALLOCA_H 1
| #define HAVE_ALLOCA 1
| #define HAVE_VA_COPY 1
| #define HAVE_MEMMOVE 1
| #define HAVE_MEMSET 1
| #define HAVE_SETLOCALE 1
| #define HAVE_STRTOL 1
| #define HAVE_GETTIMEOFDAY 1
| #define HAVE_SIGNAL 1
| #define HAVE_SIGACTION 1
| /* end confdefs.h.  */
| #include <stdio.h>
| #ifdef HAVE_SYS_TYPES_H
| # include <sys/types.h>
| #endif
| #ifdef HAVE_SYS_STAT_H
| # include <sys/stat.h>
| #endif
| #ifdef STDC_HEADERS
| # include <stdlib.h>
| # include <stddef.h>
| #else
| # ifdef HAVE_STDLIB_H
| #  include <stdlib.h>
| # endif
| #endif
| #ifdef HAVE_STRING_H
| # if !defined STDC_HEADERS && defined HAVE_MEMORY_H
| #  include <memory.h>
| # endif
| # include <string.h>
| #endif
| #ifdef HAVE_STRINGS_H
| # include <strings.h>
| #endif
| #ifdef HAVE_INTTYPES_H
| # include <inttypes.h>
| #endif
| #ifdef HAVE_STDINT_H
| # include <stdint.h>
| #endif
| #ifdef HAVE_UNISTD_H
| # include <unistd.h>
| #endif
| int
| main (void)
| {
| if (sizeof ((long long int)))
| 	    return 0;
|   ;
|   return 0;
| }
configure:11234: result: yes
configure:11242: checking for intmax_t
configure:11242: cc -c -O  -I/home/ky0ko/code/netbsd-gc/src/obj/tooldir.Linux-5.4.7-arch1-1-x86_64/include conftest.c >&5
configure:11242: $? = 0
configure:11242: cc -c -O  -I/home/ky0ko/code/netbsd-gc/src/obj/tooldir.Linux-5.4.7-arch1-1-x86_64/include conftest.c >&5
conftest.c: In function 'main':
conftest.c:77:23: error: expected expression before ')' token
   77 | if (sizeof ((intmax_t)))
      |                       ^
configure:11242: $? = 1
configure: failed program was:
| /* confdefs.h */
| #define PACKAGE_NAME "MPFR"
| #define PACKAGE_TARNAME "mpfr"
| #define PACKAGE_VERSION "4.0.1"
| #define PACKAGE_STRING "MPFR 4.0.1"
| #define PACKAGE_BUGREPORT ""
| #define PACKAGE_URL ""
| #define STDC_HEADERS 1
| #define HAVE_SYS_TYPES_H 1
| #define HAVE_SYS_STAT_H 1
| #define HAVE_STDLIB_H 1
| #define HAVE_STRING_H 1
| #define HAVE_MEMORY_H 1
| #define HAVE_STRINGS_H 1
| #define HAVE_INTTYPES_H 1
| #define HAVE_STDINT_H 1
| #define HAVE_UNISTD_H 1
| #define HAVE_DLFCN_H 1
| #define LT_OBJDIR ".libs/"
| #define HAVE_DOUBLE_IEEE_LITTLE_ENDIAN 1
| #define HAVE_LITTLE_ENDIAN 1
| #define TIME_WITH_SYS_TIME 1
| #define HAVE_LOCALE_H 1
| #define HAVE_WCHAR_H 1
| #define HAVE_STDARG 1
| #define HAVE_SYS_TIME_H 1
| #define HAVE_STRUCT_LCONV_DECIMAL_POINT 1
| #define HAVE_STRUCT_LCONV_THOUSANDS_SEP 1
| #define HAVE_ALLOCA_H 1
| #define HAVE_ALLOCA 1
| #define HAVE_VA_COPY 1
| #define HAVE_MEMMOVE 1
| #define HAVE_MEMSET 1
| #define HAVE_SETLOCALE 1
| #define HAVE_STRTOL 1
| #define HAVE_GETTIMEOFDAY 1
| #define HAVE_SIGNAL 1
| #define HAVE_SIGACTION 1
| #define HAVE_LONG_LONG 1
| /* end confdefs.h.  */
| #include <stdio.h>
| #ifdef HAVE_SYS_TYPES_H
| # include <sys/types.h>
| #endif
| #ifdef HAVE_SYS_STAT_H
| # include <sys/stat.h>
| #endif
| #ifdef STDC_HEADERS
| # include <stdlib.h>
| # include <stddef.h>
| #else
| # ifdef HAVE_STDLIB_H
| #  include <stdlib.h>
| # endif
| #endif
| #ifdef HAVE_STRING_H
| # if !defined STDC_HEADERS && defined HAVE_MEMORY_H
| #  include <memory.h>
| # endif
| # include <string.h>
| #endif
| #ifdef HAVE_STRINGS_H
| # include <strings.h>
| #endif
| #ifdef HAVE_INTTYPES_H
| # include <inttypes.h>
| #endif
| #ifdef HAVE_STDINT_H
| # include <stdint.h>
| #endif
| #ifdef HAVE_UNISTD_H
| # include <unistd.h>
| #endif
| int
| main (void)
| {
| if (sizeof ((intmax_t)))
| 	    return 0;
|   ;
|   return 0;
| }
configure:11242: result: yes
configure:11253: checking for working INTMAX_MAX
configure:11273: cc -c -O  -I/home/ky0ko/code/netbsd-gc/src/obj/tooldir.Linux-5.4.7-arch1-1-x86_64/include -I/home/ky0ko/code/netbsd-gc/src/tools/mpfr/../../external/lgpl3/mpfr/dist/src conftest.c >&5
configure:11273: $? = 0
configure:11282: result: yes
configure:11289: checking for working printf length modifier for intmax_t
configure:11323: cc -o conftest -O  -I/home/ky0ko/code/netbsd-gc/src/obj/tooldir.Linux-5.4.7-arch1-1-x86_64/include -I/home/ky0ko/code/netbsd-gc/src/tools/mpfr/../../external/lgpl3/mpfr/dist/src  -L/home/ky0ko/code/netbsd-gc/src/obj/tooldir.Linux-5.4.7-arch1-1-x86_64/lib conftest.c  >&5
configure:11323: $? = 0
configure:11323: ./conftest
configure:11323: $? = 0
configure:11336: result: j
configure:11347: checking for union fpc_csr
configure:11347: cc -c -O  -I/home/ky0ko/code/netbsd-gc/src/obj/tooldir.Linux-5.4.7-arch1-1-x86_64/include conftest.c >&5
conftest.c: In function 'main':
conftest.c:53:13: error: invalid application of 'sizeof' to incomplete type 'union fpc_csr'
   53 | if (sizeof (union fpc_csr))
      |             ^~~~~
configure:11347: $? = 1
configure: failed program was:
| /* confdefs.h */
| #define PACKAGE_NAME "MPFR"
| #define PACKAGE_TARNAME "mpfr"
| #define PACKAGE_VERSION "4.0.1"
| #define PACKAGE_STRING "MPFR 4.0.1"
| #define PACKAGE_BUGREPORT ""
| #define PACKAGE_URL ""
| #define STDC_HEADERS 1
| #define HAVE_SYS_TYPES_H 1
| #define HAVE_SYS_STAT_H 1
| #define HAVE_STDLIB_H 1
| #define HAVE_STRING_H 1
| #define HAVE_MEMORY_H 1
| #define HAVE_STRINGS_H 1
| #define HAVE_INTTYPES_H 1
| #define HAVE_STDINT_H 1
| #define HAVE_UNISTD_H 1
| #define HAVE_DLFCN_H 1
| #define LT_OBJDIR ".libs/"
| #define HAVE_DOUBLE_IEEE_LITTLE_ENDIAN 1
| #define HAVE_LITTLE_ENDIAN 1
| #define TIME_WITH_SYS_TIME 1
| #define HAVE_LOCALE_H 1
| #define HAVE_WCHAR_H 1
| #define HAVE_STDARG 1
| #define HAVE_SYS_TIME_H 1
| #define HAVE_STRUCT_LCONV_DECIMAL_POINT 1
| #define HAVE_STRUCT_LCONV_THOUSANDS_SEP 1
| #define HAVE_ALLOCA_H 1
| #define HAVE_ALLOCA 1
| #define HAVE_VA_COPY 1
| #define HAVE_MEMMOVE 1
| #define HAVE_MEMSET 1
| #define HAVE_SETLOCALE 1
| #define HAVE_STRTOL 1
| #define HAVE_GETTIMEOFDAY 1
| #define HAVE_SIGNAL 1
| #define HAVE_SIGACTION 1
| #define HAVE_LONG_LONG 1
| #define HAVE_INTMAX_T 1
| #define MPFR_HAVE_INTMAX_MAX 1
| #define MPFR_PRINTF_MAXLM "j"
| /* end confdefs.h.  */
| 
| #if HAVE_SYS_FPU_H
| #  include <sys/fpu.h>
| #endif
| 
| 
| int
| main (void)
| {
| if (sizeof (union fpc_csr))
| 	 return 0;
|   ;
|   return 0;
| }
configure:11347: result: no
configure:11360: checking for _Noreturn
configure:11370: cc -c -O  -I/home/ky0ko/code/netbsd-gc/src/obj/tooldir.Linux-5.4.7-arch1-1-x86_64/include conftest.c >&5
configure:11370: $? = 0
configure:11378: result: yes
configure:11386: checking for __builtin_unreachable
configure:11404: cc -o conftest -O  -I/home/ky0ko/code/netbsd-gc/src/obj/tooldir.Linux-5.4.7-arch1-1-x86_64/include  -L/home/ky0ko/code/netbsd-gc/src/obj/tooldir.Linux-5.4.7-arch1-1-x86_64/lib conftest.c  >&5
configure:11404: $? = 0
configure:11413: result: yes
configure:11422: checking for constructor and destructor attributes
configure:11444: cc -o conftest -O  -I/home/ky0ko/code/netbsd-gc/src/obj/tooldir.Linux-5.4.7-arch1-1-x86_64/include  -L/home/ky0ko/code/netbsd-gc/src/obj/tooldir.Linux-5.4.7-arch1-1-x86_64/lib conftest.c  >&5
configure:11444: $? = 0
configure:11445: result: yes
configure:11647: checking whether cc is Clang
configure:11672: result: no
configure:11795: checking whether pthreads work with -pthread
configure:11889: cc -o conftest -O -pthread  -I/home/ky0ko/code/netbsd-gc/src/obj/tooldir.Linux-5.4.7-arch1-1-x86_64/include  -L/home/ky0ko/code/netbsd-gc/src/obj/tooldir.Linux-5.4.7-arch1-1-x86_64/lib conftest.c   >&5
configure:11889: $? = 0
configure:11898: result: yes
configure:11917: checking for joinable pthread attribute
configure:11935: cc -o conftest -O -pthread  -I/home/ky0ko/code/netbsd-gc/src/obj/tooldir.Linux-5.4.7-arch1-1-x86_64/include  -L/home/ky0ko/code/netbsd-gc/src/obj/tooldir.Linux-5.4.7-arch1-1-x86_64/lib conftest.c   >&5
configure:11935: $? = 0
configure:11943: result: PTHREAD_CREATE_JOINABLE
configure:11957: checking whether more special flags are required for pthreads
configure:11970: result: no
configure:11978: checking for PTHREAD_PRIO_INHERIT
configure:11994: cc -o conftest -O -pthread  -I/home/ky0ko/code/netbsd-gc/src/obj/tooldir.Linux-5.4.7-arch1-1-x86_64/include  -L/home/ky0ko/code/netbsd-gc/src/obj/tooldir.Linux-5.4.7-arch1-1-x86_64/lib conftest.c   >&5
configure:11994: $? = 0
configure:12003: result: yes
configure:12107: checking for ISO C11 thread support
configure:12139: cc -o conftest -O  -I/home/ky0ko/code/netbsd-gc/src/obj/tooldir.Linux-5.4.7-arch1-1-x86_64/include  -L/home/ky0ko/code/netbsd-gc/src/obj/tooldir.Linux-5.4.7-arch1-1-x86_64/lib conftest.c  >&5
conftest.c:51:10: fatal error: thread.h: No such file or directory
   51 | #include <thread.h>
      |          ^~~~~~~~~~
compilation terminated.
configure:12139: $? = 1
configure: failed program was:
| /* confdefs.h */
| #define PACKAGE_NAME "MPFR"
| #define PACKAGE_TARNAME "mpfr"
| #define PACKAGE_VERSION "4.0.1"
| #define PACKAGE_STRING "MPFR 4.0.1"
| #define PACKAGE_BUGREPORT ""
| #define PACKAGE_URL ""
| #define STDC_HEADERS 1
| #define HAVE_SYS_TYPES_H 1
| #define HAVE_SYS_STAT_H 1
| #define HAVE_STDLIB_H 1
| #define HAVE_STRING_H 1
| #define HAVE_MEMORY_H 1
| #define HAVE_STRINGS_H 1
| #define HAVE_INTTYPES_H 1
| #define HAVE_STDINT_H 1
| #define HAVE_UNISTD_H 1
| #define HAVE_DLFCN_H 1
| #define LT_OBJDIR ".libs/"
| #define HAVE_DOUBLE_IEEE_LITTLE_ENDIAN 1
| #define HAVE_LITTLE_ENDIAN 1
| #define TIME_WITH_SYS_TIME 1
| #define HAVE_LOCALE_H 1
| #define HAVE_WCHAR_H 1
| #define HAVE_STDARG 1
| #define HAVE_SYS_TIME_H 1
| #define HAVE_STRUCT_LCONV_DECIMAL_POINT 1
| #define HAVE_STRUCT_LCONV_THOUSANDS_SEP 1
| #define HAVE_ALLOCA_H 1
| #define HAVE_ALLOCA 1
| #define HAVE_VA_COPY 1
| #define HAVE_MEMMOVE 1
| #define HAVE_MEMSET 1
| #define HAVE_SETLOCALE 1
| #define HAVE_STRTOL 1
| #define HAVE_GETTIMEOFDAY 1
| #define HAVE_SIGNAL 1
| #define HAVE_SIGACTION 1
| #define HAVE_LONG_LONG 1
| #define HAVE_INTMAX_T 1
| #define MPFR_HAVE_INTMAX_MAX 1
| #define MPFR_PRINTF_MAXLM "j"
| #define MPFR_HAVE_NORETURN 1
| #define MPFR_HAVE_BUILTIN_UNREACHABLE 1
| #define MPFR_HAVE_CONSTRUCTOR_ATTR 1
| #define HAVE_PTHREAD_PRIO_INHERIT 1
| #define HAVE_PTHREAD 1
| /* end confdefs.h.  */
| 
| #include <assert.h>
| #include <thread.h>
|  mtx_t lock;
|  once_flag once = ONCE_FLAG_INIT;
|  thrd_t thd_idx;
|  int x = 0;
|  void once_call (void) { x = 1; }
| 
| int
| main (void)
| {
| 
|     int err;
|     err = mtx_init(&lock, mtx_plain);
|     assert(err == thrd_success);
|     err = mtx_lock(&lock);
|     assert(err == thrd_success);
|     err = mtx_unlock(&lock);
|     assert(err == thrd_success);
|     mtx_destroy(&lock);
|     once_call(&once, once_call);
|     return x == 1 ? 0 : -1;
| 
|   ;
|   return 0;
| }
configure:12144: result: no
configure:12158: checking for fesetround
configure:12177: cc -o conftest -O  -I/home/ky0ko/code/netbsd-gc/src/obj/tooldir.Linux-5.4.7-arch1-1-x86_64/include  -L/home/ky0ko/code/netbsd-gc/src/obj/tooldir.Linux-5.4.7-arch1-1-x86_64/lib conftest.c  -lm >&5
configure:12177: $? = 0
configure:12187: result: yes
configure:12196: checking for gcc float-conversion bug
configure:12236: cc -o conftest -O  -I/home/ky0ko/code/netbsd-gc/src/obj/tooldir.Linux-5.4.7-arch1-1-x86_64/include  -L/home/ky0ko/code/netbsd-gc/src/obj/tooldir.Linux-5.4.7-arch1-1-x86_64/lib conftest.c  -lm >&5
configure:12236: $? = 0
configure:12236: ./conftest
configure:12236: $? = 0
configure:12248: result: no
configure:12255: checking for subnormal double-precision numbers
configure:12275: cc -o conftest -O  -I/home/ky0ko/code/netbsd-gc/src/obj/tooldir.Linux-5.4.7-arch1-1-x86_64/include  -L/home/ky0ko/code/netbsd-gc/src/obj/tooldir.Linux-5.4.7-arch1-1-x86_64/lib conftest.c  >&5
configure:12275: $? = 0
configure:12275: ./conftest
1.112537e-308
configure:12275: $? = 0
configure:12286: result: yes
configure:12293: checking for subnormal single-precision numbers
configure:12313: cc -o conftest -O  -I/home/ky0ko/code/netbsd-gc/src/obj/tooldir.Linux-5.4.7-arch1-1-x86_64/include  -L/home/ky0ko/code/netbsd-gc/src/obj/tooldir.Linux-5.4.7-arch1-1-x86_64/lib conftest.c  >&5
configure:12313: $? = 0
configure:12313: ./conftest
5.877472e-39
configure:12313: $? = 0
configure:12324: result: yes
configure:12332: checking for signed zeros
configure:12349: cc -o conftest -O  -I/home/ky0ko/code/netbsd-gc/src/obj/tooldir.Linux-5.4.7-arch1-1-x86_64/include  -L/home/ky0ko/code/netbsd-gc/src/obj/tooldir.Linux-5.4.7-arch1-1-x86_64/lib conftest.c  >&5
configure:12349: $? = 0
configure:12349: ./conftest
configure:12349: $? = 0
configure:12360: result: yes
configure:12368: checking if the FP division by 0 fails
configure:12389: cc -o conftest -O  -I/home/ky0ko/code/netbsd-gc/src/obj/tooldir.Linux-5.4.7-arch1-1-x86_64/include  -L/home/ky0ko/code/netbsd-gc/src/obj/tooldir.Linux-5.4.7-arch1-1-x86_64/lib conftest.c  >&5
configure:12389: $? = 0
configure:12389: ./conftest
configure:12389: $? = 0
configure:12400: result: no
configure:12414: checking if NAN == NAN
configure:12438: cc -o conftest -O  -I/home/ky0ko/code/netbsd-gc/src/obj/tooldir.Linux-5.4.7-arch1-1-x86_64/include  -L/home/ky0ko/code/netbsd-gc/src/obj/tooldir.Linux-5.4.7-arch1-1-x86_64/lib conftest.c  >&5
configure:12438: $? = 0
configure:12438: ./conftest
configure:12438: $? = 1
configure: program exited with status 1
configure: failed program was:
| /* confdefs.h */
| #define PACKAGE_NAME "MPFR"
| #define PACKAGE_TARNAME "mpfr"
| #define PACKAGE_VERSION "4.0.1"
| #define PACKAGE_STRING "MPFR 4.0.1"
| #define PACKAGE_BUGREPORT ""
| #define PACKAGE_URL ""
| #define STDC_HEADERS 1
| #define HAVE_SYS_TYPES_H 1
| #define HAVE_SYS_STAT_H 1
| #define HAVE_STDLIB_H 1
| #define HAVE_STRING_H 1
| #define HAVE_MEMORY_H 1
| #define HAVE_STRINGS_H 1
| #define HAVE_INTTYPES_H 1
| #define HAVE_STDINT_H 1
| #define HAVE_UNISTD_H 1
| #define HAVE_DLFCN_H 1
| #define LT_OBJDIR ".libs/"
| #define HAVE_DOUBLE_IEEE_LITTLE_ENDIAN 1
| #define HAVE_LITTLE_ENDIAN 1
| #define TIME_WITH_SYS_TIME 1
| #define HAVE_LOCALE_H 1
| #define HAVE_WCHAR_H 1
| #define HAVE_STDARG 1
| #define HAVE_SYS_TIME_H 1
| #define HAVE_STRUCT_LCONV_DECIMAL_POINT 1
| #define HAVE_STRUCT_LCONV_THOUSANDS_SEP 1
| #define HAVE_ALLOCA_H 1
| #define HAVE_ALLOCA 1
| #define HAVE_VA_COPY 1
| #define HAVE_MEMMOVE 1
| #define HAVE_MEMSET 1
| #define HAVE_SETLOCALE 1
| #define HAVE_STRTOL 1
| #define HAVE_GETTIMEOFDAY 1
| #define HAVE_SIGNAL 1
| #define HAVE_SIGACTION 1
| #define HAVE_LONG_LONG 1
| #define HAVE_INTMAX_T 1
| #define MPFR_HAVE_INTMAX_MAX 1
| #define MPFR_PRINTF_MAXLM "j"
| #define MPFR_HAVE_NORETURN 1
| #define MPFR_HAVE_BUILTIN_UNREACHABLE 1
| #define MPFR_HAVE_CONSTRUCTOR_ATTR 1
| #define HAVE_PTHREAD_PRIO_INHERIT 1
| #define HAVE_PTHREAD 1
| #define MPFR_HAVE_FESETROUND 1
| #define HAVE_DENORMS 1
| #define HAVE_DENORMS_FLT 1
| #define HAVE_SIGNEDZ 1
| /* end confdefs.h.  */
| 
| #include <stdio.h>
| #include <math.h>
| #ifndef NAN
| # define NAN (0.0/0.0)
| #endif
| int main (void) {
|   double d;
|   d = NAN;
|   return d != d;
| }
| 
configure:12449: result: no
configure:12477: checking if charset has consecutive values
configure:12507: cc -o conftest -O  -I/home/ky0ko/code/netbsd-gc/src/obj/tooldir.Linux-5.4.7-arch1-1-x86_64/include  -L/home/ky0ko/code/netbsd-gc/src/obj/tooldir.Linux-5.4.7-arch1-1-x86_64/lib conftest.c  >&5
configure:12507: $? = 0
configure:12507: ./conftest
configure:12507: $? = 0
configure:12508: result: yes
configure:12526: checking for math/round
configure:12544: cc -o conftest -O  -I/home/ky0ko/code/netbsd-gc/src/obj/tooldir.Linux-5.4.7-arch1-1-x86_64/include  -L/home/ky0ko/code/netbsd-gc/src/obj/tooldir.Linux-5.4.7-arch1-1-x86_64/lib conftest.c  -lm >&5
configure:12544: $? = 0
configure:12546: result: yes
configure:12559: checking for math/trunc
configure:12577: cc -o conftest -O  -I/home/ky0ko/code/netbsd-gc/src/obj/tooldir.Linux-5.4.7-arch1-1-x86_64/include  -L/home/ky0ko/code/netbsd-gc/src/obj/tooldir.Linux-5.4.7-arch1-1-x86_64/lib conftest.c  -lm >&5
configure:12577: $? = 0
configure:12579: result: yes
configure:12592: checking for math/floor
configure:12610: cc -o conftest -O  -I/home/ky0ko/code/netbsd-gc/src/obj/tooldir.Linux-5.4.7-arch1-1-x86_64/include  -L/home/ky0ko/code/netbsd-gc/src/obj/tooldir.Linux-5.4.7-arch1-1-x86_64/lib conftest.c  -lm >&5
configure:12610: $? = 0
configure:12612: result: yes
configure:12625: checking for math/ceil
configure:12643: cc -o conftest -O  -I/home/ky0ko/code/netbsd-gc/src/obj/tooldir.Linux-5.4.7-arch1-1-x86_64/include  -L/home/ky0ko/code/netbsd-gc/src/obj/tooldir.Linux-5.4.7-arch1-1-x86_64/lib conftest.c  -lm >&5
configure:12643: $? = 0
configure:12645: result: yes
configure:12658: checking for math/nearbyint
configure:12676: cc -o conftest -O  -I/home/ky0ko/code/netbsd-gc/src/obj/tooldir.Linux-5.4.7-arch1-1-x86_64/include  -L/home/ky0ko/code/netbsd-gc/src/obj/tooldir.Linux-5.4.7-arch1-1-x86_64/lib conftest.c  -lm >&5
configure:12676: $? = 0
configure:12678: result: yes
configure:12691: checking for _mulx_u64
configure:12716: cc -o conftest -O  -I/home/ky0ko/code/netbsd-gc/src/obj/tooldir.Linux-5.4.7-arch1-1-x86_64/include  -L/home/ky0ko/code/netbsd-gc/src/obj/tooldir.Linux-5.4.7-arch1-1-x86_64/lib conftest.c  -lm >&5
In file included from /usr/lib/gcc/x86_64-pc-linux-gnu/9.2.0/include/immintrin.h:105,
                 from conftest.c:59:
conftest.c: In function 'main':
/usr/lib/gcc/x86_64-pc-linux-gnu/9.2.0/include/bmi2intrin.h:83:1: error: inlining failed in call to always_inline '_mulx_u64': target specific option mismatch
   83 | _mulx_u64 (unsigned long long __X, unsigned long long __Y,
      | ^~~~~~~~~
conftest.c:67:2: note: called from here
   67 |  _mulx_u64(-1, -1, &h2);
      |  ^~~~~~~~~~~~~~~~~~~~~~
In file included from /usr/lib/gcc/x86_64-pc-linux-gnu/9.2.0/include/immintrin.h:105,
                 from conftest.c:59:
/usr/lib/gcc/x86_64-pc-linux-gnu/9.2.0/include/bmi2intrin.h:83:1: error: inlining failed in call to always_inline '_mulx_u64': target specific option mismatch
   83 | _mulx_u64 (unsigned long long __X, unsigned long long __Y,
      | ^~~~~~~~~
conftest.c:66:2: note: called from here
   66 |  _mulx_u64(17, 42, &h1);
      |  ^~~~~~~~~~~~~~~~~~~~~~
configure:12716: $? = 1
configure: program exited with status 1
configure: failed program was:
| /* confdefs.h */
| #define PACKAGE_NAME "MPFR"
| #define PACKAGE_TARNAME "mpfr"
| #define PACKAGE_VERSION "4.0.1"
| #define PACKAGE_STRING "MPFR 4.0.1"
| #define PACKAGE_BUGREPORT ""
| #define PACKAGE_URL ""
| #define STDC_HEADERS 1
| #define HAVE_SYS_TYPES_H 1
| #define HAVE_SYS_STAT_H 1
| #define HAVE_STDLIB_H 1
| #define HAVE_STRING_H 1
| #define HAVE_MEMORY_H 1
| #define HAVE_STRINGS_H 1
| #define HAVE_INTTYPES_H 1
| #define HAVE_STDINT_H 1
| #define HAVE_UNISTD_H 1
| #define HAVE_DLFCN_H 1
| #define LT_OBJDIR ".libs/"
| #define HAVE_DOUBLE_IEEE_LITTLE_ENDIAN 1
| #define HAVE_LITTLE_ENDIAN 1
| #define TIME_WITH_SYS_TIME 1
| #define HAVE_LOCALE_H 1
| #define HAVE_WCHAR_H 1
| #define HAVE_STDARG 1
| #define HAVE_SYS_TIME_H 1
| #define HAVE_STRUCT_LCONV_DECIMAL_POINT 1
| #define HAVE_STRUCT_LCONV_THOUSANDS_SEP 1
| #define HAVE_ALLOCA_H 1
| #define HAVE_ALLOCA 1
| #define HAVE_VA_COPY 1
| #define HAVE_MEMMOVE 1
| #define HAVE_MEMSET 1
| #define HAVE_SETLOCALE 1
| #define HAVE_STRTOL 1
| #define HAVE_GETTIMEOFDAY 1
| #define HAVE_SIGNAL 1
| #define HAVE_SIGACTION 1
| #define HAVE_LONG_LONG 1
| #define HAVE_INTMAX_T 1
| #define MPFR_HAVE_INTMAX_MAX 1
| #define MPFR_PRINTF_MAXLM "j"
| #define MPFR_HAVE_NORETURN 1
| #define MPFR_HAVE_BUILTIN_UNREACHABLE 1
| #define MPFR_HAVE_CONSTRUCTOR_ATTR 1
| #define HAVE_PTHREAD_PRIO_INHERIT 1
| #define HAVE_PTHREAD 1
| #define MPFR_HAVE_FESETROUND 1
| #define HAVE_DENORMS 1
| #define HAVE_DENORMS_FLT 1
| #define HAVE_SIGNEDZ 1
| #define HAVE_ROUND 1
| #define HAVE_TRUNC 1
| #define HAVE_FLOOR 1
| #define HAVE_CEIL 1
| #define HAVE_NEARBYINT 1
| /* end confdefs.h.  */
| 
| #include <immintrin.h>
| 
| int
| main (void)
| {
| 
|  unsigned long long h1, h2;
|  _mulx_u64(17, 42, &h1);
|  _mulx_u64(-1, -1, &h2);
|  return h1 == 0 && h2 == -2 ? 0 : 1;
| 
|   ;
|   return 0;
| }
configure:12724: result: no
configure:12738: checking for long double
configure:12738: cc -c -O  -I/home/ky0ko/code/netbsd-gc/src/obj/tooldir.Linux-5.4.7-arch1-1-x86_64/include conftest.c >&5
configure:12738: $? = 0
configure:12738: cc -c -O  -I/home/ky0ko/code/netbsd-gc/src/obj/tooldir.Linux-5.4.7-arch1-1-x86_64/include conftest.c >&5
conftest.c: In function 'main':
conftest.c:94:26: error: expected expression before ')' token
   94 | if (sizeof ((long double)))
      |                          ^
configure:12738: $? = 1
configure: failed program was:
| /* confdefs.h */
| #define PACKAGE_NAME "MPFR"
| #define PACKAGE_TARNAME "mpfr"
| #define PACKAGE_VERSION "4.0.1"
| #define PACKAGE_STRING "MPFR 4.0.1"
| #define PACKAGE_BUGREPORT ""
| #define PACKAGE_URL ""
| #define STDC_HEADERS 1
| #define HAVE_SYS_TYPES_H 1
| #define HAVE_SYS_STAT_H 1
| #define HAVE_STDLIB_H 1
| #define HAVE_STRING_H 1
| #define HAVE_MEMORY_H 1
| #define HAVE_STRINGS_H 1
| #define HAVE_INTTYPES_H 1
| #define HAVE_STDINT_H 1
| #define HAVE_UNISTD_H 1
| #define HAVE_DLFCN_H 1
| #define LT_OBJDIR ".libs/"
| #define HAVE_DOUBLE_IEEE_LITTLE_ENDIAN 1
| #define HAVE_LITTLE_ENDIAN 1
| #define TIME_WITH_SYS_TIME 1
| #define HAVE_LOCALE_H 1
| #define HAVE_WCHAR_H 1
| #define HAVE_STDARG 1
| #define HAVE_SYS_TIME_H 1
| #define HAVE_STRUCT_LCONV_DECIMAL_POINT 1
| #define HAVE_STRUCT_LCONV_THOUSANDS_SEP 1
| #define HAVE_ALLOCA_H 1
| #define HAVE_ALLOCA 1
| #define HAVE_VA_COPY 1
| #define HAVE_MEMMOVE 1
| #define HAVE_MEMSET 1
| #define HAVE_SETLOCALE 1
| #define HAVE_STRTOL 1
| #define HAVE_GETTIMEOFDAY 1
| #define HAVE_SIGNAL 1
| #define HAVE_SIGACTION 1
| #define HAVE_LONG_LONG 1
| #define HAVE_INTMAX_T 1
| #define MPFR_HAVE_INTMAX_MAX 1
| #define MPFR_PRINTF_MAXLM "j"
| #define MPFR_HAVE_NORETURN 1
| #define MPFR_HAVE_BUILTIN_UNREACHABLE 1
| #define MPFR_HAVE_CONSTRUCTOR_ATTR 1
| #define HAVE_PTHREAD_PRIO_INHERIT 1
| #define HAVE_PTHREAD 1
| #define MPFR_HAVE_FESETROUND 1
| #define HAVE_DENORMS 1
| #define HAVE_DENORMS_FLT 1
| #define HAVE_SIGNEDZ 1
| #define HAVE_ROUND 1
| #define HAVE_TRUNC 1
| #define HAVE_FLOOR 1
| #define HAVE_CEIL 1
| #define HAVE_NEARBYINT 1
| /* end confdefs.h.  */
| #include <stdio.h>
| #ifdef HAVE_SYS_TYPES_H
| # include <sys/types.h>
| #endif
| #ifdef HAVE_SYS_STAT_H
| # include <sys/stat.h>
| #endif
| #ifdef STDC_HEADERS
| # include <stdlib.h>
| # include <stddef.h>
| #else
| # ifdef HAVE_STDLIB_H
| #  include <stdlib.h>
| # endif
| #endif
| #ifdef HAVE_STRING_H
| # if !defined STDC_HEADERS && defined HAVE_MEMORY_H
| #  include <memory.h>
| # endif
| # include <string.h>
| #endif
| #ifdef HAVE_STRINGS_H
| # include <strings.h>
| #endif
| #ifdef HAVE_INTTYPES_H
| # include <inttypes.h>
| #endif
| #ifdef HAVE_STDINT_H
| # include <stdint.h>
| #endif
| #ifdef HAVE_UNISTD_H
| # include <unistd.h>
| #endif
| int
| main (void)
| {
| if (sizeof ((long double)))
| 	    return 0;
|   ;
|   return 0;
| }
configure:12738: result: yes
configure:12748: checking format of `long double' floating point
configure:12775: cc -O  -I/home/ky0ko/code/netbsd-gc/src/obj/tooldir.Linux-5.4.7-arch1-1-x86_64/include -c conftest.c >&5 2>&1
configure:12778: $? = 0
configure:13073: result: IEEE extended, little endian
configure:13141: checking for TLS support using C11
configure:13162: cc -o conftest -O  -I/home/ky0ko/code/netbsd-gc/src/obj/tooldir.Linux-5.4.7-arch1-1-x86_64/include -I/home/ky0ko/code/netbsd-gc/src/tools/mpfr/../../external/lgpl3/mpfr/dist/src  -L/home/ky0ko/code/netbsd-gc/src/obj/tooldir.Linux-5.4.7-arch1-1-x86_64/lib conftest.c  >&5
configure:13162: $? = 0
configure:13162: ./conftest
configure:13162: $? = 0
configure:13163: result: yes
configure:13241: checking if compiler knows _Decimal64
configure:13254: cc -c -O  -I/home/ky0ko/code/netbsd-gc/src/obj/tooldir.Linux-5.4.7-arch1-1-x86_64/include conftest.c >&5
configure:13254: $? = 0
configure:13255: result: yes
configure:13257: checking decimal float format
configure:13288: cc -o conftest -O  -I/home/ky0ko/code/netbsd-gc/src/obj/tooldir.Linux-5.4.7-arch1-1-x86_64/include  -L/home/ky0ko/code/netbsd-gc/src/obj/tooldir.Linux-5.4.7-arch1-1-x86_64/lib conftest.c  >&5
configure:13288: $? = 0
configure:13288: ./conftest
configure:13288: $? = 81
configure: program exited with status 81
configure: failed program was:
| /* confdefs.h */
| #define PACKAGE_NAME "MPFR"
| #define PACKAGE_TARNAME "mpfr"
| #define PACKAGE_VERSION "4.0.1"
| #define PACKAGE_STRING "MPFR 4.0.1"
| #define PACKAGE_BUGREPORT ""
| #define PACKAGE_URL ""
| #define STDC_HEADERS 1
| #define HAVE_SYS_TYPES_H 1
| #define HAVE_SYS_STAT_H 1
| #define HAVE_STDLIB_H 1
| #define HAVE_STRING_H 1
| #define HAVE_MEMORY_H 1
| #define HAVE_STRINGS_H 1
| #define HAVE_INTTYPES_H 1
| #define HAVE_STDINT_H 1
| #define HAVE_UNISTD_H 1
| #define HAVE_DLFCN_H 1
| #define LT_OBJDIR ".libs/"
| #define HAVE_DOUBLE_IEEE_LITTLE_ENDIAN 1
| #define HAVE_LITTLE_ENDIAN 1
| #define TIME_WITH_SYS_TIME 1
| #define HAVE_LOCALE_H 1
| #define HAVE_WCHAR_H 1
| #define HAVE_STDARG 1
| #define HAVE_SYS_TIME_H 1
| #define HAVE_STRUCT_LCONV_DECIMAL_POINT 1
| #define HAVE_STRUCT_LCONV_THOUSANDS_SEP 1
| #define HAVE_ALLOCA_H 1
| #define HAVE_ALLOCA 1
| #define HAVE_VA_COPY 1
| #define HAVE_MEMMOVE 1
| #define HAVE_MEMSET 1
| #define HAVE_SETLOCALE 1
| #define HAVE_STRTOL 1
| #define HAVE_GETTIMEOFDAY 1
| #define HAVE_SIGNAL 1
| #define HAVE_SIGACTION 1
| #define HAVE_LONG_LONG 1
| #define HAVE_INTMAX_T 1
| #define MPFR_HAVE_INTMAX_MAX 1
| #define MPFR_PRINTF_MAXLM "j"
| #define MPFR_HAVE_NORETURN 1
| #define MPFR_HAVE_BUILTIN_UNREACHABLE 1
| #define MPFR_HAVE_CONSTRUCTOR_ATTR 1
| #define HAVE_PTHREAD_PRIO_INHERIT 1
| #define HAVE_PTHREAD 1
| #define MPFR_HAVE_FESETROUND 1
| #define HAVE_DENORMS 1
| #define HAVE_DENORMS_FLT 1
| #define HAVE_SIGNEDZ 1
| #define HAVE_ROUND 1
| #define HAVE_TRUNC 1
| #define HAVE_FLOOR 1
| #define HAVE_CEIL 1
| #define HAVE_NEARBYINT 1
| #define HAVE_LONG_DOUBLE 1
| #define HAVE_LDOUBLE_IEEE_EXT_LITTLE 1
| #define MPFR_USE_THREAD_SAFE 1
| #define MPFR_USE_C11_THREAD_SAFE 1
| /* end confdefs.h.  */
| 
| #include <stdlib.h>
| 
| int
| main (void)
| {
| 
| volatile _Decimal64 x = 1;
| union { double d; _Decimal64 d64; } y;
| if (x != x) return 83;
| y.d64 = 1234567890123456.0dd;
| return y.d == 0.14894469406741037E-123 ? 80 :
|        y.d == 0.59075095508629822E-68  ? 81 : 82;
| 
|   ;
|   return 0;
| }
configure:13306: result: BID
configure:13342: checking if compiler knows __float128 with C99 constants
configure:13355: cc -c -O  -I/home/ky0ko/code/netbsd-gc/src/obj/tooldir.Linux-5.4.7-arch1-1-x86_64/include conftest.c >&5
configure:13355: $? = 0
configure:13356: result: yes
configure:13372: checking for Static Assertion support
configure:13395: cc -c -O  -I/home/ky0ko/code/netbsd-gc/src/obj/tooldir.Linux-5.4.7-arch1-1-x86_64/include -I/home/ky0ko/code/netbsd-gc/src/tools/mpfr/../../external/lgpl3/mpfr/dist/src conftest.c >&5
configure:13395: $? = 0
configure:13396: result: yes
configure:13512: checking for library containing clock_gettime
configure:13543: cc -o conftest -O  -I/home/ky0ko/code/netbsd-gc/src/obj/tooldir.Linux-5.4.7-arch1-1-x86_64/include  -L/home/ky0ko/code/netbsd-gc/src/obj/tooldir.Linux-5.4.7-arch1-1-x86_64/lib conftest.c  >&5
configure:13543: $? = 0
configure:13560: result: none required
configure:13576: checking for gmp.h
configure:13584: cc -c -O  -I/home/ky0ko/code/netbsd-gc/src/obj/tooldir.Linux-5.4.7-arch1-1-x86_64/include conftest.c >&5
configure:13584: $? = 0
configure:13585: result: yes
configure:13693: checking whether gcc __attribute__ ((mode (XX))) works
configure:13709: cc -c -O  -I/home/ky0ko/code/netbsd-gc/src/obj/tooldir.Linux-5.4.7-arch1-1-x86_64/include conftest.c >&5
configure:13709: $? = 0
configure:13717: result: yes
configure:13729: checking for recent GMP
configure:13741: cc -c -O  -I/home/ky0ko/code/netbsd-gc/src/obj/tooldir.Linux-5.4.7-arch1-1-x86_64/include conftest.c >&5
configure:13741: $? = 0
configure:13742: result: yes
configure:13754: checking usable gmp.h at link time
configure:13769: cc -o conftest -O  -I/home/ky0ko/code/netbsd-gc/src/obj/tooldir.Linux-5.4.7-arch1-1-x86_64/include  -L/home/ky0ko/code/netbsd-gc/src/obj/tooldir.Linux-5.4.7-arch1-1-x86_64/lib conftest.c  >&5
configure:13769: $? = 0
configure:13770: result: yes
configure:13810: checking for GMP_NUMB_BITS and sizeof(mp_limb_t) consistency
configure:13839: cc -o conftest -O  -I/home/ky0ko/code/netbsd-gc/src/obj/tooldir.Linux-5.4.7-arch1-1-x86_64/include  -L/home/ky0ko/code/netbsd-gc/src/obj/tooldir.Linux-5.4.7-arch1-1-x86_64/lib conftest.c  >&5
configure:13839: $? = 0
configure:13839: ./conftest
configure:13839: $? = 0
configure:13840: result: yes
configure:13856: checking for __gmpz_init in -lgmp
configure:13881: cc -o conftest -O  -I/home/ky0ko/code/netbsd-gc/src/obj/tooldir.Linux-5.4.7-arch1-1-x86_64/include  -L/home/ky0ko/code/netbsd-gc/src/obj/tooldir.Linux-5.4.7-arch1-1-x86_64/lib conftest.c -lgmp   >&5
configure:13881: $? = 0
configure:13891: result: yes
configure:13901: checking if gmp.h version and libgmp version are the same
configure:13941: cc -o conftest -O  -I/home/ky0ko/code/netbsd-gc/src/obj/tooldir.Linux-5.4.7-arch1-1-x86_64/include  -L/home/ky0ko/code/netbsd-gc/src/obj/tooldir.Linux-5.4.7-arch1-1-x86_64/lib conftest.c -lgmp  >&5
configure:13941: $? = 0
configure:13941: ./conftest
gmp.h: 6.1.2 / libgmp: 6.1.2
configure:13941: $? = 0
configure:13942: result: yes
configure:13945: checking for GMP library vs header correctness
configure:13990: cc -o conftest -O  -I/home/ky0ko/code/netbsd-gc/src/obj/tooldir.Linux-5.4.7-arch1-1-x86_64/include  -L/home/ky0ko/code/netbsd-gc/src/obj/tooldir.Linux-5.4.7-arch1-1-x86_64/lib conftest.c -lgmp  >&5
configure:13990: $? = 0
configure:13990: ./conftest
GMP_NAIL_BITS     = 0
GMP_NUMB_BITS     = 64
mp_bits_per_limb  = 64
sizeof(mp_limb_t) = 8
configure:13990: $? = 0
configure:14001: result: yes
configure:14010: checking for double-to-integer conversion bug
configure:14048: cc -o conftest -O  -I/home/ky0ko/code/netbsd-gc/src/obj/tooldir.Linux-5.4.7-arch1-1-x86_64/include  -L/home/ky0ko/code/netbsd-gc/src/obj/tooldir.Linux-5.4.7-arch1-1-x86_64/lib conftest.c -lgmp  >&5
configure:14048: $? = 0
configure:14048: ./conftest
configure:14048: $? = 0
configure:14059: result: no
configure:14070: checking if gmp_printf supports "%jd"
configure:14106: cc -o conftest -O  -I/home/ky0ko/code/netbsd-gc/src/obj/tooldir.Linux-5.4.7-arch1-1-x86_64/include  -L/home/ky0ko/code/netbsd-gc/src/obj/tooldir.Linux-5.4.7-arch1-1-x86_64/lib conftest.c -lgmp  >&5
configure:14106: $? = 0
configure:14106: ./conftest
configure:14106: $? = 0
configure:14107: result: yes
configure:14125: checking if gmp_printf supports "%hhd"
configure:14156: cc -o conftest -O  -I/home/ky0ko/code/netbsd-gc/src/obj/tooldir.Linux-5.4.7-arch1-1-x86_64/include  -L/home/ky0ko/code/netbsd-gc/src/obj/tooldir.Linux-5.4.7-arch1-1-x86_64/lib conftest.c -lgmp  >&5
configure:14156: $? = 0
configure:14156: ./conftest
configure:14156: $? = 0
configure:14157: result: yes
configure:14174: checking if gmp_printf supports "%lld"
configure:14205: cc -o conftest -O  -I/home/ky0ko/code/netbsd-gc/src/obj/tooldir.Linux-5.4.7-arch1-1-x86_64/include  -L/home/ky0ko/code/netbsd-gc/src/obj/tooldir.Linux-5.4.7-arch1-1-x86_64/lib conftest.c -lgmp  >&5
configure:14205: $? = 0
configure:14205: ./conftest
configure:14205: $? = 0
configure:14206: result: yes
configure:14223: checking if gmp_printf supports "%Lf"
configure:14256: cc -o conftest -O  -I/home/ky0ko/code/netbsd-gc/src/obj/tooldir.Linux-5.4.7-arch1-1-x86_64/include  -L/home/ky0ko/code/netbsd-gc/src/obj/tooldir.Linux-5.4.7-arch1-1-x86_64/lib conftest.c -lgmp  >&5
configure:14256: $? = 0
configure:14256: ./conftest
configure:14256: $? = 0
configure:14257: result: yes
configure:14276: checking if gmp_printf supports "%td"
configure:14314: cc -o conftest -O  -I/home/ky0ko/code/netbsd-gc/src/obj/tooldir.Linux-5.4.7-arch1-1-x86_64/include  -L/home/ky0ko/code/netbsd-gc/src/obj/tooldir.Linux-5.4.7-arch1-1-x86_64/lib conftest.c -lgmp  >&5
configure:14314: $? = 0
configure:14314: ./conftest
configure:14314: $? = 0
configure:14315: result: yes
configure:14379: checking for __gmpn_sbpi1_divappr_q
configure:14379: cc -o conftest -O  -I/home/ky0ko/code/netbsd-gc/src/obj/tooldir.Linux-5.4.7-arch1-1-x86_64/include  -L/home/ky0ko/code/netbsd-gc/src/obj/tooldir.Linux-5.4.7-arch1-1-x86_64/lib conftest.c -lgmp  >&5
configure:14379: $? = 0
configure:14379: result: yes
configure:14390: checking for __gmpn_invert_limb
configure:14390: cc -o conftest -O  -I/home/ky0ko/code/netbsd-gc/src/obj/tooldir.Linux-5.4.7-arch1-1-x86_64/include  -L/home/ky0ko/code/netbsd-gc/src/obj/tooldir.Linux-5.4.7-arch1-1-x86_64/lib conftest.c -lgmp  >&5
configure:14390: $? = 0
configure:14390: result: yes
configure:14401: checking for __gmpn_rsblsh_n
configure:14401: cc -o conftest -O  -I/home/ky0ko/code/netbsd-gc/src/obj/tooldir.Linux-5.4.7-arch1-1-x86_64/include  -L/home/ky0ko/code/netbsd-gc/src/obj/tooldir.Linux-5.4.7-arch1-1-x86_64/lib conftest.c -lgmp  >&5
configure:14401: $? = 0
configure:14401: result: yes
configure:14413: checking for long to fit in mp_limb_t
configure:14438: cc -c -O  -I/home/ky0ko/code/netbsd-gc/src/obj/tooldir.Linux-5.4.7-arch1-1-x86_64/include -I/home/ky0ko/code/netbsd-gc/src/tools/mpfr/../../external/lgpl3/mpfr/dist/src conftest.c >&5
configure:14438: $? = 0
configure:14446: result: yes
configure:14459: checking for getrusage
configure:14459: cc -o conftest -O  -I/home/ky0ko/code/netbsd-gc/src/obj/tooldir.Linux-5.4.7-arch1-1-x86_64/include  -L/home/ky0ko/code/netbsd-gc/src/obj/tooldir.Linux-5.4.7-arch1-1-x86_64/lib conftest.c -lgmp  >&5
configure:14459: $? = 0
configure:14459: result: yes
configure:14634: checking that generated files are newer than configure
configure:14640: result: done
configure:14667: creating ./config.status

## ---------------------- ##
## Running config.status. ##
## ---------------------- ##

This file was extended by MPFR config.status 4.0.1, which was
generated by GNU Autoconf 2.69.  Invocation command line was

  CONFIG_FILES    = 
  CONFIG_HEADERS  = 
  CONFIG_LINKS    = 
  CONFIG_COMMANDS = 
  $ ./config.status 

on kumori

config.status:1030: creating Makefile
config.status:1030: creating mpfr.pc
config.status:1030: creating doc/Makefile
config.status:1030: creating src/Makefile
config.status:1030: creating tests/Makefile
config.status:1030: creating tune/Makefile
config.status:1030: creating src/mparam.h
config.status:1030: creating tools/bench/Makefile
config.status:1187: executing depfiles commands
config.status:1187: executing libtool commands

## ---------------- ##
## Cache variables. ##
## ---------------- ##

ac_cv_build=x86_64-pc-linux-gnu
ac_cv_c_bigendian=no
ac_cv_c_compiler_gnu=yes
ac_cv_c_const=yes
ac_cv_c_volatile=yes
ac_cv_env_CC_set=set
ac_cv_env_CC_value=cc
ac_cv_env_CFLAGS_set=set
ac_cv_env_CFLAGS_value=-O
ac_cv_env_CPPFLAGS_set=set
ac_cv_env_CPPFLAGS_value=
ac_cv_env_CPP_set=
ac_cv_env_CPP_value=
ac_cv_env_LDFLAGS_set=set
ac_cv_env_LDFLAGS_value=
ac_cv_env_LIBS_set=
ac_cv_env_LIBS_value=
ac_cv_env_LT_SYS_LIBRARY_PATH_set=
ac_cv_env_LT_SYS_LIBRARY_PATH_value=
ac_cv_env_build_alias_set=
ac_cv_env_build_alias_value=
ac_cv_env_host_alias_set=
ac_cv_env_host_alias_value=
ac_cv_env_target_alias_set=
ac_cv_env_target_alias_value=
ac_cv_func___gmpn_invert_limb=yes
ac_cv_func___gmpn_rsblsh_n=yes
ac_cv_func___gmpn_sbpi1_divappr_q=yes
ac_cv_func_alloca_works=yes
ac_cv_func_getrusage=yes
ac_cv_func_gettimeofday=yes
ac_cv_func_memmove=yes
ac_cv_func_memset=yes
ac_cv_func_setlocale=yes
ac_cv_func_signal=yes
ac_cv_func_strtol=yes
ac_cv_header_dlfcn_h=yes
ac_cv_header_float_h=yes
ac_cv_header_inttypes_h=yes
ac_cv_header_limits_h=yes
ac_cv_header_locale_h=yes
ac_cv_header_memory_h=yes
ac_cv_header_stdarg_h=yes
ac_cv_header_stdc=yes
ac_cv_header_stdint_h=yes
ac_cv_header_stdlib_h=yes
ac_cv_header_string_h=yes
ac_cv_header_strings_h=yes
ac_cv_header_sys_fpu_h=no
ac_cv_header_sys_stat_h=yes
ac_cv_header_sys_time_h=yes
ac_cv_header_sys_types_h=yes
ac_cv_header_time=yes
ac_cv_header_unistd_h=yes
ac_cv_header_wchar_h=yes
ac_cv_host=x86_64-pc-linux-gnu
ac_cv_lib_gmp___gmpz_init=yes
ac_cv_lib_m_main=yes
ac_cv_lib_quadmath_main=yes
ac_cv_member_struct_lconv_decimal_point=yes
ac_cv_member_struct_lconv_thousands_sep=yes
ac_cv_objext=o
ac_cv_path_EGREP='/usr/sbin/grep -E'
ac_cv_path_FGREP='/usr/sbin/grep -F'
ac_cv_path_GREP=/usr/sbin/grep
ac_cv_path_SED=/usr/sbin/sed
ac_cv_path_lt_DD=/usr/sbin/dd
ac_cv_path_mkdir='/home/ky0ko/code/netbsd-gc/src/obj/tooldir.Linux-5.4.7-arch1-1-x86_64/bin/powerpc--netbsd-install -d'
ac_cv_prog_AWK=/home/ky0ko/code/netbsd-gc/src/obj/tooldir.Linux-5.4.7-arch1-1-x86_64/bin/nbawk
ac_cv_prog_CPP='cc -E'
ac_cv_prog_ac_ct_CC=cc
ac_cv_prog_ac_ct_OBJDUMP=objdump
ac_cv_prog_ac_ct_RANLIB=ranlib
ac_cv_prog_ac_ct_STRIP=strip
ac_cv_prog_cc_c89=
ac_cv_prog_cc_g=yes
ac_cv_prog_make__home_ky0ko_code_netbsd_gc_src_obj_tooldir_Linux_5_4_7_arch1_1_x86_64_bin_nbmake_set=yes
ac_cv_search_clock_gettime='none required'
ac_cv_type_intmax_t=yes
ac_cv_type_long_double=yes
ac_cv_type_long_long_int=yes
ac_cv_type_size_t=yes
ac_cv_type_union_fpc_csr=no
ac_cv_working_alloca_h=yes
am_cv_CC_dependencies_compiler_type=gcc3
am_cv_ar_interface=ar
am_cv_make_support_nested_variables=yes
am_cv_prog_cc_c_o=yes
ax_cv_PTHREAD_CLANG=no
ax_cv_PTHREAD_JOINABLE_ATTR=PTHREAD_CREATE_JOINABLE
ax_cv_PTHREAD_PRIO_INHERIT=yes
ax_cv_PTHREAD_SPECIAL_FLAGS=no
gmp_cv_c_attribute_mode=yes
lt_cv_ar_at_file=@
lt_cv_deplibs_check_method=pass_all
lt_cv_file_magic_cmd='$MAGIC_CMD'
lt_cv_file_magic_test_file=
lt_cv_ld_reload_flag=-r
lt_cv_nm_interface='BSD nm'
lt_cv_objdir=.libs
lt_cv_path_LD=/usr/sbin/ld
lt_cv_path_NM='/usr/sbin/nm -B'
lt_cv_path_mainfest_tool=no
lt_cv_prog_compiler_c_o=yes
lt_cv_prog_compiler_pic='-fPIC -DPIC'
lt_cv_prog_compiler_pic_works=yes
lt_cv_prog_compiler_rtti_exceptions=no
lt_cv_prog_compiler_static_works=yes
lt_cv_prog_gnu_ld=yes
lt_cv_sharedlib_from_linklib_cmd='printf %s\n'
lt_cv_shlibpath_overrides_runpath=no
lt_cv_sys_global_symbol_pipe='sed -n -e '\''s/^.*[	 ]\([ABCDGIRSTW][ABCDGIRSTW]*\)[	 ][	 ]*\([_A-Za-z][_A-Za-z0-9]*\)$/\1 \2 \2/p'\'' | sed '\''/ __gnu_lto/d'\'''
lt_cv_sys_global_symbol_to_c_name_address='sed -n -e '\''s/^: \(.*\) .*$/  {"\1", (void *) 0},/p'\'' -e '\''s/^[ABCDGIRSTW][ABCDGIRSTW]* .* \(.*\)$/  {"\1", (void *) \&\1},/p'\'''
lt_cv_sys_global_symbol_to_c_name_address_lib_prefix='sed -n -e '\''s/^: \(.*\) .*$/  {"\1", (void *) 0},/p'\'' -e '\''s/^[ABCDGIRSTW][ABCDGIRSTW]* .* \(lib.*\)$/  {"\1", (void *) \&\1},/p'\'' -e '\''s/^[ABCDGIRSTW][ABCDGIRSTW]* .* \(.*\)$/  {"lib\1", (void *) \&\1},/p'\'''
lt_cv_sys_global_symbol_to_cdecl='sed -n -e '\''s/^T .* \(.*\)$/extern int \1();/p'\'' -e '\''s/^[ABCDGIRSTW][ABCDGIRSTW]* .* \(.*\)$/extern char \1;/p'\'''
lt_cv_sys_global_symbol_to_import=
lt_cv_sys_max_cmd_len=1572864
lt_cv_to_host_file_cmd=func_convert_file_noop
lt_cv_to_tool_file_cmd=func_convert_file_noop
lt_cv_truncate_bin='/usr/sbin/dd bs=4096 count=1'
mpfr_cv_c_long_double_format='IEEE extended, little endian'
mpfr_cv_check_gmp=yes
mpfr_cv_dbl_int_bug=no
mpfr_cv_errdivzero=no
mpfr_cv_gcc_floatconv_bug=no
mpfr_cv_have_builtin_unreachable=yes
mpfr_cv_have_denorms=yes
mpfr_cv_have_denorms_flt=yes
mpfr_cv_have_fesetround=yes
mpfr_cv_have_intmax_max=yes
mpfr_cv_have_noreturn=yes
mpfr_cv_have_signedz=yes
mpfr_cv_long_within_limb=yes
mpfr_cv_nanisnan=no
mpfr_cv_printf_maxlm=j

## ----------------- ##
## Output variables. ##
## ----------------- ##

ACLOCAL='${SHELL} /home/ky0ko/code/netbsd-gc/src/external/lgpl3/mpfr/dist/missing aclocal-1.15'
ALLOCA=''
AMDEPBACKSLASH='\'
AMDEP_FALSE='#'
AMDEP_TRUE=''
AMTAR='$${TAR-tar}'
AM_BACKSLASH='\'
AM_DEFAULT_V='$(AM_DEFAULT_VERBOSITY)'
AM_DEFAULT_VERBOSITY='1'
AM_V='$(V)'
AR='ar'
AS='as'
AUTOCONF='${SHELL} /home/ky0ko/code/netbsd-gc/src/external/lgpl3/mpfr/dist/missing autoconf'
AUTOHEADER='${SHELL} /home/ky0ko/code/netbsd-gc/src/external/lgpl3/mpfr/dist/missing autoheader'
AUTOMAKE='${SHELL} /home/ky0ko/code/netbsd-gc/src/external/lgpl3/mpfr/dist/missing automake-1.15'
AWK='/home/ky0ko/code/netbsd-gc/src/obj/tooldir.Linux-5.4.7-arch1-1-x86_64/bin/nbawk'
CC='cc'
CCDEPMODE='depmode=gcc3'
CFLAGS='-O'
CPP='cc -E'
CPPFLAGS=' -I/home/ky0ko/code/netbsd-gc/src/obj/tooldir.Linux-5.4.7-arch1-1-x86_64/include'
CYGPATH_W='echo'
DATAFILES=''
DEFS='-DHAVE_INTTYPES_H=1 -DHAVE_STDINT_H=1 -DLT_OBJDIR=\".libs/\" -DHAVE_DOUBLE_IEEE_LITTLE_ENDIAN=1 -DHAVE_LITTLE_ENDIAN=1 -DTIME_WITH_SYS_TIME=1 -DHAVE_LOCALE_H=1 -DHAVE_WCHAR_H=1 -DHAVE_STDARG=1 -DHAVE_SYS_TIME_H=1 -DHAVE_STRUCT_LCONV_DECIMAL_POINT=1 -DHAVE_STRUCT_LCONV_THOUSANDS_SEP=1 -DHAVE_ALLOCA_H=1 -DHAVE_VA_COPY=1 -DHAVE_SETLOCALE=1 -DHAVE_GETTIMEOFDAY=1 -DHAVE_SIGNAL=1 -DHAVE_SIGACTION=1 -DHAVE_LONG_LONG=1 -DHAVE_INTMAX_T=1 -DMPFR_HAVE_INTMAX_MAX=1 -DMPFR_PRINTF_MAXLM=\"j\" -DMPFR_HAVE_NORETURN=1 -DMPFR_HAVE_BUILTIN_UNREACHABLE=1 -DMPFR_HAVE_CONSTRUCTOR_ATTR=1 -DHAVE_PTHREAD_PRIO_INHERIT=1 -DHAVE_PTHREAD=1 -DMPFR_HAVE_FESETROUND=1 -DHAVE_DENORMS=1 -DHAVE_DENORMS_FLT=1 -DHAVE_SIGNEDZ=1 -DHAVE_ROUND=1 -DHAVE_TRUNC=1 -DHAVE_FLOOR=1 -DHAVE_CEIL=1 -DHAVE_NEARBYINT=1 -DHAVE_LDOUBLE_IEEE_EXT_LITTLE=1 -DMPFR_USE_THREAD_SAFE=1 -DMPFR_USE_C11_THREAD_SAFE=1 -DMPFR_WANT_DECIMAL_FLOATS=1 -DMPFR_WANT_FLOAT128=1 -DMPFR_USE_STATIC_ASSERT=1 -DHAVE_CLOCK_GETTIME=1 -DHAVE_ATTRIBUTE_MODE=1 -DPRINTF_L=1 -DPRINTF_T=1 -DHAVE___GMPN_SBPI1_DIVAPPR_Q=1 -DHAVE___GMPN_INVERT_LIMB=1 -DHAVE___GMPN_RSBLSH_N=1 -DMPFR_LONG_WITHIN_LIMB=1 -DHAVE_GETRUSAGE=1'
DEPDIR='.deps'
DLLTOOL='false'
DSYMUTIL=''
DUMPBIN=''
ECHO_C=''
ECHO_N='-n'
ECHO_T=''
EGREP='/usr/sbin/grep -E'
EXEEXT=''
FGREP='/usr/sbin/grep -F'
GREP='/usr/sbin/grep'
INSTALL_DATA='${INSTALL} -m 644'
INSTALL_PROGRAM='${INSTALL}'
INSTALL_SCRIPT='${INSTALL}'
INSTALL_STRIP_PROGRAM='$(install_sh) -c -s'
LD='/usr/sbin/ld -m elf_x86_64'
LDFLAGS=' -L/home/ky0ko/code/netbsd-gc/src/obj/tooldir.Linux-5.4.7-arch1-1-x86_64/lib'
LIBMPFR_LDFLAGS=''
LIBOBJS=''
LIBS='-lgmp '
LIBTOOL='$(SHELL) $(top_builddir)/libtool'
LIPO=''
LN_S='ln -s'
LTLIBOBJS=''
LT_SYS_LIBRARY_PATH=''
MAINT=''
MAINTAINER_MODE_FALSE='#'
MAINTAINER_MODE_TRUE=''
MAKEINFO='${SHELL} /home/ky0ko/code/netbsd-gc/src/external/lgpl3/mpfr/dist/missing makeinfo'
MANIFEST_TOOL=':'
MKDIR_P='/home/ky0ko/code/netbsd-gc/src/obj/tooldir.Linux-5.4.7-arch1-1-x86_64/bin/powerpc--netbsd-install -d -p'
MPFR_LDFLAGS=''
MPFR_LIBM='-lm'
MPFR_LIBQUADMATH='-lquadmath'
NM='/usr/sbin/nm -B'
NMEDIT=''
OBJDUMP='objdump'
OBJEXT='o'
OTOOL64=''
OTOOL=''
PACKAGE='mpfr'
PACKAGE_BUGREPORT=''
PACKAGE_NAME='MPFR'
PACKAGE_STRING='MPFR 4.0.1'
PACKAGE_TARNAME='mpfr'
PACKAGE_URL=''
PACKAGE_VERSION='4.0.1'
PATH_SEPARATOR=':'
PTHREAD_CC='cc'
PTHREAD_CFLAGS='-pthread'
PTHREAD_LIBS=''
RANLIB='ranlib'
SED='/usr/sbin/sed'
SET_MAKE=''
SHELL='/usr/sbin/sh'
STRIP='strip'
TUNE_LIBS=''
VERSION='4.0.1'
ac_ct_AR=''
ac_ct_CC='cc'
ac_ct_DUMPBIN=''
am__EXEEXT_FALSE=''
am__EXEEXT_TRUE='#'
am__fastdepCC_FALSE='#'
am__fastdepCC_TRUE=''
am__include='include'
am__isrc=' -I$(srcdir)'
am__leading_dot='.'
am__nodep='_no'
am__quote=''
am__tar='$${TAR-tar} chof - "$$tardir"'
am__untar='$${TAR-tar} xf -'
ax_pthread_config=''
bindir='${exec_prefix}/bin'
build='x86_64-pc-linux-gnu'
build_alias=''
build_cpu='x86_64'
build_os='linux-gnu'
build_vendor='pc'
datadir='${datarootdir}'
datarootdir='${prefix}/share'
docdir='${datarootdir}/doc/${PACKAGE_TARNAME}'
dvidir='${docdir}'
exec_prefix='${prefix}'
host='x86_64-pc-linux-gnu'
host_alias=''
host_cpu='x86_64'
host_os='linux-gnu'
host_vendor='pc'
htmldir='${docdir}'
includedir='${prefix}/include'
infodir='${datarootdir}/info'
install_sh='${SHELL} /home/ky0ko/code/netbsd-gc/src/external/lgpl3/mpfr/dist/install-sh'
libdir='${exec_prefix}/lib'
libexecdir='${exec_prefix}/libexec'
localedir='${datarootdir}/locale'
localstatedir='${prefix}/var'
mandir='${datarootdir}/man'
mkdir_p='$(MKDIR_P)'
oldincludedir='/usr/include'
pdfdir='${docdir}'
prefix='/home/ky0ko/code/netbsd-gc/src/obj/tooldir.Linux-5.4.7-arch1-1-x86_64'
program_transform_name='s,x,x,'
psdir='${docdir}'
runstatedir='${localstatedir}/run'
sbindir='${exec_prefix}/sbin'
sharedstatedir='${prefix}/com'
sysconfdir='${prefix}/etc'
target_alias=''

## ----------- ##
## confdefs.h. ##
## ----------- ##

/* confdefs.h */
#define HAVE_INTTYPES_H 1
#define HAVE_STDINT_H 1
#define LT_OBJDIR ".libs/"
#define HAVE_DOUBLE_IEEE_LITTLE_ENDIAN 1
#define HAVE_LITTLE_ENDIAN 1
#define TIME_WITH_SYS_TIME 1
#define HAVE_LOCALE_H 1
#define HAVE_WCHAR_H 1
#define HAVE_STDARG 1
#define HAVE_SYS_TIME_H 1
#define HAVE_STRUCT_LCONV_DECIMAL_POINT 1
#define HAVE_STRUCT_LCONV_THOUSANDS_SEP 1
#define HAVE_ALLOCA_H 1
#define HAVE_VA_COPY 1
#define HAVE_SETLOCALE 1
#define HAVE_GETTIMEOFDAY 1
#define HAVE_SIGNAL 1
#define HAVE_SIGACTION 1
#define HAVE_LONG_LONG 1
#define HAVE_INTMAX_T 1
#define MPFR_HAVE_INTMAX_MAX 1
#define MPFR_PRINTF_MAXLM "j"
#define MPFR_HAVE_NORETURN 1
#define MPFR_HAVE_BUILTIN_UNREACHABLE 1
#define MPFR_HAVE_CONSTRUCTOR_ATTR 1
#define HAVE_PTHREAD_PRIO_INHERIT 1
#define HAVE_PTHREAD 1
#define MPFR_HAVE_FESETROUND 1
#define HAVE_DENORMS 1
#define HAVE_DENORMS_FLT 1
#define HAVE_SIGNEDZ 1
#define HAVE_ROUND 1
#define HAVE_TRUNC 1
#define HAVE_FLOOR 1
#define HAVE_CEIL 1
#define HAVE_NEARBYINT 1
#define HAVE_LDOUBLE_IEEE_EXT_LITTLE 1
#define MPFR_USE_THREAD_SAFE 1
#define MPFR_USE_C11_THREAD_SAFE 1
#define MPFR_WANT_DECIMAL_FLOATS 1
#define MPFR_WANT_FLOAT128 1
#define MPFR_USE_STATIC_ASSERT 1
#define HAVE_CLOCK_GETTIME 1
#define HAVE_ATTRIBUTE_MODE 1
#define PRINTF_L 1
#define PRINTF_T 1
#define HAVE___GMPN_SBPI1_DIVAPPR_Q 1
#define HAVE___GMPN_INVERT_LIMB 1
#define HAVE___GMPN_RSBLSH_N 1
#define MPFR_LONG_WITHIN_LIMB 1
#define HAVE_GETRUSAGE 1

configure: exit 0
