This file contains any messages produced by compilers while
running configure, to aid debugging if configure makes a mistake.

It was created by GNU make configure 3.81, which was
generated by GNU Autoconf 2.59.  Invocation command line was

  $ /home/ky0ko/code/netbsd-gc/src/tools/gmake/../../external/gpl2/gmake/dist/configure --program-prefix=nbg --disable-nls --prefix=/home/ky0ko/code/netbsd-gc/src/obj/tooldir.Linux-5.4.7-arch1-1-x86_64

## --------- ##
## Platform. ##
## --------- ##

hostname = kumori
uname -m = x86_64
uname -r = 5.4.7-arch1-1
uname -s = Linux
uname -v = #1 SMP PREEMPT Tue, 31 Dec 2019 17:20:16 +0000

/usr/bin/uname -p = unknown
/bin/uname -X     = unknown

/bin/arch              = unknown
/usr/bin/arch -k       = unknown
/usr/convex/getsysinfo = unknown
hostinfo               = unknown
/bin/machine           = unknown
/usr/bin/oslevel       = unknown
/bin/universe          = unknown

PATH: /home/ky0ko/code/netbsd-gc/src/obj/tooldir.Linux-5.4.7-arch1-1-x86_64/bin
PATH: /bedrock/cross/pin/bin
PATH: /bedrock/bin
PATH: /usr/local/sbin
PATH: /usr/local/bin
PATH: /opt/sbin
PATH: /opt/bin
PATH: /usr/sbin
PATH: /usr/bin
PATH: /sbin
PATH: /bin
PATH: /bedrock/cross/bin


## ----------- ##
## Core tests. ##
## ----------- ##

configure:1383: checking for a BSD-compatible install
configure:1438: result: /home/ky0ko/code/netbsd-gc/src/obj/tooldir.Linux-5.4.7-arch1-1-x86_64/bin/powerpc--netbsd-install -c -p -r
configure:1449: checking whether build environment is sane
configure:1492: result: yes
configure:1557: checking for gawk
configure:1583: result: /home/ky0ko/code/netbsd-gc/src/obj/tooldir.Linux-5.4.7-arch1-1-x86_64/bin/nbawk
configure:1593: checking whether /home/ky0ko/code/netbsd-gc/src/obj/tooldir.Linux-5.4.7-arch1-1-x86_64/bin/nbmake sets $(MAKE)
configure:1613: result: yes
configure:1829: checking for gcc
configure:1855: result: cc
configure:2099: checking for C compiler version
configure:2102: cc --version </dev/null >&5
cc (GCC) 9.2.0
Copyright (C) 2019 Free Software Foundation, Inc.
This is free software; see the source for copying conditions.  There is NO
warranty; not even for MERCHANTABILITY or FITNESS FOR A PARTICULAR PURPOSE.

configure:2105: $? = 0
configure:2107: cc -v </dev/null >&5
Using built-in specs.
COLLECT_GCC=cc
COLLECT_LTO_WRAPPER=/usr/lib/gcc/x86_64-pc-linux-gnu/9.2.0/lto-wrapper
Target: x86_64-pc-linux-gnu
Configured with: /build/gcc/src/gcc/configure --prefix=/usr --libdir=/usr/lib --libexecdir=/usr/lib --mandir=/usr/share/man --infodir=/usr/share/info --with-bugurl=https://bugs.archlinux.org/ --enable-languages=c,c++,ada,fortran,go,lto,objc,obj-c++,d --enable-shared --enable-threads=posix --with-system-zlib --with-isl --enable-__cxa_atexit --disable-libunwind-exceptions --enable-clocale=gnu --disable-libstdcxx-pch --disable-libssp --enable-gnu-unique-object --enable-linker-build-id --enable-lto --enable-plugin --enable-install-libiberty --with-linker-hash-style=gnu --enable-gnu-indirect-function --enable-multilib --disable-werror --enable-checking=release --enable-default-pie --enable-default-ssp --enable-cet=auto gdc_include_dir=/usr/include/dlang/gdc
Thread model: posix
gcc version 9.2.0 (GCC) 
configure:2110: $? = 0
configure:2112: cc -V </dev/null >&5
cc: error: unrecognized command line option '-V'
cc: fatal error: no input files
compilation terminated.
configure:2115: $? = 1
configure:2138: checking for C compiler default output file name
configure:2141: cc -O   conftest.c  >&5
configure:2144: $? = 0
configure:2190: result: a.out
configure:2195: checking whether the C compiler works
configure:2201: ./a.out
configure:2204: $? = 0
configure:2221: result: yes
configure:2228: checking whether we are cross compiling
configure:2230: result: no
configure:2233: checking for suffix of executables
configure:2235: cc -o conftest -O   conftest.c  >&5
configure:2238: $? = 0
configure:2263: result: 
configure:2269: checking for suffix of object files
configure:2290: cc -c -O  conftest.c >&5
configure:2293: $? = 0
configure:2315: result: o
configure:2319: checking whether we are using the GNU C compiler
configure:2343: cc -c -O  conftest.c >&5
configure:2349: $? = 0
configure:2352: test -z 			 || test ! -s conftest.err
configure:2355: $? = 0
configure:2358: test -s conftest.o
configure:2361: $? = 0
configure:2374: result: yes
configure:2380: checking whether cc accepts -g
configure:2401: cc -c -g  conftest.c >&5
configure:2407: $? = 0
configure:2410: test -z 			 || test ! -s conftest.err
configure:2413: $? = 0
configure:2416: test -s conftest.o
configure:2419: $? = 0
configure:2430: result: yes
configure:2447: checking for cc option to accept ANSI C
configure:2517: cc  -c -O  conftest.c >&5
configure:2523: $? = 0
configure:2526: test -z 			 || test ! -s conftest.err
configure:2529: $? = 0
configure:2532: test -s conftest.o
configure:2535: $? = 0
configure:2553: result: none needed
configure:2571: cc -c -O  conftest.c >&5
conftest.c:2:3: error: unknown type name 'choke'
    2 |   choke me
      |   ^~~~~
conftest.c:2:3: error: expected '=', ',', ';', 'asm' or '__attribute__' at end of input
configure:2577: $? = 1
configure: failed program was:
| #ifndef __cplusplus
|   choke me
| #endif
configure:2718: checking for style of include used by /home/ky0ko/code/netbsd-gc/src/obj/tooldir.Linux-5.4.7-arch1-1-x86_64/bin/nbmake
configure:2746: result: GNU
configure:2774: checking dependency style of cc
configure:2864: result: gcc3
configure:2894: checking for a BSD-compatible install
configure:2949: result: /home/ky0ko/code/netbsd-gc/src/obj/tooldir.Linux-5.4.7-arch1-1-x86_64/bin/powerpc--netbsd-install -c -p -r
configure:3001: checking for ranlib
configure:3028: result: ranlib
configure:3045: checking how to run the C preprocessor
configure:3080: cc -E  conftest.c
configure:3086: $? = 0
configure:3118: cc -E  conftest.c
conftest.c:11:10: fatal error: ac_nonexistent.h: No such file or directory
   11 | #include <ac_nonexistent.h>
      |          ^~~~~~~~~~~~~~~~~~
compilation terminated.
configure:3124: $? = 1
configure: failed program was:
| /* confdefs.h.  */
| 
| #define PACKAGE_NAME "GNU make"
| #define PACKAGE_TARNAME "make"
| #define PACKAGE_VERSION "3.81"
| #define PACKAGE_STRING "GNU make 3.81"
| #define PACKAGE_BUGREPORT "bug-make@gnu.org"
| #define PACKAGE "make"
| #define VERSION "3.81"
| /* end confdefs.h.  */
| #include <ac_nonexistent.h>
configure:3163: result: cc -E
configure:3187: cc -E  conftest.c
configure:3193: $? = 0
configure:3225: cc -E  conftest.c
conftest.c:11:10: fatal error: ac_nonexistent.h: No such file or directory
   11 | #include <ac_nonexistent.h>
      |          ^~~~~~~~~~~~~~~~~~
compilation terminated.
configure:3231: $? = 1
configure: failed program was:
| /* confdefs.h.  */
| 
| #define PACKAGE_NAME "GNU make"
| #define PACKAGE_TARNAME "make"
| #define PACKAGE_VERSION "3.81"
| #define PACKAGE_STRING "GNU make 3.81"
| #define PACKAGE_BUGREPORT "bug-make@gnu.org"
| #define PACKAGE "make"
| #define VERSION "3.81"
| /* end confdefs.h.  */
| #include <ac_nonexistent.h>
configure:3276: checking for ar
configure:3303: result: ar
configure:3313: checking for perl
configure:3329: found /usr/sbin/perl
configure:3340: result: perl
configure:3355: checking build system type
configure:3373: result: x86_64-pc-linux-gnu
configure:3381: checking host system type
configure:3395: result: x86_64-pc-linux-gnu
configure:3405: checking for egrep
configure:3415: result: grep -E
configure:3421: checking for AIX
configure:3443: result: no
configure:3449: checking for library containing strerror
configure:3479: cc -o conftest -O   conftest.c  >&5
configure:3485: $? = 0
configure:3488: test -z 			 || test ! -s conftest.err
configure:3491: $? = 0
configure:3494: test -s conftest
configure:3497: $? = 0
configure:3566: result: none required
configure:3573: checking for ANSI C header files
configure:3598: cc -c -O  conftest.c >&5
configure:3604: $? = 0
configure:3607: test -z 			 || test ! -s conftest.err
configure:3610: $? = 0
configure:3613: test -s conftest.o
configure:3616: $? = 0
configure:3705: cc -o conftest -O   conftest.c  >&5
conftest.c: In function 'main':
conftest.c:28:7: warning: implicit declaration of function 'exit' [-Wimplicit-function-declaration]
   28 |       exit(2);
      |       ^~~~
conftest.c:28:7: warning: incompatible implicit declaration of built-in function 'exit'
conftest.c:12:1: note: include '<stdlib.h>' or provide a declaration of 'exit'
   11 | #include <ctype.h>
  +++ |+#include <stdlib.h>
   12 | #if ((' ' & 0x0FF) == 0x020)
conftest.c:29:3: warning: incompatible implicit declaration of built-in function 'exit'
   29 |   exit (0);
      |   ^~~~
conftest.c:29:3: note: include '<stdlib.h>' or provide a declaration of 'exit'
configure:3708: $? = 0
configure:3710: ./conftest
configure:3713: $? = 0
configure:3728: result: yes
configure:3752: checking for sys/types.h
configure:3768: cc -c -O  conftest.c >&5
configure:3774: $? = 0
configure:3777: test -z 			 || test ! -s conftest.err
configure:3780: $? = 0
configure:3783: test -s conftest.o
configure:3786: $? = 0
configure:3797: result: yes
configure:3752: checking for sys/stat.h
configure:3768: cc -c -O  conftest.c >&5
configure:3774: $? = 0
configure:3777: test -z 			 || test ! -s conftest.err
configure:3780: $? = 0
configure:3783: test -s conftest.o
configure:3786: $? = 0
configure:3797: result: yes
configure:3752: checking for stdlib.h
configure:3768: cc -c -O  conftest.c >&5
configure:3774: $? = 0
configure:3777: test -z 			 || test ! -s conftest.err
configure:3780: $? = 0
configure:3783: test -s conftest.o
configure:3786: $? = 0
configure:3797: result: yes
configure:3752: checking for string.h
configure:3768: cc -c -O  conftest.c >&5
configure:3774: $? = 0
configure:3777: test -z 			 || test ! -s conftest.err
configure:3780: $? = 0
configure:3783: test -s conftest.o
configure:3786: $? = 0
configure:3797: result: yes
configure:3752: checking for memory.h
configure:3768: cc -c -O  conftest.c >&5
configure:3774: $? = 0
configure:3777: test -z 			 || test ! -s conftest.err
configure:3780: $? = 0
configure:3783: test -s conftest.o
configure:3786: $? = 0
configure:3797: result: yes
configure:3752: checking for strings.h
configure:3768: cc -c -O  conftest.c >&5
configure:3774: $? = 0
configure:3777: test -z 			 || test ! -s conftest.err
configure:3780: $? = 0
configure:3783: test -s conftest.o
configure:3786: $? = 0
configure:3797: result: yes
configure:3752: checking for inttypes.h
configure:3768: cc -c -O  conftest.c >&5
configure:3774: $? = 0
configure:3777: test -z 			 || test ! -s conftest.err
configure:3780: $? = 0
configure:3783: test -s conftest.o
configure:3786: $? = 0
configure:3797: result: yes
configure:3752: checking for stdint.h
configure:3768: cc -c -O  conftest.c >&5
configure:3774: $? = 0
configure:3777: test -z 			 || test ! -s conftest.err
configure:3780: $? = 0
configure:3783: test -s conftest.o
configure:3786: $? = 0
configure:3797: result: yes
configure:3752: checking for unistd.h
configure:3768: cc -c -O  conftest.c >&5
configure:3774: $? = 0
configure:3777: test -z 			 || test ! -s conftest.err
configure:3780: $? = 0
configure:3783: test -s conftest.o
configure:3786: $? = 0
configure:3797: result: yes
configure:3819: checking minix/config.h usability
configure:3831: cc -c -O  conftest.c >&5
conftest.c:55:10: fatal error: minix/config.h: No such file or directory
   55 | #include <minix/config.h>
      |          ^~~~~~~~~~~~~~~~
compilation terminated.
configure:3837: $? = 1
configure: failed program was:
| /* confdefs.h.  */
| 
| #define PACKAGE_NAME "GNU make"
| #define PACKAGE_TARNAME "make"
| #define PACKAGE_VERSION "3.81"
| #define PACKAGE_STRING "GNU make 3.81"
| #define PACKAGE_BUGREPORT "bug-make@gnu.org"
| #define PACKAGE "make"
| #define VERSION "3.81"
| #define STDC_HEADERS 1
| #define HAVE_SYS_TYPES_H 1
| #define HAVE_SYS_STAT_H 1
| #define HAVE_STDLIB_H 1
| #define HAVE_STRING_H 1
| #define HAVE_MEMORY_H 1
| #define HAVE_STRINGS_H 1
| #define HAVE_INTTYPES_H 1
| #define HAVE_STDINT_H 1
| #define HAVE_UNISTD_H 1
| /* end confdefs.h.  */
| #include <stdio.h>
| #if HAVE_SYS_TYPES_H
| # include <sys/types.h>
| #endif
| #if HAVE_SYS_STAT_H
| # include <sys/stat.h>
| #endif
| #if STDC_HEADERS
| # include <stdlib.h>
| # include <stddef.h>
| #else
| # if HAVE_STDLIB_H
| #  include <stdlib.h>
| # endif
| #endif
| #if HAVE_STRING_H
| # if !STDC_HEADERS && HAVE_MEMORY_H
| #  include <memory.h>
| # endif
| # include <string.h>
| #endif
| #if HAVE_STRINGS_H
| # include <strings.h>
| #endif
| #if HAVE_INTTYPES_H
| # include <inttypes.h>
| #else
| # if HAVE_STDINT_H
| #  include <stdint.h>
| # endif
| #endif
| #if HAVE_UNISTD_H
| # include <unistd.h>
| #endif
| #include <minix/config.h>
configure:3859: result: no
configure:3863: checking minix/config.h presence
configure:3873: cc -E  conftest.c
conftest.c:21:10: fatal error: minix/config.h: No such file or directory
   21 | #include <minix/config.h>
      |          ^~~~~~~~~~~~~~~~
compilation terminated.
configure:3879: $? = 1
configure: failed program was:
| /* confdefs.h.  */
| 
| #define PACKAGE_NAME "GNU make"
| #define PACKAGE_TARNAME "make"
| #define PACKAGE_VERSION "3.81"
| #define PACKAGE_STRING "GNU make 3.81"
| #define PACKAGE_BUGREPORT "bug-make@gnu.org"
| #define PACKAGE "make"
| #define VERSION "3.81"
| #define STDC_HEADERS 1
| #define HAVE_SYS_TYPES_H 1
| #define HAVE_SYS_STAT_H 1
| #define HAVE_STDLIB_H 1
| #define HAVE_STRING_H 1
| #define HAVE_MEMORY_H 1
| #define HAVE_STRINGS_H 1
| #define HAVE_INTTYPES_H 1
| #define HAVE_STDINT_H 1
| #define HAVE_UNISTD_H 1
| /* end confdefs.h.  */
| #include <minix/config.h>
configure:3899: result: no
configure:3934: checking for minix/config.h
configure:3941: result: no
configure:3972: checking for function prototypes
configure:3975: result: yes
configure:4005: checking for string.h
configure:4010: result: yes
configure:4168: checking whether NLS is requested
configure:4177: result: no
configure:4215: checking for msgfmt
configure:4246: result: /usr/sbin/msgfmt
configure:4255: checking for gmsgfmt
configure:4286: result: /usr/sbin/msgfmt
configure:4325: checking for xgettext
configure:4356: result: /usr/sbin/xgettext
configure:4396: checking for msgmerge
configure:4426: result: /usr/sbin/msgmerge
configure:4501: checking for ld used by GCC
configure:4565: result: /usr/sbin/ld
configure:4574: checking if the linker (/usr/sbin/ld) is GNU ld
configure:4587: result: yes
configure:4593: checking for shared library run path origin
configure:4606: result: done
configure:5022: checking whether NLS is requested
configure:5031: result: no
configure:5798: checking whether to use NLS
configure:5800: result: no
configure:5886: checking for special C compiler options needed for large files
configure:5983: result: no
configure:5989: checking for _FILE_OFFSET_BITS value needed for large files
configure:6020: cc -c -O  conftest.c >&5
configure:6026: $? = 0
configure:6029: test -z 			 || test ! -s conftest.err
configure:6032: $? = 0
configure:6035: test -s conftest.o
configure:6038: $? = 0
configure:6102: result: no
configure:6112: checking for _LARGE_FILES value needed for large files
configure:6143: cc -c -O  conftest.c >&5
configure:6149: $? = 0
configure:6152: test -z 			 || test ! -s conftest.err
configure:6155: $? = 0
configure:6158: test -s conftest.o
configure:6161: $? = 0
configure:6225: result: no
configure:6239: checking for library containing getpwnam
configure:6269: cc -o conftest -O   conftest.c  >&5
configure:6275: $? = 0
configure:6278: test -z 			 || test ! -s conftest.err
configure:6281: $? = 0
configure:6284: test -s conftest
configure:6287: $? = 0
configure:6356: result: none required
configure:6365: checking for ANSI C header files
configure:6520: result: yes
configure:6538: checking for dirent.h that defines DIR
configure:6562: cc -c -O  conftest.c >&5
configure:6568: $? = 0
configure:6571: test -z 			 || test ! -s conftest.err
configure:6574: $? = 0
configure:6577: test -s conftest.o
configure:6580: $? = 0
configure:6591: result: yes
configure:6604: checking for library containing opendir
configure:6634: cc -o conftest -O   conftest.c  >&5
configure:6640: $? = 0
configure:6643: test -z 			 || test ! -s conftest.err
configure:6646: $? = 0
configure:6649: test -s conftest
configure:6652: $? = 0
configure:6721: result: none required
configure:6855: checking whether stat file-mode macros are broken
configure:6903: result: no
configure:6913: checking whether time.h and sys/time.h may both be included
configure:6938: cc -c -O  conftest.c >&5
configure:6944: $? = 0
configure:6947: test -z 			 || test ! -s conftest.err
configure:6950: $? = 0
configure:6953: test -s conftest.o
configure:6956: $? = 0
configure:6967: result: yes
configure:6993: checking for stdlib.h
configure:6998: result: yes
configure:7002: checking locale.h usability
configure:7014: cc -c -O  conftest.c >&5
configure:7020: $? = 0
configure:7023: test -z 			 || test ! -s conftest.err
configure:7026: $? = 0
configure:7029: test -s conftest.o
configure:7032: $? = 0
configure:7042: result: yes
configure:7046: checking locale.h presence
configure:7056: cc -E  conftest.c
configure:7062: $? = 0
configure:7082: result: yes
configure:7117: checking for locale.h
configure:7124: result: yes
configure:6993: checking for unistd.h
configure:6998: result: yes
configure:7002: checking limits.h usability
configure:7014: cc -c -O  conftest.c >&5
configure:7020: $? = 0
configure:7023: test -z 			 || test ! -s conftest.err
configure:7026: $? = 0
configure:7029: test -s conftest.o
configure:7032: $? = 0
configure:7042: result: yes
configure:7046: checking limits.h presence
configure:7056: cc -E  conftest.c
configure:7062: $? = 0
configure:7082: result: yes
configure:7117: checking for limits.h
configure:7124: result: yes
configure:7002: checking fcntl.h usability
configure:7014: cc -c -O  conftest.c >&5
configure:7020: $? = 0
configure:7023: test -z 			 || test ! -s conftest.err
configure:7026: $? = 0
configure:7029: test -s conftest.o
configure:7032: $? = 0
configure:7042: result: yes
configure:7046: checking fcntl.h presence
configure:7056: cc -E  conftest.c
configure:7062: $? = 0
configure:7082: result: yes
configure:7117: checking for fcntl.h
configure:7124: result: yes
configure:6993: checking for string.h
configure:6998: result: yes
configure:6993: checking for memory.h
configure:6998: result: yes
configure:7002: checking sys/param.h usability
configure:7014: cc -c -O  conftest.c >&5
configure:7020: $? = 0
configure:7023: test -z 			 || test ! -s conftest.err
configure:7026: $? = 0
configure:7029: test -s conftest.o
configure:7032: $? = 0
configure:7042: result: yes
configure:7046: checking sys/param.h presence
configure:7056: cc -E  conftest.c
configure:7062: $? = 0
configure:7082: result: yes
configure:7117: checking for sys/param.h
configure:7124: result: yes
configure:7002: checking sys/resource.h usability
configure:7014: cc -c -O  conftest.c >&5
configure:7020: $? = 0
configure:7023: test -z 			 || test ! -s conftest.err
configure:7026: $? = 0
configure:7029: test -s conftest.o
configure:7032: $? = 0
configure:7042: result: yes
configure:7046: checking sys/resource.h presence
configure:7056: cc -E  conftest.c
configure:7062: $? = 0
configure:7082: result: yes
configure:7117: checking for sys/resource.h
configure:7124: result: yes
configure:7002: checking sys/time.h usability
configure:7014: cc -c -O  conftest.c >&5
configure:7020: $? = 0
configure:7023: test -z 			 || test ! -s conftest.err
configure:7026: $? = 0
configure:7029: test -s conftest.o
configure:7032: $? = 0
configure:7042: result: yes
configure:7046: checking sys/time.h presence
configure:7056: cc -E  conftest.c
configure:7062: $? = 0
configure:7082: result: yes
configure:7117: checking for sys/time.h
configure:7124: result: yes
configure:7002: checking sys/timeb.h usability
configure:7014: cc -c -O  conftest.c >&5
configure:7020: $? = 0
configure:7023: test -z 			 || test ! -s conftest.err
configure:7026: $? = 0
configure:7029: test -s conftest.o
configure:7032: $? = 0
configure:7042: result: yes
configure:7046: checking sys/timeb.h presence
configure:7056: cc -E  conftest.c
configure:7062: $? = 0
configure:7082: result: yes
configure:7117: checking for sys/timeb.h
configure:7124: result: yes
configure:7164: checking stdarg.h usability
configure:7176: cc -c -O  conftest.c >&5
configure:7182: $? = 0
configure:7185: test -z 			 || test ! -s conftest.err
configure:7188: $? = 0
configure:7191: test -s conftest.o
configure:7194: $? = 0
configure:7204: result: yes
configure:7208: checking stdarg.h presence
configure:7218: cc -E  conftest.c
configure:7224: $? = 0
configure:7244: result: yes
configure:7279: checking for stdarg.h
configure:7286: result: yes
configure:7304: checking whether cc understands -c and -o together
configure:7331: cc -c conftest.c -o conftest.o >&5
configure:7334: $? = 0
configure:7336: cc -c conftest.c -o conftest.o >&5
configure:7339: $? = 0
configure:7378: result: yes
configure:7403: checking for an ANSI C-conforming const
configure:7470: cc -c -O  conftest.c >&5
configure:7476: $? = 0
configure:7479: test -z 			 || test ! -s conftest.err
configure:7482: $? = 0
configure:7485: test -s conftest.o
configure:7488: $? = 0
configure:7499: result: yes
configure:7509: checking return type of signal handlers
configure:7540: cc -c -O  conftest.c >&5
configure:7546: $? = 0
configure:7549: test -z 			 || test ! -s conftest.err
configure:7552: $? = 0
configure:7555: test -s conftest.o
configure:7558: $? = 0
configure:7569: result: void
configure:7577: checking for uid_t in sys/types.h
configure:7600: result: yes
configure:7615: checking for pid_t
configure:7639: cc -c -O  conftest.c >&5
configure:7645: $? = 0
configure:7648: test -z 			 || test ! -s conftest.err
configure:7651: $? = 0
configure:7654: test -s conftest.o
configure:7657: $? = 0
configure:7668: result: yes
configure:7683: checking for uintmax_t
configure:7707: cc -c -O  conftest.c >&5
configure:7713: $? = 0
configure:7716: test -z 			 || test ! -s conftest.err
configure:7719: $? = 0
configure:7722: test -s conftest.o
configure:7725: $? = 0
configure:7736: result: yes
configure:7812: checking for nanoseconds field of struct stat.st_mtim
configure:7844: cc -c -O  -DST_MTIM_NSEC=tv_nsec conftest.c >&5
configure:7850: $? = 0
configure:7853: test -z 			 || test ! -s conftest.err
configure:7856: $? = 0
configure:7859: test -s conftest.o
configure:7862: $? = 0
configure:7875: result: tv_nsec
configure:7887: checking whether to use high resolution file timestamps
configure:7914: cc -c -O  conftest.c >&5
configure:7920: $? = 0
configure:7923: test -z 			 || test ! -s conftest.err
configure:7926: $? = 0
configure:7929: test -s conftest.o
configure:7932: $? = 0
configure:7944: result: yes
configure:7960: checking for library containing clock_gettime
configure:7990: cc -o conftest -O   conftest.c  >&5
configure:7996: $? = 0
configure:7999: test -z 			 || test ! -s conftest.err
configure:8002: $? = 0
configure:8005: test -s conftest
configure:8008: $? = 0
configure:8077: result: none required
configure:8095: checking whether system uses MSDOS-style paths
configure:8109: cc -c -O  conftest.c >&5
conftest.c:3:1: error: unknown type name 'neither'
    3 | neither MSDOS nor Windows nor OS2
      | ^~~~~~~
conftest.c:3:15: error: expected '=', ',', ';', 'asm' or '__attribute__' before 'nor'
    3 | neither MSDOS nor Windows nor OS2
      |               ^~~
conftest.c:3:15: error: unknown type name 'nor'
configure:8115: $? = 1
configure: failed program was:
| 
| #if !defined _WIN32 && !defined __WIN32__ && !defined __MSDOS__ && !defined __EMX__ && !defined __MSYS__
| neither MSDOS nor Windows nor OS2
| #endif
| 
configure:8139: result: no
configure:8154: checking for standard gettimeofday
configure:8178: cc -o conftest -O   conftest.c  >&5
conftest.c: In function 'main':
conftest.c:48:7: warning: implicit declaration of function 'exit' [-Wimplicit-function-declaration]
   48 |       exit (gettimeofday (&t, 0) != 0
      |       ^~~~
conftest.c:48:7: warning: incompatible implicit declaration of built-in function 'exit'
conftest.c:45:1: note: include '<stdlib.h>' or provide a declaration of 'exit'
   44 | #include <sys/time.h>
  +++ |+#include <stdlib.h>
   45 |                   int main ()
configure:8181: $? = 0
configure:8183: ./conftest
configure:8186: $? = 0
configure:8200: result: yes
configure:8245: checking for memcpy
configure:8302: cc -o conftest -O   conftest.c  >&5
conftest.c:69:6: warning: conflicting types for built-in function 'memcpy'; expected 'void *(void *, const void *, long unsigned int)' [-Wbuiltin-declaration-mismatch]
   69 | char memcpy ();
      |      ^~~~~~
conftest.c:56:1: note: 'memcpy' is declared in header '<string.h>'
   55 | # include <limits.h>
   56 | #else
configure:8308: $? = 0
configure:8311: test -z 			 || test ! -s conftest.err
configure:8314: $? = 0
configure:8317: test -s conftest
configure:8320: $? = 0
configure:8332: result: yes
configure:8245: checking for memmove
configure:8302: cc -o conftest -O   conftest.c  >&5
conftest.c:70:6: warning: conflicting types for built-in function 'memmove'; expected 'void *(void *, const void *, long unsigned int)' [-Wbuiltin-declaration-mismatch]
   70 | char memmove ();
      |      ^~~~~~~
conftest.c:57:1: note: 'memmove' is declared in header '<string.h>'
   56 | # include <limits.h>
   57 | #else
configure:8308: $? = 0
configure:8311: test -z 			 || test ! -s conftest.err
configure:8314: $? = 0
configure:8317: test -s conftest
configure:8320: $? = 0
configure:8332: result: yes
configure:8245: checking for strchr
configure:8302: cc -o conftest -O   conftest.c  >&5
conftest.c:71:6: warning: conflicting types for built-in function 'strchr'; expected 'char *(const char *, int)' [-Wbuiltin-declaration-mismatch]
   71 | char strchr ();
      |      ^~~~~~
conftest.c:58:1: note: 'strchr' is declared in header '<string.h>'
   57 | # include <limits.h>
   58 | #else
configure:8308: $? = 0
configure:8311: test -z 			 || test ! -s conftest.err
configure:8314: $? = 0
configure:8317: test -s conftest
configure:8320: $? = 0
configure:8332: result: yes
configure:8245: checking for strdup
configure:8302: cc -o conftest -O   conftest.c  >&5
conftest.c:72:6: warning: conflicting types for built-in function 'strdup'; expected 'char *(const char *)' [-Wbuiltin-declaration-mismatch]
   72 | char strdup ();
      |      ^~~~~~
configure:8308: $? = 0
configure:8311: test -z 			 || test ! -s conftest.err
configure:8314: $? = 0
configure:8317: test -s conftest
configure:8320: $? = 0
configure:8332: result: yes
configure:8245: checking for mkstemp
configure:8302: cc -o conftest -O   conftest.c  >&5
configure:8308: $? = 0
configure:8311: test -z 			 || test ! -s conftest.err
configure:8314: $? = 0
configure:8317: test -s conftest
configure:8320: $? = 0
configure:8332: result: yes
configure:8245: checking for mktemp
configure:8302: cc -o conftest -O   conftest.c  >&5
/usr/sbin/ld: /tmp/ccka6HGU.o: in function `main':
conftest.c:(.text+0x3): warning: the use of `mktemp' is dangerous, better use `mkstemp' or `mkdtemp'
configure:8308: $? = 0
configure:8311: test -z 			 || test ! -s conftest.err
configure:8314: $? = 0
configure:8317: test -s conftest
configure:8320: $? = 0
configure:8332: result: yes
configure:8245: checking for fdopen
configure:8302: cc -o conftest -O   conftest.c  >&5
configure:8308: $? = 0
configure:8311: test -z 			 || test ! -s conftest.err
configure:8314: $? = 0
configure:8317: test -s conftest
configure:8320: $? = 0
configure:8332: result: yes
configure:8245: checking for bsd_signal
configure:8302: cc -o conftest -O   conftest.c  >&5
configure:8308: $? = 0
configure:8311: test -z 			 || test ! -s conftest.err
configure:8314: $? = 0
configure:8317: test -s conftest
configure:8320: $? = 0
configure:8332: result: yes
configure:8245: checking for dup2
configure:8302: cc -o conftest -O   conftest.c  >&5
configure:8308: $? = 0
configure:8311: test -z 			 || test ! -s conftest.err
configure:8314: $? = 0
configure:8317: test -s conftest
configure:8320: $? = 0
configure:8332: result: yes
configure:8245: checking for getcwd
configure:8302: cc -o conftest -O   conftest.c  >&5
configure:8308: $? = 0
configure:8311: test -z 			 || test ! -s conftest.err
configure:8314: $? = 0
configure:8317: test -s conftest
configure:8320: $? = 0
configure:8332: result: yes
configure:8245: checking for realpath
configure:8302: cc -o conftest -O   conftest.c  >&5
configure:8308: $? = 0
configure:8311: test -z 			 || test ! -s conftest.err
configure:8314: $? = 0
configure:8317: test -s conftest
configure:8320: $? = 0
configure:8332: result: yes
configure:8245: checking for sigsetmask
configure:8302: cc -o conftest -O   conftest.c  >&5
configure:8308: $? = 0
configure:8311: test -z 			 || test ! -s conftest.err
configure:8314: $? = 0
configure:8317: test -s conftest
configure:8320: $? = 0
configure:8332: result: yes
configure:8245: checking for sigaction
configure:8302: cc -o conftest -O   conftest.c  >&5
configure:8308: $? = 0
configure:8311: test -z 			 || test ! -s conftest.err
configure:8314: $? = 0
configure:8317: test -s conftest
configure:8320: $? = 0
configure:8332: result: yes
configure:8245: checking for getgroups
configure:8302: cc -o conftest -O   conftest.c  >&5
configure:8308: $? = 0
configure:8311: test -z 			 || test ! -s conftest.err
configure:8314: $? = 0
configure:8317: test -s conftest
configure:8320: $? = 0
configure:8332: result: yes
configure:8245: checking for seteuid
configure:8302: cc -o conftest -O   conftest.c  >&5
configure:8308: $? = 0
configure:8311: test -z 			 || test ! -s conftest.err
configure:8314: $? = 0
configure:8317: test -s conftest
configure:8320: $? = 0
configure:8332: result: yes
configure:8245: checking for setegid
configure:8302: cc -o conftest -O   conftest.c  >&5
configure:8308: $? = 0
configure:8311: test -z 			 || test ! -s conftest.err
configure:8314: $? = 0
configure:8317: test -s conftest
configure:8320: $? = 0
configure:8332: result: yes
configure:8245: checking for setlinebuf
configure:8302: cc -o conftest -O   conftest.c  >&5
configure:8308: $? = 0
configure:8311: test -z 			 || test ! -s conftest.err
configure:8314: $? = 0
configure:8317: test -s conftest
configure:8320: $? = 0
configure:8332: result: yes
configure:8245: checking for setreuid
configure:8302: cc -o conftest -O   conftest.c  >&5
configure:8308: $? = 0
configure:8311: test -z 			 || test ! -s conftest.err
configure:8314: $? = 0
configure:8317: test -s conftest
configure:8320: $? = 0
configure:8332: result: yes
configure:8245: checking for setregid
configure:8302: cc -o conftest -O   conftest.c  >&5
configure:8308: $? = 0
configure:8311: test -z 			 || test ! -s conftest.err
configure:8314: $? = 0
configure:8317: test -s conftest
configure:8320: $? = 0
configure:8332: result: yes
configure:8245: checking for getrlimit
configure:8302: cc -o conftest -O   conftest.c  >&5
configure:8308: $? = 0
configure:8311: test -z 			 || test ! -s conftest.err
configure:8314: $? = 0
configure:8317: test -s conftest
configure:8320: $? = 0
configure:8332: result: yes
configure:8245: checking for setrlimit
configure:8302: cc -o conftest -O   conftest.c  >&5
configure:8308: $? = 0
configure:8311: test -z 			 || test ! -s conftest.err
configure:8314: $? = 0
configure:8317: test -s conftest
configure:8320: $? = 0
configure:8332: result: yes
configure:8245: checking for setvbuf
configure:8302: cc -o conftest -O   conftest.c  >&5
configure:8308: $? = 0
configure:8311: test -z 			 || test ! -s conftest.err
configure:8314: $? = 0
configure:8317: test -s conftest
configure:8320: $? = 0
configure:8332: result: yes
configure:8245: checking for pipe
configure:8302: cc -o conftest -O   conftest.c  >&5
configure:8308: $? = 0
configure:8311: test -z 			 || test ! -s conftest.err
configure:8314: $? = 0
configure:8317: test -s conftest
configure:8320: $? = 0
configure:8332: result: yes
configure:8245: checking for strerror
configure:8302: cc -o conftest -O   conftest.c  >&5
configure:8308: $? = 0
configure:8311: test -z 			 || test ! -s conftest.err
configure:8314: $? = 0
configure:8317: test -s conftest
configure:8320: $? = 0
configure:8332: result: yes
configure:8245: checking for strsignal
configure:8302: cc -o conftest -O   conftest.c  >&5
configure:8308: $? = 0
configure:8311: test -z 			 || test ! -s conftest.err
configure:8314: $? = 0
configure:8317: test -s conftest
configure:8320: $? = 0
configure:8332: result: yes
configure:8245: checking for lstat
configure:8302: cc -o conftest -O   conftest.c  >&5
configure:8308: $? = 0
configure:8311: test -z 			 || test ! -s conftest.err
configure:8314: $? = 0
configure:8317: test -s conftest
configure:8320: $? = 0
configure:8332: result: yes
configure:8245: checking for readlink
configure:8302: cc -o conftest -O   conftest.c  >&5
configure:8308: $? = 0
configure:8311: test -z 			 || test ! -s conftest.err
configure:8314: $? = 0
configure:8317: test -s conftest
configure:8320: $? = 0
configure:8332: result: yes
configure:8245: checking for atexit
configure:8302: cc -o conftest -O   conftest.c  >&5
configure:8308: $? = 0
configure:8311: test -z 			 || test ! -s conftest.err
configure:8314: $? = 0
configure:8317: test -s conftest
configure:8320: $? = 0
configure:8332: result: yes
configure:8343: checking whether setvbuf arguments are reversed
configure:8368: cc -o conftest -O   conftest.c  >&5
conftest.c:75:10: error: conflicting types for 'setvbuf'
   75 |     int (setvbuf) (FILE *, int, char *, size_t);
      |          ^~~~~~~
In file included from conftest.c:73:
/usr/include/stdio.h:308:12: note: previous declaration of 'setvbuf' was here
  308 | extern int setvbuf (FILE *__restrict __stream, char *__restrict __buf,
      |            ^~~~~~~
configure:8374: $? = 1
configure: failed program was:
| /* confdefs.h.  */
| 
| #define PACKAGE_NAME "GNU make"
| #define PACKAGE_TARNAME "make"
| #define PACKAGE_VERSION "3.81"
| #define PACKAGE_STRING "GNU make 3.81"
| #define PACKAGE_BUGREPORT "bug-make@gnu.org"
| #define PACKAGE "make"
| #define VERSION "3.81"
| #define STDC_HEADERS 1
| #define HAVE_SYS_TYPES_H 1
| #define HAVE_SYS_STAT_H 1
| #define HAVE_STDLIB_H 1
| #define HAVE_STRING_H 1
| #define HAVE_MEMORY_H 1
| #define HAVE_STRINGS_H 1
| #define HAVE_INTTYPES_H 1
| #define HAVE_STDINT_H 1
| #define HAVE_UNISTD_H 1
| #define PROTOTYPES 1
| #define __PROTOTYPES 1
| #define HAVE_STRING_H 1
| #define STDC_HEADERS 1
| #define HAVE_DIRENT_H 1
| #define TIME_WITH_SYS_TIME 1
| #define HAVE_STDLIB_H 1
| #define HAVE_LOCALE_H 1
| #define HAVE_UNISTD_H 1
| #define HAVE_LIMITS_H 1
| #define HAVE_FCNTL_H 1
| #define HAVE_STRING_H 1
| #define HAVE_MEMORY_H 1
| #define HAVE_SYS_PARAM_H 1
| #define HAVE_SYS_RESOURCE_H 1
| #define HAVE_SYS_TIME_H 1
| #define HAVE_SYS_TIMEB_H 1
| #define HAVE_ANSI_COMPILER 1
| #define HAVE_STDARG_H 1
| #define RETSIGTYPE void
| #define ST_MTIM_NSEC tv_nsec
| #define FILE_TIMESTAMP_HI_RES 1
| #define HAVE_CLOCK_GETTIME 1
| #define HAVE_GETTIMEOFDAY 1
| #define HAVE_MEMCPY 1
| #define HAVE_MEMMOVE 1
| #define HAVE_STRCHR 1
| #define HAVE_STRDUP 1
| #define HAVE_MKSTEMP 1
| #define HAVE_MKTEMP 1
| #define HAVE_FDOPEN 1
| #define HAVE_BSD_SIGNAL 1
| #define HAVE_DUP2 1
| #define HAVE_GETCWD 1
| #define HAVE_REALPATH 1
| #define HAVE_SIGSETMASK 1
| #define HAVE_SIGACTION 1
| #define HAVE_GETGROUPS 1
| #define HAVE_SETEUID 1
| #define HAVE_SETEGID 1
| #define HAVE_SETLINEBUF 1
| #define HAVE_SETREUID 1
| #define HAVE_SETREGID 1
| #define HAVE_GETRLIMIT 1
| #define HAVE_SETRLIMIT 1
| #define HAVE_SETVBUF 1
| #define HAVE_PIPE 1
| #define HAVE_STRERROR 1
| #define HAVE_STRSIGNAL 1
| #define HAVE_LSTAT 1
| #define HAVE_READLINK 1
| #define HAVE_ATEXIT 1
| /* end confdefs.h.  */
| #include <stdio.h>
| #	  if PROTOTYPES
| 	   int (setvbuf) (FILE *, int, char *, size_t);
| #	  endif
| int
| main ()
| {
| char buf; return setvbuf (stdout, _IOLBF, &buf, 1);
|   ;
|   return 0;
| }
configure:8493: result: no
configure:8505: checking for working strcoll
configure:8531: cc -o conftest -O   conftest.c  >&5
configure:8534: $? = 0
configure:8536: ./conftest
configure:8539: $? = 0
configure:8553: result: yes
configure:8566: checking for working alloca.h
configure:8587: cc -o conftest -O   conftest.c  >&5
configure:8593: $? = 0
configure:8596: test -z 			 || test ! -s conftest.err
configure:8599: $? = 0
configure:8602: test -s conftest
configure:8605: $? = 0
configure:8617: result: yes
configure:8627: checking for alloca
configure:8668: cc -o conftest -O   conftest.c  >&5
configure:8674: $? = 0
configure:8677: test -z 			 || test ! -s conftest.err
configure:8680: $? = 0
configure:8683: test -s conftest
configure:8686: $? = 0
configure:8698: result: yes
configure:8926: checking for unistd.h
configure:8931: result: yes
configure:8935: checking vfork.h usability
configure:8947: cc -c -O  conftest.c >&5
conftest.c:111:10: fatal error: vfork.h: No such file or directory
  111 | #include <vfork.h>
      |          ^~~~~~~~~
compilation terminated.
configure:8953: $? = 1
configure: failed program was:
| /* confdefs.h.  */
| 
| #define PACKAGE_NAME "GNU make"
| #define PACKAGE_TARNAME "make"
| #define PACKAGE_VERSION "3.81"
| #define PACKAGE_STRING "GNU make 3.81"
| #define PACKAGE_BUGREPORT "bug-make@gnu.org"
| #define PACKAGE "make"
| #define VERSION "3.81"
| #define STDC_HEADERS 1
| #define HAVE_SYS_TYPES_H 1
| #define HAVE_SYS_STAT_H 1
| #define HAVE_STDLIB_H 1
| #define HAVE_STRING_H 1
| #define HAVE_MEMORY_H 1
| #define HAVE_STRINGS_H 1
| #define HAVE_INTTYPES_H 1
| #define HAVE_STDINT_H 1
| #define HAVE_UNISTD_H 1
| #define PROTOTYPES 1
| #define __PROTOTYPES 1
| #define HAVE_STRING_H 1
| #define STDC_HEADERS 1
| #define HAVE_DIRENT_H 1
| #define TIME_WITH_SYS_TIME 1
| #define HAVE_STDLIB_H 1
| #define HAVE_LOCALE_H 1
| #define HAVE_UNISTD_H 1
| #define HAVE_LIMITS_H 1
| #define HAVE_FCNTL_H 1
| #define HAVE_STRING_H 1
| #define HAVE_MEMORY_H 1
| #define HAVE_SYS_PARAM_H 1
| #define HAVE_SYS_RESOURCE_H 1
| #define HAVE_SYS_TIME_H 1
| #define HAVE_SYS_TIMEB_H 1
| #define HAVE_ANSI_COMPILER 1
| #define HAVE_STDARG_H 1
| #define RETSIGTYPE void
| #define ST_MTIM_NSEC tv_nsec
| #define FILE_TIMESTAMP_HI_RES 1
| #define HAVE_CLOCK_GETTIME 1
| #define HAVE_GETTIMEOFDAY 1
| #define HAVE_MEMCPY 1
| #define HAVE_MEMMOVE 1
| #define HAVE_STRCHR 1
| #define HAVE_STRDUP 1
| #define HAVE_MKSTEMP 1
| #define HAVE_MKTEMP 1
| #define HAVE_FDOPEN 1
| #define HAVE_BSD_SIGNAL 1
| #define HAVE_DUP2 1
| #define HAVE_GETCWD 1
| #define HAVE_REALPATH 1
| #define HAVE_SIGSETMASK 1
| #define HAVE_SIGACTION 1
| #define HAVE_GETGROUPS 1
| #define HAVE_SETEUID 1
| #define HAVE_SETEGID 1
| #define HAVE_SETLINEBUF 1
| #define HAVE_SETREUID 1
| #define HAVE_SETREGID 1
| #define HAVE_GETRLIMIT 1
| #define HAVE_SETRLIMIT 1
| #define HAVE_SETVBUF 1
| #define HAVE_PIPE 1
| #define HAVE_STRERROR 1
| #define HAVE_STRSIGNAL 1
| #define HAVE_LSTAT 1
| #define HAVE_READLINK 1
| #define HAVE_ATEXIT 1
| #define HAVE_STRCOLL 1
| #define HAVE_ALLOCA_H 1
| #define HAVE_ALLOCA 1
| #define HAVE_UNISTD_H 1
| /* end confdefs.h.  */
| #include <stdio.h>
| #if HAVE_SYS_TYPES_H
| # include <sys/types.h>
| #endif
| #if HAVE_SYS_STAT_H
| # include <sys/stat.h>
| #endif
| #if STDC_HEADERS
| # include <stdlib.h>
| # include <stddef.h>
| #else
| # if HAVE_STDLIB_H
| #  include <stdlib.h>
| # endif
| #endif
| #if HAVE_STRING_H
| # if !STDC_HEADERS && HAVE_MEMORY_H
| #  include <memory.h>
| # endif
| # include <string.h>
| #endif
| #if HAVE_STRINGS_H
| # include <strings.h>
| #endif
| #if HAVE_INTTYPES_H
| # include <inttypes.h>
| #else
| # if HAVE_STDINT_H
| #  include <stdint.h>
| # endif
| #endif
| #if HAVE_UNISTD_H
| # include <unistd.h>
| #endif
| #include <vfork.h>
configure:8975: result: no
configure:8979: checking vfork.h presence
configure:8989: cc -E  conftest.c
conftest.c:77:10: fatal error: vfork.h: No such file or directory
   77 | #include <vfork.h>
      |          ^~~~~~~~~
compilation terminated.
configure:8995: $? = 1
configure: failed program was:
| /* confdefs.h.  */
| 
| #define PACKAGE_NAME "GNU make"
| #define PACKAGE_TARNAME "make"
| #define PACKAGE_VERSION "3.81"
| #define PACKAGE_STRING "GNU make 3.81"
| #define PACKAGE_BUGREPORT "bug-make@gnu.org"
| #define PACKAGE "make"
| #define VERSION "3.81"
| #define STDC_HEADERS 1
| #define HAVE_SYS_TYPES_H 1
| #define HAVE_SYS_STAT_H 1
| #define HAVE_STDLIB_H 1
| #define HAVE_STRING_H 1
| #define HAVE_MEMORY_H 1
| #define HAVE_STRINGS_H 1
| #define HAVE_INTTYPES_H 1
| #define HAVE_STDINT_H 1
| #define HAVE_UNISTD_H 1
| #define PROTOTYPES 1
| #define __PROTOTYPES 1
| #define HAVE_STRING_H 1
| #define STDC_HEADERS 1
| #define HAVE_DIRENT_H 1
| #define TIME_WITH_SYS_TIME 1
| #define HAVE_STDLIB_H 1
| #define HAVE_LOCALE_H 1
| #define HAVE_UNISTD_H 1
| #define HAVE_LIMITS_H 1
| #define HAVE_FCNTL_H 1
| #define HAVE_STRING_H 1
| #define HAVE_MEMORY_H 1
| #define HAVE_SYS_PARAM_H 1
| #define HAVE_SYS_RESOURCE_H 1
| #define HAVE_SYS_TIME_H 1
| #define HAVE_SYS_TIMEB_H 1
| #define HAVE_ANSI_COMPILER 1
| #define HAVE_STDARG_H 1
| #define RETSIGTYPE void
| #define ST_MTIM_NSEC tv_nsec
| #define FILE_TIMESTAMP_HI_RES 1
| #define HAVE_CLOCK_GETTIME 1
| #define HAVE_GETTIMEOFDAY 1
| #define HAVE_MEMCPY 1
| #define HAVE_MEMMOVE 1
| #define HAVE_STRCHR 1
| #define HAVE_STRDUP 1
| #define HAVE_MKSTEMP 1
| #define HAVE_MKTEMP 1
| #define HAVE_FDOPEN 1
| #define HAVE_BSD_SIGNAL 1
| #define HAVE_DUP2 1
| #define HAVE_GETCWD 1
| #define HAVE_REALPATH 1
| #define HAVE_SIGSETMASK 1
| #define HAVE_SIGACTION 1
| #define HAVE_GETGROUPS 1
| #define HAVE_SETEUID 1
| #define HAVE_SETEGID 1
| #define HAVE_SETLINEBUF 1
| #define HAVE_SETREUID 1
| #define HAVE_SETREGID 1
| #define HAVE_GETRLIMIT 1
| #define HAVE_SETRLIMIT 1
| #define HAVE_SETVBUF 1
| #define HAVE_PIPE 1
| #define HAVE_STRERROR 1
| #define HAVE_STRSIGNAL 1
| #define HAVE_LSTAT 1
| #define HAVE_READLINK 1
| #define HAVE_ATEXIT 1
| #define HAVE_STRCOLL 1
| #define HAVE_ALLOCA_H 1
| #define HAVE_ALLOCA 1
| #define HAVE_UNISTD_H 1
| /* end confdefs.h.  */
| #include <vfork.h>
configure:9015: result: no
configure:9050: checking for vfork.h
configure:9057: result: no
configure:9075: checking for fork
configure:9132: cc -o conftest -O   conftest.c  >&5
conftest.c:101:6: warning: conflicting types for built-in function 'fork'; expected 'int(void)' [-Wbuiltin-declaration-mismatch]
  101 | char fork ();
      |      ^~~~
configure:9138: $? = 0
configure:9141: test -z 			 || test ! -s conftest.err
configure:9144: $? = 0
configure:9147: test -s conftest
configure:9150: $? = 0
configure:9162: result: yes
configure:9075: checking for vfork
configure:9132: cc -o conftest -O   conftest.c  >&5
configure:9138: $? = 0
configure:9141: test -z 			 || test ! -s conftest.err
configure:9144: $? = 0
configure:9147: test -s conftest
configure:9150: $? = 0
configure:9162: result: yes
configure:9173: checking for working fork
configure:9202: cc -o conftest -O   conftest.c  >&5
configure:9205: $? = 0
configure:9207: ./conftest
configure:9210: $? = 0
configure:9224: result: yes
configure:9245: checking for working vfork
configure:9378: result: yes
configure:9413: checking for vprintf
configure:9470: cc -o conftest -O   conftest.c  >&5
conftest.c:105:6: warning: conflicting types for built-in function 'vprintf'; expected 'int(const char *, __va_list_tag *)' [-Wbuiltin-declaration-mismatch]
  105 | char vprintf ();
      |      ^~~~~~~
conftest.c:92:1: note: 'vprintf' is declared in header '<stdio.h>'
   91 | # include <limits.h>
   92 | #else
configure:9476: $? = 0
configure:9479: test -z 			 || test ! -s conftest.err
configure:9482: $? = 0
configure:9485: test -s conftest
configure:9488: $? = 0
configure:9500: result: yes
configure:9507: checking for _doprnt
configure:9564: cc -o conftest -O   conftest.c  >&5
/usr/sbin/ld: /tmp/ccf6t7yn.o: in function `main':
conftest.c:(.text+0x3): undefined reference to `_doprnt'
/usr/sbin/ld: /tmp/ccf6t7yn.o:(.data.rel+0x0): undefined reference to `_doprnt'
collect2: error: ld returned 1 exit status
configure:9570: $? = 1
configure: failed program was:
| /* confdefs.h.  */
| 
| #define PACKAGE_NAME "GNU make"
| #define PACKAGE_TARNAME "make"
| #define PACKAGE_VERSION "3.81"
| #define PACKAGE_STRING "GNU make 3.81"
| #define PACKAGE_BUGREPORT "bug-make@gnu.org"
| #define PACKAGE "make"
| #define VERSION "3.81"
| #define STDC_HEADERS 1
| #define HAVE_SYS_TYPES_H 1
| #define HAVE_SYS_STAT_H 1
| #define HAVE_STDLIB_H 1
| #define HAVE_STRING_H 1
| #define HAVE_MEMORY_H 1
| #define HAVE_STRINGS_H 1
| #define HAVE_INTTYPES_H 1
| #define HAVE_STDINT_H 1
| #define HAVE_UNISTD_H 1
| #define PROTOTYPES 1
| #define __PROTOTYPES 1
| #define HAVE_STRING_H 1
| #define STDC_HEADERS 1
| #define HAVE_DIRENT_H 1
| #define TIME_WITH_SYS_TIME 1
| #define HAVE_STDLIB_H 1
| #define HAVE_LOCALE_H 1
| #define HAVE_UNISTD_H 1
| #define HAVE_LIMITS_H 1
| #define HAVE_FCNTL_H 1
| #define HAVE_STRING_H 1
| #define HAVE_MEMORY_H 1
| #define HAVE_SYS_PARAM_H 1
| #define HAVE_SYS_RESOURCE_H 1
| #define HAVE_SYS_TIME_H 1
| #define HAVE_SYS_TIMEB_H 1
| #define HAVE_ANSI_COMPILER 1
| #define HAVE_STDARG_H 1
| #define RETSIGTYPE void
| #define ST_MTIM_NSEC tv_nsec
| #define FILE_TIMESTAMP_HI_RES 1
| #define HAVE_CLOCK_GETTIME 1
| #define HAVE_GETTIMEOFDAY 1
| #define HAVE_MEMCPY 1
| #define HAVE_MEMMOVE 1
| #define HAVE_STRCHR 1
| #define HAVE_STRDUP 1
| #define HAVE_MKSTEMP 1
| #define HAVE_MKTEMP 1
| #define HAVE_FDOPEN 1
| #define HAVE_BSD_SIGNAL 1
| #define HAVE_DUP2 1
| #define HAVE_GETCWD 1
| #define HAVE_REALPATH 1
| #define HAVE_SIGSETMASK 1
| #define HAVE_SIGACTION 1
| #define HAVE_GETGROUPS 1
| #define HAVE_SETEUID 1
| #define HAVE_SETEGID 1
| #define HAVE_SETLINEBUF 1
| #define HAVE_SETREUID 1
| #define HAVE_SETREGID 1
| #define HAVE_GETRLIMIT 1
| #define HAVE_SETRLIMIT 1
| #define HAVE_SETVBUF 1
| #define HAVE_PIPE 1
| #define HAVE_STRERROR 1
| #define HAVE_STRSIGNAL 1
| #define HAVE_LSTAT 1
| #define HAVE_READLINK 1
| #define HAVE_ATEXIT 1
| #define HAVE_STRCOLL 1
| #define HAVE_ALLOCA_H 1
| #define HAVE_ALLOCA 1
| #define HAVE_UNISTD_H 1
| #define HAVE_FORK 1
| #define HAVE_VFORK 1
| #define HAVE_WORKING_VFORK 1
| #define HAVE_WORKING_FORK 1
| #define HAVE_VPRINTF 1
| /* end confdefs.h.  */
| /* Define _doprnt to an innocuous variant, in case <limits.h> declares _doprnt.
|    For example, HP-UX 11i <limits.h> declares gettimeofday.  */
| #define _doprnt innocuous__doprnt
| 
| /* System header to define __stub macros and hopefully few prototypes,
|     which can conflict with char _doprnt (); below.
|     Prefer <limits.h> to <assert.h> if __STDC__ is defined, since
|     <limits.h> exists even on freestanding compilers.  */
| 
| #ifdef __STDC__
| # include <limits.h>
| #else
| # include <assert.h>
| #endif
| 
| #undef _doprnt
| 
| /* Override any gcc2 internal prototype to avoid an error.  */
| #ifdef __cplusplus
| extern "C"
| {
| #endif
| /* We use char because int might match the return type of a gcc2
|    builtin and then its argument prototype would still apply.  */
| char _doprnt ();
| /* The GNU C library defines this for functions which it implements
|     to always fail with ENOSYS.  Some functions are actually named
|     something starting with __ and the normal name is an alias.  */
| #if defined (__stub__doprnt) || defined (__stub____doprnt)
| choke me
| #else
| char (*f) () = _doprnt;
| #endif
| #ifdef __cplusplus
| }
| #endif
| 
| int
| main ()
| {
| return f != _doprnt;
|   ;
|   return 0;
| }
configure:9594: result: no
configure:9608: checking whether closedir returns void
configure:9637: cc -o conftest -O   conftest.c  >&5
configure:9640: $? = 0
configure:9642: ./conftest
configure:9645: $? = 0
configure:9659: result: no
configure:9681: checking for getloadavg
configure:9738: cc -o conftest -O   conftest.c  >&5
configure:9744: $? = 0
configure:9747: test -z 			 || test ! -s conftest.err
configure:9750: $? = 0
configure:9753: test -s conftest
configure:9756: $? = 0
configure:9768: result: yes
configure:9782: checking for pstat_getdynamic
configure:9839: cc -o conftest -O   conftest.c  >&5
/usr/sbin/ld: /tmp/ccGdS4rX.o: in function `main':
conftest.c:(.text+0x3): undefined reference to `pstat_getdynamic'
/usr/sbin/ld: /tmp/ccGdS4rX.o:(.data.rel+0x0): undefined reference to `pstat_getdynamic'
collect2: error: ld returned 1 exit status
configure:9845: $? = 1
configure: failed program was:
| /* confdefs.h.  */
| 
| #define PACKAGE_NAME "GNU make"
| #define PACKAGE_TARNAME "make"
| #define PACKAGE_VERSION "3.81"
| #define PACKAGE_STRING "GNU make 3.81"
| #define PACKAGE_BUGREPORT "bug-make@gnu.org"
| #define PACKAGE "make"
| #define VERSION "3.81"
| #define STDC_HEADERS 1
| #define HAVE_SYS_TYPES_H 1
| #define HAVE_SYS_STAT_H 1
| #define HAVE_STDLIB_H 1
| #define HAVE_STRING_H 1
| #define HAVE_MEMORY_H 1
| #define HAVE_STRINGS_H 1
| #define HAVE_INTTYPES_H 1
| #define HAVE_STDINT_H 1
| #define HAVE_UNISTD_H 1
| #define PROTOTYPES 1
| #define __PROTOTYPES 1
| #define HAVE_STRING_H 1
| #define STDC_HEADERS 1
| #define HAVE_DIRENT_H 1
| #define TIME_WITH_SYS_TIME 1
| #define HAVE_STDLIB_H 1
| #define HAVE_LOCALE_H 1
| #define HAVE_UNISTD_H 1
| #define HAVE_LIMITS_H 1
| #define HAVE_FCNTL_H 1
| #define HAVE_STRING_H 1
| #define HAVE_MEMORY_H 1
| #define HAVE_SYS_PARAM_H 1
| #define HAVE_SYS_RESOURCE_H 1
| #define HAVE_SYS_TIME_H 1
| #define HAVE_SYS_TIMEB_H 1
| #define HAVE_ANSI_COMPILER 1
| #define HAVE_STDARG_H 1
| #define RETSIGTYPE void
| #define ST_MTIM_NSEC tv_nsec
| #define FILE_TIMESTAMP_HI_RES 1
| #define HAVE_CLOCK_GETTIME 1
| #define HAVE_GETTIMEOFDAY 1
| #define HAVE_MEMCPY 1
| #define HAVE_MEMMOVE 1
| #define HAVE_STRCHR 1
| #define HAVE_STRDUP 1
| #define HAVE_MKSTEMP 1
| #define HAVE_MKTEMP 1
| #define HAVE_FDOPEN 1
| #define HAVE_BSD_SIGNAL 1
| #define HAVE_DUP2 1
| #define HAVE_GETCWD 1
| #define HAVE_REALPATH 1
| #define HAVE_SIGSETMASK 1
| #define HAVE_SIGACTION 1
| #define HAVE_GETGROUPS 1
| #define HAVE_SETEUID 1
| #define HAVE_SETEGID 1
| #define HAVE_SETLINEBUF 1
| #define HAVE_SETREUID 1
| #define HAVE_SETREGID 1
| #define HAVE_GETRLIMIT 1
| #define HAVE_SETRLIMIT 1
| #define HAVE_SETVBUF 1
| #define HAVE_PIPE 1
| #define HAVE_STRERROR 1
| #define HAVE_STRSIGNAL 1
| #define HAVE_LSTAT 1
| #define HAVE_READLINK 1
| #define HAVE_ATEXIT 1
| #define HAVE_STRCOLL 1
| #define HAVE_ALLOCA_H 1
| #define HAVE_ALLOCA 1
| #define HAVE_UNISTD_H 1
| #define HAVE_FORK 1
| #define HAVE_VFORK 1
| #define HAVE_WORKING_VFORK 1
| #define HAVE_WORKING_FORK 1
| #define HAVE_VPRINTF 1
| /* end confdefs.h.  */
| /* Define pstat_getdynamic to an innocuous variant, in case <limits.h> declares pstat_getdynamic.
|    For example, HP-UX 11i <limits.h> declares gettimeofday.  */
| #define pstat_getdynamic innocuous_pstat_getdynamic
| 
| /* System header to define __stub macros and hopefully few prototypes,
|     which can conflict with char pstat_getdynamic (); below.
|     Prefer <limits.h> to <assert.h> if __STDC__ is defined, since
|     <limits.h> exists even on freestanding compilers.  */
| 
| #ifdef __STDC__
| # include <limits.h>
| #else
| # include <assert.h>
| #endif
| 
| #undef pstat_getdynamic
| 
| /* Override any gcc2 internal prototype to avoid an error.  */
| #ifdef __cplusplus
| extern "C"
| {
| #endif
| /* We use char because int might match the return type of a gcc2
|    builtin and then its argument prototype would still apply.  */
| char pstat_getdynamic ();
| /* The GNU C library defines this for functions which it implements
|     to always fail with ENOSYS.  Some functions are actually named
|     something starting with __ and the normal name is an alias.  */
| #if defined (__stub_pstat_getdynamic) || defined (__stub___pstat_getdynamic)
| choke me
| #else
| char (*f) () = pstat_getdynamic;
| #endif
| #ifdef __cplusplus
| }
| #endif
| 
| int
| main ()
| {
| return f != pstat_getdynamic;
|   ;
|   return 0;
| }
configure:9869: result: no
configure:9882: checking for kstat_open in -lkstat
configure:9912: cc -o conftest -O   conftest.c -lkstat   >&5
/usr/sbin/ld: cannot find -lkstat
collect2: error: ld returned 1 exit status
configure:9918: $? = 1
configure: failed program was:
| /* confdefs.h.  */
| 
| #define PACKAGE_NAME "GNU make"
| #define PACKAGE_TARNAME "make"
| #define PACKAGE_VERSION "3.81"
| #define PACKAGE_STRING "GNU make 3.81"
| #define PACKAGE_BUGREPORT "bug-make@gnu.org"
| #define PACKAGE "make"
| #define VERSION "3.81"
| #define STDC_HEADERS 1
| #define HAVE_SYS_TYPES_H 1
| #define HAVE_SYS_STAT_H 1
| #define HAVE_STDLIB_H 1
| #define HAVE_STRING_H 1
| #define HAVE_MEMORY_H 1
| #define HAVE_STRINGS_H 1
| #define HAVE_INTTYPES_H 1
| #define HAVE_STDINT_H 1
| #define HAVE_UNISTD_H 1
| #define PROTOTYPES 1
| #define __PROTOTYPES 1
| #define HAVE_STRING_H 1
| #define STDC_HEADERS 1
| #define HAVE_DIRENT_H 1
| #define TIME_WITH_SYS_TIME 1
| #define HAVE_STDLIB_H 1
| #define HAVE_LOCALE_H 1
| #define HAVE_UNISTD_H 1
| #define HAVE_LIMITS_H 1
| #define HAVE_FCNTL_H 1
| #define HAVE_STRING_H 1
| #define HAVE_MEMORY_H 1
| #define HAVE_SYS_PARAM_H 1
| #define HAVE_SYS_RESOURCE_H 1
| #define HAVE_SYS_TIME_H 1
| #define HAVE_SYS_TIMEB_H 1
| #define HAVE_ANSI_COMPILER 1
| #define HAVE_STDARG_H 1
| #define RETSIGTYPE void
| #define ST_MTIM_NSEC tv_nsec
| #define FILE_TIMESTAMP_HI_RES 1
| #define HAVE_CLOCK_GETTIME 1
| #define HAVE_GETTIMEOFDAY 1
| #define HAVE_MEMCPY 1
| #define HAVE_MEMMOVE 1
| #define HAVE_STRCHR 1
| #define HAVE_STRDUP 1
| #define HAVE_MKSTEMP 1
| #define HAVE_MKTEMP 1
| #define HAVE_FDOPEN 1
| #define HAVE_BSD_SIGNAL 1
| #define HAVE_DUP2 1
| #define HAVE_GETCWD 1
| #define HAVE_REALPATH 1
| #define HAVE_SIGSETMASK 1
| #define HAVE_SIGACTION 1
| #define HAVE_GETGROUPS 1
| #define HAVE_SETEUID 1
| #define HAVE_SETEGID 1
| #define HAVE_SETLINEBUF 1
| #define HAVE_SETREUID 1
| #define HAVE_SETREGID 1
| #define HAVE_GETRLIMIT 1
| #define HAVE_SETRLIMIT 1
| #define HAVE_SETVBUF 1
| #define HAVE_PIPE 1
| #define HAVE_STRERROR 1
| #define HAVE_STRSIGNAL 1
| #define HAVE_LSTAT 1
| #define HAVE_READLINK 1
| #define HAVE_ATEXIT 1
| #define HAVE_STRCOLL 1
| #define HAVE_ALLOCA_H 1
| #define HAVE_ALLOCA 1
| #define HAVE_UNISTD_H 1
| #define HAVE_FORK 1
| #define HAVE_VFORK 1
| #define HAVE_WORKING_VFORK 1
| #define HAVE_WORKING_FORK 1
| #define HAVE_VPRINTF 1
| /* end confdefs.h.  */
| 
| /* Override any gcc2 internal prototype to avoid an error.  */
| #ifdef __cplusplus
| extern "C"
| #endif
| /* We use char because int might match the return type of a gcc2
|    builtin and then its argument prototype would still apply.  */
| char kstat_open ();
| int
| main ()
| {
| kstat_open ();
|   ;
|   return 0;
| }
configure:9943: result: no
configure:10249: checking for getloadavg
configure:10306: cc -o conftest -O   conftest.c  >&5
configure:10312: $? = 0
configure:10315: test -z 			 || test ! -s conftest.err
configure:10318: $? = 0
configure:10321: test -s conftest
configure:10324: $? = 0
configure:10336: result: yes
configure:11552: checking whether getloadavg requires setgid
configure:11577: result: no
configure:11678: checking whether sys_siglist is declared
configure:11709: cc -c -O  conftest.c >&5
configure:11715: $? = 0
configure:11718: test -z 			 || test ! -s conftest.err
configure:11721: $? = 0
configure:11724: test -s conftest.o
configure:11727: $? = 0
configure:11738: result: yes
configure:11754: checking whether _sys_siglist is declared
configure:11785: cc -c -O  conftest.c >&5
configure:11791: $? = 0
configure:11794: test -z 			 || test ! -s conftest.err
configure:11797: $? = 0
configure:11800: test -s conftest.o
configure:11803: $? = 0
configure:11814: result: yes
configure:11830: checking whether __sys_siglist is declared
configure:11861: cc -c -O  conftest.c >&5
conftest.c: In function 'main':
conftest.c:130:22: error: '__sys_siglist' undeclared (first use in this function); did you mean '_sys_siglist'?
  130 |   char *p = (char *) __sys_siglist;
      |                      ^~~~~~~~~~~~~
      |                      _sys_siglist
conftest.c:130:22: note: each undeclared identifier is reported only once for each function it appears in
configure:11867: $? = 1
configure: failed program was:
| /* confdefs.h.  */
| 
| #define PACKAGE_NAME "GNU make"
| #define PACKAGE_TARNAME "make"
| #define PACKAGE_VERSION "3.81"
| #define PACKAGE_STRING "GNU make 3.81"
| #define PACKAGE_BUGREPORT "bug-make@gnu.org"
| #define PACKAGE "make"
| #define VERSION "3.81"
| #define STDC_HEADERS 1
| #define HAVE_SYS_TYPES_H 1
| #define HAVE_SYS_STAT_H 1
| #define HAVE_STDLIB_H 1
| #define HAVE_STRING_H 1
| #define HAVE_MEMORY_H 1
| #define HAVE_STRINGS_H 1
| #define HAVE_INTTYPES_H 1
| #define HAVE_STDINT_H 1
| #define HAVE_UNISTD_H 1
| #define PROTOTYPES 1
| #define __PROTOTYPES 1
| #define HAVE_STRING_H 1
| #define STDC_HEADERS 1
| #define HAVE_DIRENT_H 1
| #define TIME_WITH_SYS_TIME 1
| #define HAVE_STDLIB_H 1
| #define HAVE_LOCALE_H 1
| #define HAVE_UNISTD_H 1
| #define HAVE_LIMITS_H 1
| #define HAVE_FCNTL_H 1
| #define HAVE_STRING_H 1
| #define HAVE_MEMORY_H 1
| #define HAVE_SYS_PARAM_H 1
| #define HAVE_SYS_RESOURCE_H 1
| #define HAVE_SYS_TIME_H 1
| #define HAVE_SYS_TIMEB_H 1
| #define HAVE_ANSI_COMPILER 1
| #define HAVE_STDARG_H 1
| #define RETSIGTYPE void
| #define ST_MTIM_NSEC tv_nsec
| #define FILE_TIMESTAMP_HI_RES 1
| #define HAVE_CLOCK_GETTIME 1
| #define HAVE_GETTIMEOFDAY 1
| #define HAVE_MEMCPY 1
| #define HAVE_MEMMOVE 1
| #define HAVE_STRCHR 1
| #define HAVE_STRDUP 1
| #define HAVE_MKSTEMP 1
| #define HAVE_MKTEMP 1
| #define HAVE_FDOPEN 1
| #define HAVE_BSD_SIGNAL 1
| #define HAVE_DUP2 1
| #define HAVE_GETCWD 1
| #define HAVE_REALPATH 1
| #define HAVE_SIGSETMASK 1
| #define HAVE_SIGACTION 1
| #define HAVE_GETGROUPS 1
| #define HAVE_SETEUID 1
| #define HAVE_SETEGID 1
| #define HAVE_SETLINEBUF 1
| #define HAVE_SETREUID 1
| #define HAVE_SETREGID 1
| #define HAVE_GETRLIMIT 1
| #define HAVE_SETRLIMIT 1
| #define HAVE_SETVBUF 1
| #define HAVE_PIPE 1
| #define HAVE_STRERROR 1
| #define HAVE_STRSIGNAL 1
| #define HAVE_LSTAT 1
| #define HAVE_READLINK 1
| #define HAVE_ATEXIT 1
| #define HAVE_STRCOLL 1
| #define HAVE_ALLOCA_H 1
| #define HAVE_ALLOCA 1
| #define HAVE_UNISTD_H 1
| #define HAVE_FORK 1
| #define HAVE_VFORK 1
| #define HAVE_WORKING_VFORK 1
| #define HAVE_WORKING_FORK 1
| #define HAVE_VPRINTF 1
| #define HAVE_GETLOADAVG 1
| #define HAVE_DECL_SYS_SIGLIST 1
| #define HAVE_DECL__SYS_SIGLIST 1
| /* end confdefs.h.  */
| #include <stdio.h>
| #if HAVE_SYS_TYPES_H
| # include <sys/types.h>
| #endif
| #if HAVE_SYS_STAT_H
| # include <sys/stat.h>
| #endif
| #if STDC_HEADERS
| # include <stdlib.h>
| # include <stddef.h>
| #else
| # if HAVE_STDLIB_H
| #  include <stdlib.h>
| # endif
| #endif
| #if HAVE_STRING_H
| # if !STDC_HEADERS && HAVE_MEMORY_H
| #  include <memory.h>
| # endif
| # include <string.h>
| #endif
| #if HAVE_STRINGS_H
| # include <strings.h>
| #endif
| #if HAVE_INTTYPES_H
| # include <inttypes.h>
| #else
| # if HAVE_STDINT_H
| #  include <stdint.h>
| # endif
| #endif
| #if HAVE_UNISTD_H
| # include <unistd.h>
| #endif
| #include <signal.h>
| /* NetBSD declares sys_siglist in unistd.h.  */
| #if HAVE_UNISTD_H
| # include <unistd.h>
| #endif
| 
| 
| int
| main ()
| {
| #ifndef __sys_siglist
|   char *p = (char *) __sys_siglist;
| #endif
| 
|   ;
|   return 0;
| }
configure:11890: result: no
configure:11925: checking sys/wait.h usability
configure:11937: cc -c -O  conftest.c >&5
configure:11943: $? = 0
configure:11946: test -z 			 || test ! -s conftest.err
configure:11949: $? = 0
configure:11952: test -s conftest.o
configure:11955: $? = 0
configure:11965: result: yes
configure:11969: checking sys/wait.h presence
configure:11979: cc -E  conftest.c
configure:11985: $? = 0
configure:12005: result: yes
configure:12040: checking for sys/wait.h
configure:12047: result: yes
configure:12065: checking for waitpid
configure:12122: cc -o conftest -O   conftest.c  >&5
configure:12128: $? = 0
configure:12131: test -z 			 || test ! -s conftest.err
configure:12134: $? = 0
configure:12137: test -s conftest
configure:12140: $? = 0
configure:12152: result: yes
configure:12065: checking for wait3
configure:12122: cc -o conftest -O   conftest.c  >&5
configure:12128: $? = 0
configure:12131: test -z 			 || test ! -s conftest.err
configure:12134: $? = 0
configure:12137: test -s conftest
configure:12140: $? = 0
configure:12152: result: yes
configure:12162: checking for union wait
configure:12199: cc -o conftest -O   conftest.c  >&5
conftest.c: In function 'main':
conftest.c:94:12: error: storage size of 'status' isn't known
   94 | union wait status; int pid; pid = wait (&status);
      |            ^~~~~~
conftest.c:102:12: error: 'blow' undeclared (first use in this function)
  102 |         -- blow chunks here --
      |            ^~~~
conftest.c:102:12: note: each undeclared identifier is reported only once for each function it appears in
conftest.c:102:16: error: expected ';' before 'chunks'
  102 |         -- blow chunks here --
      |                ^~~~~~~
      |                ;
configure:12205: $? = 1
configure: failed program was:
| /* confdefs.h.  */
| 
| #define PACKAGE_NAME "GNU make"
| #define PACKAGE_TARNAME "make"
| #define PACKAGE_VERSION "3.81"
| #define PACKAGE_STRING "GNU make 3.81"
| #define PACKAGE_BUGREPORT "bug-make@gnu.org"
| #define PACKAGE "make"
| #define VERSION "3.81"
| #define STDC_HEADERS 1
| #define HAVE_SYS_TYPES_H 1
| #define HAVE_SYS_STAT_H 1
| #define HAVE_STDLIB_H 1
| #define HAVE_STRING_H 1
| #define HAVE_MEMORY_H 1
| #define HAVE_STRINGS_H 1
| #define HAVE_INTTYPES_H 1
| #define HAVE_STDINT_H 1
| #define HAVE_UNISTD_H 1
| #define PROTOTYPES 1
| #define __PROTOTYPES 1
| #define HAVE_STRING_H 1
| #define STDC_HEADERS 1
| #define HAVE_DIRENT_H 1
| #define TIME_WITH_SYS_TIME 1
| #define HAVE_STDLIB_H 1
| #define HAVE_LOCALE_H 1
| #define HAVE_UNISTD_H 1
| #define HAVE_LIMITS_H 1
| #define HAVE_FCNTL_H 1
| #define HAVE_STRING_H 1
| #define HAVE_MEMORY_H 1
| #define HAVE_SYS_PARAM_H 1
| #define HAVE_SYS_RESOURCE_H 1
| #define HAVE_SYS_TIME_H 1
| #define HAVE_SYS_TIMEB_H 1
| #define HAVE_ANSI_COMPILER 1
| #define HAVE_STDARG_H 1
| #define RETSIGTYPE void
| #define ST_MTIM_NSEC tv_nsec
| #define FILE_TIMESTAMP_HI_RES 1
| #define HAVE_CLOCK_GETTIME 1
| #define HAVE_GETTIMEOFDAY 1
| #define HAVE_MEMCPY 1
| #define HAVE_MEMMOVE 1
| #define HAVE_STRCHR 1
| #define HAVE_STRDUP 1
| #define HAVE_MKSTEMP 1
| #define HAVE_MKTEMP 1
| #define HAVE_FDOPEN 1
| #define HAVE_BSD_SIGNAL 1
| #define HAVE_DUP2 1
| #define HAVE_GETCWD 1
| #define HAVE_REALPATH 1
| #define HAVE_SIGSETMASK 1
| #define HAVE_SIGACTION 1
| #define HAVE_GETGROUPS 1
| #define HAVE_SETEUID 1
| #define HAVE_SETEGID 1
| #define HAVE_SETLINEBUF 1
| #define HAVE_SETREUID 1
| #define HAVE_SETREGID 1
| #define HAVE_GETRLIMIT 1
| #define HAVE_SETRLIMIT 1
| #define HAVE_SETVBUF 1
| #define HAVE_PIPE 1
| #define HAVE_STRERROR 1
| #define HAVE_STRSIGNAL 1
| #define HAVE_LSTAT 1
| #define HAVE_READLINK 1
| #define HAVE_ATEXIT 1
| #define HAVE_STRCOLL 1
| #define HAVE_ALLOCA_H 1
| #define HAVE_ALLOCA 1
| #define HAVE_UNISTD_H 1
| #define HAVE_FORK 1
| #define HAVE_VFORK 1
| #define HAVE_WORKING_VFORK 1
| #define HAVE_WORKING_FORK 1
| #define HAVE_VPRINTF 1
| #define HAVE_GETLOADAVG 1
| #define HAVE_DECL_SYS_SIGLIST 1
| #define HAVE_DECL__SYS_SIGLIST 1
| #define HAVE_DECL___SYS_SIGLIST 0
| #define HAVE_SYS_WAIT_H 1
| #define HAVE_WAITPID 1
| #define HAVE_WAIT3 1
| /* end confdefs.h.  */
| #include <sys/types.h>
| #include <sys/wait.h>
| int
| main ()
| {
| union wait status; int pid; pid = wait (&status);
| #ifdef WEXITSTATUS
| /* Some POSIXoid systems have both the new-style macros and the old
|    union wait type, and they do not work together.  If union wait
|    conflicts with WEXITSTATUS et al, we don't want to use it at all.  */
|         if (WEXITSTATUS (status) != 0) pid = -1;
| #ifdef WTERMSIG
|         /* If we have WEXITSTATUS and WTERMSIG, just use them on ints.  */
|         -- blow chunks here --
| #endif
| #endif
| #ifdef HAVE_WAITPID
|         /* Make sure union wait works with waitpid.  */
|         pid = waitpid (-1, &status, 0);
| #endif
| 
|   ;
|   return 0;
| }
configure:12237: result: no
configure:13461: checking for SA_RESTART
configure:13483: cc -c -O  conftest.c >&5
configure:13489: $? = 0
configure:13492: test -z 			 || test ! -s conftest.err
configure:13495: $? = 0
configure:13498: test -s conftest.o
configure:13501: $? = 0
configure:13512: result: yes
configure:13551: checking for location of SCCS get command
configure:13563: result: get
configure:13603: checking if system libc has GNU glob
configure:13635: result: no; using local copy
configure:13714: checking if malloc debugging is wanted
configure:13735: result: no
configure:13929: creating ./config.status

## ---------------------- ##
## Running config.status. ##
## ---------------------- ##

This file was extended by GNU make config.status 3.81, which was
generated by GNU Autoconf 2.59.  Invocation command line was

  CONFIG_FILES    = 
  CONFIG_HEADERS  = 
  CONFIG_LINKS    = 
  CONFIG_COMMANDS = 
  $ ./config.status 

on kumori

config.status:769: creating Makefile
config.status:769: creating glob/Makefile
config.status:769: creating po/Makefile.in
config.status:769: creating config/Makefile
config.status:769: creating doc/Makefile
config.status:769: creating w32/Makefile
config.status:828: creating config.h
config.status:1116: config.h is unchanged
config.status:1296: executing depfiles commands
config.status:1296: executing default-1 commands

## ---------------------- ##
## Running config.status. ##
## ---------------------- ##

This file was extended by GNU make config.status 3.81, which was
generated by GNU Autoconf 2.59.  Invocation command line was

  CONFIG_FILES    = 
  CONFIG_HEADERS  = 
  CONFIG_LINKS    = 
  CONFIG_COMMANDS = 
  $ ./config.status --file build.sh

on kumori

config.status:769: creating build.sh

## ---------------- ##
## Cache variables. ##
## ---------------- ##

ac_cv_build=x86_64-pc-linux-gnu
ac_cv_build_alias=x86_64-pc-linux-gnu
ac_cv_c_compiler_gnu=yes
ac_cv_c_const=yes
ac_cv_dos_paths=no
ac_cv_env_CC_set=set
ac_cv_env_CC_value=cc
ac_cv_env_CFLAGS_set=set
ac_cv_env_CFLAGS_value=-O
ac_cv_env_CPPFLAGS_set=set
ac_cv_env_CPPFLAGS_value=
ac_cv_env_CPP_set=
ac_cv_env_CPP_value=
ac_cv_env_LDFLAGS_set=set
ac_cv_env_LDFLAGS_value=
ac_cv_env_build_alias_set=
ac_cv_env_build_alias_value=
ac_cv_env_host_alias_set=
ac_cv_env_host_alias_value=
ac_cv_env_target_alias_set=
ac_cv_env_target_alias_value=
ac_cv_exeext=
ac_cv_func__doprnt=no
ac_cv_func_alloca_works=yes
ac_cv_func_atexit=yes
ac_cv_func_bsd_signal=yes
ac_cv_func_closedir_void=no
ac_cv_func_dup2=yes
ac_cv_func_fdopen=yes
ac_cv_func_fork=yes
ac_cv_func_fork_works=yes
ac_cv_func_getcwd=yes
ac_cv_func_getgroups=yes
ac_cv_func_getloadavg=yes
ac_cv_func_getloadavg_setgid=no
ac_cv_func_getrlimit=yes
ac_cv_func_gettimeofday=yes
ac_cv_func_lstat=yes
ac_cv_func_memcpy=yes
ac_cv_func_memmove=yes
ac_cv_func_mkstemp=yes
ac_cv_func_mktemp=yes
ac_cv_func_pipe=yes
ac_cv_func_pstat_getdynamic=no
ac_cv_func_readlink=yes
ac_cv_func_realpath=yes
ac_cv_func_setegid=yes
ac_cv_func_seteuid=yes
ac_cv_func_setlinebuf=yes
ac_cv_func_setregid=yes
ac_cv_func_setreuid=yes
ac_cv_func_setrlimit=yes
ac_cv_func_setvbuf=yes
ac_cv_func_setvbuf_reversed=no
ac_cv_func_sigaction=yes
ac_cv_func_sigsetmask=yes
ac_cv_func_strchr=yes
ac_cv_func_strcoll_works=yes
ac_cv_func_strdup=yes
ac_cv_func_strerror=yes
ac_cv_func_strsignal=yes
ac_cv_func_vfork=yes
ac_cv_func_vfork_works=yes
ac_cv_func_vprintf=yes
ac_cv_func_wait3=yes
ac_cv_func_waitpid=yes
ac_cv_have_decl___sys_siglist=no
ac_cv_have_decl__sys_siglist=yes
ac_cv_have_decl_sys_siglist=yes
ac_cv_header_dirent_dirent_h=yes
ac_cv_header_fcntl_h=yes
ac_cv_header_inttypes_h=yes
ac_cv_header_limits_h=yes
ac_cv_header_locale_h=yes
ac_cv_header_memory_h=yes
ac_cv_header_minix_config_h=no
ac_cv_header_stat_broken=no
ac_cv_header_stdarg_h=yes
ac_cv_header_stdc=yes
ac_cv_header_stdint_h=yes
ac_cv_header_stdlib_h=yes
ac_cv_header_string_h=yes
ac_cv_header_strings_h=yes
ac_cv_header_sys_param_h=yes
ac_cv_header_sys_resource_h=yes
ac_cv_header_sys_stat_h=yes
ac_cv_header_sys_time_h=yes
ac_cv_header_sys_timeb_h=yes
ac_cv_header_sys_types_h=yes
ac_cv_header_sys_wait_h=yes
ac_cv_header_time=yes
ac_cv_header_unistd_h=yes
ac_cv_header_vfork_h=no
ac_cv_host=x86_64-pc-linux-gnu
ac_cv_host_alias=x86_64-pc-linux-gnu
ac_cv_lib_kstat_kstat_open=no
ac_cv_objext=o
ac_cv_path_GMSGFMT=/usr/sbin/msgfmt
ac_cv_path_MSGFMT=/usr/sbin/msgfmt
ac_cv_path_MSGMERGE=/usr/sbin/msgmerge
ac_cv_path_XGETTEXT=/usr/sbin/xgettext
ac_cv_prog_AR=ar
ac_cv_prog_AWK=/home/ky0ko/code/netbsd-gc/src/obj/tooldir.Linux-5.4.7-arch1-1-x86_64/bin/nbawk
ac_cv_prog_CPP='cc -E'
ac_cv_prog_PERL=perl
ac_cv_prog_ac_ct_CC=cc
ac_cv_prog_ac_ct_RANLIB=ranlib
ac_cv_prog_cc_cc_c_o=yes
ac_cv_prog_cc_g=yes
ac_cv_prog_cc_stdc=
ac_cv_prog_egrep='grep -E'
ac_cv_prog_make__home_ky0ko_code_netbsd_gc_src_obj_tooldir_Linux_5_4_7_arch1_1_x86_64_bin_nbmake_set=yes
ac_cv_search_clock_gettime='none required'
ac_cv_search_getpwnam='none required'
ac_cv_search_opendir='none required'
ac_cv_search_strerror='none required'
ac_cv_struct_st_mtim_nsec=tv_nsec
ac_cv_sys_file_offset_bits=no
ac_cv_sys_large_files=no
ac_cv_sys_largefile_CC=no
ac_cv_type_pid_t=yes
ac_cv_type_signal=void
ac_cv_type_uid_t=yes
ac_cv_type_uintmax_t=yes
ac_cv_working_alloca_h=yes
acl_cv_hardcode_direct=no
acl_cv_hardcode_libdir_flag_spec='${wl}-rpath ${wl}$libdir'
acl_cv_hardcode_libdir_separator=
acl_cv_hardcode_minus_L=no
acl_cv_libext=a
acl_cv_path_LD=/usr/sbin/ld
acl_cv_prog_gnu_ld=yes
acl_cv_rpath=done
acl_cv_shlibext=so
acl_cv_wl=-Wl,
am_cv_CC_dependencies_compiler_type=gcc3
make_cv_file_timestamp_hi_res=yes
make_cv_job_server=yes
make_cv_path_sccs_get=get
make_cv_sa_restart=yes
make_cv_sys_gnu_glob=no
make_cv_union_wait=no

## ----------------- ##
## Output variables. ##
## ----------------- ##

ACLOCAL='${SHELL} /home/ky0ko/code/netbsd-gc/src/external/gpl2/gmake/dist/config/missing --run aclocal-1.9'
ALLOCA=''
AMDEPBACKSLASH='\'
AMDEP_FALSE='#'
AMDEP_TRUE=''
AMTAR='${SHELL} /home/ky0ko/code/netbsd-gc/src/external/gpl2/gmake/dist/config/missing --run tar'
ANSI2KNR=''
AR='ar'
AUTOCONF='${SHELL} /home/ky0ko/code/netbsd-gc/src/external/gpl2/gmake/dist/config/missing --run autoconf'
AUTOHEADER='${SHELL} /home/ky0ko/code/netbsd-gc/src/external/gpl2/gmake/dist/config/missing --run autoheader'
AUTOMAKE='${SHELL} /home/ky0ko/code/netbsd-gc/src/external/gpl2/gmake/dist/config/missing --run automake-1.9'
AWK='/home/ky0ko/code/netbsd-gc/src/obj/tooldir.Linux-5.4.7-arch1-1-x86_64/bin/nbawk'
CC='cc'
CCDEPMODE='depmode=gcc3'
CFLAGS='-O'
CPP='cc -E'
CPPFLAGS=''
CYGPATH_W='echo'
DEFS='-DHAVE_CONFIG_H'
DEPDIR='.deps'
ECHO_C=''
ECHO_N='-n'
ECHO_T=''
EGREP='grep -E'
EXEEXT=''
GETLOADAVG_LIBS=''
GLOBINC='-I$(srcdir)/glob'
GLOBLIB='glob/libglob.a'
GMSGFMT='/usr/sbin/msgfmt'
INSTALL_DATA='${INSTALL} -m 644'
INSTALL_PROGRAM='${INSTALL}'
INSTALL_SCRIPT='${INSTALL}'
INSTALL_STRIP_PROGRAM='${SHELL} $(install_sh) -c -s'
INTLLIBS=''
KMEM_GROUP=''
LDFLAGS=''
LIBICONV='-liconv'
LIBINTL=''
LIBOBJS=''
LIBS=''
LTLIBICONV='-liconv'
LTLIBINTL=''
LTLIBOBJS=''
MAKEINFO='${SHELL} /home/ky0ko/code/netbsd-gc/src/external/gpl2/gmake/dist/config/missing --run makeinfo'
MAKE_HOST='x86_64-pc-linux-gnu'
MKINSTALLDIRS='/home/ky0ko/code/netbsd-gc/src/tools/gmake/../../external/gpl2/gmake/dist/config/mkinstalldirs'
MSGFMT='/usr/sbin/msgfmt'
MSGMERGE='/usr/sbin/msgmerge'
NEED_SETGID='false'
OBJEXT='o'
PACKAGE='make'
PACKAGE_BUGREPORT='bug-make@gnu.org'
PACKAGE_NAME='GNU make'
PACKAGE_STRING='GNU make 3.81'
PACKAGE_TARNAME='make'
PACKAGE_VERSION='3.81'
PATH_SEPARATOR=':'
PERL='perl'
POSUB=''
RANLIB='ranlib'
REMOTE='stub'
SET_MAKE=''
SHELL='/usr/sbin/sh'
STRIP=''
U=''
USE_CUSTOMS_FALSE=''
USE_CUSTOMS_TRUE='#'
USE_LOCAL_GLOB_FALSE='#'
USE_LOCAL_GLOB_TRUE=''
USE_NLS='no'
VERSION='3.81'
WINDOWSENV_FALSE=''
WINDOWSENV_TRUE='#'
XGETTEXT='/usr/sbin/xgettext'
ac_ct_CC='cc'
ac_ct_RANLIB='ranlib'
ac_ct_STRIP=''
am__fastdepCC_FALSE='#'
am__fastdepCC_TRUE=''
am__include='include'
am__leading_dot='.'
am__quote=''
am__tar='${AMTAR} chof - "$$tardir"'
am__untar='${AMTAR} xf -'
bindir='${exec_prefix}/bin'
build='x86_64-pc-linux-gnu'
build_alias=''
build_cpu='x86_64'
build_os='linux-gnu'
build_vendor='pc'
datadir='${prefix}/share'
exec_prefix='${prefix}'
host='x86_64-pc-linux-gnu'
host_alias=''
host_cpu='x86_64'
host_os='linux-gnu'
host_vendor='pc'
includedir='${prefix}/include'
infodir='${prefix}/info'
install_sh='/home/ky0ko/code/netbsd-gc/src/external/gpl2/gmake/dist/config/install-sh'
libdir='${exec_prefix}/lib'
libexecdir='${exec_prefix}/libexec'
localstatedir='${prefix}/var'
mandir='${prefix}/man'
mkdir_p='mkdir -p --'
oldincludedir='/usr/include'
prefix='/home/ky0ko/code/netbsd-gc/src/obj/tooldir.Linux-5.4.7-arch1-1-x86_64'
program_transform_name='s,^,nbg,'
sbindir='${exec_prefix}/sbin'
sharedstatedir='${prefix}/com'
sysconfdir='${prefix}/etc'
target_alias=''

## ------------- ##
## Output files. ##
## ------------- ##

MAINT_MAKEFILE='/dev/null'

## ----------- ##
## confdefs.h. ##
## ----------- ##

#define FILE_TIMESTAMP_HI_RES 1
#define HAVE_ALLOCA 1
#define HAVE_ALLOCA_H 1
#define HAVE_ANSI_COMPILER 1
#define HAVE_ATEXIT 1
#define HAVE_BSD_SIGNAL 1
#define HAVE_CLOCK_GETTIME 1
#define HAVE_DECL_SYS_SIGLIST 1
#define HAVE_DECL__SYS_SIGLIST 1
#define HAVE_DECL___SYS_SIGLIST 0
#define HAVE_DIRENT_H 1
#define HAVE_DUP2 1
#define HAVE_FCNTL_H 1
#define HAVE_FDOPEN 1
#define HAVE_FORK 1
#define HAVE_GETCWD 1
#define HAVE_GETGROUPS 1
#define HAVE_GETLOADAVG 1
#define HAVE_GETRLIMIT 1
#define HAVE_GETTIMEOFDAY 1
#define HAVE_INTTYPES_H 1
#define HAVE_LIMITS_H 1
#define HAVE_LOCALE_H 1
#define HAVE_LSTAT 1
#define HAVE_MEMCPY 1
#define HAVE_MEMMOVE 1
#define HAVE_MEMORY_H 1
#define HAVE_MEMORY_H 1
#define HAVE_MKSTEMP 1
#define HAVE_MKTEMP 1
#define HAVE_PIPE 1
#define HAVE_READLINK 1
#define HAVE_REALPATH 1
#define HAVE_SA_RESTART 1
#define HAVE_SETEGID 1
#define HAVE_SETEUID 1
#define HAVE_SETLINEBUF 1
#define HAVE_SETREGID 1
#define HAVE_SETREUID 1
#define HAVE_SETRLIMIT 1
#define HAVE_SETVBUF 1
#define HAVE_SIGACTION 1
#define HAVE_SIGSETMASK 1
#define HAVE_STDARG_H 1
#define HAVE_STDINT_H 1
#define HAVE_STDLIB_H 1
#define HAVE_STDLIB_H 1
#define HAVE_STRCHR 1
#define HAVE_STRCOLL 1
#define HAVE_STRDUP 1
#define HAVE_STRERROR 1
#define HAVE_STRINGS_H 1
#define HAVE_STRING_H 1
#define HAVE_STRING_H 1
#define HAVE_STRING_H 1
#define HAVE_STRSIGNAL 1
#define HAVE_SYS_PARAM_H 1
#define HAVE_SYS_RESOURCE_H 1
#define HAVE_SYS_STAT_H 1
#define HAVE_SYS_TIMEB_H 1
#define HAVE_SYS_TIME_H 1
#define HAVE_SYS_TYPES_H 1
#define HAVE_SYS_WAIT_H 1
#define HAVE_UNISTD_H 1
#define HAVE_UNISTD_H 1
#define HAVE_UNISTD_H 1
#define HAVE_VFORK 1
#define HAVE_VPRINTF 1
#define HAVE_WAIT3 1
#define HAVE_WAITPID 1
#define HAVE_WORKING_FORK 1
#define HAVE_WORKING_VFORK 1
#define MAKE_HOST "x86_64-pc-linux-gnu"
#define MAKE_JOBSERVER 1
#define MAKE_SYMLINKS 1
#define PACKAGE "make"
#define PACKAGE_BUGREPORT "bug-make@gnu.org"
#define PACKAGE_NAME "GNU make"
#define PACKAGE_STRING "GNU make 3.81"
#define PACKAGE_TARNAME "make"
#define PACKAGE_VERSION "3.81"
#define PROTOTYPES 1
#define RETSIGTYPE void
#define SCCS_GET "get"
#define STDC_HEADERS 1
#define STDC_HEADERS 1
#define ST_MTIM_NSEC tv_nsec
#define TIME_WITH_SYS_TIME 1
#define VERSION "3.81"
#define __PROTOTYPES 1

configure: exit 0
