This file contains any messages produced by compilers while
running configure, to aid debugging if configure makes a mistake.

It was created by configure, which was
generated by GNU Autoconf 2.64.  Invocation command line was

  $ /home/ky0ko/code/netbsd-gc/src/external/gpl3/binutils.old/dist/zlib/configure --srcdir=/home/ky0ko/code/netbsd-gc/src/tools/binutils/../../external/gpl3/binutils.old/dist/zlib --cache-file=./config.cache --with-gnu-as --with-gnu-ld --disable-nls --disable-werror --with-pkgversion=NetBSD Binutils nb1 --with-bugurl=http://www.NetBSD.org/support/send-pr.html --with-lib-path==/usr/lib --with-sysroot --prefix=/home/ky0ko/code/netbsd-gc/src/obj/tooldir.Linux-5.4.7-arch1-1-x86_64 --program-transform-name=s,^,powerpc--netbsd-, --disable-option-checking --build=x86_64-pc-linux-gnu --host=x86_64-pc-linux-gnu --target=powerpc--netbsd

## --------- ##
## Platform. ##
## --------- ##

hostname = kumori
uname -m = x86_64
uname -r = 5.4.7-arch1-1
uname -s = Linux
uname -v = #1 SMP PREEMPT Tue, 31 Dec 2019 17:20:16 +0000

/usr/bin/uname -p = unknown
/bin/uname -X     = unknown

/bin/arch              = unknown
/usr/bin/arch -k       = unknown
/usr/convex/getsysinfo = unknown
/usr/bin/hostinfo      = unknown
/bin/machine           = unknown
/usr/bin/oslevel       = unknown
/bin/universe          = unknown

PATH: /home/ky0ko/code/netbsd-gc/src/obj/tooldir.Linux-5.4.7-arch1-1-x86_64/bin
PATH: /bedrock/cross/pin/bin
PATH: /bedrock/bin
PATH: /usr/local/sbin
PATH: /usr/local/bin
PATH: /opt/sbin
PATH: /opt/bin
PATH: /usr/sbin
PATH: /usr/bin
PATH: /sbin
PATH: /bin
PATH: /bedrock/cross/bin


## ----------- ##
## Core tests. ##
## ----------- ##

configure:2103: creating cache ./config.cache
configure:2248: checking build system type
configure:2262: result: x86_64-pc-linux-gnu
configure:2282: checking host system type
configure:2295: result: x86_64-pc-linux-gnu
configure:2315: checking target system type
configure:2328: result: powerpc--netbsd
configure:2376: checking for a BSD-compatible install
configure:2444: result: /home/ky0ko/code/netbsd-gc/src/obj/tooldir.Linux-5.4.7-arch1-1-x86_64/bin/powerpc--netbsd-install -c -p -r
configure:2455: checking whether build environment is sane
configure:2505: result: yes
configure:2646: checking for a thread-safe mkdir -p
configure:2685: result: /home/ky0ko/code/netbsd-gc/src/obj/tooldir.Linux-5.4.7-arch1-1-x86_64/bin/powerpc--netbsd-install -d -p
configure:2698: checking for gawk
configure:2725: result: /home/ky0ko/code/netbsd-gc/src/obj/tooldir.Linux-5.4.7-arch1-1-x86_64/bin/nbawk
configure:2736: checking whether /home/ky0ko/code/netbsd-gc/src/obj/tooldir.Linux-5.4.7-arch1-1-x86_64/bin/nbmake sets $(MAKE)
configure:2758: result: yes
configure:2840: checking whether to enable maintainer-specific portions of Makefiles
configure:2849: result: no
configure:2920: checking for x86_64-pc-linux-gnu-gcc
configure:2947: result: cc
configure:3216: checking for C compiler version
configure:3225: cc --version >&5
cc (GCC) 9.2.0
Copyright (C) 2019 Free Software Foundation, Inc.
This is free software; see the source for copying conditions.  There is NO
warranty; not even for MERCHANTABILITY or FITNESS FOR A PARTICULAR PURPOSE.

configure:3236: $? = 0
configure:3225: cc -v >&5
Using built-in specs.
COLLECT_GCC=cc
COLLECT_LTO_WRAPPER=/usr/lib/gcc/x86_64-pc-linux-gnu/9.2.0/lto-wrapper
Target: x86_64-pc-linux-gnu
Configured with: /build/gcc/src/gcc/configure --prefix=/usr --libdir=/usr/lib --libexecdir=/usr/lib --mandir=/usr/share/man --infodir=/usr/share/info --with-bugurl=https://bugs.archlinux.org/ --enable-languages=c,c++,ada,fortran,go,lto,objc,obj-c++,d --enable-shared --enable-threads=posix --with-system-zlib --with-isl --enable-__cxa_atexit --disable-libunwind-exceptions --enable-clocale=gnu --disable-libstdcxx-pch --disable-libssp --enable-gnu-unique-object --enable-linker-build-id --enable-lto --enable-plugin --enable-install-libiberty --with-linker-hash-style=gnu --enable-gnu-indirect-function --enable-multilib --disable-werror --enable-checking=release --enable-default-pie --enable-default-ssp --enable-cet=auto gdc_include_dir=/usr/include/dlang/gdc
Thread model: posix
gcc version 9.2.0 (GCC) 
configure:3236: $? = 0
configure:3225: cc -V >&5
cc: error: unrecognized command line option '-V'
cc: fatal error: no input files
compilation terminated.
configure:3236: $? = 1
configure:3225: cc -qversion >&5
cc: error: unrecognized command line option '-qversion'; did you mean '--version'?
cc: fatal error: no input files
compilation terminated.
configure:3236: $? = 1
configure:3252: cc -o conftest -O  -static-libstdc++ -static-libgcc  conftest.c  >&5
configure:3255: $? = 0
configure:3284: checking for C compiler default output file name
configure:3306: cc -O  -static-libstdc++ -static-libgcc  conftest.c  >&5
configure:3310: $? = 0
configure:3347: result: a.out
configure:3363: checking whether the C compiler works
configure:3372: ./a.out
configure:3376: $? = 0
configure:3391: result: yes
configure:3398: checking whether we are cross compiling
configure:3400: result: no
configure:3403: checking for suffix of executables
configure:3410: cc -o conftest -O  -static-libstdc++ -static-libgcc  conftest.c  >&5
configure:3414: $? = 0
configure:3436: result: 
configure:3443: checking for suffix of object files
configure:3465: cc -c -O  conftest.c >&5
configure:3469: $? = 0
configure:3490: result: o
configure:3494: checking whether we are using the GNU C compiler
configure:3513: cc -c -O  conftest.c >&5
configure:3513: $? = 0
configure:3522: result: yes
configure:3531: checking whether cc accepts -g
configure:3551: cc -c -g  conftest.c >&5
configure:3551: $? = 0
configure:3592: result: yes
configure:3609: checking for cc option to accept ISO C89
configure:3673: cc  -c -O  conftest.c >&5
configure:3673: $? = 0
configure:3686: result: none needed
configure:3717: checking for style of include used by /home/ky0ko/code/netbsd-gc/src/obj/tooldir.Linux-5.4.7-arch1-1-x86_64/bin/nbmake
configure:3745: result: GNU
configure:3771: checking dependency style of cc
configure:3882: result: gcc3
configure:3947: checking how to print strings
configure:3974: result: printf
configure:3995: checking for a sed that does not truncate output
configure:4059: result: /usr/sbin/sed
configure:4077: checking for grep that handles long lines and -e
configure:4135: result: /usr/sbin/grep
configure:4140: checking for egrep
configure:4202: result: /usr/sbin/grep -E
configure:4207: checking for fgrep
configure:4269: result: /usr/sbin/grep -F
configure:4304: checking for ld used by cc
configure:4371: result: ld
configure:4378: checking if the linker (ld) is GNU ld
configure:4393: result: yes
configure:4405: checking for BSD- or MS-compatible name lister (nm)
configure:4454: result: nm
configure:4584: checking the name lister (nm) interface
configure:4591: cc -c -O  conftest.c >&5
configure:4594: nm "conftest.o"
configure:4597: output
0000000000000000 B some_variable
configure:4598: result: BSD nm
configure:4601: checking whether ln -s works
configure:4605: result: yes
configure:4613: checking the maximum length of command line arguments
configure:4738: result: 1572864
configure:4755: checking whether the shell understands some XSI constructs
configure:4764: result: yes
configure:4768: checking whether the shell understands "+="
configure:4772: result: yes
configure:4807: checking for ld option to reload object files
configure:4814: result: -r
configure:4843: checking for x86_64-pc-linux-gnu-objdump
configure:4870: result: objdump
configure:4942: checking how to recognize dependent libraries
configure:5143: result: pass_all
configure:5163: checking for x86_64-pc-linux-gnu-ar
configure:5190: result: ar
configure:5268: checking for x86_64-pc-linux-gnu-strip
configure:5298: result: no
configure:5308: checking for strip
configure:5324: found /usr/sbin/strip
configure:5335: result: strip
configure:5367: checking for x86_64-pc-linux-gnu-ranlib
configure:5394: result: ranlib
configure:5536: checking command to parse nm output from cc object
configure:5654: cc -c -O  conftest.c >&5
configure:5657: $? = 0
configure:5661: nm conftest.o \| sed -n -e 's/^.*[ ]\([ABCDGIRSTW][ABCDGIRSTW]*\)[ ][ ]*\([_A-Za-z][_A-Za-z0-9]*\)$/\1 \2 \2/p' \> conftest.nm
configure:5664: $? = 0
configure:5718: cc -o conftest -O  -static-libstdc++ -static-libgcc  conftest.c conftstm.o >&5
configure:5721: $? = 0
configure:5759: result: ok
configure:5855: cc -c -O  conftest.c >&5
configure:5858: $? = 0
configure:6617: checking how to run the C preprocessor
configure:6648: cc -E  conftest.c
configure:6648: $? = 0
configure:6662: cc -E  conftest.c
conftest.c:11:10: fatal error: ac_nonexistent.h: No such file or directory
   11 | #include <ac_nonexistent.h>
      |          ^~~~~~~~~~~~~~~~~~
compilation terminated.
configure:6662: $? = 1
configure: failed program was:
| /* confdefs.h */
| #define PACKAGE_NAME ""
| #define PACKAGE_TARNAME ""
| #define PACKAGE_VERSION ""
| #define PACKAGE_STRING ""
| #define PACKAGE_BUGREPORT ""
| #define PACKAGE_URL ""
| #define PACKAGE "zlib"
| #define VERSION "1.1.4"
| /* end confdefs.h.  */
| #include <ac_nonexistent.h>
configure:6687: result: cc -E
configure:6707: cc -E  conftest.c
configure:6707: $? = 0
configure:6721: cc -E  conftest.c
conftest.c:11:10: fatal error: ac_nonexistent.h: No such file or directory
   11 | #include <ac_nonexistent.h>
      |          ^~~~~~~~~~~~~~~~~~
compilation terminated.
configure:6721: $? = 1
configure: failed program was:
| /* confdefs.h */
| #define PACKAGE_NAME ""
| #define PACKAGE_TARNAME ""
| #define PACKAGE_VERSION ""
| #define PACKAGE_STRING ""
| #define PACKAGE_BUGREPORT ""
| #define PACKAGE_URL ""
| #define PACKAGE "zlib"
| #define VERSION "1.1.4"
| /* end confdefs.h.  */
| #include <ac_nonexistent.h>
configure:6750: checking for ANSI C header files
configure:6770: cc -c -O  conftest.c >&5
configure:6770: $? = 0
configure:6843: cc -o conftest -O  -static-libstdc++ -static-libgcc  conftest.c  >&5
configure:6843: $? = 0
configure:6843: ./conftest
configure:6843: $? = 0
configure:6854: result: yes
configure:6867: checking for sys/types.h
configure:6867: cc -c -O  conftest.c >&5
configure:6867: $? = 0
configure:6867: result: yes
configure:6867: checking for sys/stat.h
configure:6867: cc -c -O  conftest.c >&5
configure:6867: $? = 0
configure:6867: result: yes
configure:6867: checking for stdlib.h
configure:6867: cc -c -O  conftest.c >&5
configure:6867: $? = 0
configure:6867: result: yes
configure:6867: checking for string.h
configure:6867: cc -c -O  conftest.c >&5
configure:6867: $? = 0
configure:6867: result: yes
configure:6867: checking for memory.h
configure:6867: cc -c -O  conftest.c >&5
configure:6867: $? = 0
configure:6867: result: yes
configure:6867: checking for strings.h
configure:6867: cc -c -O  conftest.c >&5
configure:6867: $? = 0
configure:6867: result: yes
configure:6867: checking for inttypes.h
configure:6867: cc -c -O  conftest.c >&5
configure:6867: $? = 0
configure:6867: result: yes
configure:6867: checking for stdint.h
configure:6867: cc -c -O  conftest.c >&5
configure:6867: $? = 0
configure:6867: result: yes
configure:6867: checking for unistd.h
configure:6867: cc -c -O  conftest.c >&5
configure:6867: $? = 0
configure:6867: result: yes
configure:6882: checking for dlfcn.h
configure:6882: cc -c -O  conftest.c >&5
configure:6882: $? = 0
configure:6882: result: yes
configure:7069: checking for objdir
configure:7084: result: .libs
configure:7355: checking if cc supports -fno-rtti -fno-exceptions
configure:7373: cc -c -O  -fno-rtti -fno-exceptions conftest.c >&5
cc1: warning: command line option '-fno-rtti' is valid for C++/D/ObjC++ but not for C
configure:7377: $? = 0
configure:7390: result: no
configure:7410: checking for cc option to produce PIC
configure:7696: result: -fPIC -DPIC
configure:7708: checking if cc PIC flag -fPIC -DPIC works
configure:7726: cc -c -O  -fPIC -DPIC -DPIC conftest.c >&5
configure:7730: $? = 0
configure:7743: result: yes
configure:7767: checking if cc static flag -static works
configure:7795: result: yes
configure:7810: checking if cc supports -c -o file.o
configure:7831: cc -c -O  -o out/conftest2.o conftest.c >&5
configure:7835: $? = 0
configure:7857: result: yes
configure:7865: checking if cc supports -c -o file.o
configure:7912: result: yes
configure:7945: checking whether the cc linker (ld -m elf_x86_64) supports shared libraries
configure:9025: result: yes
configure:9062: checking whether -lc should be explicitly linked in
configure:9070: cc -c -O  conftest.c >&5
configure:9073: $? = 0
configure:9088: cc -shared  -fPIC -DPIC conftest.o  -v -Wl,-soname -Wl,conftest -o conftest 2\>\&1 \| /usr/sbin/grep  -lc  \>/dev/null 2\>\&1
configure:9091: $? = 0
configure:9105: result: no
configure:9270: checking dynamic linker characteristics
configure:9724: cc -o conftest -O  -static-libstdc++ -static-libgcc  -Wl,-rpath -Wl,/foo conftest.c  >&5
configure:9724: $? = 0
configure:9946: result: GNU/Linux ld.so
configure:10053: checking how to hardcode library paths into programs
configure:10078: result: immediate
configure:10633: checking whether stripping libraries is possible
configure:10638: result: yes
configure:10673: checking if libtool supports shared libraries
configure:10675: result: yes
configure:10678: checking whether to build shared libraries
configure:10699: result: yes
configure:10702: checking whether to build static libraries
configure:10706: result: yes
configure:7869: checking how to run the C preprocessor
configure:7939: result: cc -E
configure:7959: cc -E  conftest.c
configure:7959: $? = 0
configure:7973: cc -E  conftest.c
conftest.c:23:10: fatal error: ac_nonexistent.h: No such file or directory
   23 | #include <ac_nonexistent.h>
      |          ^~~~~~~~~~~~~~~~~~
compilation terminated.
configure:7973: $? = 1
configure: failed program was:
| /* confdefs.h */
| #define PACKAGE_NAME ""
| #define PACKAGE_TARNAME ""
| #define PACKAGE_VERSION ""
| #define PACKAGE_STRING ""
| #define PACKAGE_BUGREPORT ""
| #define PACKAGE_URL ""
| #define PACKAGE "zlib"
| #define VERSION "1.1.4"
| #define STDC_HEADERS 1
| #define HAVE_SYS_TYPES_H 1
| #define HAVE_SYS_STAT_H 1
| #define HAVE_STDLIB_H 1
| #define HAVE_STRING_H 1
| #define HAVE_MEMORY_H 1
| #define HAVE_STRINGS_H 1
| #define HAVE_INTTYPES_H 1
| #define HAVE_STDINT_H 1
| #define HAVE_UNISTD_H 1
| #define HAVE_DLFCN_H 1
| #define LT_OBJDIR ".libs/"
| /* end confdefs.h.  */
| #include <ac_nonexistent.h>
configure:8026: checking for stdlib.h
configure:8026: result: yes
configure:8026: checking for unistd.h
configure:8026: result: yes
configure:8039: checking for getpagesize
configure:8039: cc -o conftest -O  -static-libstdc++ -static-libgcc  conftest.c  >&5
configure:8039: $? = 0
configure:8039: result: yes
configure:8048: checking for working mmap
configure:8185: cc -o conftest -O  -static-libstdc++ -static-libgcc  conftest.c  >&5
configure:8185: $? = 0
configure:8185: ./conftest
configure:8185: $? = 0
configure:8195: result: yes
configure:8208: checking for memcpy
configure:8208: cc -o conftest -O  -static-libstdc++ -static-libgcc  conftest.c  >&5
conftest.c:50:6: warning: conflicting types for built-in function 'memcpy'; expected 'void *(void *, const void *, long unsigned int)' [-Wbuiltin-declaration-mismatch]
   50 | char memcpy ();
      |      ^~~~~~
conftest.c:38:1: note: 'memcpy' is declared in header '<string.h>'
   37 | # include <limits.h>
   38 | #else
configure:8208: $? = 0
configure:8208: result: yes
configure:8208: checking for strerror
configure:8208: cc -o conftest -O  -static-libstdc++ -static-libgcc  conftest.c  >&5
configure:8208: $? = 0
configure:8208: result: yes
configure:8274: checking for unistd.h
configure:8274: result: yes
configure:8388: updating cache ./config.cache
configure:8485: creating ./config.status

## ---------------------- ##
## Running config.status. ##
## ---------------------- ##

This file was extended by config.status, which was
generated by GNU Autoconf 2.64.  Invocation command line was

  CONFIG_FILES    = 
  CONFIG_HEADERS  = 
  CONFIG_LINKS    = 
  CONFIG_COMMANDS = 
  $ ./config.status 

on kumori

config.status:1012: creating Makefile
config.status:1168: executing depfiles commands
config.status:1168: executing libtool commands

## ---------------- ##
## Cache variables. ##
## ---------------- ##

ac_cv_build=x86_64-pc-linux-gnu
ac_cv_c_compiler_gnu=yes
ac_cv_env_CPPFLAGS_set=set
ac_cv_env_CPPFLAGS_value=
ac_cv_env_CPP_set=
ac_cv_env_CPP_value=
ac_cv_env_build_alias_set=set
ac_cv_env_build_alias_value=x86_64-pc-linux-gnu
ac_cv_env_host_alias_set=set
ac_cv_env_host_alias_value=x86_64-pc-linux-gnu
ac_cv_env_target_alias_set=set
ac_cv_env_target_alias_value=powerpc--netbsd
ac_cv_func_getpagesize=yes
ac_cv_func_memcpy=yes
ac_cv_func_mmap_fixed_mapped=yes
ac_cv_func_strerror=yes
ac_cv_header_dlfcn_h=yes
ac_cv_header_inttypes_h=yes
ac_cv_header_memory_h=yes
ac_cv_header_stdc=yes
ac_cv_header_stdint_h=yes
ac_cv_header_stdlib_h=yes
ac_cv_header_string_h=yes
ac_cv_header_strings_h=yes
ac_cv_header_sys_stat_h=yes
ac_cv_header_sys_types_h=yes
ac_cv_header_unistd_h=yes
ac_cv_host=x86_64-pc-linux-gnu
ac_cv_objext=o
ac_cv_path_EGREP='/usr/sbin/grep -E'
ac_cv_path_FGREP='/usr/sbin/grep -F'
ac_cv_path_GREP=/usr/sbin/grep
ac_cv_path_SED=/usr/sbin/sed
ac_cv_path_mkdir='/home/ky0ko/code/netbsd-gc/src/obj/tooldir.Linux-5.4.7-arch1-1-x86_64/bin/powerpc--netbsd-install -d'
ac_cv_prog_AR=ar
ac_cv_prog_AWK=/home/ky0ko/code/netbsd-gc/src/obj/tooldir.Linux-5.4.7-arch1-1-x86_64/bin/nbawk
ac_cv_prog_CC=cc
ac_cv_prog_CPP='cc -E'
ac_cv_prog_OBJDUMP=objdump
ac_cv_prog_RANLIB=ranlib
ac_cv_prog_ac_ct_STRIP=strip
ac_cv_prog_cc_c89=
ac_cv_prog_cc_g=yes
ac_cv_prog_make__home_ky0ko_code_netbsd_gc_src_obj_tooldir_Linux_5_4_7_arch1_1_x86_64_bin_nbmake_set=yes
ac_cv_target=powerpc--netbsd
am_cv_CC_dependencies_compiler_type=gcc3
lt_cv_archive_cmds_need_lc=no
lt_cv_deplibs_check_method=pass_all
lt_cv_file_magic_cmd='$MAGIC_CMD'
lt_cv_file_magic_test_file=
lt_cv_ld_reload_flag=-r
lt_cv_nm_interface='BSD nm'
lt_cv_objdir=.libs
lt_cv_path_LD=ld
lt_cv_path_NM=nm
lt_cv_prog_compiler_c_o=yes
lt_cv_prog_compiler_pic_works=yes
lt_cv_prog_compiler_rtti_exceptions=no
lt_cv_prog_compiler_static_works=yes
lt_cv_prog_gnu_ld=yes
lt_cv_shlibpath_overrides_runpath=no
lt_cv_sys_global_symbol_pipe='sed -n -e '\''s/^.*[	 ]\([ABCDGIRSTW][ABCDGIRSTW]*\)[	 ][	 ]*\([_A-Za-z][_A-Za-z0-9]*\)$/\1 \2 \2/p'\'''
lt_cv_sys_global_symbol_to_c_name_address='sed -n -e '\''s/^: \([^ ]*\) $/  {\"\1\", (void *) 0},/p'\'' -e '\''s/^[ABCDGIRSTW]* \([^ ]*\) \([^ ]*\)$/  {"\2", (void *) \&\2},/p'\'''
lt_cv_sys_global_symbol_to_c_name_address_lib_prefix='sed -n -e '\''s/^: \([^ ]*\) $/  {\"\1\", (void *) 0},/p'\'' -e '\''s/^[ABCDGIRSTW]* \([^ ]*\) \(lib[^ ]*\)$/  {"\2", (void *) \&\2},/p'\'' -e '\''s/^[ABCDGIRSTW]* \([^ ]*\) \([^ ]*\)$/  {"lib\2", (void *) \&\2},/p'\'''
lt_cv_sys_global_symbol_to_cdecl='sed -n -e '\''s/^T .* \(.*\)$/extern int \1();/p'\'' -e '\''s/^[ABCDGIRSTW]* .* \(.*\)$/extern char \1;/p'\'''
lt_cv_sys_max_cmd_len=1572864

## ----------------- ##
## Output variables. ##
## ----------------- ##

ACLOCAL='${SHELL} /home/ky0ko/code/netbsd-gc/src/external/gpl3/binutils.old/dist/missing --run aclocal-1.11'
AMDEPBACKSLASH='\'
AMDEP_FALSE='#'
AMDEP_TRUE=''
AMTAR='$${TAR-tar}'
AR='ar'
AUTOCONF='${SHELL} /home/ky0ko/code/netbsd-gc/src/external/gpl3/binutils.old/dist/missing --run autoconf'
AUTOHEADER='${SHELL} /home/ky0ko/code/netbsd-gc/src/external/gpl3/binutils.old/dist/missing --run autoheader'
AUTOMAKE='${SHELL} /home/ky0ko/code/netbsd-gc/src/external/gpl3/binutils.old/dist/missing --run automake-1.11'
AWK='/home/ky0ko/code/netbsd-gc/src/obj/tooldir.Linux-5.4.7-arch1-1-x86_64/bin/nbawk'
CC='cc'
CCDEPMODE='depmode=gcc3'
CFLAGS='-O'
COMPPATH='.'
CPP='cc -E'
CPPFLAGS=''
CYGPATH_W='echo'
DEFS='-DPACKAGE_NAME=\"\" -DPACKAGE_TARNAME=\"\" -DPACKAGE_VERSION=\"\" -DPACKAGE_STRING=\"\" -DPACKAGE_BUGREPORT=\"\" -DPACKAGE_URL=\"\" -DPACKAGE=\"zlib\" -DVERSION=\"1.1.4\" -DSTDC_HEADERS=1 -DHAVE_SYS_TYPES_H=1 -DHAVE_SYS_STAT_H=1 -DHAVE_STDLIB_H=1 -DHAVE_STRING_H=1 -DHAVE_MEMORY_H=1 -DHAVE_STRINGS_H=1 -DHAVE_INTTYPES_H=1 -DHAVE_STDINT_H=1 -DHAVE_UNISTD_H=1 -DHAVE_DLFCN_H=1 -DLT_OBJDIR=\".libs/\" -DHAVE_STDLIB_H=1 -DHAVE_UNISTD_H=1 -DHAVE_GETPAGESIZE=1 -DHAVE_MMAP=1 -DHAVE_MEMCPY=1 -DHAVE_STRERROR=1 -DHAVE_UNISTD_H=1'
DEPDIR='.deps'
DSYMUTIL=''
DUMPBIN=''
ECHO_C=''
ECHO_N='-n'
ECHO_T=''
EGREP='/usr/sbin/grep -E'
EXEEXT=''
FGREP='/usr/sbin/grep -F'
GREP='/usr/sbin/grep'
INSTALL_DATA='${INSTALL} -m 644'
INSTALL_PROGRAM='${INSTALL}'
INSTALL_SCRIPT='${INSTALL}'
INSTALL_STRIP_PROGRAM='$(install_sh) -c -s'
LD='ld -m elf_x86_64'
LDFLAGS='-static-libstdc++ -static-libgcc '
LIBOBJS=''
LIBS=''
LIBTOOL='$(SHELL) $(top_builddir)/libtool'
LIPO=''
LN_S='ln -s'
LTLIBOBJS=''
MAINT='#'
MAINTAINER_MODE_FALSE=''
MAINTAINER_MODE_TRUE='#'
MAKEINFO='/home/ky0ko/code/netbsd-gc/src/obj/tooldir.Linux-5.4.7-arch1-1-x86_64/bin/nbmakeinfo'
MKDIR_P='/home/ky0ko/code/netbsd-gc/src/obj/tooldir.Linux-5.4.7-arch1-1-x86_64/bin/powerpc--netbsd-install -d -p'
NM='nm'
NMEDIT=''
OBJDUMP='objdump'
OBJEXT='o'
OTOOL64=''
OTOOL=''
PACKAGE='zlib'
PACKAGE_BUGREPORT=''
PACKAGE_NAME=''
PACKAGE_STRING=''
PACKAGE_TARNAME=''
PACKAGE_URL=''
PACKAGE_VERSION=''
PATH_SEPARATOR=':'
PICFLAG=''
RANLIB='ranlib'
SED='/usr/sbin/sed'
SET_MAKE=''
SHELL='/usr/sbin/sh'
STRIP='strip'
TARGET_LIBRARY_FALSE=''
TARGET_LIBRARY_TRUE='#'
VERSION='1.1.4'
ac_ct_CC=''
ac_ct_DUMPBIN=''
am__EXEEXT_FALSE=''
am__EXEEXT_TRUE='#'
am__fastdepCC_FALSE='#'
am__fastdepCC_TRUE=''
am__include='include'
am__isrc=' -I$(srcdir)'
am__leading_dot='.'
am__nodep='_no'
am__quote=''
am__tar='$${TAR-tar} chof - "$$tardir"'
am__untar='$${TAR-tar} xf -'
bindir='${exec_prefix}/bin'
build='x86_64-pc-linux-gnu'
build_alias='x86_64-pc-linux-gnu'
build_cpu='x86_64'
build_os='linux-gnu'
build_vendor='pc'
datadir='${datarootdir}'
datarootdir='${prefix}/share'
docdir='${datarootdir}/doc/${PACKAGE}'
dvidir='${docdir}'
exec_prefix='${prefix}'
host='x86_64-pc-linux-gnu'
host_alias='x86_64-pc-linux-gnu'
host_cpu='x86_64'
host_os='linux-gnu'
host_vendor='pc'
htmldir='${docdir}'
includedir='${prefix}/include'
infodir='${datarootdir}/info'
install_sh='${SHELL} /home/ky0ko/code/netbsd-gc/src/external/gpl3/binutils.old/dist/install-sh'
libdir='${exec_prefix}/lib'
libexecdir='${exec_prefix}/libexec'
localedir='${datarootdir}/locale'
localstatedir='${prefix}/var'
mandir='${datarootdir}/man'
mkdir_p='/home/ky0ko/code/netbsd-gc/src/obj/tooldir.Linux-5.4.7-arch1-1-x86_64/bin/powerpc--netbsd-install -d -p'
mkinstalldirs='/home/ky0ko/code/netbsd-gc/src/external/gpl3/binutils.old/dist/mkinstalldirs'
multi_basedir=''
oldincludedir='/usr/include'
pdfdir='${docdir}'
prefix='/home/ky0ko/code/netbsd-gc/src/obj/tooldir.Linux-5.4.7-arch1-1-x86_64'
program_transform_name='s,^,powerpc--netbsd-,'
psdir='${docdir}'
sbindir='${exec_prefix}/sbin'
sharedstatedir='${prefix}/com'
sysconfdir='${prefix}/etc'
target='powerpc--netbsd'
target_alias='powerpc--netbsd'
target_all='libzgcj.la'
target_cpu='powerpc'
target_os='netbsd'
target_vendor=''
toolexecdir='$(libdir)/gcc-lib/$(target_alias)'
toolexeclibdir='$(libdir)/../lib'

## ----------- ##
## confdefs.h. ##
## ----------- ##

/* confdefs.h */
#define PACKAGE_NAME ""
#define PACKAGE_TARNAME ""
#define PACKAGE_VERSION ""
#define PACKAGE_STRING ""
#define PACKAGE_BUGREPORT ""
#define PACKAGE_URL ""
#define PACKAGE "zlib"
#define VERSION "1.1.4"
#define STDC_HEADERS 1
#define HAVE_SYS_TYPES_H 1
#define HAVE_SYS_STAT_H 1
#define HAVE_STDLIB_H 1
#define HAVE_STRING_H 1
#define HAVE_MEMORY_H 1
#define HAVE_STRINGS_H 1
#define HAVE_INTTYPES_H 1
#define HAVE_STDINT_H 1
#define HAVE_UNISTD_H 1
#define HAVE_DLFCN_H 1
#define LT_OBJDIR ".libs/"
#define HAVE_STDLIB_H 1
#define HAVE_UNISTD_H 1
#define HAVE_GETPAGESIZE 1
#define HAVE_MMAP 1
#define HAVE_MEMCPY 1
#define HAVE_STRERROR 1
#define HAVE_UNISTD_H 1

configure: exit 0
