This file contains any messages produced by compilers while
running configure, to aid debugging if configure makes a mistake.

It was created by bfd configure 2.27, which was
generated by GNU Autoconf 2.64.  Invocation command line was

  $ /home/ky0ko/code/netbsd-gc/src/external/gpl3/binutils.old/dist/bfd/configure --srcdir=/home/ky0ko/code/netbsd-gc/src/tools/binutils/../../external/gpl3/binutils.old/dist/bfd --cache-file=./config.cache --with-gnu-as --with-gnu-ld --disable-nls --disable-werror --with-pkgversion=NetBSD Binutils nb1 --with-bugurl=http://www.NetBSD.org/support/send-pr.html --with-lib-path==/usr/lib --with-sysroot --prefix=/home/ky0ko/code/netbsd-gc/src/obj/tooldir.Linux-5.4.7-arch1-1-x86_64 --program-transform-name=s,^,powerpc--netbsd-, --disable-option-checking --build=x86_64-pc-linux-gnu --host=x86_64-pc-linux-gnu --target=powerpc--netbsd

## --------- ##
## Platform. ##
## --------- ##

hostname = kumori
uname -m = x86_64
uname -r = 5.4.7-arch1-1
uname -s = Linux
uname -v = #1 SMP PREEMPT Tue, 31 Dec 2019 17:20:16 +0000

/usr/bin/uname -p = unknown
/bin/uname -X     = unknown

/bin/arch              = unknown
/usr/bin/arch -k       = unknown
/usr/convex/getsysinfo = unknown
/usr/bin/hostinfo      = unknown
/bin/machine           = unknown
/usr/bin/oslevel       = unknown
/bin/universe          = unknown

PATH: /home/ky0ko/code/netbsd-gc/src/obj/tooldir.Linux-5.4.7-arch1-1-x86_64/bin
PATH: /bedrock/cross/pin/bin
PATH: /bedrock/bin
PATH: /usr/local/sbin
PATH: /usr/local/bin
PATH: /opt/sbin
PATH: /opt/bin
PATH: /usr/sbin
PATH: /usr/bin
PATH: /sbin
PATH: /bin
PATH: /bedrock/cross/bin


## ----------- ##
## Core tests. ##
## ----------- ##

configure:2460: creating cache ./config.cache
configure:2565: checking build system type
configure:2579: result: x86_64-pc-linux-gnu
configure:2599: checking host system type
configure:2612: result: x86_64-pc-linux-gnu
configure:2632: checking target system type
configure:2645: result: powerpc--netbsd
configure:2679: checking for x86_64-pc-linux-gnu-gcc
configure:2706: result: cc
configure:2975: checking for C compiler version
configure:2984: cc --version >&5
cc (GCC) 9.2.0
Copyright (C) 2019 Free Software Foundation, Inc.
This is free software; see the source for copying conditions.  There is NO
warranty; not even for MERCHANTABILITY or FITNESS FOR A PARTICULAR PURPOSE.

configure:2995: $? = 0
configure:2984: cc -v >&5
Using built-in specs.
COLLECT_GCC=cc
COLLECT_LTO_WRAPPER=/usr/lib/gcc/x86_64-pc-linux-gnu/9.2.0/lto-wrapper
Target: x86_64-pc-linux-gnu
Configured with: /build/gcc/src/gcc/configure --prefix=/usr --libdir=/usr/lib --libexecdir=/usr/lib --mandir=/usr/share/man --infodir=/usr/share/info --with-bugurl=https://bugs.archlinux.org/ --enable-languages=c,c++,ada,fortran,go,lto,objc,obj-c++,d --enable-shared --enable-threads=posix --with-system-zlib --with-isl --enable-__cxa_atexit --disable-libunwind-exceptions --enable-clocale=gnu --disable-libstdcxx-pch --disable-libssp --enable-gnu-unique-object --enable-linker-build-id --enable-lto --enable-plugin --enable-install-libiberty --with-linker-hash-style=gnu --enable-gnu-indirect-function --enable-multilib --disable-werror --enable-checking=release --enable-default-pie --enable-default-ssp --enable-cet=auto gdc_include_dir=/usr/include/dlang/gdc
Thread model: posix
gcc version 9.2.0 (GCC) 
configure:2995: $? = 0
configure:2984: cc -V >&5
cc: error: unrecognized command line option '-V'
cc: fatal error: no input files
compilation terminated.
configure:2995: $? = 1
configure:2984: cc -qversion >&5
cc: error: unrecognized command line option '-qversion'; did you mean '--version'?
cc: fatal error: no input files
compilation terminated.
configure:2995: $? = 1
configure:3015: checking for C compiler default output file name
configure:3037: cc -O  -static-libstdc++ -static-libgcc  conftest.c  >&5
configure:3041: $? = 0
configure:3078: result: a.out
configure:3094: checking whether the C compiler works
configure:3103: ./a.out
configure:3107: $? = 0
configure:3122: result: yes
configure:3129: checking whether we are cross compiling
configure:3131: result: no
configure:3134: checking for suffix of executables
configure:3141: cc -o conftest -O  -static-libstdc++ -static-libgcc  conftest.c  >&5
configure:3145: $? = 0
configure:3167: result: 
configure:3173: checking for suffix of object files
configure:3195: cc -c -O  conftest.c >&5
configure:3199: $? = 0
configure:3220: result: o
configure:3224: checking whether we are using the GNU C compiler
configure:3243: cc -c -O  conftest.c >&5
configure:3243: $? = 0
configure:3252: result: yes
configure:3261: checking whether cc accepts -g
configure:3281: cc -c -g  conftest.c >&5
configure:3281: $? = 0
configure:3322: result: yes
configure:3339: checking for cc option to accept ISO C89
configure:3403: cc  -c -O  conftest.c >&5
configure:3403: $? = 0
configure:3416: result: none needed
configure:3437: checking for library containing strerror
configure:3468: cc -o conftest -O  -static-libstdc++ -static-libgcc  conftest.c  >&5
configure:3468: $? = 0
configure:3485: result: none required
configure:3510: checking for a BSD-compatible install
configure:3578: result: /home/ky0ko/code/netbsd-gc/src/obj/tooldir.Linux-5.4.7-arch1-1-x86_64/bin/powerpc--netbsd-install -c -p -r
configure:3589: checking whether build environment is sane
configure:3639: result: yes
configure:3780: checking for a thread-safe mkdir -p
configure:3819: result: /home/ky0ko/code/netbsd-gc/src/obj/tooldir.Linux-5.4.7-arch1-1-x86_64/bin/powerpc--netbsd-install -d -p
configure:3832: checking for gawk
configure:3859: result: /home/ky0ko/code/netbsd-gc/src/obj/tooldir.Linux-5.4.7-arch1-1-x86_64/bin/nbawk
configure:3870: checking whether /home/ky0ko/code/netbsd-gc/src/obj/tooldir.Linux-5.4.7-arch1-1-x86_64/bin/nbmake sets $(MAKE)
configure:3892: result: yes
configure:3922: checking for style of include used by /home/ky0ko/code/netbsd-gc/src/obj/tooldir.Linux-5.4.7-arch1-1-x86_64/bin/nbmake
configure:3950: result: GNU
configure:4036: checking dependency style of cc
configure:4147: result: gcc3
configure:4167: checking for x86_64-pc-linux-gnu-ar
configure:4194: result: ar
configure:4259: checking for x86_64-pc-linux-gnu-ranlib
configure:4286: result: ranlib
configure:4389: checking for x86_64-pc-linux-gnu-gcc
configure:4416: result: cc
configure:4685: checking for C compiler version
configure:4694: cc --version >&5
cc (GCC) 9.2.0
Copyright (C) 2019 Free Software Foundation, Inc.
This is free software; see the source for copying conditions.  There is NO
warranty; not even for MERCHANTABILITY or FITNESS FOR A PARTICULAR PURPOSE.

configure:4705: $? = 0
configure:4694: cc -v >&5
Using built-in specs.
COLLECT_GCC=cc
COLLECT_LTO_WRAPPER=/usr/lib/gcc/x86_64-pc-linux-gnu/9.2.0/lto-wrapper
Target: x86_64-pc-linux-gnu
Configured with: /build/gcc/src/gcc/configure --prefix=/usr --libdir=/usr/lib --libexecdir=/usr/lib --mandir=/usr/share/man --infodir=/usr/share/info --with-bugurl=https://bugs.archlinux.org/ --enable-languages=c,c++,ada,fortran,go,lto,objc,obj-c++,d --enable-shared --enable-threads=posix --with-system-zlib --with-isl --enable-__cxa_atexit --disable-libunwind-exceptions --enable-clocale=gnu --disable-libstdcxx-pch --disable-libssp --enable-gnu-unique-object --enable-linker-build-id --enable-lto --enable-plugin --enable-install-libiberty --with-linker-hash-style=gnu --enable-gnu-indirect-function --enable-multilib --disable-werror --enable-checking=release --enable-default-pie --enable-default-ssp --enable-cet=auto gdc_include_dir=/usr/include/dlang/gdc
Thread model: posix
gcc version 9.2.0 (GCC) 
configure:4705: $? = 0
configure:4694: cc -V >&5
cc: error: unrecognized command line option '-V'
cc: fatal error: no input files
compilation terminated.
configure:4705: $? = 1
configure:4694: cc -qversion >&5
cc: error: unrecognized command line option '-qversion'; did you mean '--version'?
cc: fatal error: no input files
compilation terminated.
configure:4705: $? = 1
configure:4709: checking whether we are using the GNU C compiler
configure:4737: result: yes
configure:4746: checking whether cc accepts -g
configure:4807: result: yes
configure:4824: checking for cc option to accept ISO C89
configure:4901: result: none needed
configure:4926: checking how to run the C preprocessor
configure:4957: cc -E  conftest.c
configure:4957: $? = 0
configure:4971: cc -E  conftest.c
conftest.c:11:10: fatal error: ac_nonexistent.h: No such file or directory
   11 | #include <ac_nonexistent.h>
      |          ^~~~~~~~~~~~~~~~~~
compilation terminated.
configure:4971: $? = 1
configure: failed program was:
| /* confdefs.h */
| #define PACKAGE_NAME "bfd"
| #define PACKAGE_TARNAME "bfd"
| #define PACKAGE_VERSION "2.27"
| #define PACKAGE_STRING "bfd 2.27"
| #define PACKAGE_BUGREPORT ""
| #define PACKAGE_URL ""
| #define PACKAGE "bfd"
| #define VERSION "2.27"
| /* end confdefs.h.  */
| #include <ac_nonexistent.h>
configure:4996: result: cc -E
configure:5016: cc -E  conftest.c
configure:5016: $? = 0
configure:5030: cc -E  conftest.c
conftest.c:11:10: fatal error: ac_nonexistent.h: No such file or directory
   11 | #include <ac_nonexistent.h>
      |          ^~~~~~~~~~~~~~~~~~
compilation terminated.
configure:5030: $? = 1
configure: failed program was:
| /* confdefs.h */
| #define PACKAGE_NAME "bfd"
| #define PACKAGE_TARNAME "bfd"
| #define PACKAGE_VERSION "2.27"
| #define PACKAGE_STRING "bfd 2.27"
| #define PACKAGE_BUGREPORT ""
| #define PACKAGE_URL ""
| #define PACKAGE "bfd"
| #define VERSION "2.27"
| /* end confdefs.h.  */
| #include <ac_nonexistent.h>
configure:5059: checking for grep that handles long lines and -e
configure:5117: result: /usr/sbin/grep
configure:5122: checking for egrep
configure:5184: result: /usr/sbin/grep -E
configure:5189: checking for ANSI C header files
configure:5209: cc -c -O  conftest.c >&5
configure:5209: $? = 0
configure:5282: cc -o conftest -O  -static-libstdc++ -static-libgcc  conftest.c  >&5
configure:5282: $? = 0
configure:5282: ./conftest
configure:5282: $? = 0
configure:5293: result: yes
configure:5306: checking for sys/types.h
configure:5306: cc -c -O  conftest.c >&5
configure:5306: $? = 0
configure:5306: result: yes
configure:5306: checking for sys/stat.h
configure:5306: cc -c -O  conftest.c >&5
configure:5306: $? = 0
configure:5306: result: yes
configure:5306: checking for stdlib.h
configure:5306: cc -c -O  conftest.c >&5
configure:5306: $? = 0
configure:5306: result: yes
configure:5306: checking for string.h
configure:5306: cc -c -O  conftest.c >&5
configure:5306: $? = 0
configure:5306: result: yes
configure:5306: checking for memory.h
configure:5306: cc -c -O  conftest.c >&5
configure:5306: $? = 0
configure:5306: result: yes
configure:5306: checking for strings.h
configure:5306: cc -c -O  conftest.c >&5
configure:5306: $? = 0
configure:5306: result: yes
configure:5306: checking for inttypes.h
configure:5306: cc -c -O  conftest.c >&5
configure:5306: $? = 0
configure:5306: result: yes
configure:5306: checking for stdint.h
configure:5306: cc -c -O  conftest.c >&5
configure:5306: $? = 0
configure:5306: result: yes
configure:5306: checking for unistd.h
configure:5306: cc -c -O  conftest.c >&5
configure:5306: $? = 0
configure:5306: result: yes
configure:5320: checking minix/config.h usability
configure:5320: cc -c -O  conftest.c >&5
conftest.c:54:10: fatal error: minix/config.h: No such file or directory
   54 | #include <minix/config.h>
      |          ^~~~~~~~~~~~~~~~
compilation terminated.
configure:5320: $? = 1
configure: failed program was:
| /* confdefs.h */
| #define PACKAGE_NAME "bfd"
| #define PACKAGE_TARNAME "bfd"
| #define PACKAGE_VERSION "2.27"
| #define PACKAGE_STRING "bfd 2.27"
| #define PACKAGE_BUGREPORT ""
| #define PACKAGE_URL ""
| #define PACKAGE "bfd"
| #define VERSION "2.27"
| #define STDC_HEADERS 1
| #define HAVE_SYS_TYPES_H 1
| #define HAVE_SYS_STAT_H 1
| #define HAVE_STDLIB_H 1
| #define HAVE_STRING_H 1
| #define HAVE_MEMORY_H 1
| #define HAVE_STRINGS_H 1
| #define HAVE_INTTYPES_H 1
| #define HAVE_STDINT_H 1
| #define HAVE_UNISTD_H 1
| /* end confdefs.h.  */
| #include <stdio.h>
| #ifdef HAVE_SYS_TYPES_H
| # include <sys/types.h>
| #endif
| #ifdef HAVE_SYS_STAT_H
| # include <sys/stat.h>
| #endif
| #ifdef STDC_HEADERS
| # include <stdlib.h>
| # include <stddef.h>
| #else
| # ifdef HAVE_STDLIB_H
| #  include <stdlib.h>
| # endif
| #endif
| #ifdef HAVE_STRING_H
| # if !defined STDC_HEADERS && defined HAVE_MEMORY_H
| #  include <memory.h>
| # endif
| # include <string.h>
| #endif
| #ifdef HAVE_STRINGS_H
| # include <strings.h>
| #endif
| #ifdef HAVE_INTTYPES_H
| # include <inttypes.h>
| #endif
| #ifdef HAVE_STDINT_H
| # include <stdint.h>
| #endif
| #ifdef HAVE_UNISTD_H
| # include <unistd.h>
| #endif
| #include <minix/config.h>
configure:5320: result: no
configure:5320: checking minix/config.h presence
configure:5320: cc -E  conftest.c
conftest.c:21:10: fatal error: minix/config.h: No such file or directory
   21 | #include <minix/config.h>
      |          ^~~~~~~~~~~~~~~~
compilation terminated.
configure:5320: $? = 1
configure: failed program was:
| /* confdefs.h */
| #define PACKAGE_NAME "bfd"
| #define PACKAGE_TARNAME "bfd"
| #define PACKAGE_VERSION "2.27"
| #define PACKAGE_STRING "bfd 2.27"
| #define PACKAGE_BUGREPORT ""
| #define PACKAGE_URL ""
| #define PACKAGE "bfd"
| #define VERSION "2.27"
| #define STDC_HEADERS 1
| #define HAVE_SYS_TYPES_H 1
| #define HAVE_SYS_STAT_H 1
| #define HAVE_STDLIB_H 1
| #define HAVE_STRING_H 1
| #define HAVE_MEMORY_H 1
| #define HAVE_STRINGS_H 1
| #define HAVE_INTTYPES_H 1
| #define HAVE_STDINT_H 1
| #define HAVE_UNISTD_H 1
| /* end confdefs.h.  */
| #include <minix/config.h>
configure:5320: result: no
configure:5320: checking for minix/config.h
configure:5320: result: no
configure:5341: checking whether it is safe to define __EXTENSIONS__
configure:5359: cc -c -O  conftest.c >&5
configure:5359: $? = 0
configure:5366: result: yes
configure:5429: checking how to print strings
configure:5456: result: printf
configure:5477: checking for a sed that does not truncate output
configure:5541: result: /usr/sbin/sed
configure:5559: checking for fgrep
configure:5621: result: /usr/sbin/grep -F
configure:5656: checking for ld used by cc
configure:5723: result: ld
configure:5730: checking if the linker (ld) is GNU ld
configure:5745: result: yes
configure:5757: checking for BSD- or MS-compatible name lister (nm)
configure:5806: result: nm
configure:5936: checking the name lister (nm) interface
configure:5943: cc -c -O  conftest.c >&5
configure:5946: nm "conftest.o"
configure:5949: output
0000000000000000 B some_variable
configure:5950: result: BSD nm
configure:5953: checking whether ln -s works
configure:5957: result: yes
configure:5965: checking the maximum length of command line arguments
configure:6090: result: 1572864
configure:6107: checking whether the shell understands some XSI constructs
configure:6116: result: yes
configure:6120: checking whether the shell understands "+="
configure:6124: result: yes
configure:6159: checking for ld option to reload object files
configure:6166: result: -r
configure:6195: checking for x86_64-pc-linux-gnu-objdump
configure:6222: result: objdump
configure:6294: checking how to recognize dependent libraries
configure:6495: result: pass_all
configure:6515: checking for x86_64-pc-linux-gnu-ar
configure:6542: result: ar
configure:6620: checking for x86_64-pc-linux-gnu-strip
configure:6650: result: no
configure:6660: checking for strip
configure:6676: found /usr/sbin/strip
configure:6687: result: strip
configure:6719: checking for x86_64-pc-linux-gnu-ranlib
configure:6746: result: ranlib
configure:6888: checking command to parse nm output from cc object
configure:7006: cc -c -O  conftest.c >&5
configure:7009: $? = 0
configure:7013: nm conftest.o \| sed -n -e 's/^.*[ ]\([ABCDGIRSTW][ABCDGIRSTW]*\)[ ][ ]*\([_A-Za-z][_A-Za-z0-9]*\)$/\1 \2 \2/p' \> conftest.nm
configure:7016: $? = 0
configure:7070: cc -o conftest -O  -static-libstdc++ -static-libgcc  conftest.c conftstm.o >&5
configure:7073: $? = 0
configure:7111: result: ok
configure:7206: cc -c -O  conftest.c >&5
configure:7209: $? = 0
configure:7959: checking for dlfcn.h
configure:7959: cc -c -O  conftest.c >&5
configure:7959: $? = 0
configure:7959: result: yes
configure:8115: checking for objdir
configure:8130: result: .libs
configure:8401: checking if cc supports -fno-rtti -fno-exceptions
configure:8419: cc -c -O  -fno-rtti -fno-exceptions conftest.c >&5
cc1: warning: command line option '-fno-rtti' is valid for C++/D/ObjC++ but not for C
configure:8423: $? = 0
configure:8436: result: no
configure:8456: checking for cc option to produce PIC
configure:8742: result: -fPIC -DPIC
configure:8754: checking if cc PIC flag -fPIC -DPIC works
configure:8772: cc -c -O  -fPIC -DPIC -DPIC conftest.c >&5
configure:8776: $? = 0
configure:8789: result: yes
configure:8813: checking if cc static flag -static works
configure:8841: result: yes
configure:8856: checking if cc supports -c -o file.o
configure:8877: cc -c -O  -o out/conftest2.o conftest.c >&5
configure:8881: $? = 0
configure:8903: result: yes
configure:8911: checking if cc supports -c -o file.o
configure:8958: result: yes
configure:8991: checking whether the cc linker (ld -m elf_x86_64) supports shared libraries
configure:10062: result: yes
configure:10307: checking dynamic linker characteristics
configure:10758: cc -o conftest -O  -static-libstdc++ -static-libgcc  -Wl,-rpath -Wl,/foo conftest.c  >&5
configure:10758: $? = 0
configure:10980: result: GNU/Linux ld.so
configure:11087: checking how to hardcode library paths into programs
configure:11112: result: immediate
configure:11206: checking for shl_load
configure:11206: cc -o conftest -O  -static-libstdc++ -static-libgcc  conftest.c  >&5
/usr/sbin/ld: /tmp/ccYpPZFz.o: in function `main':
conftest.c:(.text+0xa): undefined reference to `shl_load'
collect2: error: ld returned 1 exit status
configure:11206: $? = 1
configure: failed program was:
| /* confdefs.h */
| #define PACKAGE_NAME "bfd"
| #define PACKAGE_TARNAME "bfd"
| #define PACKAGE_VERSION "2.27"
| #define PACKAGE_STRING "bfd 2.27"
| #define PACKAGE_BUGREPORT ""
| #define PACKAGE_URL ""
| #define PACKAGE "bfd"
| #define VERSION "2.27"
| #define STDC_HEADERS 1
| #define HAVE_SYS_TYPES_H 1
| #define HAVE_SYS_STAT_H 1
| #define HAVE_STDLIB_H 1
| #define HAVE_STRING_H 1
| #define HAVE_MEMORY_H 1
| #define HAVE_STRINGS_H 1
| #define HAVE_INTTYPES_H 1
| #define HAVE_STDINT_H 1
| #define HAVE_UNISTD_H 1
| #define __EXTENSIONS__ 1
| #define _ALL_SOURCE 1
| #define _GNU_SOURCE 1
| #define _POSIX_PTHREAD_SEMANTICS 1
| #define _TANDEM_SOURCE 1
| #define HAVE_DLFCN_H 1
| #define LT_OBJDIR ".libs/"
| /* end confdefs.h.  */
| /* Define shl_load to an innocuous variant, in case <limits.h> declares shl_load.
|    For example, HP-UX 11i <limits.h> declares gettimeofday.  */
| #define shl_load innocuous_shl_load
| 
| /* System header to define __stub macros and hopefully few prototypes,
|     which can conflict with char shl_load (); below.
|     Prefer <limits.h> to <assert.h> if __STDC__ is defined, since
|     <limits.h> exists even on freestanding compilers.  */
| 
| #ifdef __STDC__
| # include <limits.h>
| #else
| # include <assert.h>
| #endif
| 
| #undef shl_load
| 
| /* Override any GCC internal prototype to avoid an error.
|    Use char because int might match the return type of a GCC
|    builtin and then its argument prototype would still apply.  */
| #ifdef __cplusplus
| extern "C"
| #endif
| char shl_load ();
| /* The GNU C library defines this for functions which it implements
|     to always fail with ENOSYS.  Some functions are actually named
|     something starting with __ and the normal name is an alias.  */
| #if defined __stub_shl_load || defined __stub___shl_load
| choke me
| #endif
| 
| int
| main ()
| {
| return shl_load ();
|   ;
|   return 0;
| }
configure:11206: result: no
configure:11210: checking for shl_load in -ldld
configure:11235: cc -o conftest -O  -static-libstdc++ -static-libgcc  conftest.c -ldld   >&5
/usr/sbin/ld: cannot find -ldld
collect2: error: ld returned 1 exit status
configure:11235: $? = 1
configure: failed program was:
| /* confdefs.h */
| #define PACKAGE_NAME "bfd"
| #define PACKAGE_TARNAME "bfd"
| #define PACKAGE_VERSION "2.27"
| #define PACKAGE_STRING "bfd 2.27"
| #define PACKAGE_BUGREPORT ""
| #define PACKAGE_URL ""
| #define PACKAGE "bfd"
| #define VERSION "2.27"
| #define STDC_HEADERS 1
| #define HAVE_SYS_TYPES_H 1
| #define HAVE_SYS_STAT_H 1
| #define HAVE_STDLIB_H 1
| #define HAVE_STRING_H 1
| #define HAVE_MEMORY_H 1
| #define HAVE_STRINGS_H 1
| #define HAVE_INTTYPES_H 1
| #define HAVE_STDINT_H 1
| #define HAVE_UNISTD_H 1
| #define __EXTENSIONS__ 1
| #define _ALL_SOURCE 1
| #define _GNU_SOURCE 1
| #define _POSIX_PTHREAD_SEMANTICS 1
| #define _TANDEM_SOURCE 1
| #define HAVE_DLFCN_H 1
| #define LT_OBJDIR ".libs/"
| /* end confdefs.h.  */
| 
| /* Override any GCC internal prototype to avoid an error.
|    Use char because int might match the return type of a GCC
|    builtin and then its argument prototype would still apply.  */
| #ifdef __cplusplus
| extern "C"
| #endif
| char shl_load ();
| int
| main ()
| {
| return shl_load ();
|   ;
|   return 0;
| }
configure:11244: result: no
configure:11249: checking for dlopen
configure:11249: cc -o conftest -O  -static-libstdc++ -static-libgcc  conftest.c  >&5
/usr/sbin/ld: /tmp/ccmMDu0H.o: in function `main':
conftest.c:(.text+0xa): undefined reference to `dlopen'
collect2: error: ld returned 1 exit status
configure:11249: $? = 1
configure: failed program was:
| /* confdefs.h */
| #define PACKAGE_NAME "bfd"
| #define PACKAGE_TARNAME "bfd"
| #define PACKAGE_VERSION "2.27"
| #define PACKAGE_STRING "bfd 2.27"
| #define PACKAGE_BUGREPORT ""
| #define PACKAGE_URL ""
| #define PACKAGE "bfd"
| #define VERSION "2.27"
| #define STDC_HEADERS 1
| #define HAVE_SYS_TYPES_H 1
| #define HAVE_SYS_STAT_H 1
| #define HAVE_STDLIB_H 1
| #define HAVE_STRING_H 1
| #define HAVE_MEMORY_H 1
| #define HAVE_STRINGS_H 1
| #define HAVE_INTTYPES_H 1
| #define HAVE_STDINT_H 1
| #define HAVE_UNISTD_H 1
| #define __EXTENSIONS__ 1
| #define _ALL_SOURCE 1
| #define _GNU_SOURCE 1
| #define _POSIX_PTHREAD_SEMANTICS 1
| #define _TANDEM_SOURCE 1
| #define HAVE_DLFCN_H 1
| #define LT_OBJDIR ".libs/"
| /* end confdefs.h.  */
| /* Define dlopen to an innocuous variant, in case <limits.h> declares dlopen.
|    For example, HP-UX 11i <limits.h> declares gettimeofday.  */
| #define dlopen innocuous_dlopen
| 
| /* System header to define __stub macros and hopefully few prototypes,
|     which can conflict with char dlopen (); below.
|     Prefer <limits.h> to <assert.h> if __STDC__ is defined, since
|     <limits.h> exists even on freestanding compilers.  */
| 
| #ifdef __STDC__
| # include <limits.h>
| #else
| # include <assert.h>
| #endif
| 
| #undef dlopen
| 
| /* Override any GCC internal prototype to avoid an error.
|    Use char because int might match the return type of a GCC
|    builtin and then its argument prototype would still apply.  */
| #ifdef __cplusplus
| extern "C"
| #endif
| char dlopen ();
| /* The GNU C library defines this for functions which it implements
|     to always fail with ENOSYS.  Some functions are actually named
|     something starting with __ and the normal name is an alias.  */
| #if defined __stub_dlopen || defined __stub___dlopen
| choke me
| #endif
| 
| int
| main ()
| {
| return dlopen ();
|   ;
|   return 0;
| }
configure:11249: result: no
configure:11253: checking for dlopen in -ldl
configure:11278: cc -o conftest -O  -static-libstdc++ -static-libgcc  conftest.c -ldl   >&5
configure:11278: $? = 0
configure:11287: result: yes
configure:11406: checking whether a program can dlopen itself
configure:11486: cc -o conftest -O  -DHAVE_DLFCN_H -static-libstdc++ -static-libgcc  -Wl,--export-dynamic conftest.c -ldl  >&5
configure:11489: $? = 0
configure:11507: result: yes
configure:11512: checking whether a statically linked program can dlopen itself
configure:11592: cc -o conftest -O  -DHAVE_DLFCN_H -static-libstdc++ -static-libgcc  -Wl,--export-dynamic -static conftest.c -ldl  >&5
/usr/sbin/ld: /tmp/ccazwAjc.o: in function `main':
conftest.c:(.text+0xd): warning: Using 'dlopen' in statically linked applications requires at runtime the shared libraries from the glibc version used for linking
configure:11595: $? = 0
conftest: undefined symbol: _fnord
configure:11613: result: no
configure:11652: checking whether stripping libraries is possible
configure:11657: result: yes
configure:11692: checking if libtool supports shared libraries
configure:11694: result: yes
configure:11697: checking whether to build shared libraries
configure:11718: result: no
configure:11721: checking whether to build static libraries
configure:11725: result: yes
configure:8922: checking for dlfcn.h
configure:8922: result: yes
configure:8935: checking for windows.h
configure:8935: cc -c -O  conftest.c >&5
conftest.c:63:10: fatal error: windows.h: No such file or directory
   63 | #include <windows.h>
      |          ^~~~~~~~~~~
compilation terminated.
configure:8935: $? = 1
configure: failed program was:
| /* confdefs.h */
| #define PACKAGE_NAME "bfd"
| #define PACKAGE_TARNAME "bfd"
| #define PACKAGE_VERSION "2.27"
| #define PACKAGE_STRING "bfd 2.27"
| #define PACKAGE_BUGREPORT ""
| #define PACKAGE_URL ""
| #define PACKAGE "bfd"
| #define VERSION "2.27"
| #define STDC_HEADERS 1
| #define HAVE_SYS_TYPES_H 1
| #define HAVE_SYS_STAT_H 1
| #define HAVE_STDLIB_H 1
| #define HAVE_STRING_H 1
| #define HAVE_MEMORY_H 1
| #define HAVE_STRINGS_H 1
| #define HAVE_INTTYPES_H 1
| #define HAVE_STDINT_H 1
| #define HAVE_UNISTD_H 1
| #define __EXTENSIONS__ 1
| #define _ALL_SOURCE 1
| #define _GNU_SOURCE 1
| #define _POSIX_PTHREAD_SEMANTICS 1
| #define _TANDEM_SOURCE 1
| #define HAVE_DLFCN_H 1
| #define LT_OBJDIR ".libs/"
| #define HAVE_DLFCN_H 1
| /* end confdefs.h.  */
| #include <stdio.h>
| #ifdef HAVE_SYS_TYPES_H
| # include <sys/types.h>
| #endif
| #ifdef HAVE_SYS_STAT_H
| # include <sys/stat.h>
| #endif
| #ifdef STDC_HEADERS
| # include <stdlib.h>
| # include <stddef.h>
| #else
| # ifdef HAVE_STDLIB_H
| #  include <stdlib.h>
| # endif
| #endif
| #ifdef HAVE_STRING_H
| # if !defined STDC_HEADERS && defined HAVE_MEMORY_H
| #  include <memory.h>
| # endif
| # include <string.h>
| #endif
| #ifdef HAVE_STRINGS_H
| # include <strings.h>
| #endif
| #ifdef HAVE_INTTYPES_H
| # include <inttypes.h>
| #endif
| #ifdef HAVE_STDINT_H
| # include <stdint.h>
| #endif
| #ifdef HAVE_UNISTD_H
| # include <unistd.h>
| #endif
| 
| #include <windows.h>
configure:8935: result: no
configure:8962: checking for library containing dlopen
configure:8993: cc -o conftest -O  -static-libstdc++ -static-libgcc  conftest.c  >&5
/usr/sbin/ld: /tmp/ccfLNWdX.o: in function `main':
conftest.c:(.text+0xa): undefined reference to `dlopen'
collect2: error: ld returned 1 exit status
configure:8993: $? = 1
configure: failed program was:
| /* confdefs.h */
| #define PACKAGE_NAME "bfd"
| #define PACKAGE_TARNAME "bfd"
| #define PACKAGE_VERSION "2.27"
| #define PACKAGE_STRING "bfd 2.27"
| #define PACKAGE_BUGREPORT ""
| #define PACKAGE_URL ""
| #define PACKAGE "bfd"
| #define VERSION "2.27"
| #define STDC_HEADERS 1
| #define HAVE_SYS_TYPES_H 1
| #define HAVE_SYS_STAT_H 1
| #define HAVE_STDLIB_H 1
| #define HAVE_STRING_H 1
| #define HAVE_MEMORY_H 1
| #define HAVE_STRINGS_H 1
| #define HAVE_INTTYPES_H 1
| #define HAVE_STDINT_H 1
| #define HAVE_UNISTD_H 1
| #define __EXTENSIONS__ 1
| #define _ALL_SOURCE 1
| #define _GNU_SOURCE 1
| #define _POSIX_PTHREAD_SEMANTICS 1
| #define _TANDEM_SOURCE 1
| #define HAVE_DLFCN_H 1
| #define LT_OBJDIR ".libs/"
| #define HAVE_DLFCN_H 1
| /* end confdefs.h.  */
| 
| /* Override any GCC internal prototype to avoid an error.
|    Use char because int might match the return type of a GCC
|    builtin and then its argument prototype would still apply.  */
| #ifdef __cplusplus
| extern "C"
| #endif
| char dlopen ();
| int
| main ()
| {
| return dlopen ();
|   ;
|   return 0;
| }
configure:8993: cc -o conftest -O  -static-libstdc++ -static-libgcc  conftest.c -ldl   >&5
configure:8993: $? = 0
configure:9010: result: -ldl
configure:9041: checking for special C compiler options needed for large files
configure:9086: result: no
configure:9092: checking for _FILE_OFFSET_BITS value needed for large files
configure:9117: cc -c -O  conftest.c >&5
configure:9117: $? = 0
configure:9149: result: no
configure:9494: checking whether to enable maintainer-specific portions of Makefiles
configure:9503: result: no
configure:9539: checking whether to install libbfd
configure:9552: result: no
configure:9602: checking whether NLS is requested
configure:9605: result: no
configure:9673: checking whether NLS is requested
configure:9682: result: no
configure:9720: checking for msgfmt
configure:9751: result: /usr/sbin/msgfmt
configure:9760: checking for gmsgfmt
configure:9791: result: /usr/sbin/msgfmt
configure:9831: checking for xgettext
configure:9862: result: /usr/sbin/xgettext
configure:9902: checking for msgmerge
configure:9932: result: /usr/sbin/msgmerge
configure:9985: checking size of long long
configure:9990: cc -o conftest -O  -static-libstdc++ -static-libgcc  conftest.c -ldl  >&5
configure:9990: $? = 0
configure:9990: ./conftest
configure:9990: $? = 0
configure:10005: result: 8
configure:10019: checking size of void *
configure:10024: cc -o conftest -O  -static-libstdc++ -static-libgcc  conftest.c -ldl  >&5
configure:10024: $? = 0
configure:10024: ./conftest
configure:10024: $? = 0
configure:10039: result: 8
configure:10053: checking size of long
configure:10058: cc -o conftest -O  -static-libstdc++ -static-libgcc  conftest.c -ldl  >&5
configure:10058: $? = 0
configure:10058: ./conftest
configure:10058: $? = 0
configure:10073: result: 8
configure:10155: checking alloca.h usability
configure:10155: cc -c -O  conftest.c >&5
configure:10155: $? = 0
configure:10155: result: yes
configure:10155: checking alloca.h presence
configure:10155: cc -E  conftest.c
configure:10155: $? = 0
configure:10155: result: yes
configure:10155: checking for alloca.h
configure:10155: result: yes
configure:10155: checking stddef.h usability
configure:10155: cc -c -O  conftest.c >&5
configure:10155: $? = 0
configure:10155: result: yes
configure:10155: checking stddef.h presence
configure:10155: cc -E  conftest.c
configure:10155: $? = 0
configure:10155: result: yes
configure:10155: checking for stddef.h
configure:10155: result: yes
configure:10155: checking for string.h
configure:10155: result: yes
configure:10155: checking for strings.h
configure:10155: result: yes
configure:10155: checking for stdlib.h
configure:10155: result: yes
configure:10155: checking time.h usability
configure:10155: cc -c -O  conftest.c >&5
configure:10155: $? = 0
configure:10155: result: yes
configure:10155: checking time.h presence
configure:10155: cc -E  conftest.c
configure:10155: $? = 0
configure:10155: result: yes
configure:10155: checking for time.h
configure:10155: result: yes
configure:10155: checking for unistd.h
configure:10155: result: yes
configure:10155: checking wchar.h usability
configure:10155: cc -c -O  conftest.c >&5
configure:10155: $? = 0
configure:10155: result: yes
configure:10155: checking wchar.h presence
configure:10155: cc -E  conftest.c
configure:10155: $? = 0
configure:10155: result: yes
configure:10155: checking for wchar.h
configure:10155: result: yes
configure:10155: checking wctype.h usability
configure:10155: cc -c -O  conftest.c >&5
configure:10155: $? = 0
configure:10155: result: yes
configure:10155: checking wctype.h presence
configure:10155: cc -E  conftest.c
configure:10155: $? = 0
configure:10155: result: yes
configure:10155: checking for wctype.h
configure:10155: result: yes
configure:10169: checking fcntl.h usability
configure:10169: cc -c -O  conftest.c >&5
configure:10169: $? = 0
configure:10169: result: yes
configure:10169: checking fcntl.h presence
configure:10169: cc -E  conftest.c
configure:10169: $? = 0
configure:10169: result: yes
configure:10169: checking for fcntl.h
configure:10169: result: yes
configure:10169: checking sys/file.h usability
configure:10169: cc -c -O  conftest.c >&5
configure:10169: $? = 0
configure:10169: result: yes
configure:10169: checking sys/file.h presence
configure:10169: cc -E  conftest.c
configure:10169: $? = 0
configure:10169: result: yes
configure:10169: checking for sys/file.h
configure:10169: result: yes
configure:10169: checking sys/time.h usability
configure:10169: cc -c -O  conftest.c >&5
configure:10169: $? = 0
configure:10169: result: yes
configure:10169: checking sys/time.h presence
configure:10169: cc -E  conftest.c
configure:10169: $? = 0
configure:10169: result: yes
configure:10169: checking for sys/time.h
configure:10169: result: yes
configure:10169: checking for sys/stat.h
configure:10169: result: yes
configure:10169: checking sys/resource.h usability
configure:10169: cc -c -O  conftest.c >&5
configure:10169: $? = 0
configure:10169: result: yes
configure:10169: checking sys/resource.h presence
configure:10169: cc -E  conftest.c
configure:10169: $? = 0
configure:10169: result: yes
configure:10169: checking for sys/resource.h
configure:10169: result: yes
configure:10193: checking for uintmax_t
configure:10193: cc -c -O  conftest.c >&5
configure:10193: $? = 0
configure:10193: cc -c -O  conftest.c >&5
conftest.c: In function 'main':
conftest.c:52:24: error: expected expression before ')' token
   52 | if (sizeof ((uintmax_t)))
      |                        ^
configure:10193: $? = 1
configure: failed program was:
| /* confdefs.h */
| #define PACKAGE_NAME "bfd"
| #define PACKAGE_TARNAME "bfd"
| #define PACKAGE_VERSION "2.27"
| #define PACKAGE_STRING "bfd 2.27"
| #define PACKAGE_BUGREPORT ""
| #define PACKAGE_URL ""
| #define PACKAGE "bfd"
| #define VERSION "2.27"
| #define STDC_HEADERS 1
| #define HAVE_SYS_TYPES_H 1
| #define HAVE_SYS_STAT_H 1
| #define HAVE_STDLIB_H 1
| #define HAVE_STRING_H 1
| #define HAVE_MEMORY_H 1
| #define HAVE_STRINGS_H 1
| #define HAVE_INTTYPES_H 1
| #define HAVE_STDINT_H 1
| #define HAVE_UNISTD_H 1
| #define __EXTENSIONS__ 1
| #define _ALL_SOURCE 1
| #define _GNU_SOURCE 1
| #define _POSIX_PTHREAD_SEMANTICS 1
| #define _TANDEM_SOURCE 1
| #define HAVE_DLFCN_H 1
| #define LT_OBJDIR ".libs/"
| #define HAVE_DLFCN_H 1
| #define SIZEOF_LONG_LONG 8
| #define SIZEOF_VOID_P 8
| #define SIZEOF_LONG 8
| #define HAVE_ALLOCA_H 1
| #define HAVE_STDDEF_H 1
| #define HAVE_STRING_H 1
| #define HAVE_STRINGS_H 1
| #define HAVE_STDLIB_H 1
| #define HAVE_TIME_H 1
| #define HAVE_UNISTD_H 1
| #define HAVE_WCHAR_H 1
| #define HAVE_WCTYPE_H 1
| #define HAVE_FCNTL_H 1
| #define HAVE_SYS_FILE_H 1
| #define HAVE_SYS_TIME_H 1
| #define HAVE_SYS_STAT_H 1
| #define HAVE_SYS_RESOURCE_H 1
| /* end confdefs.h.  */
| #include <sys/types.h>
| #include <stdint.h>
| 
| int
| main ()
| {
| if (sizeof ((uintmax_t)))
| 	    return 0;
|   ;
|   return 0;
| }
configure:10193: result: yes
configure:10202: checking for uintptr_t
configure:10202: cc -c -O  conftest.c >&5
configure:10202: $? = 0
configure:10202: cc -c -O  conftest.c >&5
conftest.c: In function 'main':
conftest.c:52:24: error: expected expression before ')' token
   52 | if (sizeof ((uintptr_t)))
      |                        ^
configure:10202: $? = 1
configure: failed program was:
| /* confdefs.h */
| #define PACKAGE_NAME "bfd"
| #define PACKAGE_TARNAME "bfd"
| #define PACKAGE_VERSION "2.27"
| #define PACKAGE_STRING "bfd 2.27"
| #define PACKAGE_BUGREPORT ""
| #define PACKAGE_URL ""
| #define PACKAGE "bfd"
| #define VERSION "2.27"
| #define STDC_HEADERS 1
| #define HAVE_SYS_TYPES_H 1
| #define HAVE_SYS_STAT_H 1
| #define HAVE_STDLIB_H 1
| #define HAVE_STRING_H 1
| #define HAVE_MEMORY_H 1
| #define HAVE_STRINGS_H 1
| #define HAVE_INTTYPES_H 1
| #define HAVE_STDINT_H 1
| #define HAVE_UNISTD_H 1
| #define __EXTENSIONS__ 1
| #define _ALL_SOURCE 1
| #define _GNU_SOURCE 1
| #define _POSIX_PTHREAD_SEMANTICS 1
| #define _TANDEM_SOURCE 1
| #define HAVE_DLFCN_H 1
| #define LT_OBJDIR ".libs/"
| #define HAVE_DLFCN_H 1
| #define SIZEOF_LONG_LONG 8
| #define SIZEOF_VOID_P 8
| #define SIZEOF_LONG 8
| #define HAVE_ALLOCA_H 1
| #define HAVE_STDDEF_H 1
| #define HAVE_STRING_H 1
| #define HAVE_STRINGS_H 1
| #define HAVE_STDLIB_H 1
| #define HAVE_TIME_H 1
| #define HAVE_UNISTD_H 1
| #define HAVE_WCHAR_H 1
| #define HAVE_WCTYPE_H 1
| #define HAVE_FCNTL_H 1
| #define HAVE_SYS_FILE_H 1
| #define HAVE_SYS_TIME_H 1
| #define HAVE_SYS_STAT_H 1
| #define HAVE_SYS_RESOURCE_H 1
| /* end confdefs.h.  */
| #include <sys/types.h>
| #include <stdint.h>
| 
| int
| main ()
| {
| if (sizeof ((uintptr_t)))
| 	    return 0;
|   ;
|   return 0;
| }
configure:10202: result: yes
configure:10211: checking for int_least32_t
configure:10211: cc -c -O  conftest.c >&5
configure:10211: $? = 0
configure:10211: cc -c -O  conftest.c >&5
conftest.c: In function 'main':
conftest.c:52:28: error: expected expression before ')' token
   52 | if (sizeof ((int_least32_t)))
      |                            ^
configure:10211: $? = 1
configure: failed program was:
| /* confdefs.h */
| #define PACKAGE_NAME "bfd"
| #define PACKAGE_TARNAME "bfd"
| #define PACKAGE_VERSION "2.27"
| #define PACKAGE_STRING "bfd 2.27"
| #define PACKAGE_BUGREPORT ""
| #define PACKAGE_URL ""
| #define PACKAGE "bfd"
| #define VERSION "2.27"
| #define STDC_HEADERS 1
| #define HAVE_SYS_TYPES_H 1
| #define HAVE_SYS_STAT_H 1
| #define HAVE_STDLIB_H 1
| #define HAVE_STRING_H 1
| #define HAVE_MEMORY_H 1
| #define HAVE_STRINGS_H 1
| #define HAVE_INTTYPES_H 1
| #define HAVE_STDINT_H 1
| #define HAVE_UNISTD_H 1
| #define __EXTENSIONS__ 1
| #define _ALL_SOURCE 1
| #define _GNU_SOURCE 1
| #define _POSIX_PTHREAD_SEMANTICS 1
| #define _TANDEM_SOURCE 1
| #define HAVE_DLFCN_H 1
| #define LT_OBJDIR ".libs/"
| #define HAVE_DLFCN_H 1
| #define SIZEOF_LONG_LONG 8
| #define SIZEOF_VOID_P 8
| #define SIZEOF_LONG 8
| #define HAVE_ALLOCA_H 1
| #define HAVE_STDDEF_H 1
| #define HAVE_STRING_H 1
| #define HAVE_STRINGS_H 1
| #define HAVE_STDLIB_H 1
| #define HAVE_TIME_H 1
| #define HAVE_UNISTD_H 1
| #define HAVE_WCHAR_H 1
| #define HAVE_WCTYPE_H 1
| #define HAVE_FCNTL_H 1
| #define HAVE_SYS_FILE_H 1
| #define HAVE_SYS_TIME_H 1
| #define HAVE_SYS_STAT_H 1
| #define HAVE_SYS_RESOURCE_H 1
| /* end confdefs.h.  */
| #include <sys/types.h>
| #include <stdint.h>
| 
| int
| main ()
| {
| if (sizeof ((int_least32_t)))
| 	    return 0;
|   ;
|   return 0;
| }
configure:10211: result: yes
configure:10220: checking for int_fast32_t
configure:10220: cc -c -O  conftest.c >&5
configure:10220: $? = 0
configure:10220: cc -c -O  conftest.c >&5
conftest.c: In function 'main':
conftest.c:52:27: error: expected expression before ')' token
   52 | if (sizeof ((int_fast32_t)))
      |                           ^
configure:10220: $? = 1
configure: failed program was:
| /* confdefs.h */
| #define PACKAGE_NAME "bfd"
| #define PACKAGE_TARNAME "bfd"
| #define PACKAGE_VERSION "2.27"
| #define PACKAGE_STRING "bfd 2.27"
| #define PACKAGE_BUGREPORT ""
| #define PACKAGE_URL ""
| #define PACKAGE "bfd"
| #define VERSION "2.27"
| #define STDC_HEADERS 1
| #define HAVE_SYS_TYPES_H 1
| #define HAVE_SYS_STAT_H 1
| #define HAVE_STDLIB_H 1
| #define HAVE_STRING_H 1
| #define HAVE_MEMORY_H 1
| #define HAVE_STRINGS_H 1
| #define HAVE_INTTYPES_H 1
| #define HAVE_STDINT_H 1
| #define HAVE_UNISTD_H 1
| #define __EXTENSIONS__ 1
| #define _ALL_SOURCE 1
| #define _GNU_SOURCE 1
| #define _POSIX_PTHREAD_SEMANTICS 1
| #define _TANDEM_SOURCE 1
| #define HAVE_DLFCN_H 1
| #define LT_OBJDIR ".libs/"
| #define HAVE_DLFCN_H 1
| #define SIZEOF_LONG_LONG 8
| #define SIZEOF_VOID_P 8
| #define SIZEOF_LONG 8
| #define HAVE_ALLOCA_H 1
| #define HAVE_STDDEF_H 1
| #define HAVE_STRING_H 1
| #define HAVE_STRINGS_H 1
| #define HAVE_STDLIB_H 1
| #define HAVE_TIME_H 1
| #define HAVE_UNISTD_H 1
| #define HAVE_WCHAR_H 1
| #define HAVE_WCTYPE_H 1
| #define HAVE_FCNTL_H 1
| #define HAVE_SYS_FILE_H 1
| #define HAVE_SYS_TIME_H 1
| #define HAVE_SYS_STAT_H 1
| #define HAVE_SYS_RESOURCE_H 1
| /* end confdefs.h.  */
| #include <sys/types.h>
| #include <stdint.h>
| 
| int
| main ()
| {
| if (sizeof ((int_fast32_t)))
| 	    return 0;
|   ;
|   return 0;
| }
configure:10220: result: yes
configure:10229: checking for uint64_t
configure:10229: cc -c -O  conftest.c >&5
configure:10229: $? = 0
configure:10229: cc -c -O  conftest.c >&5
conftest.c: In function 'main':
conftest.c:52:23: error: expected expression before ')' token
   52 | if (sizeof ((uint64_t)))
      |                       ^
configure:10229: $? = 1
configure: failed program was:
| /* confdefs.h */
| #define PACKAGE_NAME "bfd"
| #define PACKAGE_TARNAME "bfd"
| #define PACKAGE_VERSION "2.27"
| #define PACKAGE_STRING "bfd 2.27"
| #define PACKAGE_BUGREPORT ""
| #define PACKAGE_URL ""
| #define PACKAGE "bfd"
| #define VERSION "2.27"
| #define STDC_HEADERS 1
| #define HAVE_SYS_TYPES_H 1
| #define HAVE_SYS_STAT_H 1
| #define HAVE_STDLIB_H 1
| #define HAVE_STRING_H 1
| #define HAVE_MEMORY_H 1
| #define HAVE_STRINGS_H 1
| #define HAVE_INTTYPES_H 1
| #define HAVE_STDINT_H 1
| #define HAVE_UNISTD_H 1
| #define __EXTENSIONS__ 1
| #define _ALL_SOURCE 1
| #define _GNU_SOURCE 1
| #define _POSIX_PTHREAD_SEMANTICS 1
| #define _TANDEM_SOURCE 1
| #define HAVE_DLFCN_H 1
| #define LT_OBJDIR ".libs/"
| #define HAVE_DLFCN_H 1
| #define SIZEOF_LONG_LONG 8
| #define SIZEOF_VOID_P 8
| #define SIZEOF_LONG 8
| #define HAVE_ALLOCA_H 1
| #define HAVE_STDDEF_H 1
| #define HAVE_STRING_H 1
| #define HAVE_STRINGS_H 1
| #define HAVE_STDLIB_H 1
| #define HAVE_TIME_H 1
| #define HAVE_UNISTD_H 1
| #define HAVE_WCHAR_H 1
| #define HAVE_WCTYPE_H 1
| #define HAVE_FCNTL_H 1
| #define HAVE_SYS_FILE_H 1
| #define HAVE_SYS_TIME_H 1
| #define HAVE_SYS_STAT_H 1
| #define HAVE_SYS_RESOURCE_H 1
| /* end confdefs.h.  */
| #include <sys/types.h>
| #include <stdint.h>
| 
| int
| main ()
| {
| if (sizeof ((uint64_t)))
| 	    return 0;
|   ;
|   return 0;
| }
configure:10229: result: yes
configure:10310: checking what to include in bfd_stdint.h
configure:10338: result: stdint.h (already complete)
configure:10586: checking whether time.h and sys/time.h may both be included
configure:10606: cc -c -O  conftest.c >&5
configure:10606: $? = 0
configure:10613: result: yes
configure:10624: checking for dirent.h that defines DIR
configure:10643: cc -c -O  conftest.c >&5
configure:10643: $? = 0
configure:10651: result: yes
configure:10665: checking for library containing opendir
configure:10696: cc -o conftest -O  -static-libstdc++ -static-libgcc  conftest.c -ldl  >&5
configure:10696: $? = 0
configure:10713: result: none required
configure:10781: checking whether string.h and strings.h may both be included
configure:10798: cc -c -O  conftest.c >&5
configure:10798: $? = 0
configure:10805: result: yes
configure:10816: checking for fcntl
configure:10816: cc -o conftest -O  -static-libstdc++ -static-libgcc  conftest.c -ldl  >&5
configure:10816: $? = 0
configure:10816: result: yes
configure:10816: checking for getpagesize
configure:10816: cc -o conftest -O  -static-libstdc++ -static-libgcc  conftest.c -ldl  >&5
configure:10816: $? = 0
configure:10816: result: yes
configure:10816: checking for setitimer
configure:10816: cc -o conftest -O  -static-libstdc++ -static-libgcc  conftest.c -ldl  >&5
configure:10816: $? = 0
configure:10816: result: yes
configure:10816: checking for sysconf
configure:10816: cc -o conftest -O  -static-libstdc++ -static-libgcc  conftest.c -ldl  >&5
configure:10816: $? = 0
configure:10816: result: yes
configure:10816: checking for fdopen
configure:10816: cc -o conftest -O  -static-libstdc++ -static-libgcc  conftest.c -ldl  >&5
configure:10816: $? = 0
configure:10816: result: yes
configure:10816: checking for getuid
configure:10816: cc -o conftest -O  -static-libstdc++ -static-libgcc  conftest.c -ldl  >&5
configure:10816: $? = 0
configure:10816: result: yes
configure:10816: checking for getgid
configure:10816: cc -o conftest -O  -static-libstdc++ -static-libgcc  conftest.c -ldl  >&5
configure:10816: $? = 0
configure:10816: result: yes
configure:10816: checking for fileno
configure:10816: cc -o conftest -O  -static-libstdc++ -static-libgcc  conftest.c -ldl  >&5
configure:10816: $? = 0
configure:10816: result: yes
configure:10829: checking for strtoull
configure:10829: cc -o conftest -O  -static-libstdc++ -static-libgcc  conftest.c -ldl  >&5
configure:10829: $? = 0
configure:10829: result: yes
configure:10829: checking for getrlimit
configure:10829: cc -o conftest -O  -static-libstdc++ -static-libgcc  conftest.c -ldl  >&5
configure:10829: $? = 0
configure:10829: result: yes
configure:10840: checking whether basename is declared
configure:10840: cc -c -O  conftest.c >&5
configure:10840: $? = 0
configure:10840: result: yes
configure:10851: checking whether ftello is declared
configure:10851: cc -c -O  conftest.c >&5
configure:10851: $? = 0
configure:10851: result: yes
configure:10862: checking whether ftello64 is declared
configure:10862: cc -c -O  conftest.c >&5
configure:10862: $? = 0
configure:10862: result: yes
configure:10873: checking whether fseeko is declared
configure:10873: cc -c -O  conftest.c >&5
configure:10873: $? = 0
configure:10873: result: yes
configure:10884: checking whether fseeko64 is declared
configure:10884: cc -c -O  conftest.c >&5
configure:10884: $? = 0
configure:10884: result: yes
configure:10904: checking whether ffs is declared
configure:10904: cc -c -O  conftest.c >&5
configure:10904: $? = 0
configure:10904: result: yes
configure:10915: checking whether free is declared
configure:10915: cc -c -O  conftest.c >&5
configure:10915: $? = 0
configure:10915: result: yes
configure:10926: checking whether getenv is declared
configure:10926: cc -c -O  conftest.c >&5
configure:10926: $? = 0
configure:10926: result: yes
configure:10937: checking whether malloc is declared
configure:10937: cc -c -O  conftest.c >&5
configure:10937: $? = 0
configure:10937: result: yes
configure:10948: checking whether realloc is declared
configure:10948: cc -c -O  conftest.c >&5
configure:10948: $? = 0
configure:10948: result: yes
configure:10959: checking whether stpcpy is declared
configure:10959: cc -c -O  conftest.c >&5
configure:10959: $? = 0
configure:10959: result: yes
configure:10970: checking whether strstr is declared
configure:10970: cc -c -O  conftest.c >&5
configure:10970: $? = 0
configure:10970: result: yes
configure:10981: checking whether asprintf is declared
configure:10981: cc -c -O  conftest.c >&5
configure:10981: $? = 0
configure:10981: result: yes
configure:10992: checking whether vasprintf is declared
configure:10992: cc -c -O  conftest.c >&5
configure:10992: $? = 0
configure:10992: result: yes
configure:11003: checking whether snprintf is declared
configure:11003: cc -c -O  conftest.c >&5
configure:11003: $? = 0
configure:11003: result: yes
configure:11014: checking whether vsnprintf is declared
configure:11014: cc -c -O  conftest.c >&5
configure:11014: $? = 0
configure:11014: result: yes
configure:11025: checking whether strnlen is declared
configure:11025: cc -c -O  conftest.c >&5
configure:11025: $? = 0
configure:11025: result: yes
configure:11058: checking linker --as-needed support
configure:11069: result: yes
configure:11160: checking for cos in -lm
configure:11185: cc -o conftest -O  -static-libstdc++ -static-libgcc  conftest.c -lm  -ldl  >&5
conftest.c:83:6: warning: conflicting types for built-in function 'cos'; expected 'double(double)' [-Wbuiltin-declaration-mismatch]
   83 | char cos ();
      |      ^~~
conftest.c:1:1: note: 'cos' is declared in header '<math.h>'
    1 | /* confdefs.h */
configure:11185: $? = 0
configure:11194: result: yes
configure:11776: checking for gcc version with buggy 64-bit support
configure:11789: result: no
configure:12905: checking for ftello
configure:12905: cc -o conftest -O  -static-libstdc++ -static-libgcc  conftest.c -ldl  >&5
configure:12905: $? = 0
configure:12905: result: yes
configure:12905: checking for ftello64
configure:12905: cc -o conftest -O  -static-libstdc++ -static-libgcc  conftest.c -ldl  >&5
configure:12905: $? = 0
configure:12905: result: yes
configure:12905: checking for fseeko
configure:12905: cc -o conftest -O  -static-libstdc++ -static-libgcc  conftest.c -ldl  >&5
configure:12905: $? = 0
configure:12905: result: yes
configure:12905: checking for fseeko64
configure:12905: cc -o conftest -O  -static-libstdc++ -static-libgcc  conftest.c -ldl  >&5
configure:12905: $? = 0
configure:12905: result: yes
configure:12905: checking for fopen64
configure:12905: cc -o conftest -O  -static-libstdc++ -static-libgcc  conftest.c -ldl  >&5
configure:12905: $? = 0
configure:12905: result: yes
configure:12920: checking size of off_t
configure:12925: cc -o conftest -O  -static-libstdc++ -static-libgcc  conftest.c -ldl  >&5
configure:12925: $? = 0
configure:12925: ./conftest
configure:12925: $? = 0
configure:12940: result: 8
configure:12951: checking file_ptr type
configure:12960: result: BFD_HOST_64_BIT
configure:12968: checking for stdlib.h
configure:12968: result: yes
configure:12968: checking for unistd.h
configure:12968: result: yes
configure:12981: checking for getpagesize
configure:12981: result: yes
configure:12990: checking for working mmap
configure:13127: cc -o conftest -O  -static-libstdc++ -static-libgcc  conftest.c -ldl  >&5
configure:13127: $? = 0
configure:13127: ./conftest
configure:13127: $? = 0
configure:13137: result: yes
configure:13149: checking for madvise
configure:13149: cc -o conftest -O  -static-libstdc++ -static-libgcc  conftest.c -ldl  >&5
configure:13149: $? = 0
configure:13149: result: yes
configure:13149: checking for mprotect
configure:13149: cc -o conftest -O  -static-libstdc++ -static-libgcc  conftest.c -ldl  >&5
configure:13149: $? = 0
configure:13149: result: yes
configure:13234: updating cache ./config.cache
configure:13303: creating ./config.status

## ---------------------- ##
## Running config.status. ##
## ---------------------- ##

This file was extended by bfd config.status 2.27, which was
generated by GNU Autoconf 2.64.  Invocation command line was

  CONFIG_FILES    = 
  CONFIG_HEADERS  = 
  CONFIG_LINKS    = 
  CONFIG_COMMANDS = 
  $ ./config.status 

on kumori

config.status:1227: creating Makefile
config.status:1227: creating doc/Makefile
config.status:1227: creating bfd-in3.h
config.status:1227: creating po/Makefile.in
config.status:1227: creating config.h
config.status:1392: config.h is unchanged
config.status:1440: executing depfiles commands
config.status:1440: executing libtool commands
config.status:1440: executing default-1 commands
config.status:1440: executing bfd_stdint.h commands
config.status:1440: executing default commands

## ---------------- ##
## Cache variables. ##
## ---------------- ##

ac_cv_build=x86_64-pc-linux-gnu
ac_cv_c_compiler_gnu=yes
ac_cv_env_CC_set=set
ac_cv_env_CC_value=cc
ac_cv_env_CFLAGS_set=set
ac_cv_env_CFLAGS_value=-O
ac_cv_env_CPPFLAGS_set=set
ac_cv_env_CPPFLAGS_value=
ac_cv_env_CPP_set=
ac_cv_env_CPP_value=
ac_cv_env_LDFLAGS_set=set
ac_cv_env_LDFLAGS_value='-static-libstdc++ -static-libgcc '
ac_cv_env_LIBS_set=
ac_cv_env_LIBS_value=
ac_cv_env_build_alias_set=set
ac_cv_env_build_alias_value=x86_64-pc-linux-gnu
ac_cv_env_host_alias_set=set
ac_cv_env_host_alias_value=x86_64-pc-linux-gnu
ac_cv_env_target_alias_set=set
ac_cv_env_target_alias_value=powerpc--netbsd
ac_cv_func_dlopen=no
ac_cv_func_fcntl=yes
ac_cv_func_fdopen=yes
ac_cv_func_fileno=yes
ac_cv_func_fopen64=yes
ac_cv_func_fseeko64=yes
ac_cv_func_fseeko=yes
ac_cv_func_ftello64=yes
ac_cv_func_ftello=yes
ac_cv_func_getgid=yes
ac_cv_func_getpagesize=yes
ac_cv_func_getrlimit=yes
ac_cv_func_getuid=yes
ac_cv_func_madvise=yes
ac_cv_func_mmap_fixed_mapped=yes
ac_cv_func_mprotect=yes
ac_cv_func_setitimer=yes
ac_cv_func_shl_load=no
ac_cv_func_strtoull=yes
ac_cv_func_sysconf=yes
ac_cv_have_decl_asprintf=yes
ac_cv_have_decl_basename=yes
ac_cv_have_decl_ffs=yes
ac_cv_have_decl_free=yes
ac_cv_have_decl_fseeko64=yes
ac_cv_have_decl_fseeko=yes
ac_cv_have_decl_ftello64=yes
ac_cv_have_decl_ftello=yes
ac_cv_have_decl_getenv=yes
ac_cv_have_decl_malloc=yes
ac_cv_have_decl_realloc=yes
ac_cv_have_decl_snprintf=yes
ac_cv_have_decl_stpcpy=yes
ac_cv_have_decl_strnlen=yes
ac_cv_have_decl_strstr=yes
ac_cv_have_decl_vasprintf=yes
ac_cv_have_decl_vsnprintf=yes
ac_cv_header_alloca_h=yes
ac_cv_header_dirent_dirent_h=yes
ac_cv_header_dlfcn_h=yes
ac_cv_header_fcntl_h=yes
ac_cv_header_inttypes_h=yes
ac_cv_header_memory_h=yes
ac_cv_header_minix_config_h=no
ac_cv_header_stdc=yes
ac_cv_header_stddef_h=yes
ac_cv_header_stdint_h=yes
ac_cv_header_stdlib_h=yes
ac_cv_header_string_h=yes
ac_cv_header_strings_h=yes
ac_cv_header_sys_file_h=yes
ac_cv_header_sys_resource_h=yes
ac_cv_header_sys_stat_h=yes
ac_cv_header_sys_time_h=yes
ac_cv_header_sys_types_h=yes
ac_cv_header_time=yes
ac_cv_header_time_h=yes
ac_cv_header_unistd_h=yes
ac_cv_header_wchar_h=yes
ac_cv_header_wctype_h=yes
ac_cv_header_windows_h=no
ac_cv_host=x86_64-pc-linux-gnu
ac_cv_lib_dl_dlopen=yes
ac_cv_lib_dld_shl_load=no
ac_cv_lib_m_cos=yes
ac_cv_objext=o
ac_cv_path_EGREP='/usr/sbin/grep -E'
ac_cv_path_FGREP='/usr/sbin/grep -F'
ac_cv_path_GMSGFMT=/usr/sbin/msgfmt
ac_cv_path_GREP=/usr/sbin/grep
ac_cv_path_MSGFMT=/usr/sbin/msgfmt
ac_cv_path_MSGMERGE=/usr/sbin/msgmerge
ac_cv_path_SED=/usr/sbin/sed
ac_cv_path_XGETTEXT=/usr/sbin/xgettext
ac_cv_path_mkdir='/home/ky0ko/code/netbsd-gc/src/obj/tooldir.Linux-5.4.7-arch1-1-x86_64/bin/powerpc--netbsd-install -d'
ac_cv_prog_AR=ar
ac_cv_prog_AWK=/home/ky0ko/code/netbsd-gc/src/obj/tooldir.Linux-5.4.7-arch1-1-x86_64/bin/nbawk
ac_cv_prog_CC=cc
ac_cv_prog_CPP='cc -E'
ac_cv_prog_OBJDUMP=objdump
ac_cv_prog_RANLIB=ranlib
ac_cv_prog_ac_ct_STRIP=strip
ac_cv_prog_cc_c89=
ac_cv_prog_cc_g=yes
ac_cv_prog_make__home_ky0ko_code_netbsd_gc_src_obj_tooldir_Linux_5_4_7_arch1_1_x86_64_bin_nbmake_set=yes
ac_cv_safe_to_define___extensions__=yes
ac_cv_search_dlopen=-ldl
ac_cv_search_opendir='none required'
ac_cv_search_strerror='none required'
ac_cv_sizeof_long=8
ac_cv_sizeof_long_long=8
ac_cv_sizeof_off_t=8
ac_cv_sizeof_void_p=8
ac_cv_sys_file_offset_bits=no
ac_cv_sys_largefile_CC=no
ac_cv_target=powerpc--netbsd
ac_cv_type_int_fast32_t=yes
ac_cv_type_int_least32_t=yes
ac_cv_type_u_int64_t=no
ac_cv_type_uint64_t=yes
ac_cv_type_uintmax_t=yes
ac_cv_type_uintptr_t=yes
acx_cv_header_stdint=stdint.h
acx_cv_header_stdint_kind='(already complete)'
am_cv_CC_dependencies_compiler_type=gcc3
bfd_cv_ld_as_needed=yes
gcc_cv_header_string=yes
lt_cv_deplibs_check_method=pass_all
lt_cv_dlopen=dlopen
lt_cv_dlopen_libs=-ldl
lt_cv_dlopen_self=yes
lt_cv_dlopen_self_static=no
lt_cv_file_magic_cmd='$MAGIC_CMD'
lt_cv_file_magic_test_file=
lt_cv_ld_reload_flag=-r
lt_cv_nm_interface='BSD nm'
lt_cv_objdir=.libs
lt_cv_path_LD=ld
lt_cv_path_NM=nm
lt_cv_prog_compiler_c_o=yes
lt_cv_prog_compiler_pic_works=yes
lt_cv_prog_compiler_rtti_exceptions=no
lt_cv_prog_compiler_static_works=yes
lt_cv_prog_gnu_ld=yes
lt_cv_shlibpath_overrides_runpath=no
lt_cv_sys_global_symbol_pipe='sed -n -e '\''s/^.*[	 ]\([ABCDGIRSTW][ABCDGIRSTW]*\)[	 ][	 ]*\([_A-Za-z][_A-Za-z0-9]*\)$/\1 \2 \2/p'\'''
lt_cv_sys_global_symbol_to_c_name_address='sed -n -e '\''s/^: \([^ ]*\) $/  {\"\1\", (void *) 0},/p'\'' -e '\''s/^[ABCDGIRSTW]* \([^ ]*\) \([^ ]*\)$/  {"\2", (void *) \&\2},/p'\'''
lt_cv_sys_global_symbol_to_c_name_address_lib_prefix='sed -n -e '\''s/^: \([^ ]*\) $/  {\"\1\", (void *) 0},/p'\'' -e '\''s/^[ABCDGIRSTW]* \([^ ]*\) \(lib[^ ]*\)$/  {"\2", (void *) \&\2},/p'\'' -e '\''s/^[ABCDGIRSTW]* \([^ ]*\) \([^ ]*\)$/  {"lib\2", (void *) \&\2},/p'\'''
lt_cv_sys_global_symbol_to_cdecl='sed -n -e '\''s/^T .* \(.*\)$/extern int \1();/p'\'' -e '\''s/^[ABCDGIRSTW]* .* \(.*\)$/extern char \1;/p'\'''
lt_cv_sys_max_cmd_len=1572864

## ----------------- ##
## Output variables. ##
## ----------------- ##

ACLOCAL='${SHELL} /home/ky0ko/code/netbsd-gc/src/external/gpl3/binutils.old/dist/missing --run aclocal-1.11'
AMDEPBACKSLASH='\'
AMDEP_FALSE='#'
AMDEP_TRUE=''
AMTAR='$${TAR-tar}'
AR='ar'
AUTOCONF='${SHELL} /home/ky0ko/code/netbsd-gc/src/external/gpl3/binutils.old/dist/missing --run autoconf'
AUTOHEADER='${SHELL} /home/ky0ko/code/netbsd-gc/src/external/gpl3/binutils.old/dist/missing --run autoheader'
AUTOMAKE='${SHELL} /home/ky0ko/code/netbsd-gc/src/external/gpl3/binutils.old/dist/missing --run automake-1.11'
AWK='/home/ky0ko/code/netbsd-gc/src/obj/tooldir.Linux-5.4.7-arch1-1-x86_64/bin/nbawk'
BFD_HOSTPTR_T='unsigned long'
BFD_HOST_64BIT_LONG='1'
BFD_HOST_64BIT_LONG_LONG='0'
BFD_HOST_64_BIT='long'
BFD_HOST_64_BIT_DEFINED='1'
BFD_HOST_U_64_BIT='unsigned long'
CATALOGS=''
CATOBJEXT=''
CC='cc'
CCDEPMODE='depmode=gcc3'
CC_FOR_BUILD='cc'
CFLAGS='-O'
COREFILE=''
COREFLAG=''
CPP='cc -E'
CPPFLAGS=''
CYGPATH_W='echo'
DATADIRNAME=''
DEBUGDIR='${exec_prefix}/lib/debug'
DEFS='-DHAVE_CONFIG_H'
DEPDIR='.deps'
DSYMUTIL=''
DUMPBIN=''
ECHO_C=''
ECHO_N='-n'
ECHO_T=''
EGREP='/usr/sbin/grep -E'
EXEEXT=''
EXEEXT_FOR_BUILD='$(EXEEXT)'
FGREP='/usr/sbin/grep -F'
GENCAT=''
GENINSRC_NEVER_FALSE=''
GENINSRC_NEVER_TRUE='#'
GMSGFMT='/usr/sbin/msgfmt'
GREP='/usr/sbin/grep'
HDEFINES=''
INCINTL=''
INSTALL_DATA='${INSTALL} -m 644'
INSTALL_LIBBFD_FALSE=''
INSTALL_LIBBFD_TRUE='#'
INSTALL_PROGRAM='${INSTALL}'
INSTALL_SCRIPT='${INSTALL}'
INSTALL_STRIP_PROGRAM='$(install_sh) -c -s'
INSTOBJEXT=''
LD='ld -m elf_x86_64'
LDFLAGS='-static-libstdc++ -static-libgcc '
LIBINTL=''
LIBINTL_DEP=''
LIBM='-lm'
LIBOBJS=''
LIBS='-ldl '
LIBTOOL='$(SHELL) $(top_builddir)/libtool'
LIPO=''
LN_S='ln -s'
LTLIBOBJS=''
MAINT='#'
MAINTAINER_MODE_FALSE=''
MAINTAINER_MODE_TRUE='#'
MAKEINFO='/home/ky0ko/code/netbsd-gc/src/obj/tooldir.Linux-5.4.7-arch1-1-x86_64/bin/nbmakeinfo'
MKDIR_P='/home/ky0ko/code/netbsd-gc/src/obj/tooldir.Linux-5.4.7-arch1-1-x86_64/bin/powerpc--netbsd-install -d -p'
MKINSTALLDIRS='/home/ky0ko/code/netbsd-gc/src/tools/binutils/../../external/gpl3/binutils.old/dist/bfd/../mkinstalldirs'
MSGFMT='/usr/sbin/msgfmt'
MSGMERGE='/usr/sbin/msgmerge'
NM='nm'
NMEDIT=''
NO_WERROR=''
OBJDUMP='objdump'
OBJEXT='o'
OTOOL64=''
OTOOL=''
PACKAGE='bfd'
PACKAGE_BUGREPORT=''
PACKAGE_NAME='bfd'
PACKAGE_STRING='bfd 2.27'
PACKAGE_TARNAME='bfd'
PACKAGE_URL=''
PACKAGE_VERSION='2.27'
PATH_SEPARATOR=':'
PKGVERSION='(NetBSD Binutils nb1)\ '
PLUGINS_FALSE='#'
PLUGINS_TRUE=''
POSUB=''
RANLIB='ranlib'
REPORT_BUGS_TEXI='@uref{http://www.NetBSD.org/support/send-pr.html}'
REPORT_BUGS_TO='<http://www.NetBSD.org/support/send-pr.html>'
SED='/usr/sbin/sed'
SET_MAKE=''
SHARED_LDFLAGS=''
SHARED_LIBADD=''
SHELL='/usr/sbin/sh'
STRIP='strip'
TDEFINES='  '
USE_NLS='no'
VERSION='2.27'
WARN_CFLAGS='-W -Wall -Wstrict-prototypes -Wmissing-prototypes -Wshadow -Wstack-usage=262144'
WARN_WRITE_STRINGS='-Wwrite-strings'
XGETTEXT='/usr/sbin/xgettext'
ac_ct_CC=''
ac_ct_DUMPBIN=''
all_backends='$(BFD64_BACKENDS) $(BFD32_BACKENDS)'
am__EXEEXT_FALSE=''
am__EXEEXT_TRUE='#'
am__fastdepCC_FALSE='#'
am__fastdepCC_TRUE=''
am__include='include'
am__isrc=' -I$(srcdir)'
am__leading_dot='.'
am__nodep='_no'
am__quote=''
am__tar='$${TAR-tar} chof - "$$tardir"'
am__untar='$${TAR-tar} xf -'
bfd64_libs='$(BFD64_LIBS)'
bfd_backends=' elf32-ppc.lo elf-vxworks.lo elf32.lo elf.lo elflink.lo elf-attrs.lo elf-strtab.lo elf-eh-frame.lo dwarf1.lo dwarf2.lo coff-rs6000.lo xcofflink.lo coffgen.lo ppcboot.lo elf64-ppc.lo elf64-gen.lo elf64.lo elf32-gen.lo plugin.lo'
bfd_default_target_size='32'
bfd_file_ptr='BFD_HOST_64_BIT'
bfd_machines=' cpu-rs6000.lo cpu-powerpc.lo cpu-plugin.lo'
bfd_ufile_ptr='BFD_HOST_U_64_BIT'
bfdincludedir='$(exec_prefix)/$(host_noncanonical)/$(target_noncanonical)/include'
bfdlibdir='$(exec_prefix)/$(host_noncanonical)/$(target_noncanonical)/lib'
bindir='${exec_prefix}/bin'
build='x86_64-pc-linux-gnu'
build_alias='x86_64-pc-linux-gnu'
build_cpu='x86_64'
build_os='linux-gnu'
build_vendor='pc'
datadir='${datarootdir}'
datarootdir='${prefix}/share'
docdir='${datarootdir}/doc/${PACKAGE_TARNAME}'
dvidir='${docdir}'
exec_prefix='${prefix}'
havevecs='-DHAVE_powerpc_elf32_vec -DHAVE_rs6000_xcoff_vec -DHAVE_powerpc_elf32_le_vec -DHAVE_powerpc_boot_vec -DHAVE_powerpc_elf64_vec -DHAVE_powerpc_elf64_le_vec -DHAVE_elf64_le_vec -DHAVE_elf64_be_vec -DHAVE_elf32_le_vec -DHAVE_elf32_be_vec -DHAVE_plugin_vec'
host='x86_64-pc-linux-gnu'
host_alias='x86_64-pc-linux-gnu'
host_cpu='x86_64'
host_noncanonical='x86_64-pc-linux-gnu'
host_os='linux-gnu'
host_vendor='pc'
htmldir='${docdir}'
includedir='${prefix}/include'
infodir='${datarootdir}/info'
install_sh='${SHELL} /home/ky0ko/code/netbsd-gc/src/external/gpl3/binutils.old/dist/install-sh'
libdir='${exec_prefix}/lib'
libexecdir='${exec_prefix}/libexec'
localedir='${datarootdir}/locale'
localstatedir='${prefix}/var'
lt_cv_dlopen_libs='-ldl'
mandir='${datarootdir}/man'
mkdir_p='/home/ky0ko/code/netbsd-gc/src/obj/tooldir.Linux-5.4.7-arch1-1-x86_64/bin/powerpc--netbsd-install -d -p'
oldincludedir='/usr/include'
pdfdir='${docdir}'
prefix='/home/ky0ko/code/netbsd-gc/src/obj/tooldir.Linux-5.4.7-arch1-1-x86_64'
program_transform_name='s,^,powerpc--netbsd-,'
psdir='${docdir}'
sbindir='${exec_prefix}/sbin'
sharedstatedir='${prefix}/com'
supports_plugins='1'
sysconfdir='${prefix}/etc'
target='powerpc--netbsd'
target_alias='powerpc--netbsd'
target_cpu='powerpc'
target_noncanonical='powerpc--netbsd'
target_os='netbsd'
target_vendor=''
tdefaults=' -DDEFAULT_VECTOR=powerpc_elf32_vec -DSELECT_VECS='\''&powerpc_elf32_vec,&rs6000_xcoff_vec,&powerpc_elf32_le_vec,&powerpc_boot_vec,&powerpc_elf64_vec,&powerpc_elf64_le_vec,&elf64_le_vec,&elf64_be_vec,&elf32_le_vec,&elf32_be_vec,&plugin_vec'\'' -DSELECT_ARCHITECTURES='\''&bfd_rs6000_arch,&bfd_powerpc_arch,&bfd_plugin_arch'\'''
wordsize='64'
zlibdir='-L$(top_builddir)/../zlib'
zlibinc='-I$(top_srcdir)/../zlib'

## ----------- ##
## confdefs.h. ##
## ----------- ##

/* confdefs.h */
#define PACKAGE_NAME "bfd"
#define PACKAGE_TARNAME "bfd"
#define PACKAGE_VERSION "2.27"
#define PACKAGE_STRING "bfd 2.27"
#define PACKAGE_BUGREPORT ""
#define PACKAGE_URL ""
#define PACKAGE "bfd"
#define VERSION "2.27"
#define STDC_HEADERS 1
#define HAVE_SYS_TYPES_H 1
#define HAVE_SYS_STAT_H 1
#define HAVE_STDLIB_H 1
#define HAVE_STRING_H 1
#define HAVE_MEMORY_H 1
#define HAVE_STRINGS_H 1
#define HAVE_INTTYPES_H 1
#define HAVE_STDINT_H 1
#define HAVE_UNISTD_H 1
#define __EXTENSIONS__ 1
#define _ALL_SOURCE 1
#define _GNU_SOURCE 1
#define _POSIX_PTHREAD_SEMANTICS 1
#define _TANDEM_SOURCE 1
#define HAVE_DLFCN_H 1
#define LT_OBJDIR ".libs/"
#define HAVE_DLFCN_H 1
#define SIZEOF_LONG_LONG 8
#define SIZEOF_VOID_P 8
#define SIZEOF_LONG 8
#define HAVE_ALLOCA_H 1
#define HAVE_STDDEF_H 1
#define HAVE_STRING_H 1
#define HAVE_STRINGS_H 1
#define HAVE_STDLIB_H 1
#define HAVE_TIME_H 1
#define HAVE_UNISTD_H 1
#define HAVE_WCHAR_H 1
#define HAVE_WCTYPE_H 1
#define HAVE_FCNTL_H 1
#define HAVE_SYS_FILE_H 1
#define HAVE_SYS_TIME_H 1
#define HAVE_SYS_STAT_H 1
#define HAVE_SYS_RESOURCE_H 1
#define TIME_WITH_SYS_TIME 1
#define HAVE_DIRENT_H 1
#define STRING_WITH_STRINGS 1
#define HAVE_FCNTL 1
#define HAVE_GETPAGESIZE 1
#define HAVE_SETITIMER 1
#define HAVE_SYSCONF 1
#define HAVE_FDOPEN 1
#define HAVE_GETUID 1
#define HAVE_GETGID 1
#define HAVE_FILENO 1
#define HAVE_STRTOULL 1
#define HAVE_GETRLIMIT 1
#define HAVE_DECL_BASENAME 1
#define HAVE_DECL_FTELLO 1
#define HAVE_DECL_FTELLO64 1
#define HAVE_DECL_FSEEKO 1
#define HAVE_DECL_FSEEKO64 1
#define HAVE_DECL_FFS 1
#define HAVE_DECL_FREE 1
#define HAVE_DECL_GETENV 1
#define HAVE_DECL_MALLOC 1
#define HAVE_DECL_REALLOC 1
#define HAVE_DECL_STPCPY 1
#define HAVE_DECL_STRSTR 1
#define HAVE_DECL_ASPRINTF 1
#define HAVE_DECL_VASPRINTF 1
#define HAVE_DECL_SNPRINTF 1
#define HAVE_DECL_VSNPRINTF 1
#define HAVE_DECL_STRNLEN 1
#define HAVE_FTELLO 1
#define HAVE_FTELLO64 1
#define HAVE_FSEEKO 1
#define HAVE_FSEEKO64 1
#define HAVE_FOPEN64 1
#define SIZEOF_OFF_T 8
#define HAVE_STDLIB_H 1
#define HAVE_UNISTD_H 1
#define HAVE_GETPAGESIZE 1
#define HAVE_MMAP 1
#define HAVE_MADVISE 1
#define HAVE_MPROTECT 1

configure: exit 0
