This file contains any messages produced by compilers while
running configure, to aid debugging if configure makes a mistake.

It was created by configure, which was
generated by GNU Autoconf 2.59b.  Invocation command line was

  $ /home/ky0ko/code/netbsd-gc/src/tools/groff/../../external/gpl2/groff/dist/configure --without-x --prefix=/home/ky0ko/code/netbsd-gc/src/obj/tooldir.Linux-5.4.7-arch1-1-x86_64

## --------- ##
## Platform. ##
## --------- ##

hostname = kumori
uname -m = x86_64
uname -r = 5.4.7-arch1-1
uname -s = Linux
uname -v = #1 SMP PREEMPT Tue, 31 Dec 2019 17:20:16 +0000

/usr/bin/uname -p = unknown
/bin/uname -X     = unknown

/bin/arch              = unknown
/usr/bin/arch -k       = unknown
/usr/convex/getsysinfo = unknown
hostinfo               = unknown
/bin/machine           = unknown
/usr/bin/oslevel       = unknown
/bin/universe          = unknown

PATH: /home/ky0ko/code/netbsd-gc/src/obj/tooldir.Linux-5.4.7-arch1-1-x86_64/bin
PATH: /bedrock/cross/pin/bin
PATH: /bedrock/bin
PATH: /usr/local/sbin
PATH: /usr/local/bin
PATH: /opt/sbin
PATH: /opt/bin
PATH: /usr/sbin
PATH: /usr/bin
PATH: /sbin
PATH: /bin
PATH: /bedrock/cross/bin


## ----------- ##
## Core tests. ##
## ----------- ##

configure:1594: checking for gcc
configure:1620: result: cc
configure:1900: checking for C compiler version
configure:1903: cc --version </dev/null >&5
cc (GCC) 9.2.0
Copyright (C) 2019 Free Software Foundation, Inc.
This is free software; see the source for copying conditions.  There is NO
warranty; not even for MERCHANTABILITY or FITNESS FOR A PARTICULAR PURPOSE.

configure:1906: $? = 0
configure:1908: cc -v </dev/null >&5
Using built-in specs.
COLLECT_GCC=cc
COLLECT_LTO_WRAPPER=/usr/lib/gcc/x86_64-pc-linux-gnu/9.2.0/lto-wrapper
Target: x86_64-pc-linux-gnu
Configured with: /build/gcc/src/gcc/configure --prefix=/usr --libdir=/usr/lib --libexecdir=/usr/lib --mandir=/usr/share/man --infodir=/usr/share/info --with-bugurl=https://bugs.archlinux.org/ --enable-languages=c,c++,ada,fortran,go,lto,objc,obj-c++,d --enable-shared --enable-threads=posix --with-system-zlib --with-isl --enable-__cxa_atexit --disable-libunwind-exceptions --enable-clocale=gnu --disable-libstdcxx-pch --disable-libssp --enable-gnu-unique-object --enable-linker-build-id --enable-lto --enable-plugin --enable-install-libiberty --with-linker-hash-style=gnu --enable-gnu-indirect-function --enable-multilib --disable-werror --enable-checking=release --enable-default-pie --enable-default-ssp --enable-cet=auto gdc_include_dir=/usr/include/dlang/gdc
Thread model: posix
gcc version 9.2.0 (GCC) 
configure:1911: $? = 0
configure:1913: cc -V </dev/null >&5
cc: error: unrecognized command line option '-V'
cc: fatal error: no input files
compilation terminated.
configure:1916: $? = 1
configure:1939: checking for C compiler default output file name
configure:1961: cc -O  -I/home/ky0ko/code/netbsd-gc/src/obj/tooldir.Linux-5.4.7-arch1-1-x86_64/include/compat -I/home/ky0ko/code/netbsd-gc/src/tools/compat  -DHAVE_NBTOOL_CONFIG_H=1 -D_FILE_OFFSET_BITS=64  conftest.c  >&5
configure:1964: $? = 0
configure:2002: result: a.out
configure:2007: checking whether the C compiler works
configure:2013: ./a.out
configure:2016: $? = 0
configure:2033: result: yes
configure:2040: checking whether we are cross compiling
configure:2042: result: no
configure:2045: checking for suffix of executables
configure:2047: cc -o conftest -O  -I/home/ky0ko/code/netbsd-gc/src/obj/tooldir.Linux-5.4.7-arch1-1-x86_64/include/compat -I/home/ky0ko/code/netbsd-gc/src/tools/compat  -DHAVE_NBTOOL_CONFIG_H=1 -D_FILE_OFFSET_BITS=64  conftest.c  >&5
configure:2050: $? = 0
configure:2075: result: 
configure:2081: checking for suffix of object files
configure:2102: cc -c -O  -I/home/ky0ko/code/netbsd-gc/src/obj/tooldir.Linux-5.4.7-arch1-1-x86_64/include/compat -I/home/ky0ko/code/netbsd-gc/src/tools/compat  -DHAVE_NBTOOL_CONFIG_H=1 -D_FILE_OFFSET_BITS=64 conftest.c >&5
configure:2105: $? = 0
configure:2127: result: o
configure:2131: checking whether we are using the GNU C compiler
configure:2155: cc -c -O  -I/home/ky0ko/code/netbsd-gc/src/obj/tooldir.Linux-5.4.7-arch1-1-x86_64/include/compat -I/home/ky0ko/code/netbsd-gc/src/tools/compat  -DHAVE_NBTOOL_CONFIG_H=1 -D_FILE_OFFSET_BITS=64 conftest.c >&5
configure:2161: $? = 0
configure:2165: test -z 
			 || test ! -s conftest.err
configure:2168: $? = 0
configure:2171: test -s conftest.o
configure:2174: $? = 0
configure:2187: result: yes
configure:2192: checking whether cc accepts -g
configure:2217: cc -c -g  -I/home/ky0ko/code/netbsd-gc/src/obj/tooldir.Linux-5.4.7-arch1-1-x86_64/include/compat -I/home/ky0ko/code/netbsd-gc/src/tools/compat  -DHAVE_NBTOOL_CONFIG_H=1 -D_FILE_OFFSET_BITS=64 conftest.c >&5
configure:2223: $? = 0
configure:2227: test -z yes
			 || test ! -s conftest.err
configure:2230: $? = 0
configure:2233: test -s conftest.o
configure:2236: $? = 0
configure:2338: result: yes
configure:2355: checking for cc option to accept ANSI C
configure:2425: cc  -c -O  -I/home/ky0ko/code/netbsd-gc/src/obj/tooldir.Linux-5.4.7-arch1-1-x86_64/include/compat -I/home/ky0ko/code/netbsd-gc/src/tools/compat  -DHAVE_NBTOOL_CONFIG_H=1 -D_FILE_OFFSET_BITS=64 conftest.c >&5
configure:2431: $? = 0
configure:2435: test -z 
			 || test ! -s conftest.err
configure:2438: $? = 0
configure:2441: test -s conftest.o
configure:2444: $? = 0
configure:2462: result: none needed
configure:2480: cc -c -O  -I/home/ky0ko/code/netbsd-gc/src/obj/tooldir.Linux-5.4.7-arch1-1-x86_64/include/compat -I/home/ky0ko/code/netbsd-gc/src/tools/compat  -DHAVE_NBTOOL_CONFIG_H=1 -D_FILE_OFFSET_BITS=64 conftest.c >&5
conftest.c:2:3: error: unknown type name 'choke'
    2 |   choke me
      |   ^~~~~
conftest.c:2:3: error: expected '=', ',', ';', 'asm' or '__attribute__' at end of input
configure:2486: $? = 1
configure: failed program was:
| #ifndef __cplusplus
|   choke me
| #endif
configure:2724: checking for C++ compiler version
configure:2727: c++ --version </dev/null >&5
c++ (GCC) 9.2.0
Copyright (C) 2019 Free Software Foundation, Inc.
This is free software; see the source for copying conditions.  There is NO
warranty; not even for MERCHANTABILITY or FITNESS FOR A PARTICULAR PURPOSE.

configure:2730: $? = 0
configure:2732: c++ -v </dev/null >&5
Using built-in specs.
COLLECT_GCC=c++
COLLECT_LTO_WRAPPER=/usr/lib/gcc/x86_64-pc-linux-gnu/9.2.0/lto-wrapper
Target: x86_64-pc-linux-gnu
Configured with: /build/gcc/src/gcc/configure --prefix=/usr --libdir=/usr/lib --libexecdir=/usr/lib --mandir=/usr/share/man --infodir=/usr/share/info --with-bugurl=https://bugs.archlinux.org/ --enable-languages=c,c++,ada,fortran,go,lto,objc,obj-c++,d --enable-shared --enable-threads=posix --with-system-zlib --with-isl --enable-__cxa_atexit --disable-libunwind-exceptions --enable-clocale=gnu --disable-libstdcxx-pch --disable-libssp --enable-gnu-unique-object --enable-linker-build-id --enable-lto --enable-plugin --enable-install-libiberty --with-linker-hash-style=gnu --enable-gnu-indirect-function --enable-multilib --disable-werror --enable-checking=release --enable-default-pie --enable-default-ssp --enable-cet=auto gdc_include_dir=/usr/include/dlang/gdc
Thread model: posix
gcc version 9.2.0 (GCC) 
configure:2735: $? = 0
configure:2737: c++ -V </dev/null >&5
c++: error: unrecognized command line option '-V'
c++: fatal error: no input files
compilation terminated.
configure:2740: $? = 1
configure:2743: checking whether we are using the GNU C++ compiler
configure:2767: c++ -c -O  -I/home/ky0ko/code/netbsd-gc/src/obj/tooldir.Linux-5.4.7-arch1-1-x86_64/include/compat -I/home/ky0ko/code/netbsd-gc/src/tools/compat  -DHAVE_NBTOOL_CONFIG_H=1 -D_FILE_OFFSET_BITS=64 conftest.cc >&5
configure:2773: $? = 0
configure:2777: test -z 
			 || test ! -s conftest.err
configure:2780: $? = 0
configure:2783: test -s conftest.o
configure:2786: $? = 0
configure:2799: result: yes
configure:2804: checking whether c++ accepts -g
configure:2829: c++ -c -g  -I/home/ky0ko/code/netbsd-gc/src/obj/tooldir.Linux-5.4.7-arch1-1-x86_64/include/compat -I/home/ky0ko/code/netbsd-gc/src/tools/compat  -DHAVE_NBTOOL_CONFIG_H=1 -D_FILE_OFFSET_BITS=64 conftest.cc >&5
configure:2835: $? = 0
configure:2839: test -z yes
			 || test ! -s conftest.err
configure:2842: $? = 0
configure:2845: test -s conftest.o
configure:2848: $? = 0
configure:2950: result: yes
configure:2992: c++ -c -O  -I/home/ky0ko/code/netbsd-gc/src/obj/tooldir.Linux-5.4.7-arch1-1-x86_64/include/compat -I/home/ky0ko/code/netbsd-gc/src/tools/compat  -DHAVE_NBTOOL_CONFIG_H=1 -D_FILE_OFFSET_BITS=64 conftest.cc >&5
configure:2998: $? = 0
configure:3002: test -z 
			 || test ! -s conftest.err
configure:3005: $? = 0
configure:3008: test -s conftest.o
configure:3011: $? = 0
configure:3037: c++ -c -O  -I/home/ky0ko/code/netbsd-gc/src/obj/tooldir.Linux-5.4.7-arch1-1-x86_64/include/compat -I/home/ky0ko/code/netbsd-gc/src/tools/compat  -DHAVE_NBTOOL_CONFIG_H=1 -D_FILE_OFFSET_BITS=64 conftest.cc >&5
conftest.cc: In function 'int main()':
conftest.cc:13:1: error: 'exit' was not declared in this scope
   13 | exit (42);
      | ^~~~
configure:3043: $? = 1
configure: failed program was:
| /* confdefs.h.  */
|              
| #define PACKAGE_NAME ""
| #define PACKAGE_TARNAME ""
| #define PACKAGE_VERSION ""
| #define PACKAGE_STRING ""
| #define PACKAGE_BUGREPORT ""
| /* end confdefs.h.  */
| 
| int
| main ()
| {
| exit (42);
|   ;
|   return 0;
| }
configure:2992: c++ -c -O  -I/home/ky0ko/code/netbsd-gc/src/obj/tooldir.Linux-5.4.7-arch1-1-x86_64/include/compat -I/home/ky0ko/code/netbsd-gc/src/tools/compat  -DHAVE_NBTOOL_CONFIG_H=1 -D_FILE_OFFSET_BITS=64 conftest.cc >&5
configure:2998: $? = 0
configure:3002: test -z 
			 || test ! -s conftest.err
configure:3005: $? = 0
configure:3008: test -s conftest.o
configure:3011: $? = 0
configure:3037: c++ -c -O  -I/home/ky0ko/code/netbsd-gc/src/obj/tooldir.Linux-5.4.7-arch1-1-x86_64/include/compat -I/home/ky0ko/code/netbsd-gc/src/tools/compat  -DHAVE_NBTOOL_CONFIG_H=1 -D_FILE_OFFSET_BITS=64 conftest.cc >&5
configure:3043: $? = 0
configure:3047: test -z 
			 || test ! -s conftest.err
configure:3050: $? = 0
configure:3053: test -s conftest.o
configure:3056: $? = 0
configure:3088: checking that C++ compiler can compile simple program
configure:3111: c++ -o conftest -O  -I/home/ky0ko/code/netbsd-gc/src/obj/tooldir.Linux-5.4.7-arch1-1-x86_64/include/compat -I/home/ky0ko/code/netbsd-gc/src/tools/compat  -DHAVE_NBTOOL_CONFIG_H=1 -D_FILE_OFFSET_BITS=64  conftest.cc  >&5
configure:3114: $? = 0
configure:3116: ./conftest
configure:3119: $? = 0
configure:3121: result: yes
configure:3139: checking that C++ static constructors and destructors are called
configure:3176: c++ -o conftest -O  -I/home/ky0ko/code/netbsd-gc/src/obj/tooldir.Linux-5.4.7-arch1-1-x86_64/include/compat -I/home/ky0ko/code/netbsd-gc/src/tools/compat  -DHAVE_NBTOOL_CONFIG_H=1 -D_FILE_OFFSET_BITS=64  conftest.cc  >&5
configure:3179: $? = 0
configure:3181: ./conftest
configure:3184: $? = 0
configure:3186: result: yes
configure:3203: checking that header files support C++
configure:3231: c++ -o conftest -O  -I/home/ky0ko/code/netbsd-gc/src/obj/tooldir.Linux-5.4.7-arch1-1-x86_64/include/compat -I/home/ky0ko/code/netbsd-gc/src/tools/compat  -DHAVE_NBTOOL_CONFIG_H=1 -D_FILE_OFFSET_BITS=64  conftest.cc  >&5
configure:3237: $? = 0
configure:3241: test -z 
			 || test ! -s conftest.err
configure:3244: $? = 0
configure:3247: test -s conftest
configure:3250: $? = 0
configure:3252: result: yes
configure:3277: checking whether character set is EBCDIC
configure:3306: cc -c -O  -I/home/ky0ko/code/netbsd-gc/src/obj/tooldir.Linux-5.4.7-arch1-1-x86_64/include/compat -I/home/ky0ko/code/netbsd-gc/src/tools/compat  -DHAVE_NBTOOL_CONFIG_H=1 -D_FILE_OFFSET_BITS=64 conftest.c >&5
conftest.c:19:1: error: unknown type name 'make'
   19 | make an error "Character set is not EBCDIC"
      | ^~~~
conftest.c:19:9: error: expected '=', ',', ';', 'asm' or '__attribute__' before 'error'
   19 | make an error "Character set is not EBCDIC"
      |         ^~~~~
configure:3312: $? = 1
configure: failed program was:
| 
|        /* confdefs.h.  */
|              
| #define PACKAGE_NAME ""
| #define PACKAGE_TARNAME ""
| #define PACKAGE_VERSION ""
| #define PACKAGE_STRING ""
| #define PACKAGE_BUGREPORT ""
| #ifdef __cplusplus
| extern "C" void std::exit (int) throw (); using std::exit;
| #endif
| /* end confdefs.h.  */
| 
| 
| /* Treat any failure as ASCII for compatibility with existing art.
|    Use compile-time rather than run-time tests for cross-compiler
|    tolerance. */
| #if '0' != 240
| make an error "Character set is not EBCDIC"
| #endif
| 
| 
| int
| main ()
| {
| 
|   ;
|   return 0;
| }
| 
configure:3343: result: no
configure:3367: checking how to run the C preprocessor
configure:3402: cc -E  -I/home/ky0ko/code/netbsd-gc/src/obj/tooldir.Linux-5.4.7-arch1-1-x86_64/include/compat -I/home/ky0ko/code/netbsd-gc/src/tools/compat  -DHAVE_NBTOOL_CONFIG_H=1 -D_FILE_OFFSET_BITS=64 conftest.c
configure:3408: $? = 0
configure:3440: cc -E  -I/home/ky0ko/code/netbsd-gc/src/obj/tooldir.Linux-5.4.7-arch1-1-x86_64/include/compat -I/home/ky0ko/code/netbsd-gc/src/tools/compat  -DHAVE_NBTOOL_CONFIG_H=1 -D_FILE_OFFSET_BITS=64 conftest.c
conftest.c:12:10: fatal error: ac_nonexistent.h: No such file or directory
   12 | #include <ac_nonexistent.h>
      |          ^~~~~~~~~~~~~~~~~~
compilation terminated.
configure:3446: $? = 1
configure: failed program was:
| /* confdefs.h.  */
|              
| #define PACKAGE_NAME ""
| #define PACKAGE_TARNAME ""
| #define PACKAGE_VERSION ""
| #define PACKAGE_STRING ""
| #define PACKAGE_BUGREPORT ""
| #ifdef __cplusplus
| extern "C" void std::exit (int) throw (); using std::exit;
| #endif
| /* end confdefs.h.  */
| #include <ac_nonexistent.h>
configure:3485: result: cc -E
configure:3509: cc -E  -I/home/ky0ko/code/netbsd-gc/src/obj/tooldir.Linux-5.4.7-arch1-1-x86_64/include/compat -I/home/ky0ko/code/netbsd-gc/src/tools/compat  -DHAVE_NBTOOL_CONFIG_H=1 -D_FILE_OFFSET_BITS=64 conftest.c
configure:3515: $? = 0
configure:3547: cc -E  -I/home/ky0ko/code/netbsd-gc/src/obj/tooldir.Linux-5.4.7-arch1-1-x86_64/include/compat -I/home/ky0ko/code/netbsd-gc/src/tools/compat  -DHAVE_NBTOOL_CONFIG_H=1 -D_FILE_OFFSET_BITS=64 conftest.c
conftest.c:12:10: fatal error: ac_nonexistent.h: No such file or directory
   12 | #include <ac_nonexistent.h>
      |          ^~~~~~~~~~~~~~~~~~
compilation terminated.
configure:3553: $? = 1
configure: failed program was:
| /* confdefs.h.  */
|              
| #define PACKAGE_NAME ""
| #define PACKAGE_TARNAME ""
| #define PACKAGE_VERSION ""
| #define PACKAGE_STRING ""
| #define PACKAGE_BUGREPORT ""
| #ifdef __cplusplus
| extern "C" void std::exit (int) throw (); using std::exit;
| #endif
| /* end confdefs.h.  */
| #include <ac_nonexistent.h>
configure:3597: checking for X
configure:3817: result: disabled
configure:5121: gxditview and xtotroff won't be built
configure:5232: checking for lpr
configure:5261: result: no
configure:5272: checking for lp
configure:5301: result: no
configure:5361: checking for command to use for printing PostScript files
configure:5363: result: 
configure:5367: checking for command to use for printing dvi files
configure:5377: result: 
configure:5381: checking for perl
configure:5399: found /usr/sbin/perl
configure:5412: result: /usr/sbin/perl
configure:5423: checking for byacc
configure:5449: result: /home/ky0ko/code/netbsd-gc/src/obj/tooldir.Linux-5.4.7-arch1-1-x86_64/bin/nbyacc
configure:5501: checking for ranlib
configure:5527: result: ranlib
configure:5583: checking for install-info
configure:5599: found /usr/sbin/install-info
configure:5609: result: install-info
configure:5633: checking for a BSD-compatible install
configure:5688: result: /home/ky0ko/code/netbsd-gc/src/obj/tooldir.Linux-5.4.7-arch1-1-x86_64/bin/powerpc--netbsd-install -c -p -r
configure:5699: checking whether ln -s works
configure:5703: result: yes
configure:5713: checking for csh hash hack
configure:5729: result: no
configure:5737: checking for grep that handles long lines and -e
configure:5831: result: /usr/sbin/grep
configure:5836: checking for egrep
configure:5934: result: /usr/sbin/grep -E
configure:5939: checking for ANSI C header files
configure:5964: cc -c -O  -I/home/ky0ko/code/netbsd-gc/src/obj/tooldir.Linux-5.4.7-arch1-1-x86_64/include/compat -I/home/ky0ko/code/netbsd-gc/src/tools/compat  -DHAVE_NBTOOL_CONFIG_H=1 -D_FILE_OFFSET_BITS=64 conftest.c >&5
configure:5970: $? = 0
configure:5974: test -z 
			 || test ! -s conftest.err
configure:5977: $? = 0
configure:5980: test -s conftest.o
configure:5983: $? = 0
configure:6073: cc -o conftest -O  -I/home/ky0ko/code/netbsd-gc/src/obj/tooldir.Linux-5.4.7-arch1-1-x86_64/include/compat -I/home/ky0ko/code/netbsd-gc/src/tools/compat  -DHAVE_NBTOOL_CONFIG_H=1 -D_FILE_OFFSET_BITS=64  conftest.c  >&5
configure:6076: $? = 0
configure:6078: ./conftest
configure:6081: $? = 0
configure:6096: result: yes
configure:6120: checking for sys/types.h
configure:6136: cc -c -O  -I/home/ky0ko/code/netbsd-gc/src/obj/tooldir.Linux-5.4.7-arch1-1-x86_64/include/compat -I/home/ky0ko/code/netbsd-gc/src/tools/compat  -DHAVE_NBTOOL_CONFIG_H=1 -D_FILE_OFFSET_BITS=64 conftest.c >&5
configure:6142: $? = 0
configure:6146: test -z 
			 || test ! -s conftest.err
configure:6149: $? = 0
configure:6152: test -s conftest.o
configure:6155: $? = 0
configure:6166: result: yes
configure:6120: checking for sys/stat.h
configure:6136: cc -c -O  -I/home/ky0ko/code/netbsd-gc/src/obj/tooldir.Linux-5.4.7-arch1-1-x86_64/include/compat -I/home/ky0ko/code/netbsd-gc/src/tools/compat  -DHAVE_NBTOOL_CONFIG_H=1 -D_FILE_OFFSET_BITS=64 conftest.c >&5
configure:6142: $? = 0
configure:6146: test -z 
			 || test ! -s conftest.err
configure:6149: $? = 0
configure:6152: test -s conftest.o
configure:6155: $? = 0
configure:6166: result: yes
configure:6120: checking for stdlib.h
configure:6136: cc -c -O  -I/home/ky0ko/code/netbsd-gc/src/obj/tooldir.Linux-5.4.7-arch1-1-x86_64/include/compat -I/home/ky0ko/code/netbsd-gc/src/tools/compat  -DHAVE_NBTOOL_CONFIG_H=1 -D_FILE_OFFSET_BITS=64 conftest.c >&5
configure:6142: $? = 0
configure:6146: test -z 
			 || test ! -s conftest.err
configure:6149: $? = 0
configure:6152: test -s conftest.o
configure:6155: $? = 0
configure:6166: result: yes
configure:6120: checking for string.h
configure:6136: cc -c -O  -I/home/ky0ko/code/netbsd-gc/src/obj/tooldir.Linux-5.4.7-arch1-1-x86_64/include/compat -I/home/ky0ko/code/netbsd-gc/src/tools/compat  -DHAVE_NBTOOL_CONFIG_H=1 -D_FILE_OFFSET_BITS=64 conftest.c >&5
configure:6142: $? = 0
configure:6146: test -z 
			 || test ! -s conftest.err
configure:6149: $? = 0
configure:6152: test -s conftest.o
configure:6155: $? = 0
configure:6166: result: yes
configure:6120: checking for memory.h
configure:6136: cc -c -O  -I/home/ky0ko/code/netbsd-gc/src/obj/tooldir.Linux-5.4.7-arch1-1-x86_64/include/compat -I/home/ky0ko/code/netbsd-gc/src/tools/compat  -DHAVE_NBTOOL_CONFIG_H=1 -D_FILE_OFFSET_BITS=64 conftest.c >&5
configure:6142: $? = 0
configure:6146: test -z 
			 || test ! -s conftest.err
configure:6149: $? = 0
configure:6152: test -s conftest.o
configure:6155: $? = 0
configure:6166: result: yes
configure:6120: checking for strings.h
configure:6136: cc -c -O  -I/home/ky0ko/code/netbsd-gc/src/obj/tooldir.Linux-5.4.7-arch1-1-x86_64/include/compat -I/home/ky0ko/code/netbsd-gc/src/tools/compat  -DHAVE_NBTOOL_CONFIG_H=1 -D_FILE_OFFSET_BITS=64 conftest.c >&5
configure:6142: $? = 0
configure:6146: test -z 
			 || test ! -s conftest.err
configure:6149: $? = 0
configure:6152: test -s conftest.o
configure:6155: $? = 0
configure:6166: result: yes
configure:6120: checking for inttypes.h
configure:6136: cc -c -O  -I/home/ky0ko/code/netbsd-gc/src/obj/tooldir.Linux-5.4.7-arch1-1-x86_64/include/compat -I/home/ky0ko/code/netbsd-gc/src/tools/compat  -DHAVE_NBTOOL_CONFIG_H=1 -D_FILE_OFFSET_BITS=64 conftest.c >&5
configure:6142: $? = 0
configure:6146: test -z 
			 || test ! -s conftest.err
configure:6149: $? = 0
configure:6152: test -s conftest.o
configure:6155: $? = 0
configure:6166: result: yes
configure:6120: checking for stdint.h
configure:6136: cc -c -O  -I/home/ky0ko/code/netbsd-gc/src/obj/tooldir.Linux-5.4.7-arch1-1-x86_64/include/compat -I/home/ky0ko/code/netbsd-gc/src/tools/compat  -DHAVE_NBTOOL_CONFIG_H=1 -D_FILE_OFFSET_BITS=64 conftest.c >&5
configure:6142: $? = 0
configure:6146: test -z 
			 || test ! -s conftest.err
configure:6149: $? = 0
configure:6152: test -s conftest.o
configure:6155: $? = 0
configure:6166: result: yes
configure:6120: checking for unistd.h
configure:6136: cc -c -O  -I/home/ky0ko/code/netbsd-gc/src/obj/tooldir.Linux-5.4.7-arch1-1-x86_64/include/compat -I/home/ky0ko/code/netbsd-gc/src/tools/compat  -DHAVE_NBTOOL_CONFIG_H=1 -D_FILE_OFFSET_BITS=64 conftest.c >&5
configure:6142: $? = 0
configure:6146: test -z 
			 || test ! -s conftest.err
configure:6149: $? = 0
configure:6152: test -s conftest.o
configure:6155: $? = 0
configure:6166: result: yes
configure:6194: checking for stdlib.h
configure:6199: result: yes
configure:6194: checking for unistd.h
configure:6199: result: yes
configure:6203: checking dirent.h usability
configure:6215: cc -c -O  -I/home/ky0ko/code/netbsd-gc/src/obj/tooldir.Linux-5.4.7-arch1-1-x86_64/include/compat -I/home/ky0ko/code/netbsd-gc/src/tools/compat  -DHAVE_NBTOOL_CONFIG_H=1 -D_FILE_OFFSET_BITS=64 conftest.c >&5
configure:6221: $? = 0
configure:6225: test -z 
			 || test ! -s conftest.err
configure:6228: $? = 0
configure:6231: test -s conftest.o
configure:6234: $? = 0
configure:6244: result: yes
configure:6248: checking dirent.h presence
configure:6258: cc -E  -I/home/ky0ko/code/netbsd-gc/src/obj/tooldir.Linux-5.4.7-arch1-1-x86_64/include/compat -I/home/ky0ko/code/netbsd-gc/src/tools/compat  -DHAVE_NBTOOL_CONFIG_H=1 -D_FILE_OFFSET_BITS=64 conftest.c
configure:6264: $? = 0
configure:6284: result: yes
configure:6319: checking for dirent.h
configure:6326: result: yes
configure:6203: checking limits.h usability
configure:6215: cc -c -O  -I/home/ky0ko/code/netbsd-gc/src/obj/tooldir.Linux-5.4.7-arch1-1-x86_64/include/compat -I/home/ky0ko/code/netbsd-gc/src/tools/compat  -DHAVE_NBTOOL_CONFIG_H=1 -D_FILE_OFFSET_BITS=64 conftest.c >&5
configure:6221: $? = 0
configure:6225: test -z 
			 || test ! -s conftest.err
configure:6228: $? = 0
configure:6231: test -s conftest.o
configure:6234: $? = 0
configure:6244: result: yes
configure:6248: checking limits.h presence
configure:6258: cc -E  -I/home/ky0ko/code/netbsd-gc/src/obj/tooldir.Linux-5.4.7-arch1-1-x86_64/include/compat -I/home/ky0ko/code/netbsd-gc/src/tools/compat  -DHAVE_NBTOOL_CONFIG_H=1 -D_FILE_OFFSET_BITS=64 conftest.c
configure:6264: $? = 0
configure:6284: result: yes
configure:6319: checking for limits.h
configure:6326: result: yes
configure:6203: checking sys/dir.h usability
configure:6215: cc -c -O  -I/home/ky0ko/code/netbsd-gc/src/obj/tooldir.Linux-5.4.7-arch1-1-x86_64/include/compat -I/home/ky0ko/code/netbsd-gc/src/tools/compat  -DHAVE_NBTOOL_CONFIG_H=1 -D_FILE_OFFSET_BITS=64 conftest.c >&5
configure:6221: $? = 0
configure:6225: test -z 
			 || test ! -s conftest.err
configure:6228: $? = 0
configure:6231: test -s conftest.o
configure:6234: $? = 0
configure:6244: result: yes
configure:6248: checking sys/dir.h presence
configure:6258: cc -E  -I/home/ky0ko/code/netbsd-gc/src/obj/tooldir.Linux-5.4.7-arch1-1-x86_64/include/compat -I/home/ky0ko/code/netbsd-gc/src/tools/compat  -DHAVE_NBTOOL_CONFIG_H=1 -D_FILE_OFFSET_BITS=64 conftest.c
configure:6264: $? = 0
configure:6284: result: yes
configure:6319: checking for sys/dir.h
configure:6326: result: yes
configure:6194: checking for string.h
configure:6199: result: yes
configure:6194: checking for strings.h
configure:6199: result: yes
configure:6203: checking math.h usability
configure:6215: cc -c -O  -I/home/ky0ko/code/netbsd-gc/src/obj/tooldir.Linux-5.4.7-arch1-1-x86_64/include/compat -I/home/ky0ko/code/netbsd-gc/src/tools/compat  -DHAVE_NBTOOL_CONFIG_H=1 -D_FILE_OFFSET_BITS=64 conftest.c >&5
configure:6221: $? = 0
configure:6225: test -z 
			 || test ! -s conftest.err
configure:6228: $? = 0
configure:6231: test -s conftest.o
configure:6234: $? = 0
configure:6244: result: yes
configure:6248: checking math.h presence
configure:6258: cc -E  -I/home/ky0ko/code/netbsd-gc/src/obj/tooldir.Linux-5.4.7-arch1-1-x86_64/include/compat -I/home/ky0ko/code/netbsd-gc/src/tools/compat  -DHAVE_NBTOOL_CONFIG_H=1 -D_FILE_OFFSET_BITS=64 conftest.c
configure:6264: $? = 0
configure:6284: result: yes
configure:6319: checking for math.h
configure:6326: result: yes
configure:6203: checking sys/time.h usability
configure:6215: cc -c -O  -I/home/ky0ko/code/netbsd-gc/src/obj/tooldir.Linux-5.4.7-arch1-1-x86_64/include/compat -I/home/ky0ko/code/netbsd-gc/src/tools/compat  -DHAVE_NBTOOL_CONFIG_H=1 -D_FILE_OFFSET_BITS=64 conftest.c >&5
configure:6221: $? = 0
configure:6225: test -z 
			 || test ! -s conftest.err
configure:6228: $? = 0
configure:6231: test -s conftest.o
configure:6234: $? = 0
configure:6244: result: yes
configure:6248: checking sys/time.h presence
configure:6258: cc -E  -I/home/ky0ko/code/netbsd-gc/src/obj/tooldir.Linux-5.4.7-arch1-1-x86_64/include/compat -I/home/ky0ko/code/netbsd-gc/src/tools/compat  -DHAVE_NBTOOL_CONFIG_H=1 -D_FILE_OFFSET_BITS=64 conftest.c
configure:6264: $? = 0
configure:6284: result: yes
configure:6319: checking for sys/time.h
configure:6326: result: yes
configure:6203: checking direct.h usability
configure:6215: cc -c -O  -I/home/ky0ko/code/netbsd-gc/src/obj/tooldir.Linux-5.4.7-arch1-1-x86_64/include/compat -I/home/ky0ko/code/netbsd-gc/src/tools/compat  -DHAVE_NBTOOL_CONFIG_H=1 -D_FILE_OFFSET_BITS=64 conftest.c >&5
conftest.c:65:10: fatal error: direct.h: No such file or directory
   65 | #include <direct.h>
      |          ^~~~~~~~~~
compilation terminated.
configure:6221: $? = 1
configure: failed program was:
| /* confdefs.h.  */
|              
| #define PACKAGE_NAME ""
| #define PACKAGE_TARNAME ""
| #define PACKAGE_VERSION ""
| #define PACKAGE_STRING ""
| #define PACKAGE_BUGREPORT ""
| #ifdef __cplusplus
| extern "C" void std::exit (int) throw (); using std::exit;
| #endif
| #define X_DISPLAY_MISSING 1
| #define STDC_HEADERS 1
| #define HAVE_SYS_TYPES_H 1
| #define HAVE_SYS_STAT_H 1
| #define HAVE_STDLIB_H 1
| #define HAVE_STRING_H 1
| #define HAVE_MEMORY_H 1
| #define HAVE_STRINGS_H 1
| #define HAVE_INTTYPES_H 1
| #define HAVE_STDINT_H 1
| #define HAVE_UNISTD_H 1
| #define HAVE_STDLIB_H 1
| #define HAVE_UNISTD_H 1
| #define HAVE_DIRENT_H 1
| #define HAVE_LIMITS_H 1
| #define HAVE_SYS_DIR_H 1
| #define HAVE_STRING_H 1
| #define HAVE_STRINGS_H 1
| #define HAVE_MATH_H 1
| #define HAVE_SYS_TIME_H 1
| /* end confdefs.h.  */
| #include <stdio.h>
| #if HAVE_SYS_TYPES_H
| # include <sys/types.h>
| #endif
| #if HAVE_SYS_STAT_H
| # include <sys/stat.h>
| #endif
| #if STDC_HEADERS
| # include <stdlib.h>
| # include <stddef.h>
| #else
| # if HAVE_STDLIB_H
| #  include <stdlib.h>
| # endif
| #endif
| #if HAVE_STRING_H
| # if !STDC_HEADERS && HAVE_MEMORY_H
| #  include <memory.h>
| # endif
| # include <string.h>
| #endif
| #if HAVE_STRINGS_H
| # include <strings.h>
| #endif
| #if HAVE_INTTYPES_H
| # include <inttypes.h>
| #endif
| #if HAVE_STDINT_H
| # include <stdint.h>
| #endif
| #if HAVE_UNISTD_H
| # include <unistd.h>
| #endif
| #include <direct.h>
configure:6244: result: no
configure:6248: checking direct.h presence
configure:6258: cc -E  -I/home/ky0ko/code/netbsd-gc/src/obj/tooldir.Linux-5.4.7-arch1-1-x86_64/include/compat -I/home/ky0ko/code/netbsd-gc/src/tools/compat  -DHAVE_NBTOOL_CONFIG_H=1 -D_FILE_OFFSET_BITS=64 conftest.c
conftest.c:32:10: fatal error: direct.h: No such file or directory
   32 | #include <direct.h>
      |          ^~~~~~~~~~
compilation terminated.
configure:6264: $? = 1
configure: failed program was:
| /* confdefs.h.  */
|              
| #define PACKAGE_NAME ""
| #define PACKAGE_TARNAME ""
| #define PACKAGE_VERSION ""
| #define PACKAGE_STRING ""
| #define PACKAGE_BUGREPORT ""
| #ifdef __cplusplus
| extern "C" void std::exit (int) throw (); using std::exit;
| #endif
| #define X_DISPLAY_MISSING 1
| #define STDC_HEADERS 1
| #define HAVE_SYS_TYPES_H 1
| #define HAVE_SYS_STAT_H 1
| #define HAVE_STDLIB_H 1
| #define HAVE_STRING_H 1
| #define HAVE_MEMORY_H 1
| #define HAVE_STRINGS_H 1
| #define HAVE_INTTYPES_H 1
| #define HAVE_STDINT_H 1
| #define HAVE_UNISTD_H 1
| #define HAVE_STDLIB_H 1
| #define HAVE_UNISTD_H 1
| #define HAVE_DIRENT_H 1
| #define HAVE_LIMITS_H 1
| #define HAVE_SYS_DIR_H 1
| #define HAVE_STRING_H 1
| #define HAVE_STRINGS_H 1
| #define HAVE_MATH_H 1
| #define HAVE_SYS_TIME_H 1
| /* end confdefs.h.  */
| #include <direct.h>
configure:6284: result: no
configure:6319: checking for direct.h
configure:6326: result: no
configure:6203: checking process.h usability
configure:6215: cc -c -O  -I/home/ky0ko/code/netbsd-gc/src/obj/tooldir.Linux-5.4.7-arch1-1-x86_64/include/compat -I/home/ky0ko/code/netbsd-gc/src/tools/compat  -DHAVE_NBTOOL_CONFIG_H=1 -D_FILE_OFFSET_BITS=64 conftest.c >&5
conftest.c:65:10: fatal error: process.h: No such file or directory
   65 | #include <process.h>
      |          ^~~~~~~~~~~
compilation terminated.
configure:6221: $? = 1
configure: failed program was:
| /* confdefs.h.  */
|              
| #define PACKAGE_NAME ""
| #define PACKAGE_TARNAME ""
| #define PACKAGE_VERSION ""
| #define PACKAGE_STRING ""
| #define PACKAGE_BUGREPORT ""
| #ifdef __cplusplus
| extern "C" void std::exit (int) throw (); using std::exit;
| #endif
| #define X_DISPLAY_MISSING 1
| #define STDC_HEADERS 1
| #define HAVE_SYS_TYPES_H 1
| #define HAVE_SYS_STAT_H 1
| #define HAVE_STDLIB_H 1
| #define HAVE_STRING_H 1
| #define HAVE_MEMORY_H 1
| #define HAVE_STRINGS_H 1
| #define HAVE_INTTYPES_H 1
| #define HAVE_STDINT_H 1
| #define HAVE_UNISTD_H 1
| #define HAVE_STDLIB_H 1
| #define HAVE_UNISTD_H 1
| #define HAVE_DIRENT_H 1
| #define HAVE_LIMITS_H 1
| #define HAVE_SYS_DIR_H 1
| #define HAVE_STRING_H 1
| #define HAVE_STRINGS_H 1
| #define HAVE_MATH_H 1
| #define HAVE_SYS_TIME_H 1
| /* end confdefs.h.  */
| #include <stdio.h>
| #if HAVE_SYS_TYPES_H
| # include <sys/types.h>
| #endif
| #if HAVE_SYS_STAT_H
| # include <sys/stat.h>
| #endif
| #if STDC_HEADERS
| # include <stdlib.h>
| # include <stddef.h>
| #else
| # if HAVE_STDLIB_H
| #  include <stdlib.h>
| # endif
| #endif
| #if HAVE_STRING_H
| # if !STDC_HEADERS && HAVE_MEMORY_H
| #  include <memory.h>
| # endif
| # include <string.h>
| #endif
| #if HAVE_STRINGS_H
| # include <strings.h>
| #endif
| #if HAVE_INTTYPES_H
| # include <inttypes.h>
| #endif
| #if HAVE_STDINT_H
| # include <stdint.h>
| #endif
| #if HAVE_UNISTD_H
| # include <unistd.h>
| #endif
| #include <process.h>
configure:6244: result: no
configure:6248: checking process.h presence
configure:6258: cc -E  -I/home/ky0ko/code/netbsd-gc/src/obj/tooldir.Linux-5.4.7-arch1-1-x86_64/include/compat -I/home/ky0ko/code/netbsd-gc/src/tools/compat  -DHAVE_NBTOOL_CONFIG_H=1 -D_FILE_OFFSET_BITS=64 conftest.c
conftest.c:32:10: fatal error: process.h: No such file or directory
   32 | #include <process.h>
      |          ^~~~~~~~~~~
compilation terminated.
configure:6264: $? = 1
configure: failed program was:
| /* confdefs.h.  */
|              
| #define PACKAGE_NAME ""
| #define PACKAGE_TARNAME ""
| #define PACKAGE_VERSION ""
| #define PACKAGE_STRING ""
| #define PACKAGE_BUGREPORT ""
| #ifdef __cplusplus
| extern "C" void std::exit (int) throw (); using std::exit;
| #endif
| #define X_DISPLAY_MISSING 1
| #define STDC_HEADERS 1
| #define HAVE_SYS_TYPES_H 1
| #define HAVE_SYS_STAT_H 1
| #define HAVE_STDLIB_H 1
| #define HAVE_STRING_H 1
| #define HAVE_MEMORY_H 1
| #define HAVE_STRINGS_H 1
| #define HAVE_INTTYPES_H 1
| #define HAVE_STDINT_H 1
| #define HAVE_UNISTD_H 1
| #define HAVE_STDLIB_H 1
| #define HAVE_UNISTD_H 1
| #define HAVE_DIRENT_H 1
| #define HAVE_LIMITS_H 1
| #define HAVE_SYS_DIR_H 1
| #define HAVE_STRING_H 1
| #define HAVE_STRINGS_H 1
| #define HAVE_MATH_H 1
| #define HAVE_SYS_TIME_H 1
| /* end confdefs.h.  */
| #include <process.h>
configure:6284: result: no
configure:6319: checking for process.h
configure:6326: result: no
configure:6339: checking for ISC 3.x or 4.x
configure:6351: result: no
configure:6354: checking whether -D_POSIX_SOURCE is necessary
configure:6385: c++ -c -O  -I/home/ky0ko/code/netbsd-gc/src/obj/tooldir.Linux-5.4.7-arch1-1-x86_64/include/compat -I/home/ky0ko/code/netbsd-gc/src/tools/compat  -DHAVE_NBTOOL_CONFIG_H=1 -D_FILE_OFFSET_BITS=64 conftest.cc >&5
conftest.cc:36:19: error: conflicting declaration of C function 'void fileno(int)'
   36 | extern "C" { void fileno(int); }
      |                   ^~~~~~
In file included from conftest.cc:35:
/usr/include/stdio.h:786:12: note: previous declaration 'int fileno(FILE*)'
  786 | extern int fileno (FILE *__stream) __THROW __wur;
      |            ^~~~~~
configure:6391: $? = 1
configure: failed program was:
| 
|        /* confdefs.h.  */
|              
| #define PACKAGE_NAME ""
| #define PACKAGE_TARNAME ""
| #define PACKAGE_VERSION ""
| #define PACKAGE_STRING ""
| #define PACKAGE_BUGREPORT ""
| #ifdef __cplusplus
| extern "C" void std::exit (int) throw (); using std::exit;
| #endif
| #define X_DISPLAY_MISSING 1
| #define STDC_HEADERS 1
| #define HAVE_SYS_TYPES_H 1
| #define HAVE_SYS_STAT_H 1
| #define HAVE_STDLIB_H 1
| #define HAVE_STRING_H 1
| #define HAVE_MEMORY_H 1
| #define HAVE_STRINGS_H 1
| #define HAVE_INTTYPES_H 1
| #define HAVE_STDINT_H 1
| #define HAVE_UNISTD_H 1
| #define HAVE_STDLIB_H 1
| #define HAVE_UNISTD_H 1
| #define HAVE_DIRENT_H 1
| #define HAVE_LIMITS_H 1
| #define HAVE_SYS_DIR_H 1
| #define HAVE_STRING_H 1
| #define HAVE_STRINGS_H 1
| #define HAVE_MATH_H 1
| #define HAVE_SYS_TIME_H 1
| /* end confdefs.h.  */
| 
| 
| #include <stdio.h>
| extern "C" { void fileno(int); }
| 
| 
| int
| main ()
| {
| 
|   ;
|   return 0;
| }
| 
configure:6417: result: no
configure:6435: checking for return type of srand
configure:6460: c++ -c -O  -I/home/ky0ko/code/netbsd-gc/src/obj/tooldir.Linux-5.4.7-arch1-1-x86_64/include/compat -I/home/ky0ko/code/netbsd-gc/src/tools/compat  -DHAVE_NBTOOL_CONFIG_H=1 -D_FILE_OFFSET_BITS=64 conftest.cc >&5
configure:6466: $? = 0
configure:6470: test -z 
			 || test ! -s conftest.err
configure:6473: $? = 0
configure:6476: test -s conftest.o
configure:6479: $? = 0
configure:6481: result: void
configure:6502: checking whether gettimeofday must be declared
configure:6559: c++ -c -O  -I/home/ky0ko/code/netbsd-gc/src/obj/tooldir.Linux-5.4.7-arch1-1-x86_64/include/compat -I/home/ky0ko/code/netbsd-gc/src/tools/compat  -DHAVE_NBTOOL_CONFIG_H=1 -D_FILE_OFFSET_BITS=64 conftest.cc >&5
configure:6565: $? = 0
configure:6569: test -z 
			 || test ! -s conftest.err
configure:6572: $? = 0
configure:6575: test -s conftest.o
configure:6578: $? = 0
configure:6590: result: no
configure:6605: checking whether hypot must be declared
configure:6662: c++ -c -O  -I/home/ky0ko/code/netbsd-gc/src/obj/tooldir.Linux-5.4.7-arch1-1-x86_64/include/compat -I/home/ky0ko/code/netbsd-gc/src/tools/compat  -DHAVE_NBTOOL_CONFIG_H=1 -D_FILE_OFFSET_BITS=64 conftest.cc >&5
conftest.cc: In function 'int main()':
conftest.cc:63:22: error: overloaded function with no contextual type information
   63 |   char *p = (char *) hypot;
      |                      ^~~~~
configure:6668: $? = 1
configure: failed program was:
| 
| 	  /* confdefs.h.  */
|              
| #define PACKAGE_NAME ""
| #define PACKAGE_TARNAME ""
| #define PACKAGE_VERSION ""
| #define PACKAGE_STRING ""
| #define PACKAGE_BUGREPORT ""
| #ifdef __cplusplus
| extern "C" void std::exit (int) throw (); using std::exit;
| #endif
| #define X_DISPLAY_MISSING 1
| #define STDC_HEADERS 1
| #define HAVE_SYS_TYPES_H 1
| #define HAVE_SYS_STAT_H 1
| #define HAVE_STDLIB_H 1
| #define HAVE_STRING_H 1
| #define HAVE_MEMORY_H 1
| #define HAVE_STRINGS_H 1
| #define HAVE_INTTYPES_H 1
| #define HAVE_STDINT_H 1
| #define HAVE_UNISTD_H 1
| #define HAVE_STDLIB_H 1
| #define HAVE_UNISTD_H 1
| #define HAVE_DIRENT_H 1
| #define HAVE_LIMITS_H 1
| #define HAVE_SYS_DIR_H 1
| #define HAVE_STRING_H 1
| #define HAVE_STRINGS_H 1
| #define HAVE_MATH_H 1
| #define HAVE_SYS_TIME_H 1
| #define RET_TYPE_SRAND_IS_VOID 1
| /* end confdefs.h.  */
| 
| 
| #include <stdio.h>
| #ifdef HAVE_STRING_H
| #include <string.h>
| #endif
| #ifdef HAVE_STRINGS_H
| #include <strings.h>
| #endif
| #ifdef HAVE_STDLIB_H
| #include <stdlib.h>
| #endif
| #ifdef HAVE_SYS_TIME_H
| #include <sys/time.h>
| #endif
| #ifdef HAVE_UNISTD_H
| #include <unistd.h>
| #endif
| #ifdef HAVE_MATH_H
| #include <math.h>
| #endif
| 
| 
| int
| main ()
| {
| 
| 
| #ifndef hypot
|   char *p = (char *) hypot;
| #endif
| 
| 
|   ;
|   return 0;
| }
| 
configure:6693: result: yes
configure:6708: checking whether popen must be declared
configure:6765: c++ -c -O  -I/home/ky0ko/code/netbsd-gc/src/obj/tooldir.Linux-5.4.7-arch1-1-x86_64/include/compat -I/home/ky0ko/code/netbsd-gc/src/tools/compat  -DHAVE_NBTOOL_CONFIG_H=1 -D_FILE_OFFSET_BITS=64 conftest.cc >&5
configure:6771: $? = 0
configure:6775: test -z 
			 || test ! -s conftest.err
configure:6778: $? = 0
configure:6781: test -s conftest.o
configure:6784: $? = 0
configure:6796: result: no
configure:6811: checking whether pclose must be declared
configure:6868: c++ -c -O  -I/home/ky0ko/code/netbsd-gc/src/obj/tooldir.Linux-5.4.7-arch1-1-x86_64/include/compat -I/home/ky0ko/code/netbsd-gc/src/tools/compat  -DHAVE_NBTOOL_CONFIG_H=1 -D_FILE_OFFSET_BITS=64 conftest.cc >&5
configure:6874: $? = 0
configure:6878: test -z 
			 || test ! -s conftest.err
configure:6881: $? = 0
configure:6884: test -s conftest.o
configure:6887: $? = 0
configure:6899: result: no
configure:6914: checking whether putenv must be declared
configure:6971: c++ -c -O  -I/home/ky0ko/code/netbsd-gc/src/obj/tooldir.Linux-5.4.7-arch1-1-x86_64/include/compat -I/home/ky0ko/code/netbsd-gc/src/tools/compat  -DHAVE_NBTOOL_CONFIG_H=1 -D_FILE_OFFSET_BITS=64 conftest.cc >&5
configure:6977: $? = 0
configure:6981: test -z 
			 || test ! -s conftest.err
configure:6984: $? = 0
configure:6987: test -s conftest.o
configure:6990: $? = 0
configure:7002: result: no
configure:7017: checking whether rand must be declared
configure:7074: c++ -c -O  -I/home/ky0ko/code/netbsd-gc/src/obj/tooldir.Linux-5.4.7-arch1-1-x86_64/include/compat -I/home/ky0ko/code/netbsd-gc/src/tools/compat  -DHAVE_NBTOOL_CONFIG_H=1 -D_FILE_OFFSET_BITS=64 conftest.cc >&5
configure:7080: $? = 0
configure:7084: test -z 
			 || test ! -s conftest.err
configure:7087: $? = 0
configure:7090: test -s conftest.o
configure:7093: $? = 0
configure:7105: result: no
configure:7120: checking whether snprintf must be declared
configure:7177: c++ -c -O  -I/home/ky0ko/code/netbsd-gc/src/obj/tooldir.Linux-5.4.7-arch1-1-x86_64/include/compat -I/home/ky0ko/code/netbsd-gc/src/tools/compat  -DHAVE_NBTOOL_CONFIG_H=1 -D_FILE_OFFSET_BITS=64 conftest.cc >&5
configure:7183: $? = 0
configure:7187: test -z 
			 || test ! -s conftest.err
configure:7190: $? = 0
configure:7193: test -s conftest.o
configure:7196: $? = 0
configure:7208: result: no
configure:7223: checking whether srand must be declared
configure:7280: c++ -c -O  -I/home/ky0ko/code/netbsd-gc/src/obj/tooldir.Linux-5.4.7-arch1-1-x86_64/include/compat -I/home/ky0ko/code/netbsd-gc/src/tools/compat  -DHAVE_NBTOOL_CONFIG_H=1 -D_FILE_OFFSET_BITS=64 conftest.cc >&5
configure:7286: $? = 0
configure:7290: test -z 
			 || test ! -s conftest.err
configure:7293: $? = 0
configure:7296: test -s conftest.o
configure:7299: $? = 0
configure:7311: result: no
configure:7326: checking whether strcasecmp must be declared
configure:7383: c++ -c -O  -I/home/ky0ko/code/netbsd-gc/src/obj/tooldir.Linux-5.4.7-arch1-1-x86_64/include/compat -I/home/ky0ko/code/netbsd-gc/src/tools/compat  -DHAVE_NBTOOL_CONFIG_H=1 -D_FILE_OFFSET_BITS=64 conftest.cc >&5
configure:7389: $? = 0
configure:7393: test -z 
			 || test ! -s conftest.err
configure:7396: $? = 0
configure:7399: test -s conftest.o
configure:7402: $? = 0
configure:7414: result: no
configure:7429: checking whether strncasecmp must be declared
configure:7486: c++ -c -O  -I/home/ky0ko/code/netbsd-gc/src/obj/tooldir.Linux-5.4.7-arch1-1-x86_64/include/compat -I/home/ky0ko/code/netbsd-gc/src/tools/compat  -DHAVE_NBTOOL_CONFIG_H=1 -D_FILE_OFFSET_BITS=64 conftest.cc >&5
configure:7492: $? = 0
configure:7496: test -z 
			 || test ! -s conftest.err
configure:7499: $? = 0
configure:7502: test -s conftest.o
configure:7505: $? = 0
configure:7517: result: no
configure:7532: checking whether vfprintf must be declared
configure:7589: c++ -c -O  -I/home/ky0ko/code/netbsd-gc/src/obj/tooldir.Linux-5.4.7-arch1-1-x86_64/include/compat -I/home/ky0ko/code/netbsd-gc/src/tools/compat  -DHAVE_NBTOOL_CONFIG_H=1 -D_FILE_OFFSET_BITS=64 conftest.cc >&5
configure:7595: $? = 0
configure:7599: test -z 
			 || test ! -s conftest.err
configure:7602: $? = 0
configure:7605: test -s conftest.o
configure:7608: $? = 0
configure:7620: result: no
configure:7635: checking whether vsnprintf must be declared
configure:7692: c++ -c -O  -I/home/ky0ko/code/netbsd-gc/src/obj/tooldir.Linux-5.4.7-arch1-1-x86_64/include/compat -I/home/ky0ko/code/netbsd-gc/src/tools/compat  -DHAVE_NBTOOL_CONFIG_H=1 -D_FILE_OFFSET_BITS=64 conftest.cc >&5
configure:7698: $? = 0
configure:7702: test -z 
			 || test ! -s conftest.err
configure:7705: $? = 0
configure:7708: test -s conftest.o
configure:7711: $? = 0
configure:7723: result: no
configure:7744: checking for sys_nerr in <errno.h>, <stdio.h>, or <stdlib.h>
configure:7775: c++ -c -O  -I/home/ky0ko/code/netbsd-gc/src/obj/tooldir.Linux-5.4.7-arch1-1-x86_64/include/compat -I/home/ky0ko/code/netbsd-gc/src/tools/compat  -DHAVE_NBTOOL_CONFIG_H=1 -D_FILE_OFFSET_BITS=64 conftest.cc >&5
configure:7781: $? = 0
configure:7785: test -z 
			 || test ! -s conftest.err
configure:7788: $? = 0
configure:7791: test -s conftest.o
configure:7794: $? = 0
configure:7796: result: yes
configure:7817: checking for sys_errlist in <errno.h>, <stdio.h>, or <stdlib.h>
configure:7848: cc -c -O  -I/home/ky0ko/code/netbsd-gc/src/obj/tooldir.Linux-5.4.7-arch1-1-x86_64/include/compat -I/home/ky0ko/code/netbsd-gc/src/tools/compat  -DHAVE_NBTOOL_CONFIG_H=1 -D_FILE_OFFSET_BITS=64 conftest.c >&5
conftest.c: In function 'main':
conftest.c:49:5: warning: cast from pointer to integer of different size [-Wpointer-to-int-cast]
   49 | k = (int)sys_errlist[0];
      |     ^
configure:7854: $? = 0
configure:7858: test -z 
			 || test ! -s conftest.err
configure:7861: $? = 0
configure:7864: test -s conftest.o
configure:7867: $? = 0
configure:7869: result: yes
configure:7890: checking C++ <osfcn.h>
configure:7919: c++ -c -O  -I/home/ky0ko/code/netbsd-gc/src/obj/tooldir.Linux-5.4.7-arch1-1-x86_64/include/compat -I/home/ky0ko/code/netbsd-gc/src/tools/compat  -DHAVE_NBTOOL_CONFIG_H=1 -D_FILE_OFFSET_BITS=64 conftest.cc >&5
conftest.cc:39:10: fatal error: osfcn.h: No such file or directory
   39 | #include <osfcn.h>
      |          ^~~~~~~~~
compilation terminated.
configure:7925: $? = 1
configure: failed program was:
| 
|        /* confdefs.h.  */
|              
| #define PACKAGE_NAME ""
| #define PACKAGE_TARNAME ""
| #define PACKAGE_VERSION ""
| #define PACKAGE_STRING ""
| #define PACKAGE_BUGREPORT ""
| #ifdef __cplusplus
| extern "C" void std::exit (int) throw (); using std::exit;
| #endif
| #define X_DISPLAY_MISSING 1
| #define STDC_HEADERS 1
| #define HAVE_SYS_TYPES_H 1
| #define HAVE_SYS_STAT_H 1
| #define HAVE_STDLIB_H 1
| #define HAVE_STRING_H 1
| #define HAVE_MEMORY_H 1
| #define HAVE_STRINGS_H 1
| #define HAVE_INTTYPES_H 1
| #define HAVE_STDINT_H 1
| #define HAVE_UNISTD_H 1
| #define HAVE_STDLIB_H 1
| #define HAVE_UNISTD_H 1
| #define HAVE_DIRENT_H 1
| #define HAVE_LIMITS_H 1
| #define HAVE_SYS_DIR_H 1
| #define HAVE_STRING_H 1
| #define HAVE_STRINGS_H 1
| #define HAVE_MATH_H 1
| #define HAVE_SYS_TIME_H 1
| #define RET_TYPE_SRAND_IS_VOID 1
| #define NEED_DECLARATION_HYPOT 1
| #define HAVE_SYS_NERR 1
| #define HAVE_SYS_ERRLIST 1
| /* end confdefs.h.  */
| 
| 
| #include <osfcn.h>
| 
| 
| int
| main ()
| {
| 
| 
| read(0, 0, 0);
| open(0, 0);
| 
| 
|   ;
|   return 0;
| }
| 
configure:7951: result: no
configure:7967: checking C++ <limits.h>
configure:7997: c++ -c -O  -I/home/ky0ko/code/netbsd-gc/src/obj/tooldir.Linux-5.4.7-arch1-1-x86_64/include/compat -I/home/ky0ko/code/netbsd-gc/src/tools/compat  -DHAVE_NBTOOL_CONFIG_H=1 -D_FILE_OFFSET_BITS=64 conftest.cc >&5
configure:8003: $? = 0
configure:8007: test -z 
			 || test ! -s conftest.err
configure:8010: $? = 0
configure:8013: test -s conftest.o
configure:8016: $? = 0
configure:8018: result: yes
configure:8045: checking C++ <inttypes.h>
configure:8074: c++ -c -O  -I/home/ky0ko/code/netbsd-gc/src/obj/tooldir.Linux-5.4.7-arch1-1-x86_64/include/compat -I/home/ky0ko/code/netbsd-gc/src/tools/compat  -DHAVE_NBTOOL_CONFIG_H=1 -D_FILE_OFFSET_BITS=64 conftest.cc >&5
configure:8080: $? = 0
configure:8084: test -z 
			 || test ! -s conftest.err
configure:8087: $? = 0
configure:8090: test -s conftest.o
configure:8093: $? = 0
configure:8108: result: yes
configure:8124: checking for unsigned long long
configure:8154: c++ -o conftest -O  -I/home/ky0ko/code/netbsd-gc/src/obj/tooldir.Linux-5.4.7-arch1-1-x86_64/include/compat -I/home/ky0ko/code/netbsd-gc/src/tools/compat  -DHAVE_NBTOOL_CONFIG_H=1 -D_FILE_OFFSET_BITS=64  conftest.cc  >&5
configure:8160: $? = 0
configure:8164: test -z 
			 || test ! -s conftest.err
configure:8167: $? = 0
configure:8170: test -s conftest
configure:8173: $? = 0
configure:8184: result: yes
configure:8210: checking for declaration of time_t
configure:8239: c++ -c -O  -I/home/ky0ko/code/netbsd-gc/src/obj/tooldir.Linux-5.4.7-arch1-1-x86_64/include/compat -I/home/ky0ko/code/netbsd-gc/src/tools/compat  -DHAVE_NBTOOL_CONFIG_H=1 -D_FILE_OFFSET_BITS=64 conftest.cc >&5
configure:8245: $? = 0
configure:8249: test -z 
			 || test ! -s conftest.err
configure:8252: $? = 0
configure:8255: test -s conftest.o
configure:8258: $? = 0
configure:8260: result: yes
configure:8281: checking for return type of signal handlers
configure:8319: cc -c -O  -I/home/ky0ko/code/netbsd-gc/src/obj/tooldir.Linux-5.4.7-arch1-1-x86_64/include/compat -I/home/ky0ko/code/netbsd-gc/src/tools/compat  -DHAVE_NBTOOL_CONFIG_H=1 -D_FILE_OFFSET_BITS=64 conftest.c >&5
conftest.c:46:8: error: expected identifier or '(' before string constant
   46 | extern "C" void (*signal (int, void (*)(int)))(int);
      |        ^~~
configure:8325: $? = 1
configure: failed program was:
| 
| 	 /* confdefs.h.  */
|              
| #define PACKAGE_NAME ""
| #define PACKAGE_TARNAME ""
| #define PACKAGE_VERSION ""
| #define PACKAGE_STRING ""
| #define PACKAGE_BUGREPORT ""
| #ifdef __cplusplus
| extern "C" void std::exit (int) throw (); using std::exit;
| #endif
| #define X_DISPLAY_MISSING 1
| #define STDC_HEADERS 1
| #define HAVE_SYS_TYPES_H 1
| #define HAVE_SYS_STAT_H 1
| #define HAVE_STDLIB_H 1
| #define HAVE_STRING_H 1
| #define HAVE_MEMORY_H 1
| #define HAVE_STRINGS_H 1
| #define HAVE_INTTYPES_H 1
| #define HAVE_STDINT_H 1
| #define HAVE_UNISTD_H 1
| #define HAVE_STDLIB_H 1
| #define HAVE_UNISTD_H 1
| #define HAVE_DIRENT_H 1
| #define HAVE_LIMITS_H 1
| #define HAVE_SYS_DIR_H 1
| #define HAVE_STRING_H 1
| #define HAVE_STRINGS_H 1
| #define HAVE_MATH_H 1
| #define HAVE_SYS_TIME_H 1
| #define RET_TYPE_SRAND_IS_VOID 1
| #define NEED_DECLARATION_HYPOT 1
| #define HAVE_SYS_NERR 1
| #define HAVE_SYS_ERRLIST 1
| #define HAVE_CC_LIMITS_H 1
| #define HAVE_CC_INTTYPES_H 1
| /* end confdefs.h.  */
| 
| 
| #include <sys/types.h>
| #include <signal.h>
| #ifdef signal
| # undef signal
| #endif
| extern "C" void (*signal (int, void (*)(int)))(int);
| 
| 
| int
| main ()
| {
| 
| 
| int i;
| 
| 
|   ;
|   return 0;
| }
| 
configure:8319: cc -c -O  -I/home/ky0ko/code/netbsd-gc/src/obj/tooldir.Linux-5.4.7-arch1-1-x86_64/include/compat -I/home/ky0ko/code/netbsd-gc/src/tools/compat  -DHAVE_NBTOOL_CONFIG_H=1 -D_FILE_OFFSET_BITS=64 conftest.c >&5
conftest.c:46:8: error: expected identifier or '(' before string constant
   46 | extern "C" void (*signal (int, void (*)(int)) throw ())(int);
      |        ^~~
configure:8325: $? = 1
configure: failed program was:
| 
| 	 /* confdefs.h.  */
|              
| #define PACKAGE_NAME ""
| #define PACKAGE_TARNAME ""
| #define PACKAGE_VERSION ""
| #define PACKAGE_STRING ""
| #define PACKAGE_BUGREPORT ""
| #ifdef __cplusplus
| extern "C" void std::exit (int) throw (); using std::exit;
| #endif
| #define X_DISPLAY_MISSING 1
| #define STDC_HEADERS 1
| #define HAVE_SYS_TYPES_H 1
| #define HAVE_SYS_STAT_H 1
| #define HAVE_STDLIB_H 1
| #define HAVE_STRING_H 1
| #define HAVE_MEMORY_H 1
| #define HAVE_STRINGS_H 1
| #define HAVE_INTTYPES_H 1
| #define HAVE_STDINT_H 1
| #define HAVE_UNISTD_H 1
| #define HAVE_STDLIB_H 1
| #define HAVE_UNISTD_H 1
| #define HAVE_DIRENT_H 1
| #define HAVE_LIMITS_H 1
| #define HAVE_SYS_DIR_H 1
| #define HAVE_STRING_H 1
| #define HAVE_STRINGS_H 1
| #define HAVE_MATH_H 1
| #define HAVE_SYS_TIME_H 1
| #define RET_TYPE_SRAND_IS_VOID 1
| #define NEED_DECLARATION_HYPOT 1
| #define HAVE_SYS_NERR 1
| #define HAVE_SYS_ERRLIST 1
| #define HAVE_CC_LIMITS_H 1
| #define HAVE_CC_INTTYPES_H 1
| /* end confdefs.h.  */
| 
| 
| #include <sys/types.h>
| #include <signal.h>
| #ifdef signal
| # undef signal
| #endif
| extern "C" void (*signal (int, void (*)(int)) throw ())(int);
| 
| 
| int
| main ()
| {
| 
| 
| int i;
| 
| 
|   ;
|   return 0;
| }
| 
configure:8319: cc -c -O  -I/home/ky0ko/code/netbsd-gc/src/obj/tooldir.Linux-5.4.7-arch1-1-x86_64/include/compat -I/home/ky0ko/code/netbsd-gc/src/tools/compat  -DHAVE_NBTOOL_CONFIG_H=1 -D_FILE_OFFSET_BITS=64 conftest.c >&5
configure:8325: $? = 0
configure:8329: test -z 
			 || test ! -s conftest.err
configure:8332: $? = 0
configure:8335: test -s conftest.o
configure:8338: $? = 0
configure:8351: result: void
configure:8367: checking struct exception
configure:8395: cc -c -O  -I/home/ky0ko/code/netbsd-gc/src/obj/tooldir.Linux-5.4.7-arch1-1-x86_64/include/compat -I/home/ky0ko/code/netbsd-gc/src/tools/compat  -DHAVE_NBTOOL_CONFIG_H=1 -D_FILE_OFFSET_BITS=64 conftest.c >&5
conftest.c: In function 'main':
conftest.c:50:18: error: storage size of 'e' isn't known
   50 | struct exception e;
      |                  ^
configure:8401: $? = 1
configure: failed program was:
| 
|        /* confdefs.h.  */
|              
| #define PACKAGE_NAME ""
| #define PACKAGE_TARNAME ""
| #define PACKAGE_VERSION ""
| #define PACKAGE_STRING ""
| #define PACKAGE_BUGREPORT ""
| #ifdef __cplusplus
| extern "C" void std::exit (int) throw (); using std::exit;
| #endif
| #define X_DISPLAY_MISSING 1
| #define STDC_HEADERS 1
| #define HAVE_SYS_TYPES_H 1
| #define HAVE_SYS_STAT_H 1
| #define HAVE_STDLIB_H 1
| #define HAVE_STRING_H 1
| #define HAVE_MEMORY_H 1
| #define HAVE_STRINGS_H 1
| #define HAVE_INTTYPES_H 1
| #define HAVE_STDINT_H 1
| #define HAVE_UNISTD_H 1
| #define HAVE_STDLIB_H 1
| #define HAVE_UNISTD_H 1
| #define HAVE_DIRENT_H 1
| #define HAVE_LIMITS_H 1
| #define HAVE_SYS_DIR_H 1
| #define HAVE_STRING_H 1
| #define HAVE_STRINGS_H 1
| #define HAVE_MATH_H 1
| #define HAVE_SYS_TIME_H 1
| #define RET_TYPE_SRAND_IS_VOID 1
| #define NEED_DECLARATION_HYPOT 1
| #define HAVE_SYS_NERR 1
| #define HAVE_SYS_ERRLIST 1
| #define HAVE_CC_LIMITS_H 1
| #define HAVE_CC_INTTYPES_H 1
| #define RETSIGTYPE void
| /* end confdefs.h.  */
| 
| 
| #include <math.h>
| 
| 
| int
| main ()
| {
| 
| 
| struct exception e;
| 
| 
|   ;
|   return 0;
| }
| 
configure:8427: result: no
configure:8433: checking for main in -lc
configure:8457: cc -o conftest -O  -I/home/ky0ko/code/netbsd-gc/src/obj/tooldir.Linux-5.4.7-arch1-1-x86_64/include/compat -I/home/ky0ko/code/netbsd-gc/src/tools/compat  -DHAVE_NBTOOL_CONFIG_H=1 -D_FILE_OFFSET_BITS=64  conftest.c -lc   >&5
configure:8463: $? = 0
configure:8467: test -z 
			 || test ! -s conftest.err
configure:8470: $? = 0
configure:8473: test -s conftest
configure:8476: $? = 0
configure:8489: result: yes
configure:8496: checking for sin in -lm
configure:8526: cc -o conftest -O  -I/home/ky0ko/code/netbsd-gc/src/obj/tooldir.Linux-5.4.7-arch1-1-x86_64/include/compat -I/home/ky0ko/code/netbsd-gc/src/tools/compat  -DHAVE_NBTOOL_CONFIG_H=1 -D_FILE_OFFSET_BITS=64  conftest.c -lm   >&5
conftest.c:46:6: warning: conflicting types for built-in function 'sin'; expected 'double(double)' [-Wbuiltin-declaration-mismatch]
   46 | char sin ();
      |      ^~~
conftest.c:1:1: note: 'sin' is declared in header '<math.h>'
    1 | /* confdefs.h.  */
configure:8532: $? = 0
configure:8536: test -z 
			 || test ! -s conftest.err
configure:8539: $? = 0
configure:8542: test -s conftest
configure:8545: $? = 0
configure:8558: result: yes
configure:8573: checking for stdlib.h
configure:8578: result: yes
configure:8573: checking for unistd.h
configure:8578: result: yes
configure:8722: checking for getpagesize
configure:8779: cc -o conftest -O  -I/home/ky0ko/code/netbsd-gc/src/obj/tooldir.Linux-5.4.7-arch1-1-x86_64/include/compat -I/home/ky0ko/code/netbsd-gc/src/tools/compat  -DHAVE_NBTOOL_CONFIG_H=1 -D_FILE_OFFSET_BITS=64  conftest.c  >&5
configure:8785: $? = 0
configure:8789: test -z 
			 || test ! -s conftest.err
configure:8792: $? = 0
configure:8795: test -s conftest
configure:8798: $? = 0
configure:8810: result: yes
configure:8820: checking for working mmap
configure:8962: cc -o conftest -O  -I/home/ky0ko/code/netbsd-gc/src/obj/tooldir.Linux-5.4.7-arch1-1-x86_64/include/compat -I/home/ky0ko/code/netbsd-gc/src/tools/compat  -DHAVE_NBTOOL_CONFIG_H=1 -D_FILE_OFFSET_BITS=64  conftest.c  >&5
configure:8965: $? = 0
configure:8967: ./conftest
configure:8970: $? = 0
configure:8984: result: yes
configure:9009: checking for fmod
configure:9066: cc -o conftest -O  -I/home/ky0ko/code/netbsd-gc/src/obj/tooldir.Linux-5.4.7-arch1-1-x86_64/include/compat -I/home/ky0ko/code/netbsd-gc/src/tools/compat  -DHAVE_NBTOOL_CONFIG_H=1 -D_FILE_OFFSET_BITS=64  conftest.c  -lc -lm >&5
conftest.c:67:6: warning: conflicting types for built-in function 'fmod'; expected 'double(double,  double)' [-Wbuiltin-declaration-mismatch]
   67 | char fmod ();
      |      ^~~~
conftest.c:54:1: note: 'fmod' is declared in header '<math.h>'
   53 | # include <limits.h>
   54 | #else
configure:9072: $? = 0
configure:9076: test -z 
			 || test ! -s conftest.err
configure:9079: $? = 0
configure:9082: test -s conftest
configure:9085: $? = 0
configure:9097: result: yes
configure:9009: checking for getcwd
configure:9066: cc -o conftest -O  -I/home/ky0ko/code/netbsd-gc/src/obj/tooldir.Linux-5.4.7-arch1-1-x86_64/include/compat -I/home/ky0ko/code/netbsd-gc/src/tools/compat  -DHAVE_NBTOOL_CONFIG_H=1 -D_FILE_OFFSET_BITS=64  conftest.c  -lc -lm >&5
configure:9072: $? = 0
configure:9076: test -z 
			 || test ! -s conftest.err
configure:9079: $? = 0
configure:9082: test -s conftest
configure:9085: $? = 0
configure:9097: result: yes
configure:9009: checking for putenv
configure:9066: cc -o conftest -O  -I/home/ky0ko/code/netbsd-gc/src/obj/tooldir.Linux-5.4.7-arch1-1-x86_64/include/compat -I/home/ky0ko/code/netbsd-gc/src/tools/compat  -DHAVE_NBTOOL_CONFIG_H=1 -D_FILE_OFFSET_BITS=64  conftest.c  -lc -lm >&5
configure:9072: $? = 0
configure:9076: test -z 
			 || test ! -s conftest.err
configure:9079: $? = 0
configure:9082: test -s conftest
configure:9085: $? = 0
configure:9097: result: yes
configure:9009: checking for snprintf
configure:9066: cc -o conftest -O  -I/home/ky0ko/code/netbsd-gc/src/obj/tooldir.Linux-5.4.7-arch1-1-x86_64/include/compat -I/home/ky0ko/code/netbsd-gc/src/tools/compat  -DHAVE_NBTOOL_CONFIG_H=1 -D_FILE_OFFSET_BITS=64  conftest.c  -lc -lm >&5
conftest.c:70:6: warning: conflicting types for built-in function 'snprintf'; expected 'int(char *, long unsigned int,  const char *, ...)' [-Wbuiltin-declaration-mismatch]
   70 | char snprintf ();
      |      ^~~~~~~~
conftest.c:57:1: note: 'snprintf' is declared in header '<stdio.h>'
   56 | # include <limits.h>
   57 | #else
configure:9072: $? = 0
configure:9076: test -z 
			 || test ! -s conftest.err
configure:9079: $? = 0
configure:9082: test -s conftest
configure:9085: $? = 0
configure:9097: result: yes
configure:9009: checking for strcasecmp
configure:9066: cc -o conftest -O  -I/home/ky0ko/code/netbsd-gc/src/obj/tooldir.Linux-5.4.7-arch1-1-x86_64/include/compat -I/home/ky0ko/code/netbsd-gc/src/tools/compat  -DHAVE_NBTOOL_CONFIG_H=1 -D_FILE_OFFSET_BITS=64  conftest.c  -lc -lm >&5
conftest.c:71:6: warning: conflicting types for built-in function 'strcasecmp'; expected 'int(const char *, const char *)' [-Wbuiltin-declaration-mismatch]
   71 | char strcasecmp ();
      |      ^~~~~~~~~~
configure:9072: $? = 0
configure:9076: test -z 
			 || test ! -s conftest.err
configure:9079: $? = 0
configure:9082: test -s conftest
configure:9085: $? = 0
configure:9097: result: yes
configure:9009: checking for strerror
configure:9066: cc -o conftest -O  -I/home/ky0ko/code/netbsd-gc/src/obj/tooldir.Linux-5.4.7-arch1-1-x86_64/include/compat -I/home/ky0ko/code/netbsd-gc/src/tools/compat  -DHAVE_NBTOOL_CONFIG_H=1 -D_FILE_OFFSET_BITS=64  conftest.c  -lc -lm >&5
configure:9072: $? = 0
configure:9076: test -z 
			 || test ! -s conftest.err
configure:9079: $? = 0
configure:9082: test -s conftest
configure:9085: $? = 0
configure:9097: result: yes
configure:9009: checking for strncasecmp
configure:9066: cc -o conftest -O  -I/home/ky0ko/code/netbsd-gc/src/obj/tooldir.Linux-5.4.7-arch1-1-x86_64/include/compat -I/home/ky0ko/code/netbsd-gc/src/tools/compat  -DHAVE_NBTOOL_CONFIG_H=1 -D_FILE_OFFSET_BITS=64  conftest.c  -lc -lm >&5
conftest.c:73:6: warning: conflicting types for built-in function 'strncasecmp'; expected 'int(const char *, const char *, long unsigned int)' [-Wbuiltin-declaration-mismatch]
   73 | char strncasecmp ();
      |      ^~~~~~~~~~~
configure:9072: $? = 0
configure:9076: test -z 
			 || test ! -s conftest.err
configure:9079: $? = 0
configure:9082: test -s conftest
configure:9085: $? = 0
configure:9097: result: yes
configure:9009: checking for strtol
configure:9066: cc -o conftest -O  -I/home/ky0ko/code/netbsd-gc/src/obj/tooldir.Linux-5.4.7-arch1-1-x86_64/include/compat -I/home/ky0ko/code/netbsd-gc/src/tools/compat  -DHAVE_NBTOOL_CONFIG_H=1 -D_FILE_OFFSET_BITS=64  conftest.c  -lc -lm >&5
configure:9072: $? = 0
configure:9076: test -z 
			 || test ! -s conftest.err
configure:9079: $? = 0
configure:9082: test -s conftest
configure:9085: $? = 0
configure:9097: result: yes
configure:9122: checking for vsnprintf
configure:9179: cc -o conftest -O  -I/home/ky0ko/code/netbsd-gc/src/obj/tooldir.Linux-5.4.7-arch1-1-x86_64/include/compat -I/home/ky0ko/code/netbsd-gc/src/tools/compat  -DHAVE_NBTOOL_CONFIG_H=1 -D_FILE_OFFSET_BITS=64  conftest.c  -lc -lm >&5
conftest.c:75:6: warning: conflicting types for built-in function 'vsnprintf'; expected 'int(char *, long unsigned int,  const char *, __va_list_tag *)' [-Wbuiltin-declaration-mismatch]
   75 | char vsnprintf ();
      |      ^~~~~~~~~
conftest.c:62:1: note: 'vsnprintf' is declared in header '<stdio.h>'
   61 | # include <limits.h>
   62 | #else
configure:9185: $? = 0
configure:9189: test -z 
			 || test ! -s conftest.err
configure:9192: $? = 0
configure:9195: test -s conftest
configure:9198: $? = 0
configure:9210: result: yes
configure:9239: checking for gettimeofday
configure:9296: cc -o conftest -O  -I/home/ky0ko/code/netbsd-gc/src/obj/tooldir.Linux-5.4.7-arch1-1-x86_64/include/compat -I/home/ky0ko/code/netbsd-gc/src/tools/compat  -DHAVE_NBTOOL_CONFIG_H=1 -D_FILE_OFFSET_BITS=64  conftest.c  >&5
configure:9302: $? = 0
configure:9306: test -z 
			 || test ! -s conftest.err
configure:9309: $? = 0
configure:9312: test -s conftest
configure:9315: $? = 0
configure:9327: result: yes
configure:9239: checking for isatty
configure:9296: cc -o conftest -O  -I/home/ky0ko/code/netbsd-gc/src/obj/tooldir.Linux-5.4.7-arch1-1-x86_64/include/compat -I/home/ky0ko/code/netbsd-gc/src/tools/compat  -DHAVE_NBTOOL_CONFIG_H=1 -D_FILE_OFFSET_BITS=64  conftest.c  >&5
configure:9302: $? = 0
configure:9306: test -z 
			 || test ! -s conftest.err
configure:9309: $? = 0
configure:9312: test -s conftest
configure:9315: $? = 0
configure:9327: result: yes
configure:9239: checking for kill
configure:9296: cc -o conftest -O  -I/home/ky0ko/code/netbsd-gc/src/obj/tooldir.Linux-5.4.7-arch1-1-x86_64/include/compat -I/home/ky0ko/code/netbsd-gc/src/tools/compat  -DHAVE_NBTOOL_CONFIG_H=1 -D_FILE_OFFSET_BITS=64  conftest.c  >&5
configure:9302: $? = 0
configure:9306: test -z 
			 || test ! -s conftest.err
configure:9309: $? = 0
configure:9312: test -s conftest
configure:9315: $? = 0
configure:9327: result: yes
configure:9239: checking for rename
configure:9296: cc -o conftest -O  -I/home/ky0ko/code/netbsd-gc/src/obj/tooldir.Linux-5.4.7-arch1-1-x86_64/include/compat -I/home/ky0ko/code/netbsd-gc/src/tools/compat  -DHAVE_NBTOOL_CONFIG_H=1 -D_FILE_OFFSET_BITS=64  conftest.c  >&5
configure:9302: $? = 0
configure:9306: test -z 
			 || test ! -s conftest.err
configure:9309: $? = 0
configure:9312: test -s conftest
configure:9315: $? = 0
configure:9327: result: yes
configure:9239: checking for setlocale
configure:9296: cc -o conftest -O  -I/home/ky0ko/code/netbsd-gc/src/obj/tooldir.Linux-5.4.7-arch1-1-x86_64/include/compat -I/home/ky0ko/code/netbsd-gc/src/tools/compat  -DHAVE_NBTOOL_CONFIG_H=1 -D_FILE_OFFSET_BITS=64  conftest.c  >&5
configure:9302: $? = 0
configure:9306: test -z 
			 || test ! -s conftest.err
configure:9309: $? = 0
configure:9312: test -s conftest
configure:9315: $? = 0
configure:9327: result: yes
configure:9239: checking for strsep
configure:9296: cc -o conftest -O  -I/home/ky0ko/code/netbsd-gc/src/obj/tooldir.Linux-5.4.7-arch1-1-x86_64/include/compat -I/home/ky0ko/code/netbsd-gc/src/tools/compat  -DHAVE_NBTOOL_CONFIG_H=1 -D_FILE_OFFSET_BITS=64  conftest.c  >&5
configure:9302: $? = 0
configure:9306: test -z 
			 || test ! -s conftest.err
configure:9309: $? = 0
configure:9312: test -s conftest
configure:9315: $? = 0
configure:9327: result: yes
configure:9337: checking for mkstemp
configure:9374: c++ -o conftest -O  -I/home/ky0ko/code/netbsd-gc/src/obj/tooldir.Linux-5.4.7-arch1-1-x86_64/include/compat -I/home/ky0ko/code/netbsd-gc/src/tools/compat  -DHAVE_NBTOOL_CONFIG_H=1 -D_FILE_OFFSET_BITS=64  conftest.cc  >&5
configure:9380: $? = 0
configure:9384: test -z 
			 || test ! -s conftest.err
configure:9387: $? = 0
configure:9390: test -s conftest
configure:9393: $? = 0
configure:9395: result: yes
configure:9425: checking whether sys_siglist is declared
configure:9449: cc -c -O  -I/home/ky0ko/code/netbsd-gc/src/obj/tooldir.Linux-5.4.7-arch1-1-x86_64/include/compat -I/home/ky0ko/code/netbsd-gc/src/tools/compat  -DHAVE_NBTOOL_CONFIG_H=1 -D_FILE_OFFSET_BITS=64 conftest.c >&5
conftest.c: In function 'main':
conftest.c:96:22: error: 'sys_siglist' undeclared (first use in this function); did you mean 'sys_errlist'?
   96 |   char *p = (char *) sys_siglist;
      |                      ^~~~~~~~~~~
      |                      sys_errlist
conftest.c:96:22: note: each undeclared identifier is reported only once for each function it appears in
configure:9455: $? = 1
configure: failed program was:
| /* confdefs.h.  */
|              
| #define PACKAGE_NAME ""
| #define PACKAGE_TARNAME ""
| #define PACKAGE_VERSION ""
| #define PACKAGE_STRING ""
| #define PACKAGE_BUGREPORT ""
| #ifdef __cplusplus
| extern "C" void std::exit (int) throw (); using std::exit;
| #endif
| #define X_DISPLAY_MISSING 1
| #define STDC_HEADERS 1
| #define HAVE_SYS_TYPES_H 1
| #define HAVE_SYS_STAT_H 1
| #define HAVE_STDLIB_H 1
| #define HAVE_STRING_H 1
| #define HAVE_MEMORY_H 1
| #define HAVE_STRINGS_H 1
| #define HAVE_INTTYPES_H 1
| #define HAVE_STDINT_H 1
| #define HAVE_UNISTD_H 1
| #define HAVE_STDLIB_H 1
| #define HAVE_UNISTD_H 1
| #define HAVE_DIRENT_H 1
| #define HAVE_LIMITS_H 1
| #define HAVE_SYS_DIR_H 1
| #define HAVE_STRING_H 1
| #define HAVE_STRINGS_H 1
| #define HAVE_MATH_H 1
| #define HAVE_SYS_TIME_H 1
| #define RET_TYPE_SRAND_IS_VOID 1
| #define NEED_DECLARATION_HYPOT 1
| #define HAVE_SYS_NERR 1
| #define HAVE_SYS_ERRLIST 1
| #define HAVE_CC_LIMITS_H 1
| #define HAVE_CC_INTTYPES_H 1
| #define RETSIGTYPE void
| #define HAVE_STDLIB_H 1
| #define HAVE_UNISTD_H 1
| #define HAVE_GETPAGESIZE 1
| #define HAVE_MMAP 1
| #define HAVE_FMOD 1
| #define HAVE_GETCWD 1
| #define HAVE_PUTENV 1
| #define HAVE_SNPRINTF 1
| #define HAVE_STRCASECMP 1
| #define HAVE_STRERROR 1
| #define HAVE_STRNCASECMP 1
| #define HAVE_STRTOL 1
| #define HAVE_VSNPRINTF 1
| #define HAVE_GETTIMEOFDAY 1
| #define HAVE_ISATTY 1
| #define HAVE_KILL 1
| #define HAVE_RENAME 1
| #define HAVE_SETLOCALE 1
| #define HAVE_STRSEP 1
| #define HAVE_MKSTEMP 1
| /* end confdefs.h.  */
| #include <stdio.h>
| #if HAVE_SYS_TYPES_H
| # include <sys/types.h>
| #endif
| #if HAVE_SYS_STAT_H
| # include <sys/stat.h>
| #endif
| #if STDC_HEADERS
| # include <stdlib.h>
| # include <stddef.h>
| #else
| # if HAVE_STDLIB_H
| #  include <stdlib.h>
| # endif
| #endif
| #if HAVE_STRING_H
| # if !STDC_HEADERS && HAVE_MEMORY_H
| #  include <memory.h>
| # endif
| # include <string.h>
| #endif
| #if HAVE_STRINGS_H
| # include <strings.h>
| #endif
| #if HAVE_INTTYPES_H
| # include <inttypes.h>
| #endif
| #if HAVE_STDINT_H
| # include <stdint.h>
| #endif
| #if HAVE_UNISTD_H
| # include <unistd.h>
| #endif
| int
| main ()
| {
| #ifndef sys_siglist
|   char *p = (char *) sys_siglist;
| #endif
| 
|   ;
|   return 0;
| }
configure:9479: result: no
configure:9505: checking whether ANSI array delete syntax is supported
configure:9530: c++ -c -O  -I/home/ky0ko/code/netbsd-gc/src/obj/tooldir.Linux-5.4.7-arch1-1-x86_64/include/compat -I/home/ky0ko/code/netbsd-gc/src/tools/compat  -DHAVE_NBTOOL_CONFIG_H=1 -D_FILE_OFFSET_BITS=64 conftest.cc >&5
configure:9536: $? = 0
configure:9540: test -z 
			 || test ! -s conftest.err
configure:9543: $? = 0
configure:9546: test -s conftest.o
configure:9549: $? = 0
configure:9551: result: yes
configure:9578: checking traditional preprocessor
configure:9606: c++ -c -O  -I/home/ky0ko/code/netbsd-gc/src/obj/tooldir.Linux-5.4.7-arch1-1-x86_64/include/compat -I/home/ky0ko/code/netbsd-gc/src/tools/compat  -DHAVE_NBTOOL_CONFIG_H=1 -D_FILE_OFFSET_BITS=64 conftest.cc >&5
conftest.cc: In function 'int main()':
conftest.cc:71:16: error: expected initializer before 'bar'
   71 | int name2(foo, bar);
      |                ^~~
conftest.cc:63:26: note: in definition of macro 'name2'
   63 | #define name2(a, b) a/**/b
      |                          ^
configure:9612: $? = 1
configure: failed program was:
| 
|        /* confdefs.h.  */
|              
| #define PACKAGE_NAME ""
| #define PACKAGE_TARNAME ""
| #define PACKAGE_VERSION ""
| #define PACKAGE_STRING ""
| #define PACKAGE_BUGREPORT ""
| #ifdef __cplusplus
| extern "C" void std::exit (int) throw (); using std::exit;
| #endif
| #define X_DISPLAY_MISSING 1
| #define STDC_HEADERS 1
| #define HAVE_SYS_TYPES_H 1
| #define HAVE_SYS_STAT_H 1
| #define HAVE_STDLIB_H 1
| #define HAVE_STRING_H 1
| #define HAVE_MEMORY_H 1
| #define HAVE_STRINGS_H 1
| #define HAVE_INTTYPES_H 1
| #define HAVE_STDINT_H 1
| #define HAVE_UNISTD_H 1
| #define HAVE_STDLIB_H 1
| #define HAVE_UNISTD_H 1
| #define HAVE_DIRENT_H 1
| #define HAVE_LIMITS_H 1
| #define HAVE_SYS_DIR_H 1
| #define HAVE_STRING_H 1
| #define HAVE_STRINGS_H 1
| #define HAVE_MATH_H 1
| #define HAVE_SYS_TIME_H 1
| #define RET_TYPE_SRAND_IS_VOID 1
| #define NEED_DECLARATION_HYPOT 1
| #define HAVE_SYS_NERR 1
| #define HAVE_SYS_ERRLIST 1
| #define HAVE_CC_LIMITS_H 1
| #define HAVE_CC_INTTYPES_H 1
| #define RETSIGTYPE void
| #define HAVE_STDLIB_H 1
| #define HAVE_UNISTD_H 1
| #define HAVE_GETPAGESIZE 1
| #define HAVE_MMAP 1
| #define HAVE_FMOD 1
| #define HAVE_GETCWD 1
| #define HAVE_PUTENV 1
| #define HAVE_SNPRINTF 1
| #define HAVE_STRCASECMP 1
| #define HAVE_STRERROR 1
| #define HAVE_STRNCASECMP 1
| #define HAVE_STRTOL 1
| #define HAVE_VSNPRINTF 1
| #define HAVE_GETTIMEOFDAY 1
| #define HAVE_ISATTY 1
| #define HAVE_KILL 1
| #define HAVE_RENAME 1
| #define HAVE_SETLOCALE 1
| #define HAVE_STRSEP 1
| #define HAVE_MKSTEMP 1
| #define HAVE_DECL_SYS_SIGLIST 0
| /* end confdefs.h.  */
| 
| 
| #define name2(a, b) a/**/b
| 
| 
| int
| main ()
| {
| 
| 
| int name2(foo, bar);
| 
| 
|   ;
|   return 0;
| }
| 
configure:9638: result: no
configure:9650: checking w_coredump
configure:9692: cc -o conftest -O  -I/home/ky0ko/code/netbsd-gc/src/obj/tooldir.Linux-5.4.7-arch1-1-x86_64/include/compat -I/home/ky0ko/code/netbsd-gc/src/tools/compat  -DHAVE_NBTOOL_CONFIG_H=1 -D_FILE_OFFSET_BITS=64  conftest.c  >&5
conftest.c: In function 'main':
conftest.c:72:7: error: expected ';' before '{' token
   72 | main()
      |       ^
      |       ;
   73 | {
      | ~      
configure:9695: $? = 1
configure: program exited with status 1
configure: failed program was:
| 
|        /* confdefs.h.  */
|              
| #define PACKAGE_NAME ""
| #define PACKAGE_TARNAME ""
| #define PACKAGE_VERSION ""
| #define PACKAGE_STRING ""
| #define PACKAGE_BUGREPORT ""
| #ifdef __cplusplus
| extern "C" void std::exit (int) throw (); using std::exit;
| #endif
| #define X_DISPLAY_MISSING 1
| #define STDC_HEADERS 1
| #define HAVE_SYS_TYPES_H 1
| #define HAVE_SYS_STAT_H 1
| #define HAVE_STDLIB_H 1
| #define HAVE_STRING_H 1
| #define HAVE_MEMORY_H 1
| #define HAVE_STRINGS_H 1
| #define HAVE_INTTYPES_H 1
| #define HAVE_STDINT_H 1
| #define HAVE_UNISTD_H 1
| #define HAVE_STDLIB_H 1
| #define HAVE_UNISTD_H 1
| #define HAVE_DIRENT_H 1
| #define HAVE_LIMITS_H 1
| #define HAVE_SYS_DIR_H 1
| #define HAVE_STRING_H 1
| #define HAVE_STRINGS_H 1
| #define HAVE_MATH_H 1
| #define HAVE_SYS_TIME_H 1
| #define RET_TYPE_SRAND_IS_VOID 1
| #define NEED_DECLARATION_HYPOT 1
| #define HAVE_SYS_NERR 1
| #define HAVE_SYS_ERRLIST 1
| #define HAVE_CC_LIMITS_H 1
| #define HAVE_CC_INTTYPES_H 1
| #define RETSIGTYPE void
| #define HAVE_STDLIB_H 1
| #define HAVE_UNISTD_H 1
| #define HAVE_GETPAGESIZE 1
| #define HAVE_MMAP 1
| #define HAVE_FMOD 1
| #define HAVE_GETCWD 1
| #define HAVE_PUTENV 1
| #define HAVE_SNPRINTF 1
| #define HAVE_STRCASECMP 1
| #define HAVE_STRERROR 1
| #define HAVE_STRNCASECMP 1
| #define HAVE_STRTOL 1
| #define HAVE_VSNPRINTF 1
| #define HAVE_GETTIMEOFDAY 1
| #define HAVE_ISATTY 1
| #define HAVE_KILL 1
| #define HAVE_RENAME 1
| #define HAVE_SETLOCALE 1
| #define HAVE_STRSEP 1
| #define HAVE_MKSTEMP 1
| #define HAVE_DECL_SYS_SIGLIST 0
| /* end confdefs.h.  */
| 
| 
| #include <sys/types.h>
| #include <sys/wait.h>
| 
| 
| int
| main ()
| {
| 
| 
| main()
| {
| #ifdef WCOREFLAG
|   exit(1);
| #else
|   int i = 0;
|   ((union wait *)&i)->w_coredump = 1;
|   exit(i != 0200);
| #endif
| }
| 
| 
|   ;
|   return 0;
| }
| 
configure:9715: result: no
configure:9717: checking default value for grops -b option
configure:9720: result: 0
configure:9723: checking default paper size
configure:9779: result: letter
configure:9782: checking for existing troff installation
configure:9789: result: no
configure:9794: checking for prefix of system macro packages
configure:9811: result: 
configure:9815: checking which system macro packages should be made available
configure:9858: result: 
configure:9861: checking separator character to use in groff search paths
configure:9893: cc -c -O  -I/home/ky0ko/code/netbsd-gc/src/obj/tooldir.Linux-5.4.7-arch1-1-x86_64/include/compat -I/home/ky0ko/code/netbsd-gc/src/tools/compat  -DHAVE_NBTOOL_CONFIG_H=1 -D_FILE_OFFSET_BITS=64 conftest.c >&5
configure:9899: $? = 0
configure:9903: test -z 
			 || test ! -s conftest.err
configure:9906: $? = 0
configure:9909: test -s conftest.o
configure:9912: $? = 0
configure:9922: result: :
configure:9988: checking for gs
configure:10004: found /usr/sbin/gs
configure:10014: result: gs
configure:10048: checking for pnmcut
configure:10064: found /usr/sbin/pnmcut
configure:10075: result: found
configure:10086: checking for pnmcrop
configure:10102: found /usr/sbin/pnmcrop
configure:10113: result: found
configure:10124: checking for pnmtopng
configure:10140: found /usr/sbin/pnmtopng
configure:10151: result: found
configure:10162: checking for psselect
configure:10189: result: missing
configure:10200: checking for pnmtops
configure:10216: found /usr/sbin/pnmtops
configure:10227: result: found
configure:10266: WARNING: missing program:

  The program
     `psselect'
  cannot be found in the PATH.
  Consequently, groff's HTML backend (grohtml) will not work properly;
  therefore, it will neither be possible to prepare, nor to install,
  documentation in HTML format.
     
configure:10432: checking whether pnmtops can handle the -nosetpage option
configure:10435: result: yes
configure:10548: creating ./config.status

## ---------------------- ##
## Running config.status. ##
## ---------------------- ##

This file was extended by config.status, which was
generated by GNU Autoconf 2.59b.  Invocation command line was

  CONFIG_FILES    = 
  CONFIG_HEADERS  = 
  CONFIG_LINKS    = 
  CONFIG_COMMANDS = 
  $ ./config.status 

on kumori

config.status:677: creating stamp-h
config.status:677: creating Makefile
config.status:677: creating doc/Makefile
config.status:677: creating src/utils/xtotroff/Makefile
config.status:677: creating contrib/gdiffmk/tests/runtests
config.status:677: creating test-groff
config.status:780: creating src/include/config.h
config.status:976: src/include/config.h is unchanged

## ---------------- ##
## Cache variables. ##
## ---------------- ##

ac_cv_c_compiler_gnu=yes
ac_cv_cxx_compiler_gnu=yes
ac_cv_env_CC_set=set
ac_cv_env_CC_value=cc
ac_cv_env_CFLAGS_set=set
ac_cv_env_CFLAGS_value=-O
ac_cv_env_CPPFLAGS_set=set
ac_cv_env_CPPFLAGS_value=' -I/home/ky0ko/code/netbsd-gc/src/obj/tooldir.Linux-5.4.7-arch1-1-x86_64/include/compat -I/home/ky0ko/code/netbsd-gc/src/tools/compat  -DHAVE_NBTOOL_CONFIG_H=1 -D_FILE_OFFSET_BITS=64'
ac_cv_env_CPP_set=
ac_cv_env_CPP_value=
ac_cv_env_CXXFLAGS_set=set
ac_cv_env_CXXFLAGS_value=-O
ac_cv_env_CXX_set=set
ac_cv_env_CXX_value=c++
ac_cv_env_LDFLAGS_set=set
ac_cv_env_LDFLAGS_value=
ac_cv_env_build_alias_set=
ac_cv_env_build_alias_value=
ac_cv_env_host_alias_set=
ac_cv_env_host_alias_value=
ac_cv_env_target_alias_set=
ac_cv_env_target_alias_value=
ac_cv_exeext=
ac_cv_func_fmod=yes
ac_cv_func_getcwd=yes
ac_cv_func_getpagesize=yes
ac_cv_func_gettimeofday=yes
ac_cv_func_isatty=yes
ac_cv_func_kill=yes
ac_cv_func_mmap_fixed_mapped=yes
ac_cv_func_putenv=yes
ac_cv_func_rename=yes
ac_cv_func_setlocale=yes
ac_cv_func_snprintf=yes
ac_cv_func_strcasecmp=yes
ac_cv_func_strerror=yes
ac_cv_func_strncasecmp=yes
ac_cv_func_strsep=yes
ac_cv_func_strtol=yes
ac_cv_func_vsnprintf=yes
ac_cv_have_decl_sys_siglist=no
ac_cv_header_direct_h=no
ac_cv_header_dirent_h=yes
ac_cv_header_inttypes_h=yes
ac_cv_header_limits_h=yes
ac_cv_header_math_h=yes
ac_cv_header_memory_h=yes
ac_cv_header_process_h=no
ac_cv_header_stdc=yes
ac_cv_header_stdint_h=yes
ac_cv_header_stdlib_h=yes
ac_cv_header_string_h=yes
ac_cv_header_strings_h=yes
ac_cv_header_sys_dir_h=yes
ac_cv_header_sys_stat_h=yes
ac_cv_header_sys_time_h=yes
ac_cv_header_sys_types_h=yes
ac_cv_header_unistd_h=yes
ac_cv_lib_c_main=yes
ac_cv_lib_m_sin=yes
ac_cv_objext=o
ac_cv_path_EGREP='/usr/sbin/grep -E'
ac_cv_path_GREP=/usr/sbin/grep
ac_cv_path_PERLPATH=/usr/sbin/perl
ac_cv_prog_CPP='cc -E'
ac_cv_prog_INSTALL_INFO=install-info
ac_cv_prog_YACC=/home/ky0ko/code/netbsd-gc/src/obj/tooldir.Linux-5.4.7-arch1-1-x86_64/bin/nbyacc
ac_cv_prog_ac_ct_CC=cc
ac_cv_prog_ac_ct_GHOSTSCRIPT=gs
ac_cv_prog_ac_ct_RANLIB=ranlib
ac_cv_prog_cc_g=yes
ac_cv_prog_cc_stdc=
ac_cv_prog_cxx_g=yes
ac_cv_prog_pnmcrop=found
ac_cv_prog_pnmcut=found
ac_cv_prog_pnmtopng=found
ac_cv_prog_pnmtops=found
ac_cv_prog_psselect=missing
groff_cv_decl_needed_gettimeofday=no
groff_cv_decl_needed_hypot=yes
groff_cv_decl_needed_pclose=no
groff_cv_decl_needed_popen=no
groff_cv_decl_needed_putenv=no
groff_cv_decl_needed_rand=no
groff_cv_decl_needed_snprintf=no
groff_cv_decl_needed_srand=no
groff_cv_decl_needed_strcasecmp=no
groff_cv_decl_needed_strncasecmp=no
groff_cv_decl_needed_vfprintf=no
groff_cv_decl_needed_vsnprintf=no
groff_cv_ebcdic=no
groff_cv_header_inttypes_h=yes
groff_cv_type_unsigned_long_long=yes

## ----------------- ##
## Output variables. ##
## ----------------- ##

ALT_AWK_PROGS='gawk mawk nawk awk'
ALT_GHOSTSCRIPT_PROGS='gs gswin32c gsos2'
AWK='/home/ky0ko/code/netbsd-gc/src/obj/tooldir.Linux-5.4.7-arch1-1-x86_64/bin/nbawk'
BROKEN_SPOOLER_FLAGS='0'
CC='cc'
CFLAGS='-O'
CPP='cc -E'
CPPFLAGS=' -I/home/ky0ko/code/netbsd-gc/src/obj/tooldir.Linux-5.4.7-arch1-1-x86_64/include/compat -I/home/ky0ko/code/netbsd-gc/src/tools/compat  -DHAVE_NBTOOL_CONFIG_H=1 -D_FILE_OFFSET_BITS=64'
CXX='c++'
CXXFLAGS='-O'
DEFS='-DHAVE_CONFIG_H'
DVIPRINT=''
ECHO_C=''
ECHO_N='-n'
ECHO_T=''
EGREP='/usr/sbin/grep -E'
EXEEXT=''
GHOSTSCRIPT='gs'
GREP='/usr/sbin/grep'
GROFF_PATH_SEPARATOR=':'
INSTALL_DATA='${INSTALL} -m 644'
INSTALL_INFO='install-info'
INSTALL_PROGRAM='${INSTALL}'
INSTALL_SCRIPT='${INSTALL}'
LDFLAGS=''
LIBC='-lc'
LIBM='-lm'
LIBOBJS=''
LIBS=''
LN_S='ln -s'
LP=''
LPQ=''
LPR=''
LTLIBOBJS=''
OBJEXT='o'
OTHERDEVDIRS='font/devlj4 font/devlbp'
PACKAGE_BUGREPORT=''
PACKAGE_NAME=''
PACKAGE_STRING=''
PACKAGE_TARNAME=''
PACKAGE_VERSION=''
PAGE='letter'
PATH_SEPARATOR=':'
PERLPATH='/usr/sbin/perl'
PSPRINT=''
RANLIB='ranlib'
SHELL='/usr/sbin/sh'
SH_SCRIPT_SED_CMD='1s/a/a/'
TTYDEVDIRS='font/devascii font/devlatin1'
XDEVDIRS=''
XLIBDIRS=''
XPROGDIRS=''
X_CFLAGS=''
X_EXTRA_LIBS=''
X_LIBS=''
X_PRE_LIBS=''
YACC='/home/ky0ko/code/netbsd-gc/src/obj/tooldir.Linux-5.4.7-arch1-1-x86_64/bin/nbyacc'
ac_ct_AWK=''
ac_ct_CC='cc'
ac_ct_CXX=''
ac_ct_GHOSTSCRIPT='gs'
ac_ct_RANLIB='ranlib'
appresdir=''
bindir='${exec_prefix}/bin'
build_alias=''
datadir='${prefix}/share'
exec_prefix='${prefix}'
g=''
host_alias=''
includedir='${prefix}/include'
infodir='${prefix}/info'
libdir='${exec_prefix}/lib'
libexecdir='${exec_prefix}/libexec'
localstatedir='${prefix}/var'
make_html=''
make_install_html=''
make_install_pdfdoc='install_pdfdoc'
make_pdfdoc='pdfdoc'
mandir='${prefix}/man'
oldincludedir='/usr/include'
pnmcrop='found'
pnmcut='found'
pnmtopng='found'
pnmtops='found'
pnmtops_nosetpage='pnmtops -nosetpage'
prefix='/home/ky0ko/code/netbsd-gc/src/obj/tooldir.Linux-5.4.7-arch1-1-x86_64'
program_transform_name='s,x,x,'
psselect='missing'
sbindir='${exec_prefix}/sbin'
sharedstatedir='${prefix}/com'
sys_tmac_prefix=''
sysconfdir='${prefix}/etc'
target_alias=''
tmac_wrap=''

## ----------- ##
## confdefs.h. ##
## ----------- ##

             
#define HAVE_CC_INTTYPES_H 1
#define HAVE_CC_LIMITS_H 1
#define HAVE_DECL_SYS_SIGLIST 0
#define HAVE_DIRENT_H 1
#define HAVE_FMOD 1
#define HAVE_GETCWD 1
#define HAVE_GETPAGESIZE 1
#define HAVE_GETTIMEOFDAY 1
#define HAVE_INTTYPES_H 1
#define HAVE_ISATTY 1
#define HAVE_KILL 1
#define HAVE_LIMITS_H 1
#define HAVE_MATH_H 1
#define HAVE_MEMORY_H 1
#define HAVE_MKSTEMP 1
#define HAVE_MMAP 1
#define HAVE_PUTENV 1
#define HAVE_RENAME 1
#define HAVE_SETLOCALE 1
#define HAVE_SNPRINTF 1
#define HAVE_STDINT_H 1
#define HAVE_STDLIB_H 1
#define HAVE_STDLIB_H 1
#define HAVE_STDLIB_H 1
#define HAVE_STRCASECMP 1
#define HAVE_STRERROR 1
#define HAVE_STRINGS_H 1
#define HAVE_STRINGS_H 1
#define HAVE_STRING_H 1
#define HAVE_STRING_H 1
#define HAVE_STRNCASECMP 1
#define HAVE_STRSEP 1
#define HAVE_STRTOL 1
#define HAVE_SYS_DIR_H 1
#define HAVE_SYS_ERRLIST 1
#define HAVE_SYS_NERR 1
#define HAVE_SYS_STAT_H 1
#define HAVE_SYS_TIME_H 1
#define HAVE_SYS_TYPES_H 1
#define HAVE_UNISTD_H 1
#define HAVE_UNISTD_H 1
#define HAVE_UNISTD_H 1
#define HAVE_VSNPRINTF 1
#define NEED_DECLARATION_HYPOT 1
#define PACKAGE_BUGREPORT ""
#define PACKAGE_NAME ""
#define PACKAGE_STRING ""
#define PACKAGE_TARNAME ""
#define PACKAGE_VERSION ""
#define RETSIGTYPE void
#define RET_TYPE_SRAND_IS_VOID 1
#define STDC_HEADERS 1
#define X_DISPLAY_MISSING 1
#endif
#ifdef __cplusplus
extern "C" void std::exit (int) throw (); using std::exit;

configure: exit 0
