This file contains any messages produced by compilers while
running configure, to aid debugging if configure makes a mistake.

It was created by opcodes configure 2.27, which was
generated by GNU Autoconf 2.64.  Invocation command line was

  $ /home/ky0ko/code/netbsd-gc/src/external/gpl3/binutils.old/dist/opcodes/configure --srcdir=/home/ky0ko/code/netbsd-gc/src/tools/binutils/../../external/gpl3/binutils.old/dist/opcodes --cache-file=./config.cache --with-gnu-as --with-gnu-ld --disable-nls --disable-werror --with-pkgversion=NetBSD Binutils nb1 --with-bugurl=http://www.NetBSD.org/support/send-pr.html --with-lib-path==/usr/lib --with-sysroot --prefix=/home/ky0ko/code/netbsd-gc/src/obj/tooldir.Linux-5.4.7-arch1-1-x86_64 --program-transform-name=s,^,powerpc--netbsd-, --disable-option-checking --build=x86_64-pc-linux-gnu --host=x86_64-pc-linux-gnu --target=powerpc--netbsd

## --------- ##
## Platform. ##
## --------- ##

hostname = kumori
uname -m = x86_64
uname -r = 5.4.7-arch1-1
uname -s = Linux
uname -v = #1 SMP PREEMPT Tue, 31 Dec 2019 17:20:16 +0000

/usr/bin/uname -p = unknown
/bin/uname -X     = unknown

/bin/arch              = unknown
/usr/bin/arch -k       = unknown
/usr/convex/getsysinfo = unknown
/usr/bin/hostinfo      = unknown
/bin/machine           = unknown
/usr/bin/oslevel       = unknown
/bin/universe          = unknown

PATH: /home/ky0ko/code/netbsd-gc/src/obj/tooldir.Linux-5.4.7-arch1-1-x86_64/bin
PATH: /bedrock/cross/pin/bin
PATH: /bedrock/bin
PATH: /usr/local/sbin
PATH: /usr/local/bin
PATH: /opt/sbin
PATH: /opt/bin
PATH: /usr/sbin
PATH: /usr/bin
PATH: /sbin
PATH: /bin
PATH: /bedrock/cross/bin


## ----------- ##
## Core tests. ##
## ----------- ##

configure:2182: creating cache ./config.cache
configure:2287: checking build system type
configure:2301: result: x86_64-pc-linux-gnu
configure:2321: checking host system type
configure:2334: result: x86_64-pc-linux-gnu
configure:2354: checking target system type
configure:2367: result: powerpc--netbsd
configure:2401: checking for x86_64-pc-linux-gnu-gcc
configure:2428: result: cc
configure:2697: checking for C compiler version
configure:2706: cc --version >&5
cc (GCC) 9.2.0
Copyright (C) 2019 Free Software Foundation, Inc.
This is free software; see the source for copying conditions.  There is NO
warranty; not even for MERCHANTABILITY or FITNESS FOR A PARTICULAR PURPOSE.

configure:2717: $? = 0
configure:2706: cc -v >&5
Using built-in specs.
COLLECT_GCC=cc
COLLECT_LTO_WRAPPER=/usr/lib/gcc/x86_64-pc-linux-gnu/9.2.0/lto-wrapper
Target: x86_64-pc-linux-gnu
Configured with: /build/gcc/src/gcc/configure --prefix=/usr --libdir=/usr/lib --libexecdir=/usr/lib --mandir=/usr/share/man --infodir=/usr/share/info --with-bugurl=https://bugs.archlinux.org/ --enable-languages=c,c++,ada,fortran,go,lto,objc,obj-c++,d --enable-shared --enable-threads=posix --with-system-zlib --with-isl --enable-__cxa_atexit --disable-libunwind-exceptions --enable-clocale=gnu --disable-libstdcxx-pch --disable-libssp --enable-gnu-unique-object --enable-linker-build-id --enable-lto --enable-plugin --enable-install-libiberty --with-linker-hash-style=gnu --enable-gnu-indirect-function --enable-multilib --disable-werror --enable-checking=release --enable-default-pie --enable-default-ssp --enable-cet=auto gdc_include_dir=/usr/include/dlang/gdc
Thread model: posix
gcc version 9.2.0 (GCC) 
configure:2717: $? = 0
configure:2706: cc -V >&5
cc: error: unrecognized command line option '-V'
cc: fatal error: no input files
compilation terminated.
configure:2717: $? = 1
configure:2706: cc -qversion >&5
cc: error: unrecognized command line option '-qversion'; did you mean '--version'?
cc: fatal error: no input files
compilation terminated.
configure:2717: $? = 1
configure:2737: checking for C compiler default output file name
configure:2759: cc -O  -static-libstdc++ -static-libgcc  conftest.c  >&5
configure:2763: $? = 0
configure:2800: result: a.out
configure:2816: checking whether the C compiler works
configure:2825: ./a.out
configure:2829: $? = 0
configure:2844: result: yes
configure:2851: checking whether we are cross compiling
configure:2853: result: no
configure:2856: checking for suffix of executables
configure:2863: cc -o conftest -O  -static-libstdc++ -static-libgcc  conftest.c  >&5
configure:2867: $? = 0
configure:2889: result: 
configure:2895: checking for suffix of object files
configure:2917: cc -c -O  conftest.c >&5
configure:2921: $? = 0
configure:2942: result: o
configure:2946: checking whether we are using the GNU C compiler
configure:2965: cc -c -O  conftest.c >&5
configure:2965: $? = 0
configure:2974: result: yes
configure:2983: checking whether cc accepts -g
configure:3003: cc -c -g  conftest.c >&5
configure:3003: $? = 0
configure:3044: result: yes
configure:3061: checking for cc option to accept ISO C89
configure:3125: cc  -c -O  conftest.c >&5
configure:3125: $? = 0
configure:3138: result: none needed
configure:3159: checking for library containing strerror
configure:3190: cc -o conftest -O  -static-libstdc++ -static-libgcc  conftest.c  >&5
configure:3190: $? = 0
configure:3207: result: none required
configure:3232: checking for a BSD-compatible install
configure:3300: result: /home/ky0ko/code/netbsd-gc/src/obj/tooldir.Linux-5.4.7-arch1-1-x86_64/bin/powerpc--netbsd-install -c -p -r
configure:3311: checking whether build environment is sane
configure:3361: result: yes
configure:3502: checking for a thread-safe mkdir -p
configure:3541: result: /home/ky0ko/code/netbsd-gc/src/obj/tooldir.Linux-5.4.7-arch1-1-x86_64/bin/powerpc--netbsd-install -d -p
configure:3554: checking for gawk
configure:3581: result: /home/ky0ko/code/netbsd-gc/src/obj/tooldir.Linux-5.4.7-arch1-1-x86_64/bin/nbawk
configure:3592: checking whether /home/ky0ko/code/netbsd-gc/src/obj/tooldir.Linux-5.4.7-arch1-1-x86_64/bin/nbmake sets $(MAKE)
configure:3614: result: yes
configure:3644: checking for style of include used by /home/ky0ko/code/netbsd-gc/src/obj/tooldir.Linux-5.4.7-arch1-1-x86_64/bin/nbmake
configure:3672: result: GNU
configure:3758: checking dependency style of cc
configure:3869: result: gcc3
configure:3894: checking for x86_64-pc-linux-gnu-gcc
configure:3921: result: cc
configure:4190: checking for C compiler version
configure:4199: cc --version >&5
cc (GCC) 9.2.0
Copyright (C) 2019 Free Software Foundation, Inc.
This is free software; see the source for copying conditions.  There is NO
warranty; not even for MERCHANTABILITY or FITNESS FOR A PARTICULAR PURPOSE.

configure:4210: $? = 0
configure:4199: cc -v >&5
Using built-in specs.
COLLECT_GCC=cc
COLLECT_LTO_WRAPPER=/usr/lib/gcc/x86_64-pc-linux-gnu/9.2.0/lto-wrapper
Target: x86_64-pc-linux-gnu
Configured with: /build/gcc/src/gcc/configure --prefix=/usr --libdir=/usr/lib --libexecdir=/usr/lib --mandir=/usr/share/man --infodir=/usr/share/info --with-bugurl=https://bugs.archlinux.org/ --enable-languages=c,c++,ada,fortran,go,lto,objc,obj-c++,d --enable-shared --enable-threads=posix --with-system-zlib --with-isl --enable-__cxa_atexit --disable-libunwind-exceptions --enable-clocale=gnu --disable-libstdcxx-pch --disable-libssp --enable-gnu-unique-object --enable-linker-build-id --enable-lto --enable-plugin --enable-install-libiberty --with-linker-hash-style=gnu --enable-gnu-indirect-function --enable-multilib --disable-werror --enable-checking=release --enable-default-pie --enable-default-ssp --enable-cet=auto gdc_include_dir=/usr/include/dlang/gdc
Thread model: posix
gcc version 9.2.0 (GCC) 
configure:4210: $? = 0
configure:4199: cc -V >&5
cc: error: unrecognized command line option '-V'
cc: fatal error: no input files
compilation terminated.
configure:4210: $? = 1
configure:4199: cc -qversion >&5
cc: error: unrecognized command line option '-qversion'; did you mean '--version'?
cc: fatal error: no input files
compilation terminated.
configure:4210: $? = 1
configure:4214: checking whether we are using the GNU C compiler
configure:4242: result: yes
configure:4251: checking whether cc accepts -g
configure:4312: result: yes
configure:4329: checking for cc option to accept ISO C89
configure:4406: result: none needed
configure:4431: checking how to run the C preprocessor
configure:4462: cc -E  conftest.c
configure:4462: $? = 0
configure:4476: cc -E  conftest.c
conftest.c:11:10: fatal error: ac_nonexistent.h: No such file or directory
   11 | #include <ac_nonexistent.h>
      |          ^~~~~~~~~~~~~~~~~~
compilation terminated.
configure:4476: $? = 1
configure: failed program was:
| /* confdefs.h */
| #define PACKAGE_NAME "opcodes"
| #define PACKAGE_TARNAME "opcodes"
| #define PACKAGE_VERSION "2.27"
| #define PACKAGE_STRING "opcodes 2.27"
| #define PACKAGE_BUGREPORT ""
| #define PACKAGE_URL ""
| #define PACKAGE "opcodes"
| #define VERSION "2.27"
| /* end confdefs.h.  */
| #include <ac_nonexistent.h>
configure:4501: result: cc -E
configure:4521: cc -E  conftest.c
configure:4521: $? = 0
configure:4535: cc -E  conftest.c
conftest.c:11:10: fatal error: ac_nonexistent.h: No such file or directory
   11 | #include <ac_nonexistent.h>
      |          ^~~~~~~~~~~~~~~~~~
compilation terminated.
configure:4535: $? = 1
configure: failed program was:
| /* confdefs.h */
| #define PACKAGE_NAME "opcodes"
| #define PACKAGE_TARNAME "opcodes"
| #define PACKAGE_VERSION "2.27"
| #define PACKAGE_STRING "opcodes 2.27"
| #define PACKAGE_BUGREPORT ""
| #define PACKAGE_URL ""
| #define PACKAGE "opcodes"
| #define VERSION "2.27"
| /* end confdefs.h.  */
| #include <ac_nonexistent.h>
configure:4564: checking for grep that handles long lines and -e
configure:4622: result: /usr/sbin/grep
configure:4627: checking for egrep
configure:4689: result: /usr/sbin/grep -E
configure:4694: checking for ANSI C header files
configure:4714: cc -c -O  conftest.c >&5
configure:4714: $? = 0
configure:4787: cc -o conftest -O  -static-libstdc++ -static-libgcc  conftest.c  >&5
configure:4787: $? = 0
configure:4787: ./conftest
configure:4787: $? = 0
configure:4798: result: yes
configure:4811: checking for sys/types.h
configure:4811: cc -c -O  conftest.c >&5
configure:4811: $? = 0
configure:4811: result: yes
configure:4811: checking for sys/stat.h
configure:4811: cc -c -O  conftest.c >&5
configure:4811: $? = 0
configure:4811: result: yes
configure:4811: checking for stdlib.h
configure:4811: cc -c -O  conftest.c >&5
configure:4811: $? = 0
configure:4811: result: yes
configure:4811: checking for string.h
configure:4811: cc -c -O  conftest.c >&5
configure:4811: $? = 0
configure:4811: result: yes
configure:4811: checking for memory.h
configure:4811: cc -c -O  conftest.c >&5
configure:4811: $? = 0
configure:4811: result: yes
configure:4811: checking for strings.h
configure:4811: cc -c -O  conftest.c >&5
configure:4811: $? = 0
configure:4811: result: yes
configure:4811: checking for inttypes.h
configure:4811: cc -c -O  conftest.c >&5
configure:4811: $? = 0
configure:4811: result: yes
configure:4811: checking for stdint.h
configure:4811: cc -c -O  conftest.c >&5
configure:4811: $? = 0
configure:4811: result: yes
configure:4811: checking for unistd.h
configure:4811: cc -c -O  conftest.c >&5
configure:4811: $? = 0
configure:4811: result: yes
configure:4825: checking minix/config.h usability
configure:4825: cc -c -O  conftest.c >&5
conftest.c:54:10: fatal error: minix/config.h: No such file or directory
   54 | #include <minix/config.h>
      |          ^~~~~~~~~~~~~~~~
compilation terminated.
configure:4825: $? = 1
configure: failed program was:
| /* confdefs.h */
| #define PACKAGE_NAME "opcodes"
| #define PACKAGE_TARNAME "opcodes"
| #define PACKAGE_VERSION "2.27"
| #define PACKAGE_STRING "opcodes 2.27"
| #define PACKAGE_BUGREPORT ""
| #define PACKAGE_URL ""
| #define PACKAGE "opcodes"
| #define VERSION "2.27"
| #define STDC_HEADERS 1
| #define HAVE_SYS_TYPES_H 1
| #define HAVE_SYS_STAT_H 1
| #define HAVE_STDLIB_H 1
| #define HAVE_STRING_H 1
| #define HAVE_MEMORY_H 1
| #define HAVE_STRINGS_H 1
| #define HAVE_INTTYPES_H 1
| #define HAVE_STDINT_H 1
| #define HAVE_UNISTD_H 1
| /* end confdefs.h.  */
| #include <stdio.h>
| #ifdef HAVE_SYS_TYPES_H
| # include <sys/types.h>
| #endif
| #ifdef HAVE_SYS_STAT_H
| # include <sys/stat.h>
| #endif
| #ifdef STDC_HEADERS
| # include <stdlib.h>
| # include <stddef.h>
| #else
| # ifdef HAVE_STDLIB_H
| #  include <stdlib.h>
| # endif
| #endif
| #ifdef HAVE_STRING_H
| # if !defined STDC_HEADERS && defined HAVE_MEMORY_H
| #  include <memory.h>
| # endif
| # include <string.h>
| #endif
| #ifdef HAVE_STRINGS_H
| # include <strings.h>
| #endif
| #ifdef HAVE_INTTYPES_H
| # include <inttypes.h>
| #endif
| #ifdef HAVE_STDINT_H
| # include <stdint.h>
| #endif
| #ifdef HAVE_UNISTD_H
| # include <unistd.h>
| #endif
| #include <minix/config.h>
configure:4825: result: no
configure:4825: checking minix/config.h presence
configure:4825: cc -E  conftest.c
conftest.c:21:10: fatal error: minix/config.h: No such file or directory
   21 | #include <minix/config.h>
      |          ^~~~~~~~~~~~~~~~
compilation terminated.
configure:4825: $? = 1
configure: failed program was:
| /* confdefs.h */
| #define PACKAGE_NAME "opcodes"
| #define PACKAGE_TARNAME "opcodes"
| #define PACKAGE_VERSION "2.27"
| #define PACKAGE_STRING "opcodes 2.27"
| #define PACKAGE_BUGREPORT ""
| #define PACKAGE_URL ""
| #define PACKAGE "opcodes"
| #define VERSION "2.27"
| #define STDC_HEADERS 1
| #define HAVE_SYS_TYPES_H 1
| #define HAVE_SYS_STAT_H 1
| #define HAVE_STDLIB_H 1
| #define HAVE_STRING_H 1
| #define HAVE_MEMORY_H 1
| #define HAVE_STRINGS_H 1
| #define HAVE_INTTYPES_H 1
| #define HAVE_STDINT_H 1
| #define HAVE_UNISTD_H 1
| /* end confdefs.h.  */
| #include <minix/config.h>
configure:4825: result: no
configure:4825: checking for minix/config.h
configure:4825: result: no
configure:4846: checking whether it is safe to define __EXTENSIONS__
configure:4864: cc -c -O  conftest.c >&5
configure:4864: $? = 0
configure:4871: result: yes
configure:4891: checking for x86_64-pc-linux-gnu-ar
configure:4918: result: ar
configure:4983: checking for x86_64-pc-linux-gnu-ranlib
configure:5010: result: ranlib
configure:5151: checking how to print strings
configure:5178: result: printf
configure:5199: checking for a sed that does not truncate output
configure:5263: result: /usr/sbin/sed
configure:5281: checking for fgrep
configure:5343: result: /usr/sbin/grep -F
configure:5378: checking for ld used by cc
configure:5445: result: ld
configure:5452: checking if the linker (ld) is GNU ld
configure:5467: result: yes
configure:5479: checking for BSD- or MS-compatible name lister (nm)
configure:5528: result: nm
configure:5658: checking the name lister (nm) interface
configure:5665: cc -c -O  conftest.c >&5
configure:5668: nm "conftest.o"
configure:5671: output
0000000000000000 B some_variable
configure:5672: result: BSD nm
configure:5675: checking whether ln -s works
configure:5679: result: yes
configure:5687: checking the maximum length of command line arguments
configure:5812: result: 1572864
configure:5829: checking whether the shell understands some XSI constructs
configure:5838: result: yes
configure:5842: checking whether the shell understands "+="
configure:5846: result: yes
configure:5881: checking for ld option to reload object files
configure:5888: result: -r
configure:5917: checking for x86_64-pc-linux-gnu-objdump
configure:5944: result: objdump
configure:6016: checking how to recognize dependent libraries
configure:6217: result: pass_all
configure:6237: checking for x86_64-pc-linux-gnu-ar
configure:6264: result: ar
configure:6342: checking for x86_64-pc-linux-gnu-strip
configure:6372: result: no
configure:6382: checking for strip
configure:6398: found /usr/sbin/strip
configure:6409: result: strip
configure:6441: checking for x86_64-pc-linux-gnu-ranlib
configure:6468: result: ranlib
configure:6610: checking command to parse nm output from cc object
configure:6728: cc -c -O  conftest.c >&5
configure:6731: $? = 0
configure:6735: nm conftest.o \| sed -n -e 's/^.*[ ]\([ABCDGIRSTW][ABCDGIRSTW]*\)[ ][ ]*\([_A-Za-z][_A-Za-z0-9]*\)$/\1 \2 \2/p' \> conftest.nm
configure:6738: $? = 0
configure:6792: cc -o conftest -O  -static-libstdc++ -static-libgcc  conftest.c conftstm.o >&5
configure:6795: $? = 0
configure:6833: result: ok
configure:6928: cc -c -O  conftest.c >&5
configure:6931: $? = 0
configure:7681: checking for dlfcn.h
configure:7681: cc -c -O  conftest.c >&5
configure:7681: $? = 0
configure:7681: result: yes
configure:7838: checking for objdir
configure:7853: result: .libs
configure:8124: checking if cc supports -fno-rtti -fno-exceptions
configure:8142: cc -c -O  -fno-rtti -fno-exceptions conftest.c >&5
cc1: warning: command line option '-fno-rtti' is valid for C++/D/ObjC++ but not for C
configure:8146: $? = 0
configure:8159: result: no
configure:8179: checking for cc option to produce PIC
configure:8465: result: -fPIC -DPIC
configure:8477: checking if cc PIC flag -fPIC -DPIC works
configure:8495: cc -c -O  -fPIC -DPIC -DPIC conftest.c >&5
configure:8499: $? = 0
configure:8512: result: yes
configure:8536: checking if cc static flag -static works
configure:8564: result: yes
configure:8579: checking if cc supports -c -o file.o
configure:8600: cc -c -O  -o out/conftest2.o conftest.c >&5
configure:8604: $? = 0
configure:8626: result: yes
configure:8634: checking if cc supports -c -o file.o
configure:8681: result: yes
configure:8714: checking whether the cc linker (ld -m elf_x86_64) supports shared libraries
configure:9785: result: yes
configure:10030: checking dynamic linker characteristics
configure:10481: cc -o conftest -O  -static-libstdc++ -static-libgcc  -Wl,-rpath -Wl,/foo conftest.c  >&5
configure:10481: $? = 0
configure:10703: result: GNU/Linux ld.so
configure:10810: checking how to hardcode library paths into programs
configure:10835: result: immediate
configure:11375: checking whether stripping libraries is possible
configure:11380: result: yes
configure:11415: checking if libtool supports shared libraries
configure:11417: result: yes
configure:11420: checking whether to build shared libraries
configure:11441: result: no
configure:11444: checking whether to build static libraries
configure:11448: result: yes
configure:8767: checking whether cc supports -Wmissing-field-initializers
configure:8784: cc -c -Wmissing-field-initializers  conftest.c >&5
configure:8784: $? = 0
configure:8793: result: yes
configure:8819: checking whether to enable maintainer-specific portions of Makefiles
configure:8828: result: no
configure:8856: checking whether to install libbfd
configure:8869: result: no
configure:8915: checking whether NLS is requested
configure:8918: result: no
configure:8986: checking whether NLS is requested
configure:8995: result: no
configure:9033: checking for msgfmt
configure:9064: result: /usr/sbin/msgfmt
configure:9073: checking for gmsgfmt
configure:9104: result: /usr/sbin/msgfmt
configure:9144: checking for xgettext
configure:9175: result: /usr/sbin/xgettext
configure:9215: checking for msgmerge
configure:9245: result: /usr/sbin/msgmerge
configure:9327: checking for string.h
configure:9327: result: yes
configure:9327: checking for strings.h
configure:9327: result: yes
configure:9327: checking for stdlib.h
configure:9327: result: yes
configure:9327: checking limits.h usability
configure:9327: cc -c -O  conftest.c >&5
configure:9327: $? = 0
configure:9327: result: yes
configure:9327: checking limits.h presence
configure:9327: cc -E  conftest.c
configure:9327: $? = 0
configure:9327: result: yes
configure:9327: checking for limits.h
configure:9327: result: yes
configure:9338: checking whether string.h and strings.h may both be included
configure:9355: cc -c -O  conftest.c >&5
configure:9355: $? = 0
configure:9362: result: yes
configure:9371: checking whether basename is declared
configure:9371: cc -c -O  conftest.c >&5
configure:9371: $? = 0
configure:9371: result: yes
configure:9381: checking whether stpcpy is declared
configure:9381: cc -c -O  conftest.c >&5
configure:9381: $? = 0
configure:9381: result: yes
configure:9395: checking for sigsetjmp
configure:9413: cc -c -O  conftest.c >&5
configure:9413: $? = 0
configure:9420: result: 
configure:9458: checking linker --as-needed support
configure:9469: result: yes
configure:9560: checking for cos in -lm
configure:9585: cc -o conftest -O  -static-libstdc++ -static-libgcc  conftest.c -lm   >&5
conftest.c:43:6: warning: conflicting types for built-in function 'cos'; expected 'double(double)' [-Wbuiltin-declaration-mismatch]
   43 | char cos ();
      |      ^~~
conftest.c:1:1: note: 'cos' is declared in header '<math.h>'
    1 | /* confdefs.h */
configure:9585: $? = 0
configure:9594: result: yes
configure:9930: updating cache ./config.cache
configure:9995: creating ./config.status

## ---------------------- ##
## Running config.status. ##
## ---------------------- ##

This file was extended by opcodes config.status 2.27, which was
generated by GNU Autoconf 2.64.  Invocation command line was

  CONFIG_FILES    = 
  CONFIG_HEADERS  = 
  CONFIG_LINKS    = 
  CONFIG_COMMANDS = 
  $ ./config.status 

on kumori

config.status:1126: creating Makefile
config.status:1126: creating po/Makefile.in
config.status:1126: creating config.h
config.status:1291: config.h is unchanged
config.status:1339: executing depfiles commands
config.status:1339: executing libtool commands
config.status:1339: executing default-1 commands

## ---------------- ##
## Cache variables. ##
## ---------------- ##

ac_cv_build=x86_64-pc-linux-gnu
ac_cv_c_compiler_gnu=yes
ac_cv_env_CC_set=set
ac_cv_env_CC_value=cc
ac_cv_env_CFLAGS_set=set
ac_cv_env_CFLAGS_value=-O
ac_cv_env_CPPFLAGS_set=set
ac_cv_env_CPPFLAGS_value=
ac_cv_env_CPP_set=
ac_cv_env_CPP_value=
ac_cv_env_LDFLAGS_set=set
ac_cv_env_LDFLAGS_value='-static-libstdc++ -static-libgcc '
ac_cv_env_LIBS_set=
ac_cv_env_LIBS_value=
ac_cv_env_build_alias_set=set
ac_cv_env_build_alias_value=x86_64-pc-linux-gnu
ac_cv_env_host_alias_set=set
ac_cv_env_host_alias_value=x86_64-pc-linux-gnu
ac_cv_env_target_alias_set=set
ac_cv_env_target_alias_value=powerpc--netbsd
ac_cv_have_decl_basename=yes
ac_cv_have_decl_stpcpy=yes
ac_cv_header_dlfcn_h=yes
ac_cv_header_inttypes_h=yes
ac_cv_header_limits_h=yes
ac_cv_header_memory_h=yes
ac_cv_header_minix_config_h=no
ac_cv_header_stdc=yes
ac_cv_header_stdint_h=yes
ac_cv_header_stdlib_h=yes
ac_cv_header_string_h=yes
ac_cv_header_strings_h=yes
ac_cv_header_sys_stat_h=yes
ac_cv_header_sys_types_h=yes
ac_cv_header_unistd_h=yes
ac_cv_host=x86_64-pc-linux-gnu
ac_cv_lib_m_cos=yes
ac_cv_objext=o
ac_cv_path_EGREP='/usr/sbin/grep -E'
ac_cv_path_FGREP='/usr/sbin/grep -F'
ac_cv_path_GMSGFMT=/usr/sbin/msgfmt
ac_cv_path_GREP=/usr/sbin/grep
ac_cv_path_MSGFMT=/usr/sbin/msgfmt
ac_cv_path_MSGMERGE=/usr/sbin/msgmerge
ac_cv_path_SED=/usr/sbin/sed
ac_cv_path_XGETTEXT=/usr/sbin/xgettext
ac_cv_path_mkdir='/home/ky0ko/code/netbsd-gc/src/obj/tooldir.Linux-5.4.7-arch1-1-x86_64/bin/powerpc--netbsd-install -d'
ac_cv_prog_AR=ar
ac_cv_prog_AWK=/home/ky0ko/code/netbsd-gc/src/obj/tooldir.Linux-5.4.7-arch1-1-x86_64/bin/nbawk
ac_cv_prog_CC=cc
ac_cv_prog_CPP='cc -E'
ac_cv_prog_OBJDUMP=objdump
ac_cv_prog_RANLIB=ranlib
ac_cv_prog_ac_ct_STRIP=strip
ac_cv_prog_cc_c89=
ac_cv_prog_cc_g=yes
ac_cv_prog_make__home_ky0ko_code_netbsd_gc_src_obj_tooldir_Linux_5_4_7_arch1_1_x86_64_bin_nbmake_set=yes
ac_cv_safe_to_define___extensions__=yes
ac_cv_search_strerror='none required'
ac_cv_target=powerpc--netbsd
acx_cv_prog_cc_warning__Wmissing_field_initializers=yes
am_cv_CC_dependencies_compiler_type=gcc3
bfd_cv_func_sigsetjmp=yes
bfd_cv_ld_as_needed=yes
gcc_cv_header_string=yes
lt_cv_deplibs_check_method=pass_all
lt_cv_file_magic_cmd='$MAGIC_CMD'
lt_cv_file_magic_test_file=
lt_cv_ld_reload_flag=-r
lt_cv_nm_interface='BSD nm'
lt_cv_objdir=.libs
lt_cv_path_LD=ld
lt_cv_path_NM=nm
lt_cv_prog_compiler_c_o=yes
lt_cv_prog_compiler_pic_works=yes
lt_cv_prog_compiler_rtti_exceptions=no
lt_cv_prog_compiler_static_works=yes
lt_cv_prog_gnu_ld=yes
lt_cv_shlibpath_overrides_runpath=no
lt_cv_sys_global_symbol_pipe='sed -n -e '\''s/^.*[	 ]\([ABCDGIRSTW][ABCDGIRSTW]*\)[	 ][	 ]*\([_A-Za-z][_A-Za-z0-9]*\)$/\1 \2 \2/p'\'''
lt_cv_sys_global_symbol_to_c_name_address='sed -n -e '\''s/^: \([^ ]*\) $/  {\"\1\", (void *) 0},/p'\'' -e '\''s/^[ABCDGIRSTW]* \([^ ]*\) \([^ ]*\)$/  {"\2", (void *) \&\2},/p'\'''
lt_cv_sys_global_symbol_to_c_name_address_lib_prefix='sed -n -e '\''s/^: \([^ ]*\) $/  {\"\1\", (void *) 0},/p'\'' -e '\''s/^[ABCDGIRSTW]* \([^ ]*\) \(lib[^ ]*\)$/  {"\2", (void *) \&\2},/p'\'' -e '\''s/^[ABCDGIRSTW]* \([^ ]*\) \([^ ]*\)$/  {"lib\2", (void *) \&\2},/p'\'''
lt_cv_sys_global_symbol_to_cdecl='sed -n -e '\''s/^T .* \(.*\)$/extern int \1();/p'\'' -e '\''s/^[ABCDGIRSTW]* .* \(.*\)$/extern char \1;/p'\'''
lt_cv_sys_max_cmd_len=1572864

## ----------------- ##
## Output variables. ##
## ----------------- ##

ACLOCAL='${SHELL} /home/ky0ko/code/netbsd-gc/src/external/gpl3/binutils.old/dist/missing --run aclocal-1.11'
AMDEPBACKSLASH='\'
AMDEP_FALSE='#'
AMDEP_TRUE=''
AMTAR='$${TAR-tar}'
AR='ar'
AUTOCONF='${SHELL} /home/ky0ko/code/netbsd-gc/src/external/gpl3/binutils.old/dist/missing --run autoconf'
AUTOHEADER='${SHELL} /home/ky0ko/code/netbsd-gc/src/external/gpl3/binutils.old/dist/missing --run autoheader'
AUTOMAKE='${SHELL} /home/ky0ko/code/netbsd-gc/src/external/gpl3/binutils.old/dist/missing --run automake-1.11'
AWK='/home/ky0ko/code/netbsd-gc/src/obj/tooldir.Linux-5.4.7-arch1-1-x86_64/bin/nbawk'
BFD_MACHINES=' ppc-dis.lo ppc-opc.lo'
BUILD_LIBS='../libiberty/libiberty.a '
BUILD_LIB_DEPS='../libiberty/libiberty.a '
CATALOGS=''
CATOBJEXT=''
CC='cc'
CCDEPMODE='depmode=gcc3'
CC_FOR_BUILD='cc'
CFLAGS='-O'
CGEN_MAINT_FALSE=''
CGEN_MAINT_TRUE='#'
CPP='cc -E'
CPPFLAGS=''
CYGPATH_W='echo'
DATADIRNAME=''
DEFS='-DHAVE_CONFIG_H'
DEPDIR='.deps'
DSYMUTIL=''
DUMPBIN=''
ECHO_C=''
ECHO_N='-n'
ECHO_T=''
EGREP='/usr/sbin/grep -E'
EXEEXT=''
EXEEXT_FOR_BUILD='$(EXEEXT)'
FGREP='/usr/sbin/grep -F'
GENCAT=''
GMSGFMT='/usr/sbin/msgfmt'
GREP='/usr/sbin/grep'
HDEFINES=''
INCINTL=''
INSTALL_DATA='${INSTALL} -m 644'
INSTALL_LIBBFD_FALSE=''
INSTALL_LIBBFD_TRUE='#'
INSTALL_PROGRAM='${INSTALL}'
INSTALL_SCRIPT='${INSTALL}'
INSTALL_STRIP_PROGRAM='$(install_sh) -c -s'
INSTOBJEXT=''
LD='ld -m elf_x86_64'
LDFLAGS='-static-libstdc++ -static-libgcc '
LIBINTL=''
LIBINTL_DEP=''
LIBM='-lm'
LIBOBJS=''
LIBS=''
LIBTOOL='$(SHELL) $(top_builddir)/libtool'
LIPO=''
LN_S='ln -s'
LTLIBOBJS=''
MAINT='#'
MAINTAINER_MODE_FALSE=''
MAINTAINER_MODE_TRUE='#'
MAKEINFO='/home/ky0ko/code/netbsd-gc/src/obj/tooldir.Linux-5.4.7-arch1-1-x86_64/bin/nbmakeinfo'
MKDIR_P='/home/ky0ko/code/netbsd-gc/src/obj/tooldir.Linux-5.4.7-arch1-1-x86_64/bin/powerpc--netbsd-install -d -p'
MKINSTALLDIRS='/home/ky0ko/code/netbsd-gc/src/tools/binutils/../../external/gpl3/binutils.old/dist/opcodes/../mkinstalldirs'
MSGFMT='/usr/sbin/msgfmt'
MSGMERGE='/usr/sbin/msgmerge'
NM='nm'
NMEDIT=''
NO_WERROR=''
NO_WMISSING_FIELD_INITIALIZERS='-Wno-missing-field-initializers'
OBJDUMP='objdump'
OBJEXT='o'
OTOOL64=''
OTOOL=''
PACKAGE='opcodes'
PACKAGE_BUGREPORT=''
PACKAGE_NAME='opcodes'
PACKAGE_STRING='opcodes 2.27'
PACKAGE_TARNAME='opcodes'
PACKAGE_URL=''
PACKAGE_VERSION='2.27'
PATH_SEPARATOR=':'
POSUB=''
RANLIB='ranlib'
SED='/usr/sbin/sed'
SET_MAKE=''
SHARED_DEPENDENCIES=''
SHARED_LDFLAGS=''
SHARED_LIBADD=''
SHELL='/usr/sbin/sh'
STRIP='strip'
USE_NLS='no'
VERSION='2.27'
WARN_CFLAGS='-W -Wall -Wstrict-prototypes -Wmissing-prototypes -Wshadow -Wstack-usage=262144'
WARN_WRITE_STRINGS='-Wwrite-strings'
XGETTEXT='/usr/sbin/xgettext'
ac_ct_CC=''
ac_ct_DUMPBIN=''
am__EXEEXT_FALSE=''
am__EXEEXT_TRUE='#'
am__fastdepCC_FALSE='#'
am__fastdepCC_TRUE=''
am__include='include'
am__isrc=' -I$(srcdir)'
am__leading_dot='.'
am__nodep='_no'
am__quote=''
am__tar='$${TAR-tar} chof - "$$tardir"'
am__untar='$${TAR-tar} xf -'
archdefs=' -DARCH_rs6000 -DARCH_powerpc'
bfdincludedir='$(exec_prefix)/$(host_noncanonical)/$(target_noncanonical)/include'
bfdlibdir='$(exec_prefix)/$(host_noncanonical)/$(target_noncanonical)/lib'
bindir='${exec_prefix}/bin'
build='x86_64-pc-linux-gnu'
build_alias='x86_64-pc-linux-gnu'
build_cpu='x86_64'
build_os='linux-gnu'
build_vendor='pc'
cgendir='$(srcdir)/../cgen'
datadir='${datarootdir}'
datarootdir='${prefix}/share'
docdir='${datarootdir}/doc/${PACKAGE_TARNAME}'
dvidir='${docdir}'
exec_prefix='${prefix}'
host='x86_64-pc-linux-gnu'
host_alias='x86_64-pc-linux-gnu'
host_cpu='x86_64'
host_noncanonical='x86_64-pc-linux-gnu'
host_os='linux-gnu'
host_vendor='pc'
htmldir='${docdir}'
includedir='${prefix}/include'
infodir='${datarootdir}/info'
install_sh='${SHELL} /home/ky0ko/code/netbsd-gc/src/external/gpl3/binutils.old/dist/install-sh'
libdir='${exec_prefix}/lib'
libexecdir='${exec_prefix}/libexec'
localedir='${datarootdir}/locale'
localstatedir='${prefix}/var'
mandir='${datarootdir}/man'
mkdir_p='/home/ky0ko/code/netbsd-gc/src/obj/tooldir.Linux-5.4.7-arch1-1-x86_64/bin/powerpc--netbsd-install -d -p'
oldincludedir='/usr/include'
pdfdir='${docdir}'
prefix='/home/ky0ko/code/netbsd-gc/src/obj/tooldir.Linux-5.4.7-arch1-1-x86_64'
program_transform_name='s,^,powerpc--netbsd-,'
psdir='${docdir}'
sbindir='${exec_prefix}/sbin'
sharedstatedir='${prefix}/com'
sysconfdir='${prefix}/etc'
target='powerpc--netbsd'
target_alias='powerpc--netbsd'
target_cpu='powerpc'
target_noncanonical='powerpc--netbsd'
target_os='netbsd'
target_vendor=''

## ----------- ##
## confdefs.h. ##
## ----------- ##

/* confdefs.h */
#define PACKAGE_NAME "opcodes"
#define PACKAGE_TARNAME "opcodes"
#define PACKAGE_VERSION "2.27"
#define PACKAGE_STRING "opcodes 2.27"
#define PACKAGE_BUGREPORT ""
#define PACKAGE_URL ""
#define PACKAGE "opcodes"
#define VERSION "2.27"
#define STDC_HEADERS 1
#define HAVE_SYS_TYPES_H 1
#define HAVE_SYS_STAT_H 1
#define HAVE_STDLIB_H 1
#define HAVE_STRING_H 1
#define HAVE_MEMORY_H 1
#define HAVE_STRINGS_H 1
#define HAVE_INTTYPES_H 1
#define HAVE_STDINT_H 1
#define HAVE_UNISTD_H 1
#define __EXTENSIONS__ 1
#define _ALL_SOURCE 1
#define _GNU_SOURCE 1
#define _POSIX_PTHREAD_SEMANTICS 1
#define _TANDEM_SOURCE 1
#define HAVE_DLFCN_H 1
#define LT_OBJDIR ".libs/"
#define HAVE_STRING_H 1
#define HAVE_STRINGS_H 1
#define HAVE_STDLIB_H 1
#define HAVE_LIMITS_H 1
#define STRING_WITH_STRINGS 1
#define HAVE_DECL_BASENAME 1
#define HAVE_DECL_STPCPY 1
#define HAVE_SIGSETJMP 1

configure: exit 0
